<?xml version="1.0" encoding="UTF-8"?>
<testsuite xmlns:xsi="http://www.w3.org/2001/XMLSchema-instance" xsi:noNamespaceSchemaLocation="https://maven.apache.org/surefire/maven-surefire-plugin/xsd/surefire-test-report-3.0.xsd" version="3.0" name="com.example.demo.DemoApplicationTests" time="3.734" tests="1" errors="0" skipped="0" failures="0">
  <properties>
    <property name="java.specification.version" value="17"/>
    <property name="sun.cpu.isalist" value="amd64"/>
    <property name="sun.jnu.encoding" value="Cp1252"/>
    <property name="java.class.path" value="C:\Users\HP\Desktop\github\demo (1)\demo\target\test-classes;C:\Users\HP\Desktop\github\demo (1)\demo\target\classes;C:\Users\HP\.m2\repository\org\springframework\boot\spring-boot-starter-web\3.1.0\spring-boot-starter-web-3.1.0.jar;C:\Users\HP\.m2\repository\org\springframework\boot\spring-boot-starter\3.1.0\spring-boot-starter-3.1.0.jar;C:\Users\HP\.m2\repository\org\springframework\boot\spring-boot-starter-logging\3.1.0\spring-boot-starter-logging-3.1.0.jar;C:\Users\HP\.m2\repository\ch\qos\logback\logback-classic\1.4.7\logback-classic-1.4.7.jar;C:\Users\HP\.m2\repository\ch\qos\logback\logback-core\1.4.7\logback-core-1.4.7.jar;C:\Users\HP\.m2\repository\org\apache\logging\log4j\log4j-to-slf4j\2.20.0\log4j-to-slf4j-2.20.0.jar;C:\Users\HP\.m2\repository\org\apache\logging\log4j\log4j-api\2.20.0\log4j-api-2.20.0.jar;C:\Users\HP\.m2\repository\org\slf4j\jul-to-slf4j\2.0.7\jul-to-slf4j-2.0.7.jar;C:\Users\HP\.m2\repository\jakarta\annotation\jakarta.annotation-api\2.1.1\jakarta.annotation-api-2.1.1.jar;C:\Users\HP\.m2\repository\org\yaml\snakeyaml\1.33\snakeyaml-1.33.jar;C:\Users\HP\.m2\repository\org\springframework\boot\spring-boot-starter-json\3.1.0\spring-boot-starter-json-3.1.0.jar;C:\Users\HP\.m2\repository\com\fasterxml\jackson\core\jackson-databind\2.15.0\jackson-databind-2.15.0.jar;C:\Users\HP\.m2\repository\com\fasterxml\jackson\core\jackson-annotations\2.15.0\jackson-annotations-2.15.0.jar;C:\Users\HP\.m2\repository\com\fasterxml\jackson\core\jackson-core\2.15.0\jackson-core-2.15.0.jar;C:\Users\HP\.m2\repository\com\fasterxml\jackson\datatype\jackson-datatype-jdk8\2.15.0\jackson-datatype-jdk8-2.15.0.jar;C:\Users\HP\.m2\repository\com\fasterxml\jackson\datatype\jackson-datatype-jsr310\2.15.0\jackson-datatype-jsr310-2.15.0.jar;C:\Users\HP\.m2\repository\com\fasterxml\jackson\module\jackson-module-parameter-names\2.15.0\jackson-module-parameter-names-2.15.0.jar;C:\Users\HP\.m2\repository\org\springframework\boot\spring-boot-starter-tomcat\3.1.0\spring-boot-starter-tomcat-3.1.0.jar;C:\Users\HP\.m2\repository\org\apache\tomcat\embed\tomcat-embed-core\10.1.8\tomcat-embed-core-10.1.8.jar;C:\Users\HP\.m2\repository\org\apache\tomcat\embed\tomcat-embed-el\10.1.8\tomcat-embed-el-10.1.8.jar;C:\Users\HP\.m2\repository\org\apache\tomcat\embed\tomcat-embed-websocket\10.1.8\tomcat-embed-websocket-10.1.8.jar;C:\Users\HP\.m2\repository\org\springframework\spring-web\6.0.9\spring-web-6.0.9.jar;C:\Users\HP\.m2\repository\org\springframework\spring-beans\6.0.9\spring-beans-6.0.9.jar;C:\Users\HP\.m2\repository\io\micrometer\micrometer-observation\1.11.0\micrometer-observation-1.11.0.jar;C:\Users\HP\.m2\repository\io\micrometer\micrometer-commons\1.11.0\micrometer-commons-1.11.0.jar;C:\Users\HP\.m2\repository\org\springframework\spring-webmvc\6.0.9\spring-webmvc-6.0.9.jar;C:\Users\HP\.m2\repository\org\springframework\spring-aop\6.0.9\spring-aop-6.0.9.jar;C:\Users\HP\.m2\repository\org\springframework\spring-context\6.0.9\spring-context-6.0.9.jar;C:\Users\HP\.m2\repository\org\springframework\spring-expression\6.0.9\spring-expression-6.0.9.jar;C:\Users\HP\.m2\repository\org\springframework\boot\spring-boot-devtools\3.1.0\spring-boot-devtools-3.1.0.jar;C:\Users\HP\.m2\repository\org\springframework\boot\spring-boot\3.1.0\spring-boot-3.1.0.jar;C:\Users\HP\.m2\repository\org\springframework\boot\spring-boot-autoconfigure\3.1.0\spring-boot-autoconfigure-3.1.0.jar;C:\Users\HP\.m2\repository\org\springframework\boot\spring-boot-starter-test\3.1.0\spring-boot-starter-test-3.1.0.jar;C:\Users\HP\.m2\repository\org\springframework\boot\spring-boot-test\3.1.0\spring-boot-test-3.1.0.jar;C:\Users\HP\.m2\repository\org\springframework\boot\spring-boot-test-autoconfigure\3.1.0\spring-boot-test-autoconfigure-3.1.0.jar;C:\Users\HP\.m2\repository\com\jayway\jsonpath\json-path\2.8.0\json-path-2.8.0.jar;C:\Users\HP\.m2\repository\org\slf4j\slf4j-api\2.0.7\slf4j-api-2.0.7.jar;C:\Users\HP\.m2\repository\jakarta\xml\bind\jakarta.xml.bind-api\4.0.0\jakarta.xml.bind-api-4.0.0.jar;C:\Users\HP\.m2\repository\jakarta\activation\jakarta.activation-api\2.1.2\jakarta.activation-api-2.1.2.jar;C:\Users\HP\.m2\repository\net\minidev\json-smart\2.4.10\json-smart-2.4.10.jar;C:\Users\HP\.m2\repository\net\minidev\accessors-smart\2.4.9\accessors-smart-2.4.9.jar;C:\Users\HP\.m2\repository\org\ow2\asm\asm\9.3\asm-9.3.jar;C:\Users\HP\.m2\repository\org\assertj\assertj-core\3.24.2\assertj-core-3.24.2.jar;C:\Users\HP\.m2\repository\net\bytebuddy\byte-buddy\1.14.4\byte-buddy-1.14.4.jar;C:\Users\HP\.m2\repository\org\hamcrest\hamcrest\2.2\hamcrest-2.2.jar;C:\Users\HP\.m2\repository\org\junit\jupiter\junit-jupiter\5.9.3\junit-jupiter-5.9.3.jar;C:\Users\HP\.m2\repository\org\junit\jupiter\junit-jupiter-api\5.9.3\junit-jupiter-api-5.9.3.jar;C:\Users\HP\.m2\repository\org\opentest4j\opentest4j\1.2.0\opentest4j-1.2.0.jar;C:\Users\HP\.m2\repository\org\junit\platform\junit-platform-commons\1.9.3\junit-platform-commons-1.9.3.jar;C:\Users\HP\.m2\repository\org\apiguardian\apiguardian-api\1.1.2\apiguardian-api-1.1.2.jar;C:\Users\HP\.m2\repository\org\junit\jupiter\junit-jupiter-params\5.9.3\junit-jupiter-params-5.9.3.jar;C:\Users\HP\.m2\repository\org\junit\jupiter\junit-jupiter-engine\5.9.3\junit-jupiter-engine-5.9.3.jar;C:\Users\HP\.m2\repository\org\junit\platform\junit-platform-engine\1.9.3\junit-platform-engine-1.9.3.jar;C:\Users\HP\.m2\repository\org\mockito\mockito-core\5.3.1\mockito-core-5.3.1.jar;C:\Users\HP\.m2\repository\net\bytebuddy\byte-buddy-agent\1.14.4\byte-buddy-agent-1.14.4.jar;C:\Users\HP\.m2\repository\org\objenesis\objenesis\3.3\objenesis-3.3.jar;C:\Users\HP\.m2\repository\org\mockito\mockito-junit-jupiter\5.3.1\mockito-junit-jupiter-5.3.1.jar;C:\Users\HP\.m2\repository\org\skyscreamer\jsonassert\1.5.1\jsonassert-1.5.1.jar;C:\Users\HP\.m2\repository\com\vaadin\external\google\android-json\0.0.20131108.vaadin1\android-json-0.0.20131108.vaadin1.jar;C:\Users\HP\.m2\repository\org\springframework\spring-core\6.0.9\spring-core-6.0.9.jar;C:\Users\HP\.m2\repository\org\springframework\spring-jcl\6.0.9\spring-jcl-6.0.9.jar;C:\Users\HP\.m2\repository\org\springframework\spring-test\6.0.9\spring-test-6.0.9.jar;C:\Users\HP\.m2\repository\org\xmlunit\xmlunit-core\2.9.1\xmlunit-core-2.9.1.jar;"/>
    <property name="java.vm.vendor" value="Oracle Corporation"/>
    <property name="sun.arch.data.model" value="64"/>
    <property name="user.variant" value=""/>
    <property name="java.vendor.url" value="https://java.oracle.com/"/>
    <property name="user.timezone" value="Asia/Calcutta"/>
    <property name="os.name" value="Windows 11"/>
    <property name="java.vm.specification.version" value="17"/>
    <property name="sun.java.launcher" value="SUN_STANDARD"/>
    <property name="user.country" value="US"/>
    <property name="sun.boot.library.path" value="C:\Program Files (x86)\jdk-17.0.6\bin"/>
    <property name="sun.java.command" value="C:\Users\HP\AppData\Local\Temp\surefire1120442205039196191\surefirebooter-20230520121501130_3.jar C:\Users\HP\AppData\Local\Temp\surefire1120442205039196191 2023-05-20T12-15-00_204-jvmRun1 surefire-20230520121501130_1tmp surefire_0-20230520121501130_2tmp"/>
    <property name="jdk.debug" value="release"/>
    <property name="surefire.test.class.path" value="C:\Users\HP\Desktop\github\demo (1)\demo\target\test-classes;C:\Users\HP\Desktop\github\demo (1)\demo\target\classes;C:\Users\HP\.m2\repository\org\springframework\boot\spring-boot-starter-web\3.1.0\spring-boot-starter-web-3.1.0.jar;C:\Users\HP\.m2\repository\org\springframework\boot\spring-boot-starter\3.1.0\spring-boot-starter-3.1.0.jar;C:\Users\HP\.m2\repository\org\springframework\boot\spring-boot-starter-logging\3.1.0\spring-boot-starter-logging-3.1.0.jar;C:\Users\HP\.m2\repository\ch\qos\logback\logback-classic\1.4.7\logback-classic-1.4.7.jar;C:\Users\HP\.m2\repository\ch\qos\logback\logback-core\1.4.7\logback-core-1.4.7.jar;C:\Users\HP\.m2\repository\org\apache\logging\log4j\log4j-to-slf4j\2.20.0\log4j-to-slf4j-2.20.0.jar;C:\Users\HP\.m2\repository\org\apache\logging\log4j\log4j-api\2.20.0\log4j-api-2.20.0.jar;C:\Users\HP\.m2\repository\org\slf4j\jul-to-slf4j\2.0.7\jul-to-slf4j-2.0.7.jar;C:\Users\HP\.m2\repository\jakarta\annotation\jakarta.annotation-api\2.1.1\jakarta.annotation-api-2.1.1.jar;C:\Users\HP\.m2\repository\org\yaml\snakeyaml\1.33\snakeyaml-1.33.jar;C:\Users\HP\.m2\repository\org\springframework\boot\spring-boot-starter-json\3.1.0\spring-boot-starter-json-3.1.0.jar;C:\Users\HP\.m2\repository\com\fasterxml\jackson\core\jackson-databind\2.15.0\jackson-databind-2.15.0.jar;C:\Users\HP\.m2\repository\com\fasterxml\jackson\core\jackson-annotations\2.15.0\jackson-annotations-2.15.0.jar;C:\Users\HP\.m2\repository\com\fasterxml\jackson\core\jackson-core\2.15.0\jackson-core-2.15.0.jar;C:\Users\HP\.m2\repository\com\fasterxml\jackson\datatype\jackson-datatype-jdk8\2.15.0\jackson-datatype-jdk8-2.15.0.jar;C:\Users\HP\.m2\repository\com\fasterxml\jackson\datatype\jackson-datatype-jsr310\2.15.0\jackson-datatype-jsr310-2.15.0.jar;C:\Users\HP\.m2\repository\com\fasterxml\jackson\module\jackson-module-parameter-names\2.15.0\jackson-module-parameter-names-2.15.0.jar;C:\Users\HP\.m2\repository\org\springframework\boot\spring-boot-starter-tomcat\3.1.0\spring-boot-starter-tomcat-3.1.0.jar;C:\Users\HP\.m2\repository\org\apache\tomcat\embed\tomcat-embed-core\10.1.8\tomcat-embed-core-10.1.8.jar;C:\Users\HP\.m2\repository\org\apache\tomcat\embed\tomcat-embed-el\10.1.8\tomcat-embed-el-10.1.8.jar;C:\Users\HP\.m2\repository\org\apache\tomcat\embed\tomcat-embed-websocket\10.1.8\tomcat-embed-websocket-10.1.8.jar;C:\Users\HP\.m2\repository\org\springframework\spring-web\6.0.9\spring-web-6.0.9.jar;C:\Users\HP\.m2\repository\org\springframework\spring-beans\6.0.9\spring-beans-6.0.9.jar;C:\Users\HP\.m2\repository\io\micrometer\micrometer-observation\1.11.0\micrometer-observation-1.11.0.jar;C:\Users\HP\.m2\repository\io\micrometer\micrometer-commons\1.11.0\micrometer-commons-1.11.0.jar;C:\Users\HP\.m2\repository\org\springframework\spring-webmvc\6.0.9\spring-webmvc-6.0.9.jar;C:\Users\HP\.m2\repository\org\springframework\spring-aop\6.0.9\spring-aop-6.0.9.jar;C:\Users\HP\.m2\repository\org\springframework\spring-context\6.0.9\spring-context-6.0.9.jar;C:\Users\HP\.m2\repository\org\springframework\spring-expression\6.0.9\spring-expression-6.0.9.jar;C:\Users\HP\.m2\repository\org\springframework\boot\spring-boot-devtools\3.1.0\spring-boot-devtools-3.1.0.jar;C:\Users\HP\.m2\repository\org\springframework\boot\spring-boot\3.1.0\spring-boot-3.1.0.jar;C:\Users\HP\.m2\repository\org\springframework\boot\spring-boot-autoconfigure\3.1.0\spring-boot-autoconfigure-3.1.0.jar;C:\Users\HP\.m2\repository\org\springframework\boot\spring-boot-starter-test\3.1.0\spring-boot-starter-test-3.1.0.jar;C:\Users\HP\.m2\repository\org\springframework\boot\spring-boot-test\3.1.0\spring-boot-test-3.1.0.jar;C:\Users\HP\.m2\repository\org\springframework\boot\spring-boot-test-autoconfigure\3.1.0\spring-boot-test-autoconfigure-3.1.0.jar;C:\Users\HP\.m2\repository\com\jayway\jsonpath\json-path\2.8.0\json-path-2.8.0.jar;C:\Users\HP\.m2\repository\org\slf4j\slf4j-api\2.0.7\slf4j-api-2.0.7.jar;C:\Users\HP\.m2\repository\jakarta\xml\bind\jakarta.xml.bind-api\4.0.0\jakarta.xml.bind-api-4.0.0.jar;C:\Users\HP\.m2\repository\jakarta\activation\jakarta.activation-api\2.1.2\jakarta.activation-api-2.1.2.jar;C:\Users\HP\.m2\repository\net\minidev\json-smart\2.4.10\json-smart-2.4.10.jar;C:\Users\HP\.m2\repository\net\minidev\accessors-smart\2.4.9\accessors-smart-2.4.9.jar;C:\Users\HP\.m2\repository\org\ow2\asm\asm\9.3\asm-9.3.jar;C:\Users\HP\.m2\repository\org\assertj\assertj-core\3.24.2\assertj-core-3.24.2.jar;C:\Users\HP\.m2\repository\net\bytebuddy\byte-buddy\1.14.4\byte-buddy-1.14.4.jar;C:\Users\HP\.m2\repository\org\hamcrest\hamcrest\2.2\hamcrest-2.2.jar;C:\Users\HP\.m2\repository\org\junit\jupiter\junit-jupiter\5.9.3\junit-jupiter-5.9.3.jar;C:\Users\HP\.m2\repository\org\junit\jupiter\junit-jupiter-api\5.9.3\junit-jupiter-api-5.9.3.jar;C:\Users\HP\.m2\repository\org\opentest4j\opentest4j\1.2.0\opentest4j-1.2.0.jar;C:\Users\HP\.m2\repository\org\junit\platform\junit-platform-commons\1.9.3\junit-platform-commons-1.9.3.jar;C:\Users\HP\.m2\repository\org\apiguardian\apiguardian-api\1.1.2\apiguardian-api-1.1.2.jar;C:\Users\HP\.m2\repository\org\junit\jupiter\junit-jupiter-params\5.9.3\junit-jupiter-params-5.9.3.jar;C:\Users\HP\.m2\repository\org\junit\jupiter\junit-jupiter-engine\5.9.3\junit-jupiter-engine-5.9.3.jar;C:\Users\HP\.m2\repository\org\junit\platform\junit-platform-engine\1.9.3\junit-platform-engine-1.9.3.jar;C:\Users\HP\.m2\repository\org\mockito\mockito-core\5.3.1\mockito-core-5.3.1.jar;C:\Users\HP\.m2\repository\net\bytebuddy\byte-buddy-agent\1.14.4\byte-buddy-agent-1.14.4.jar;C:\Users\HP\.m2\repository\org\objenesis\objenesis\3.3\objenesis-3.3.jar;C:\Users\HP\.m2\repository\org\mockito\mockito-junit-jupiter\5.3.1\mockito-junit-jupiter-5.3.1.jar;C:\Users\HP\.m2\repository\org\skyscreamer\jsonassert\1.5.1\jsonassert-1.5.1.jar;C:\Users\HP\.m2\repository\com\vaadin\external\google\android-json\0.0.20131108.vaadin1\android-json-0.0.20131108.vaadin1.jar;C:\Users\HP\.m2\repository\org\springframework\spring-core\6.0.9\spring-core-6.0.9.jar;C:\Users\HP\.m2\repository\org\springframework\spring-jcl\6.0.9\spring-jcl-6.0.9.jar;C:\Users\HP\.m2\repository\org\springframework\spring-test\6.0.9\spring-test-6.0.9.jar;C:\Users\HP\.m2\repository\org\xmlunit\xmlunit-core\2.9.1\xmlunit-core-2.9.1.jar;"/>
    <property name="sun.cpu.endian" value="little"/>
    <property name="user.home" value="C:\Users\HP"/>
    <property name="user.language" value="en"/>
    <property name="java.specification.vendor" value="Oracle Corporation"/>
    <property name="java.version.date" value="2023-01-17"/>
    <property name="java.home" value="C:\Program Files (x86)\jdk-17.0.6"/>
    <property name="file.separator" value="\"/>
    <property name="basedir" value="C:\Users\HP\Desktop\github\demo (1)\demo"/>
    <property name="java.vm.compressedOopsMode" value="Zero based"/>
    <property name="line.separator" value="&#10;"/>
    <property name="java.vm.specification.vendor" value="Oracle Corporation"/>
    <property name="java.specification.name" value="Java Platform API Specification"/>
    <property name="FILE_LOG_CHARSET" value="windows-1252"/>
    <property name="java.awt.headless" value="true"/>
    <property name="surefire.real.class.path" value="C:\Users\HP\AppData\Local\Temp\surefire1120442205039196191\surefirebooter-20230520121501130_3.jar"/>
    <property name="user.script" value=""/>
    <property name="sun.management.compiler" value="HotSpot 64-Bit Tiered Compilers"/>
    <property name="java.runtime.version" value="17.0.6+9-LTS-190"/>
    <property name="user.name" value="HP"/>
    <property name="path.separator" value=";"/>
    <property name="os.version" value="10.0"/>
    <property name="java.runtime.name" value="Java(TM) SE Runtime Environment"/>
    <property name="file.encoding" value="Cp1252"/>
    <property name="java.vm.name" value="Java HotSpot(TM) 64-Bit Server VM"/>
    <property name="localRepository" value="C:\Users\HP\.m2\repository"/>
    <property name="java.vendor.url.bug" value="https://bugreport.java.com/bugreport/"/>
    <property name="java.io.tmpdir" value="C:\Users\HP\AppData\Local\Temp\"/>
    <property name="java.version" value="17.0.6"/>
    <property name="user.dir" value="C:\Users\HP\Desktop\github\demo (1)\demo"/>
    <property name="os.arch" value="amd64"/>
    <property name="java.vm.specification.name" value="Java Virtual Machine Specification"/>
    <property name="PID" value="5960"/>
    <property name="sun.os.patch.level" value=""/>
    <property name="CONSOLE_LOG_CHARSET" value="windows-1252"/>
    <property name="native.encoding" value="Cp1252"/>
    <property name="java.library.path" value="C:\Program Files (x86)\jdk-17.0.6\bin;C:\WINDOWS\Sun\Java\bin;C:\WINDOWS\system32;C:\WINDOWS;C:/Users/HP/.p2/pool/plugins/org.eclipse.justj.openjdk.hotspot.jre.full.win32.x86_64_15.0.1.v20201027-0507/jre/bin/server;C:/Users/HP/.p2/pool/plugins/org.eclipse.justj.openjdk.hotspot.jre.full.win32.x86_64_15.0.1.v20201027-0507/jre/bin;C:\Program Files (x86)\VMware\VMware Player\bin\;C:\Program Files (x86)\Common Files\Oracle\Java\javapath;C:\windows\system32;C:\windows;C:\windows\System32\Wbem;C:\windows\System32\WindowsPowerShell\v1.0\;C:\windows\System32\OpenSSH\;C:\Program Files (x86)\NVIDIA Corporation\PhysX\Common;C:\Program Files\NVIDIA Corporation\NVIDIA NvDLISR;C:\WINDOWS\system32;C:\WINDOWS;C:\WINDOWS\System32\Wbem;C:\WINDOWS\System32\WindowsPowerShell\v1.0\;C:\WINDOWS\System32\OpenSSH\;C:\Program Files\PuTTY\;C:\ProgramData\chocolatey\bin;C:\Program Files\Git\cmd;%PATH%;%CATALINE_HOME%\bin;C:\Program Files (x86)\jdk-17.0.6\bin;C:\Program Files\Apache Software Foundation\Tomcat 9.0\lib\servlet-api.jar;C:\Program Files\nodejs\;C:\Program Files (x86)\Notepad++;C:\Program Files (x86)\Perforce\;C:\Users\HP\AppData\Local\Programs\Python\Python37-32\Scripts\;C:\Users\HP\AppData\Local\Programs\Python\Python37-32\;C:\Program Files\JetBrains\IntelliJ IDEA Community Edition 2020.2.3\bin;C:\Users\HP\AppData\Local\Programs\Microsoft VS Code\bin;C:\Users\HP\AppData\Local\Microsoft\WindowsApps;C:\Program Files (x86)\Sophos\Sophos SSL VPN Client\bin;C:\ProgramData\HP\GitHubDesktop\bin;C:\Users\HP\AppData\Local\GitHubDesktop\bin;C:\Users\HP\AppData\Roaming\npm;C:\Program Files (x86)\jdk-17.0.6\bin;;C:\WINDOWS\system32;;."/>
    <property name="java.vm.info" value="mixed mode, sharing"/>
    <property name="java.vendor" value="Oracle Corporation"/>
    <property name="java.vm.version" value="17.0.6+9-LTS-190"/>
    <property name="sun.io.unicode.encoding" value="UnicodeLittle"/>
    <property name="java.class.version" value="61.0"/>
  </properties>
  <testcase name="contextLoads" classname="com.example.demo.DemoApplicationTests" time="1.059">
    <system-out><![CDATA[12:15:02.059 [main] INFO org.springframework.test.context.support.AnnotationConfigContextLoaderUtils -- Could not detect default configuration classes for test class [com.example.demo.DemoApplicationTests]: DemoApplicationTests does not declare any static, non-private, non-final, nested classes annotated with @Configuration.
12:15:02.198 [main] INFO org.springframework.boot.test.context.SpringBootTestContextBootstrapper -- Found @SpringBootConfiguration com.example.demo.DemoApplication for test class com.example.demo.DemoApplicationTests
2023-05-20T12:15:02.639+05:30 TRACE 5960 --- [           main] o.s.c.io.support.SpringFactoriesLoader   : Loaded [org.springframework.boot.ApplicationContextFactory] names: [org.springframework.boot.web.reactive.context.ReactiveWebServerApplicationContextFactory, org.springframework.boot.web.servlet.context.ServletWebServerApplicationContextFactory]

  .   ____          _            __ _ _
 /\\ / ___'_ __ _ _(_)_ __  __ _ \ \ \ \
( ( )\___ | '_ | '_| | '_ \/ _` | \ \ \ \
 \\/  ___)| |_)| | | | | || (_| |  ) ) ) )
  '  |____| .__|_| |_|_| |_\__, | / / / /
 =========|_|==============|___/=/_/_/_/
 :: Spring Boot ::                (v3.1.0)

2023-05-20T12:15:02.697+05:30 TRACE 5960 --- [           main] o.s.b.f.s.DefaultListableBeanFactory     : Registering scope 'restart' with implementation [org.springframework.boot.devtools.restart.RestartScopeInitializer$RestartScope@52eacb4b]
2023-05-20T12:15:02.706+05:30  INFO 5960 --- [           main] com.example.demo.DemoApplicationTests    : Starting DemoApplicationTests using Java 17.0.6 with PID 5960 (started by HP in C:\Users\HP\Desktop\github\demo (1)\demo)
2023-05-20T12:15:02.708+05:30  INFO 5960 --- [           main] com.example.demo.DemoApplicationTests    : The following 1 profile is active: "dev"
2023-05-20T12:15:02.709+05:30 DEBUG 5960 --- [           main] o.s.boot.SpringApplication               : Loading source class com.example.demo.DemoApplication
2023-05-20T12:15:02.736+05:30 TRACE 5960 --- [           main] o.s.c.a.ClassPathBeanDefinitionScanner   : JSR-250 'jakarta.annotation.ManagedBean' found and supported for component scanning
2023-05-20T12:15:02.751+05:30 TRACE 5960 --- [           main] uePropertySourceEnvironmentPostProcessor : RandomValuePropertySource add to Environment
2023-05-20T12:15:02.751+05:30 TRACE 5960 --- [           main] b.c.c.ConfigDataEnvironmentPostProcessor : Post-processing environment to add config data
2023-05-20T12:15:02.751+05:30 TRACE 5960 --- [           main] o.s.b.c.config.ConfigDataEnvironment     : Building config data environment contributors
2023-05-20T12:15:02.752+05:30 TRACE 5960 --- [           main] o.s.b.c.config.ConfigDataEnvironment     : Creating wrapped config data contributor for 'Inlined Test Properties'
2023-05-20T12:15:02.752+05:30 TRACE 5960 --- [           main] o.s.b.c.config.ConfigDataEnvironment     : Creating wrapped config data contributor for 'configurationProperties'
2023-05-20T12:15:02.752+05:30 TRACE 5960 --- [           main] o.s.b.c.config.ConfigDataEnvironment     : Creating wrapped config data contributor for 'servletConfigInitParams'
2023-05-20T12:15:02.752+05:30 TRACE 5960 --- [           main] o.s.b.c.config.ConfigDataEnvironment     : Creating wrapped config data contributor for 'servletContextInitParams'
2023-05-20T12:15:02.752+05:30 TRACE 5960 --- [           main] o.s.b.c.config.ConfigDataEnvironment     : Creating wrapped config data contributor for 'systemProperties'
2023-05-20T12:15:02.752+05:30 TRACE 5960 --- [           main] o.s.b.c.config.ConfigDataEnvironment     : Creating wrapped config data contributor for 'systemEnvironment'
2023-05-20T12:15:02.752+05:30 TRACE 5960 --- [           main] o.s.b.c.config.ConfigDataEnvironment     : Creating wrapped config data contributor for 'random'
2023-05-20T12:15:02.752+05:30 TRACE 5960 --- [           main] o.s.b.c.config.ConfigDataEnvironment     : Adding initial config data import from location 'optional:file:./;optional:file:./config/;optional:file:./config/*/'
2023-05-20T12:15:02.753+05:30 TRACE 5960 --- [           main] o.s.b.c.config.ConfigDataEnvironment     : Adding initial config data import from location 'optional:classpath:/;optional:classpath:/config/'
2023-05-20T12:15:02.753+05:30 TRACE 5960 --- [           main] o.s.b.c.config.ConfigDataEnvironment     : Processing initial config data environment contributors without activation context
2023-05-20T12:15:02.753+05:30 TRACE 5960 --- [           main] .b.c.c.ConfigDataEnvironmentContributors : Processing imports for phase BEFORE_PROFILE_ACTIVATION. no activation context
2023-05-20T12:15:02.753+05:30 TRACE 5960 --- [           main] .b.c.c.ConfigDataEnvironmentContributors : Processing imports [optional:file:./;optional:file:./config/;optional:file:./config/*/]
2023-05-20T12:15:02.753+05:30 TRACE 5960 --- [           main] b.c.c.StandardConfigDataLocationResolver : Skipping missing resource file:./application.yaml
2023-05-20T12:15:02.753+05:30 TRACE 5960 --- [           main] b.c.c.StandardConfigDataLocationResolver : Skipping missing resource file:./application.yml
2023-05-20T12:15:02.753+05:30 TRACE 5960 --- [           main] b.c.c.StandardConfigDataLocationResolver : Skipping missing resource file:./application.xml
2023-05-20T12:15:02.753+05:30 TRACE 5960 --- [           main] b.c.c.StandardConfigDataLocationResolver : Skipping missing resource file:./application.properties
2023-05-20T12:15:02.753+05:30 TRACE 5960 --- [           main] b.c.c.StandardConfigDataLocationResolver : Skipping missing resource file:./config/application.yaml
2023-05-20T12:15:02.754+05:30 TRACE 5960 --- [           main] b.c.c.StandardConfigDataLocationResolver : Skipping missing resource file:./config/application.yml
2023-05-20T12:15:02.754+05:30 TRACE 5960 --- [           main] b.c.c.StandardConfigDataLocationResolver : Skipping missing resource file:./config/application.xml
2023-05-20T12:15:02.754+05:30 TRACE 5960 --- [           main] b.c.c.StandardConfigDataLocationResolver : Skipping missing resource file:./config/application.properties
2023-05-20T12:15:02.755+05:30 TRACE 5960 --- [           main] o.s.b.context.config.ConfigDataImporter  : Considering resource file [.] from location optional:file:./;optional:file:./config/;optional:file:./config/*/
2023-05-20T12:15:02.756+05:30 TRACE 5960 --- [           main] o.s.b.context.config.ConfigDataLoaders   : Loading file [.] using loader org.springframework.boot.context.config.StandardConfigDataLoader
2023-05-20T12:15:02.756+05:30 TRACE 5960 --- [           main] o.s.b.context.config.ConfigDataImporter  : Loaded resource file [.] from location optional:file:./;optional:file:./config/;optional:file:./config/*/
2023-05-20T12:15:02.761+05:30 TRACE 5960 --- [           main] .b.c.c.ConfigDataEnvironmentContributors : Imported 1 resource [file [.]]
2023-05-20T12:15:02.761+05:30 TRACE 5960 --- [           main] .b.c.c.ConfigDataEnvironmentContributors : Processing imports [optional:classpath:/;optional:classpath:/config/]
2023-05-20T12:15:02.761+05:30 TRACE 5960 --- [           main] b.c.c.StandardConfigDataLocationResolver : Skipping missing resource classpath:/application.yaml
2023-05-20T12:15:02.761+05:30 TRACE 5960 --- [           main] b.c.c.StandardConfigDataLocationResolver : Skipping missing resource classpath:/application.yml
2023-05-20T12:15:02.761+05:30 TRACE 5960 --- [           main] b.c.c.StandardConfigDataLocationResolver : Skipping missing resource classpath:/application.xml
2023-05-20T12:15:02.761+05:30 TRACE 5960 --- [           main] b.c.c.StandardConfigDataLocationResolver : Skipping missing resource classpath:/config/application.yaml
2023-05-20T12:15:02.761+05:30 TRACE 5960 --- [           main] b.c.c.StandardConfigDataLocationResolver : Skipping missing resource classpath:/config/application.yml
2023-05-20T12:15:02.761+05:30 TRACE 5960 --- [           main] b.c.c.StandardConfigDataLocationResolver : Skipping missing resource classpath:/config/application.xml
2023-05-20T12:15:02.761+05:30 TRACE 5960 --- [           main] b.c.c.StandardConfigDataLocationResolver : Skipping missing resource classpath:/config/application.properties
2023-05-20T12:15:02.761+05:30 TRACE 5960 --- [           main] o.s.b.context.config.ConfigDataImporter  : Considering resource class path resource [application.properties] from location optional:classpath:/;optional:classpath:/config/
2023-05-20T12:15:02.761+05:30 TRACE 5960 --- [           main] o.s.b.context.config.ConfigDataLoaders   : Loading class path resource [application.properties] using loader org.springframework.boot.context.config.StandardConfigDataLoader
2023-05-20T12:15:02.761+05:30 TRACE 5960 --- [           main] o.s.b.context.config.ConfigDataImporter  : Loaded resource class path resource [application.properties] from location optional:classpath:/;optional:classpath:/config/
2023-05-20T12:15:02.761+05:30 TRACE 5960 --- [           main] .b.c.c.ConfigDataEnvironmentContributors : Imported 1 resource [class path resource [application.properties]]
2023-05-20T12:15:02.762+05:30 TRACE 5960 --- [           main] .b.c.c.ConfigDataEnvironmentContributors : Processed imports for of 2 contributors
2023-05-20T12:15:02.762+05:30 TRACE 5960 --- [           main] o.s.b.c.config.ConfigDataEnvironment     : Creating config data activation context from initial contributions
2023-05-20T12:15:02.762+05:30 TRACE 5960 --- [           main] o.s.b.c.config.ConfigDataEnvironment     : Processing config data environment contributors with initial activation context
2023-05-20T12:15:02.764+05:30 TRACE 5960 --- [           main] .b.c.c.ConfigDataEnvironmentContributors : Processing imports for phase BEFORE_PROFILE_ACTIVATION. [ConfigDataActivationContext@57dc9128 cloudPlatform = [null], profiles = [null]]
2023-05-20T12:15:02.764+05:30 TRACE 5960 --- [           main] .b.c.c.ConfigDataEnvironmentContributors : Processed imports for of 0 contributors
2023-05-20T12:15:02.764+05:30 TRACE 5960 --- [           main] o.s.b.c.config.ConfigDataEnvironment     : Deducing profiles from current config data environment contributors
2023-05-20T12:15:02.764+05:30 TRACE 5960 --- [           main] o.s.b.c.config.ConfigDataEnvironment     : Processing config data environment contributors with profile activation context
2023-05-20T12:15:02.765+05:30 TRACE 5960 --- [           main] .b.c.c.ConfigDataEnvironmentContributors : Processing imports for phase AFTER_PROFILE_ACTIVATION. [ConfigDataActivationContext@24528a25 cloudPlatform = [null], profiles = [Profiles@17ae98d7 active = '[dev]', default = '[default]', accepted = '[dev]']]
2023-05-20T12:15:02.765+05:30 TRACE 5960 --- [           main] .b.c.c.ConfigDataEnvironmentContributors : Processing imports [optional:file:./;optional:file:./config/;optional:file:./config/*/]
2023-05-20T12:15:02.765+05:30 TRACE 5960 --- [           main] b.c.c.StandardConfigDataLocationResolver : Skipping missing resource file:./application.yaml
2023-05-20T12:15:02.765+05:30 TRACE 5960 --- [           main] b.c.c.StandardConfigDataLocationResolver : Skipping missing resource file:./application.yml
2023-05-20T12:15:02.765+05:30 TRACE 5960 --- [           main] b.c.c.StandardConfigDataLocationResolver : Skipping missing resource file:./application.xml
2023-05-20T12:15:02.765+05:30 TRACE 5960 --- [           main] b.c.c.StandardConfigDataLocationResolver : Skipping missing resource file:./application.properties
2023-05-20T12:15:02.766+05:30 TRACE 5960 --- [           main] b.c.c.StandardConfigDataLocationResolver : Skipping missing resource file:./config/application.yaml
2023-05-20T12:15:02.766+05:30 TRACE 5960 --- [           main] b.c.c.StandardConfigDataLocationResolver : Skipping missing resource file:./config/application.yml
2023-05-20T12:15:02.766+05:30 TRACE 5960 --- [           main] b.c.c.StandardConfigDataLocationResolver : Skipping missing resource file:./config/application.xml
2023-05-20T12:15:02.766+05:30 TRACE 5960 --- [           main] b.c.c.StandardConfigDataLocationResolver : Skipping missing resource file:./config/application.properties
2023-05-20T12:15:02.766+05:30 TRACE 5960 --- [           main] b.c.c.StandardConfigDataLocationResolver : Skipping missing resource file:./application-dev.yaml
2023-05-20T12:15:02.766+05:30 TRACE 5960 --- [           main] b.c.c.StandardConfigDataLocationResolver : Skipping missing resource file:./application-dev.yml
2023-05-20T12:15:02.766+05:30 TRACE 5960 --- [           main] b.c.c.StandardConfigDataLocationResolver : Skipping missing resource file:./application-dev.xml
2023-05-20T12:15:02.767+05:30 TRACE 5960 --- [           main] b.c.c.StandardConfigDataLocationResolver : Skipping missing resource file:./application-dev.properties
2023-05-20T12:15:02.767+05:30 TRACE 5960 --- [           main] b.c.c.StandardConfigDataLocationResolver : Skipping missing resource file:./config/application-dev.yaml
2023-05-20T12:15:02.767+05:30 TRACE 5960 --- [           main] b.c.c.StandardConfigDataLocationResolver : Skipping missing resource file:./config/application-dev.yml
2023-05-20T12:15:02.767+05:30 TRACE 5960 --- [           main] b.c.c.StandardConfigDataLocationResolver : Skipping missing resource file:./config/application-dev.xml
2023-05-20T12:15:02.767+05:30 TRACE 5960 --- [           main] b.c.c.StandardConfigDataLocationResolver : Skipping missing resource file:./config/application-dev.properties
2023-05-20T12:15:02.767+05:30 TRACE 5960 --- [           main] o.s.b.context.config.ConfigDataImporter  : Considering resource file [.] from location optional:file:./;optional:file:./config/;optional:file:./config/*/
2023-05-20T12:15:02.767+05:30 TRACE 5960 --- [           main] o.s.b.context.config.ConfigDataImporter  : Already loaded resource file [.] ignoring location optional:file:./;optional:file:./config/;optional:file:./config/*/
2023-05-20T12:15:02.767+05:30 TRACE 5960 --- [           main] o.s.b.context.config.ConfigDataImporter  : Considering resource file [.] from location optional:file:./;optional:file:./config/;optional:file:./config/*/
2023-05-20T12:15:02.768+05:30 TRACE 5960 --- [           main] o.s.b.context.config.ConfigDataImporter  : Already loaded resource file [.] ignoring location optional:file:./;optional:file:./config/;optional:file:./config/*/
2023-05-20T12:15:02.768+05:30 TRACE 5960 --- [           main] .b.c.c.ConfigDataEnvironmentContributors : Nothing imported
2023-05-20T12:15:02.768+05:30 TRACE 5960 --- [           main] .b.c.c.ConfigDataEnvironmentContributors : Processing imports [optional:classpath:/;optional:classpath:/config/]
2023-05-20T12:15:02.768+05:30 TRACE 5960 --- [           main] b.c.c.StandardConfigDataLocationResolver : Skipping missing resource classpath:/application.yaml
2023-05-20T12:15:02.768+05:30 TRACE 5960 --- [           main] b.c.c.StandardConfigDataLocationResolver : Skipping missing resource classpath:/application.yml
2023-05-20T12:15:02.768+05:30 TRACE 5960 --- [           main] b.c.c.StandardConfigDataLocationResolver : Skipping missing resource classpath:/application.xml
2023-05-20T12:15:02.768+05:30 TRACE 5960 --- [           main] b.c.c.StandardConfigDataLocationResolver : Skipping missing resource classpath:/config/application.yaml
2023-05-20T12:15:02.768+05:30 TRACE 5960 --- [           main] b.c.c.StandardConfigDataLocationResolver : Skipping missing resource classpath:/config/application.yml
2023-05-20T12:15:02.769+05:30 TRACE 5960 --- [           main] b.c.c.StandardConfigDataLocationResolver : Skipping missing resource classpath:/config/application.xml
2023-05-20T12:15:02.769+05:30 TRACE 5960 --- [           main] b.c.c.StandardConfigDataLocationResolver : Skipping missing resource classpath:/config/application.properties
2023-05-20T12:15:02.769+05:30 TRACE 5960 --- [           main] b.c.c.StandardConfigDataLocationResolver : Skipping missing resource classpath:/application-dev.yaml
2023-05-20T12:15:02.769+05:30 TRACE 5960 --- [           main] b.c.c.StandardConfigDataLocationResolver : Skipping missing resource classpath:/application-dev.yml
2023-05-20T12:15:02.769+05:30 TRACE 5960 --- [           main] b.c.c.StandardConfigDataLocationResolver : Skipping missing resource classpath:/application-dev.xml
2023-05-20T12:15:02.769+05:30 TRACE 5960 --- [           main] b.c.c.StandardConfigDataLocationResolver : Skipping missing resource classpath:/config/application-dev.yaml
2023-05-20T12:15:02.769+05:30 TRACE 5960 --- [           main] b.c.c.StandardConfigDataLocationResolver : Skipping missing resource classpath:/config/application-dev.yml
2023-05-20T12:15:02.769+05:30 TRACE 5960 --- [           main] b.c.c.StandardConfigDataLocationResolver : Skipping missing resource classpath:/config/application-dev.xml
2023-05-20T12:15:02.770+05:30 TRACE 5960 --- [           main] b.c.c.StandardConfigDataLocationResolver : Skipping missing resource classpath:/config/application-dev.properties
2023-05-20T12:15:02.770+05:30 TRACE 5960 --- [           main] o.s.b.context.config.ConfigDataImporter  : Considering resource class path resource [application-dev.properties] from location optional:classpath:/;optional:classpath:/config/
2023-05-20T12:15:02.770+05:30 TRACE 5960 --- [           main] o.s.b.context.config.ConfigDataLoaders   : Loading class path resource [application-dev.properties] using loader org.springframework.boot.context.config.StandardConfigDataLoader
2023-05-20T12:15:02.770+05:30 TRACE 5960 --- [           main] o.s.b.context.config.ConfigDataImporter  : Loaded resource class path resource [application-dev.properties] from location optional:classpath:/;optional:classpath:/config/
2023-05-20T12:15:02.770+05:30 TRACE 5960 --- [           main] o.s.b.context.config.ConfigDataImporter  : Considering resource class path resource [application.properties] from location optional:classpath:/;optional:classpath:/config/
2023-05-20T12:15:02.770+05:30 TRACE 5960 --- [           main] o.s.b.context.config.ConfigDataImporter  : Already loaded resource class path resource [application.properties] ignoring location optional:classpath:/;optional:classpath:/config/
2023-05-20T12:15:02.770+05:30 TRACE 5960 --- [           main] .b.c.c.ConfigDataEnvironmentContributors : Imported 1 resource [class path resource [application-dev.properties]]
2023-05-20T12:15:02.771+05:30 TRACE 5960 --- [           main] .b.c.c.ConfigDataEnvironmentContributors : Processed imports for of 2 contributors
2023-05-20T12:15:02.771+05:30 TRACE 5960 --- [           main] o.s.b.c.config.ConfigDataEnvironment     : Applying config data environment contributions
2023-05-20T12:15:02.771+05:30 TRACE 5960 --- [           main] o.s.b.c.config.ConfigDataEnvironment     : Adding imported property source 'Config resource 'class path resource [application-dev.properties]' via location 'optional:classpath:/''
2023-05-20T12:15:02.771+05:30 TRACE 5960 --- [           main] o.s.b.c.config.ConfigDataEnvironment     : Adding imported property source 'Config resource 'class path resource [application.properties]' via location 'optional:classpath:/''
2023-05-20T12:15:02.771+05:30 TRACE 5960 --- [           main] o.s.b.c.config.ConfigDataEnvironment     : Setting default profiles: [default]
2023-05-20T12:15:02.771+05:30 TRACE 5960 --- [           main] o.s.b.c.config.ConfigDataEnvironment     : Setting active profiles: [dev]
2023-05-20T12:15:02.784+05:30 TRACE 5960 --- [           main] o.s.w.c.s.GenericWebApplicationContext   : Refreshing org.springframework.web.context.support.GenericWebApplicationContext@22c01ab0, started on Sat May 20 12:15:02 IST 2023
2023-05-20T12:15:02.802+05:30 TRACE 5960 --- [           main] o.s.b.f.s.DefaultListableBeanFactory     : Registering scope 'request' with implementation [org.springframework.web.context.request.RequestScope@66f66866]
2023-05-20T12:15:02.802+05:30 TRACE 5960 --- [           main] o.s.b.f.s.DefaultListableBeanFactory     : Registering scope 'session' with implementation [org.springframework.web.context.request.SessionScope@30f4b1a6]
2023-05-20T12:15:02.803+05:30 TRACE 5960 --- [           main] o.s.b.f.s.DefaultListableBeanFactory     : Registering scope 'application' with implementation [org.springframework.web.context.support.ServletContextScope@350b3a17]
2023-05-20T12:15:02.822+05:30 DEBUG 5960 --- [           main] o.s.b.f.s.DefaultListableBeanFactory     : Creating shared instance of singleton bean 'org.springframework.context.annotation.internalConfigurationAnnotationProcessor'
2023-05-20T12:15:02.823+05:30 TRACE 5960 --- [           main] o.s.b.f.s.DefaultListableBeanFactory     : Creating instance of bean 'org.springframework.context.annotation.internalConfigurationAnnotationProcessor'
2023-05-20T12:15:02.855+05:30 DEBUG 5960 --- [           main] o.s.b.f.s.DefaultListableBeanFactory     : Creating shared instance of singleton bean 'org.springframework.boot.autoconfigure.internalCachingMetadataReaderFactory'
2023-05-20T12:15:02.855+05:30 TRACE 5960 --- [           main] o.s.b.f.s.DefaultListableBeanFactory     : Creating instance of bean 'org.springframework.boot.autoconfigure.internalCachingMetadataReaderFactory'
2023-05-20T12:15:02.857+05:30 TRACE 5960 --- [           main] o.s.b.f.s.DefaultListableBeanFactory     : Finished creating instance of bean 'org.springframework.boot.autoconfigure.internalCachingMetadataReaderFactory'
2023-05-20T12:15:02.864+05:30 TRACE 5960 --- [           main] o.s.c.io.support.SpringFactoriesLoader   : Loaded [org.springframework.beans.BeanInfoFactory] names: []
2023-05-20T12:15:02.865+05:30 TRACE 5960 --- [           main] o.s.beans.CachedIntrospectionResults     : Getting BeanInfo for class [org.springframework.context.annotation.ConfigurationClassPostProcessor]
2023-05-20T12:15:02.870+05:30 TRACE 5960 --- [           main] o.s.beans.CachedIntrospectionResults     : Caching PropertyDescriptors for class [org.springframework.context.annotation.ConfigurationClassPostProcessor]
2023-05-20T12:15:02.871+05:30 TRACE 5960 --- [           main] o.s.beans.CachedIntrospectionResults     : Found bean property 'applicationStartup' of type [org.springframework.core.metrics.ApplicationStartup]
2023-05-20T12:15:02.871+05:30 TRACE 5960 --- [           main] o.s.beans.CachedIntrospectionResults     : Found bean property 'beanClassLoader' of type [java.lang.ClassLoader]
2023-05-20T12:15:02.872+05:30 TRACE 5960 --- [           main] o.s.beans.CachedIntrospectionResults     : Found bean property 'beanExcludedFromAotProcessing' of type [boolean]
2023-05-20T12:15:02.872+05:30 TRACE 5960 --- [           main] o.s.beans.CachedIntrospectionResults     : Found bean property 'beanNameGenerator' of type [org.springframework.beans.factory.support.BeanNameGenerator]
2023-05-20T12:15:02.873+05:30 TRACE 5960 --- [           main] o.s.beans.CachedIntrospectionResults     : Found bean property 'class' of type [java.lang.Class]
2023-05-20T12:15:02.874+05:30 TRACE 5960 --- [           main] o.s.beans.CachedIntrospectionResults     : Found bean property 'environment' of type [org.springframework.core.env.Environment]
2023-05-20T12:15:02.874+05:30 TRACE 5960 --- [           main] o.s.beans.CachedIntrospectionResults     : Found bean property 'metadataReaderFactory' of type [org.springframework.core.type.classreading.MetadataReaderFactory]
2023-05-20T12:15:02.874+05:30 TRACE 5960 --- [           main] o.s.beans.CachedIntrospectionResults     : Found bean property 'order' of type [int]
2023-05-20T12:15:02.875+05:30 TRACE 5960 --- [           main] o.s.beans.CachedIntrospectionResults     : Found bean property 'problemReporter' of type [org.springframework.beans.factory.parsing.ProblemReporter]
2023-05-20T12:15:02.875+05:30 TRACE 5960 --- [           main] o.s.beans.CachedIntrospectionResults     : Found bean property 'resourceLoader' of type [org.springframework.core.io.ResourceLoader]
2023-05-20T12:15:02.875+05:30 TRACE 5960 --- [           main] o.s.beans.CachedIntrospectionResults     : Found bean property 'sourceExtractor' of type [org.springframework.beans.factory.parsing.SourceExtractor]
2023-05-20T12:15:02.879+05:30 TRACE 5960 --- [           main] o.s.b.f.s.DefaultListableBeanFactory     : Finished creating instance of bean 'org.springframework.context.annotation.internalConfigurationAnnotationProcessor'
2023-05-20T12:15:02.896+05:30 TRACE 5960 --- [           main] o.s.c.a.ClassPathBeanDefinitionScanner   : JSR-250 'jakarta.annotation.ManagedBean' found and supported for component scanning
2023-05-20T12:15:02.900+05:30 TRACE 5960 --- [           main] .i.s.PathMatchingResourcePatternResolver : Resolved module-path location pattern [com/example/demo/**/*.class] to resources []
2023-05-20T12:15:02.901+05:30 TRACE 5960 --- [           main] .i.s.PathMatchingResourcePatternResolver : Resolved module-path location pattern [com/example/demo/] to resources []
2023-05-20T12:15:02.902+05:30 TRACE 5960 --- [           main] .i.s.PathMatchingResourcePatternResolver : Resolved classpath location [com/example/demo/] to resources [file [C:\Users\HP\Desktop\github\demo (1)\demo\target\test-classes\com\example\demo], file [C:\Users\HP\Desktop\github\demo (1)\demo\target\classes\com\example\demo]]
2023-05-20T12:15:02.905+05:30 TRACE 5960 --- [           main] .i.s.PathMatchingResourcePatternResolver : Searching directory [C:\Users\HP\Desktop\github\demo (1)\demo\target\test-classes\com\example\demo] for files matching pattern [**/*.class]
2023-05-20T12:15:02.907+05:30 TRACE 5960 --- [           main] .i.s.PathMatchingResourcePatternResolver : Searching directory [C:\Users\HP\Desktop\github\demo (1)\demo\target\classes\com\example\demo] for files matching pattern [**/*.class]
2023-05-20T12:15:02.910+05:30 TRACE 5960 --- [           main] .i.s.PathMatchingResourcePatternResolver : Resolved location pattern [classpath*:com/example/demo/**/*.class] to resources [file [C:\Users\HP\Desktop\github\demo (1)\demo\target\test-classes\com\example\demo\DemoApplicationTests.class], file [C:\Users\HP\Desktop\github\demo (1)\demo\target\classes\com\example\demo\ControllerClass.class], file [C:\Users\HP\Desktop\github\demo (1)\demo\target\classes\com\example\demo\Course.class], file [C:\Users\HP\Desktop\github\demo (1)\demo\target\classes\com\example\demo\CurrencyConfigurationController.class], file [C:\Users\HP\Desktop\github\demo (1)\demo\target\classes\com\example\demo\CurrencyServiceConfiguration.class], file [C:\Users\HP\Desktop\github\demo (1)\demo\target\classes\com\example\demo\DemoApplication.class]]
2023-05-20T12:15:02.910+05:30 TRACE 5960 --- [           main] o.s.c.a.ClassPathBeanDefinitionScanner   : Scanning file [C:\Users\HP\Desktop\github\demo (1)\demo\target\test-classes\com\example\demo\DemoApplicationTests.class]
2023-05-20T12:15:02.912+05:30 TRACE 5960 --- [           main] o.s.b.f.s.DefaultListableBeanFactory     : Returning cached instance of singleton bean 'org.springframework.boot.test.context.filter.TestTypeExcludeFilter'
2023-05-20T12:15:02.913+05:30 TRACE 5960 --- [           main] o.s.c.a.ClassPathBeanDefinitionScanner   : Ignored because not matching any filter: file [C:\Users\HP\Desktop\github\demo (1)\demo\target\test-classes\com\example\demo\DemoApplicationTests.class]
2023-05-20T12:15:02.914+05:30 TRACE 5960 --- [           main] o.s.c.a.ClassPathBeanDefinitionScanner   : Scanning file [C:\Users\HP\Desktop\github\demo (1)\demo\target\classes\com\example\demo\ControllerClass.class]
2023-05-20T12:15:02.917+05:30 DEBUG 5960 --- [           main] o.s.c.a.ClassPathBeanDefinitionScanner   : Identified candidate component class: file [C:\Users\HP\Desktop\github\demo (1)\demo\target\classes\com\example\demo\ControllerClass.class]
2023-05-20T12:15:02.917+05:30 TRACE 5960 --- [           main] o.s.c.a.ClassPathBeanDefinitionScanner   : Scanning file [C:\Users\HP\Desktop\github\demo (1)\demo\target\classes\com\example\demo\Course.class]
2023-05-20T12:15:02.918+05:30 TRACE 5960 --- [           main] o.s.c.a.ClassPathBeanDefinitionScanner   : Ignored because not matching any filter: file [C:\Users\HP\Desktop\github\demo (1)\demo\target\classes\com\example\demo\Course.class]
2023-05-20T12:15:02.919+05:30 TRACE 5960 --- [           main] o.s.c.a.ClassPathBeanDefinitionScanner   : Scanning file [C:\Users\HP\Desktop\github\demo (1)\demo\target\classes\com\example\demo\CurrencyConfigurationController.class]
2023-05-20T12:15:02.920+05:30 DEBUG 5960 --- [           main] o.s.c.a.ClassPathBeanDefinitionScanner   : Identified candidate component class: file [C:\Users\HP\Desktop\github\demo (1)\demo\target\classes\com\example\demo\CurrencyConfigurationController.class]
2023-05-20T12:15:02.921+05:30 TRACE 5960 --- [           main] o.s.c.a.ClassPathBeanDefinitionScanner   : Scanning file [C:\Users\HP\Desktop\github\demo (1)\demo\target\classes\com\example\demo\CurrencyServiceConfiguration.class]
2023-05-20T12:15:02.923+05:30 DEBUG 5960 --- [           main] o.s.c.a.ClassPathBeanDefinitionScanner   : Identified candidate component class: file [C:\Users\HP\Desktop\github\demo (1)\demo\target\classes\com\example\demo\CurrencyServiceConfiguration.class]
2023-05-20T12:15:02.924+05:30 TRACE 5960 --- [           main] o.s.c.a.ClassPathBeanDefinitionScanner   : Scanning file [C:\Users\HP\Desktop\github\demo (1)\demo\target\classes\com\example\demo\DemoApplication.class]
2023-05-20T12:15:02.925+05:30 TRACE 5960 --- [           main] o.s.c.a.ClassPathBeanDefinitionScanner   : Ignored because not matching any filter: file [C:\Users\HP\Desktop\github\demo (1)\demo\target\classes\com\example\demo\DemoApplication.class]
2023-05-20T12:15:02.954+05:30 TRACE 5960 --- [           main] o.s.c.io.support.SpringFactoriesLoader   : Loaded [org.springframework.boot.autoconfigure.AutoConfigurationImportFilter] names: [org.springframework.boot.autoconfigure.condition.OnBeanCondition, org.springframework.boot.autoconfigure.condition.OnClassCondition, org.springframework.boot.autoconfigure.condition.OnWebApplicationCondition]
2023-05-20T12:15:02.979+05:30 TRACE 5960 --- [           main] o.s.b.f.s.DefaultListableBeanFactory     : Returning cached instance of singleton bean 'autoConfigurationReport'
2023-05-20T12:15:03.025+05:30 TRACE 5960 --- [           main] o.s.b.a.condition.OnClassCondition       : Condition OnClassCondition on org.springframework.boot.devtools.autoconfigure.DevToolsR2dbcAutoConfiguration did not match due to @ConditionalOnClass did not find required class 'io.r2dbc.spi.ConnectionFactory'
2023-05-20T12:15:03.026+05:30 TRACE 5960 --- [           main] o.s.b.a.condition.OnClassCondition       : Condition OnClassCondition on org.springframework.boot.autoconfigure.amqp.RabbitAutoConfiguration did not match due to @ConditionalOnClass did not find required class 'com.rabbitmq.client.Channel'
2023-05-20T12:15:03.026+05:30 TRACE 5960 --- [           main] o.s.b.a.condition.OnClassCondition       : Condition OnClassCondition on org.springframework.boot.autoconfigure.batch.BatchAutoConfiguration did not match due to @ConditionalOnClass did not find required class 'org.springframework.batch.core.launch.JobLauncher'
2023-05-20T12:15:03.026+05:30 TRACE 5960 --- [           main] o.s.b.a.condition.OnClassCondition       : Condition OnClassCondition on org.springframework.boot.autoconfigure.cassandra.CassandraAutoConfiguration did not match due to @ConditionalOnClass did not find required class 'com.datastax.oss.driver.api.core.CqlSession'
2023-05-20T12:15:03.026+05:30 TRACE 5960 --- [           main] o.s.b.a.condition.OnClassCondition       : Condition OnClassCondition on org.springframework.boot.autoconfigure.couchbase.CouchbaseAutoConfiguration did not match due to @ConditionalOnClass did not find required class 'com.couchbase.client.java.Cluster'
2023-05-20T12:15:03.026+05:30 TRACE 5960 --- [           main] o.s.b.a.condition.OnClassCondition       : Condition OnClassCondition on org.springframework.boot.autoconfigure.dao.PersistenceExceptionTranslationAutoConfiguration did not match due to @ConditionalOnClass did not find required class 'org.springframework.dao.annotation.PersistenceExceptionTranslationPostProcessor'
2023-05-20T12:15:03.026+05:30 TRACE 5960 --- [           main] o.s.b.a.condition.OnClassCondition       : Condition OnClassCondition on org.springframework.boot.autoconfigure.data.cassandra.CassandraDataAutoConfiguration did not match due to @ConditionalOnClass did not find required class 'com.datastax.oss.driver.api.core.CqlSession'
2023-05-20T12:15:03.027+05:30 TRACE 5960 --- [           main] o.s.b.a.condition.OnClassCondition       : Condition OnClassCondition on org.springframework.boot.autoconfigure.data.cassandra.CassandraReactiveDataAutoConfiguration did not match due to @ConditionalOnClass did not find required class 'com.datastax.oss.driver.api.core.CqlSession'
2023-05-20T12:15:03.027+05:30 TRACE 5960 --- [           main] o.s.b.a.condition.OnClassCondition       : Condition OnClassCondition on org.springframework.boot.autoconfigure.data.cassandra.CassandraReactiveRepositoriesAutoConfiguration did not match due to @ConditionalOnClass did not find required class 'org.springframework.data.cassandra.ReactiveSession'
2023-05-20T12:15:03.027+05:30 TRACE 5960 --- [           main] o.s.b.a.condition.OnClassCondition       : Condition OnClassCondition on org.springframework.boot.autoconfigure.data.cassandra.CassandraRepositoriesAutoConfiguration did not match due to @ConditionalOnClass did not find required class 'com.datastax.oss.driver.api.core.CqlSession'
2023-05-20T12:15:03.027+05:30 TRACE 5960 --- [           main] o.s.b.a.condition.OnClassCondition       : Condition OnClassCondition on org.springframework.boot.autoconfigure.data.couchbase.CouchbaseDataAutoConfiguration did not match due to @ConditionalOnClass did not find required class 'com.couchbase.client.java.Bucket'
2023-05-20T12:15:03.027+05:30 TRACE 5960 --- [           main] o.s.b.a.condition.OnClassCondition       : Condition OnClassCondition on org.springframework.boot.autoconfigure.data.couchbase.CouchbaseReactiveDataAutoConfiguration did not match due to @ConditionalOnClass did not find required class 'com.couchbase.client.java.Cluster'
2023-05-20T12:15:03.027+05:30 TRACE 5960 --- [           main] o.s.b.a.condition.OnClassCondition       : Condition OnClassCondition on org.springframework.boot.autoconfigure.data.couchbase.CouchbaseReactiveRepositoriesAutoConfiguration did not match due to @ConditionalOnClass did not find required class 'com.couchbase.client.java.Cluster'
2023-05-20T12:15:03.028+05:30 TRACE 5960 --- [           main] o.s.b.a.condition.OnClassCondition       : Condition OnClassCondition on org.springframework.boot.autoconfigure.data.couchbase.CouchbaseRepositoriesAutoConfiguration did not match due to @ConditionalOnClass did not find required class 'com.couchbase.client.java.Bucket'
2023-05-20T12:15:03.028+05:30 TRACE 5960 --- [           main] o.s.b.a.condition.OnClassCondition       : Condition OnClassCondition on org.springframework.boot.autoconfigure.data.elasticsearch.ElasticsearchDataAutoConfiguration did not match due to @ConditionalOnClass did not find required class 'org.springframework.data.elasticsearch.client.elc.ElasticsearchTemplate'
2023-05-20T12:15:03.028+05:30 TRACE 5960 --- [           main] o.s.b.a.condition.OnClassCondition       : Condition OnClassCondition on org.springframework.boot.autoconfigure.data.elasticsearch.ElasticsearchRepositoriesAutoConfiguration did not match due to @ConditionalOnClass did not find required class 'org.springframework.data.elasticsearch.repository.ElasticsearchRepository'
2023-05-20T12:15:03.028+05:30 TRACE 5960 --- [           main] o.s.b.a.condition.OnClassCondition       : Condition OnClassCondition on org.springframework.boot.autoconfigure.data.elasticsearch.ReactiveElasticsearchRepositoriesAutoConfiguration did not match due to @ConditionalOnClass did not find required class 'org.springframework.data.elasticsearch.client.elc.ReactiveElasticsearchClient'
2023-05-20T12:15:03.028+05:30 TRACE 5960 --- [           main] o.s.b.a.condition.OnClassCondition       : Condition OnClassCondition on org.springframework.boot.autoconfigure.data.jdbc.JdbcRepositoriesAutoConfiguration did not match due to @ConditionalOnClass did not find required class 'org.springframework.data.jdbc.repository.config.AbstractJdbcConfiguration'
2023-05-20T12:15:03.029+05:30 TRACE 5960 --- [           main] o.s.b.a.condition.OnClassCondition       : Condition OnClassCondition on org.springframework.boot.autoconfigure.data.jpa.JpaRepositoriesAutoConfiguration did not match due to @ConditionalOnClass did not find required class 'org.springframework.data.jpa.repository.JpaRepository'
2023-05-20T12:15:03.029+05:30 TRACE 5960 --- [           main] o.s.b.a.condition.OnClassCondition       : Condition OnClassCondition on org.springframework.boot.autoconfigure.data.ldap.LdapRepositoriesAutoConfiguration did not match due to @ConditionalOnClass did not find required class 'org.springframework.data.ldap.repository.LdapRepository'
2023-05-20T12:15:03.029+05:30 TRACE 5960 --- [           main] o.s.b.a.condition.OnClassCondition       : Condition OnClassCondition on org.springframework.boot.autoconfigure.data.mongo.MongoDataAutoConfiguration did not match due to @ConditionalOnClass did not find required class 'com.mongodb.client.MongoClient'
2023-05-20T12:15:03.029+05:30 TRACE 5960 --- [           main] o.s.b.a.condition.OnClassCondition       : Condition OnClassCondition on org.springframework.boot.autoconfigure.data.mongo.MongoReactiveDataAutoConfiguration did not match due to @ConditionalOnClass did not find required class 'com.mongodb.reactivestreams.client.MongoClient'
2023-05-20T12:15:03.029+05:30 TRACE 5960 --- [           main] o.s.b.a.condition.OnClassCondition       : Condition OnClassCondition on org.springframework.boot.autoconfigure.data.mongo.MongoReactiveRepositoriesAutoConfiguration did not match due to @ConditionalOnClass did not find required class 'com.mongodb.reactivestreams.client.MongoClient'
2023-05-20T12:15:03.029+05:30 TRACE 5960 --- [           main] o.s.b.a.condition.OnClassCondition       : Condition OnClassCondition on org.springframework.boot.autoconfigure.data.mongo.MongoRepositoriesAutoConfiguration did not match due to @ConditionalOnClass did not find required class 'com.mongodb.client.MongoClient'
2023-05-20T12:15:03.030+05:30 TRACE 5960 --- [           main] o.s.b.a.condition.OnClassCondition       : Condition OnClassCondition on org.springframework.boot.autoconfigure.data.neo4j.Neo4jDataAutoConfiguration did not match due to @ConditionalOnClass did not find required class 'org.neo4j.driver.Driver'
2023-05-20T12:15:03.030+05:30 TRACE 5960 --- [           main] o.s.b.a.condition.OnClassCondition       : Condition OnClassCondition on org.springframework.boot.autoconfigure.data.neo4j.Neo4jReactiveDataAutoConfiguration did not match due to @ConditionalOnClass did not find required class 'org.neo4j.driver.Driver'
2023-05-20T12:15:03.030+05:30 TRACE 5960 --- [           main] o.s.b.a.condition.OnClassCondition       : Condition OnClassCondition on org.springframework.boot.autoconfigure.data.neo4j.Neo4jReactiveRepositoriesAutoConfiguration did not match due to @ConditionalOnClass did not find required class 'org.neo4j.driver.Driver'
2023-05-20T12:15:03.030+05:30 TRACE 5960 --- [           main] o.s.b.a.condition.OnClassCondition       : Condition OnClassCondition on org.springframework.boot.autoconfigure.data.neo4j.Neo4jRepositoriesAutoConfiguration did not match due to @ConditionalOnClass did not find required class 'org.neo4j.driver.Driver'
2023-05-20T12:15:03.030+05:30 TRACE 5960 --- [           main] o.s.b.a.condition.OnClassCondition       : Condition OnClassCondition on org.springframework.boot.autoconfigure.data.r2dbc.R2dbcDataAutoConfiguration did not match due to @ConditionalOnClass did not find required class 'org.springframework.data.r2dbc.core.R2dbcEntityTemplate'
2023-05-20T12:15:03.030+05:30 TRACE 5960 --- [           main] o.s.b.a.condition.OnClassCondition       : Condition OnClassCondition on org.springframework.boot.autoconfigure.data.r2dbc.R2dbcRepositoriesAutoConfiguration did not match due to @ConditionalOnClass did not find required class 'io.r2dbc.spi.ConnectionFactory'
2023-05-20T12:15:03.031+05:30 TRACE 5960 --- [           main] o.s.b.a.condition.OnClassCondition       : Condition OnClassCondition on org.springframework.boot.autoconfigure.data.redis.RedisAutoConfiguration did not match due to @ConditionalOnClass did not find required class 'org.springframework.data.redis.core.RedisOperations'
2023-05-20T12:15:03.031+05:30 TRACE 5960 --- [           main] o.s.b.a.condition.OnClassCondition       : Condition OnClassCondition on org.springframework.boot.autoconfigure.data.redis.RedisReactiveAutoConfiguration did not match due to @ConditionalOnClass did not find required class 'reactor.core.publisher.Flux'
2023-05-20T12:15:03.031+05:30 TRACE 5960 --- [           main] o.s.b.a.condition.OnClassCondition       : Condition OnClassCondition on org.springframework.boot.autoconfigure.data.redis.RedisRepositoriesAutoConfiguration did not match due to @ConditionalOnClass did not find required class 'org.springframework.data.redis.repository.configuration.EnableRedisRepositories'
2023-05-20T12:15:03.031+05:30 TRACE 5960 --- [           main] o.s.b.a.condition.OnClassCondition       : Condition OnClassCondition on org.springframework.boot.autoconfigure.data.rest.RepositoryRestMvcAutoConfiguration did not match due to @ConditionalOnClass did not find required class 'org.springframework.data.rest.webmvc.config.RepositoryRestMvcConfiguration'
2023-05-20T12:15:03.031+05:30 TRACE 5960 --- [           main] o.s.b.a.condition.OnClassCondition       : Condition OnClassCondition on org.springframework.boot.autoconfigure.data.web.SpringDataWebAutoConfiguration did not match due to @ConditionalOnClass did not find required class 'org.springframework.data.web.PageableHandlerMethodArgumentResolver'
2023-05-20T12:15:03.031+05:30 TRACE 5960 --- [           main] o.s.b.a.condition.OnClassCondition       : Condition OnClassCondition on org.springframework.boot.autoconfigure.elasticsearch.ElasticsearchClientAutoConfiguration did not match due to @ConditionalOnClass did not find required class 'co.elastic.clients.elasticsearch.ElasticsearchClient'
2023-05-20T12:15:03.032+05:30 TRACE 5960 --- [           main] o.s.b.a.condition.OnClassCondition       : Condition OnClassCondition on org.springframework.boot.autoconfigure.elasticsearch.ElasticsearchRestClientAutoConfiguration did not match due to @ConditionalOnClass did not find required class 'org.elasticsearch.client.RestClientBuilder'
2023-05-20T12:15:03.032+05:30 TRACE 5960 --- [           main] o.s.b.a.condition.OnClassCondition       : Condition OnClassCondition on org.springframework.boot.autoconfigure.elasticsearch.ReactiveElasticsearchClientAutoConfiguration did not match due to @ConditionalOnClass did not find required class 'co.elastic.clients.transport.ElasticsearchTransport'
2023-05-20T12:15:03.032+05:30 TRACE 5960 --- [           main] o.s.b.a.condition.OnClassCondition       : Condition OnClassCondition on org.springframework.boot.autoconfigure.flyway.FlywayAutoConfiguration did not match due to @ConditionalOnClass did not find required class 'org.flywaydb.core.Flyway'
2023-05-20T12:15:03.032+05:30 TRACE 5960 --- [           main] o.s.b.a.condition.OnClassCondition       : Condition OnClassCondition on org.springframework.boot.autoconfigure.freemarker.FreeMarkerAutoConfiguration did not match due to @ConditionalOnClass did not find required class 'freemarker.template.Configuration'
2023-05-20T12:15:03.032+05:30 TRACE 5960 --- [           main] o.s.b.a.condition.OnClassCondition       : Condition OnClassCondition on org.springframework.boot.autoconfigure.graphql.GraphQlAutoConfiguration did not match due to @ConditionalOnClass did not find required class 'graphql.GraphQL'
2023-05-20T12:15:03.032+05:30 TRACE 5960 --- [           main] o.s.b.a.condition.OnClassCondition       : Condition OnClassCondition on org.springframework.boot.autoconfigure.graphql.data.GraphQlReactiveQueryByExampleAutoConfiguration did not match due to @ConditionalOnClass did not find required class 'graphql.GraphQL'
2023-05-20T12:15:03.033+05:30 TRACE 5960 --- [           main] o.s.b.a.condition.OnClassCondition       : Condition OnClassCondition on org.springframework.boot.autoconfigure.graphql.data.GraphQlReactiveQuerydslAutoConfiguration did not match due to @ConditionalOnClass did not find required class 'graphql.GraphQL'
2023-05-20T12:15:03.033+05:30 TRACE 5960 --- [           main] o.s.b.a.condition.OnClassCondition       : Condition OnClassCondition on org.springframework.boot.autoconfigure.graphql.data.GraphQlQueryByExampleAutoConfiguration did not match due to @ConditionalOnClass did not find required class 'graphql.GraphQL'
2023-05-20T12:15:03.033+05:30 TRACE 5960 --- [           main] o.s.b.a.condition.OnClassCondition       : Condition OnClassCondition on org.springframework.boot.autoconfigure.graphql.data.GraphQlQuerydslAutoConfiguration did not match due to @ConditionalOnClass did not find required class 'graphql.GraphQL'
2023-05-20T12:15:03.033+05:30 TRACE 5960 --- [           main] o.s.b.a.condition.OnClassCondition       : Condition OnClassCondition on org.springframework.boot.autoconfigure.graphql.reactive.GraphQlWebFluxAutoConfiguration did not match due to @ConditionalOnClass did not find required class 'graphql.GraphQL'
2023-05-20T12:15:03.033+05:30 TRACE 5960 --- [           main] o.s.b.a.condition.OnClassCondition       : Condition OnClassCondition on org.springframework.boot.autoconfigure.graphql.rsocket.GraphQlRSocketAutoConfiguration did not match due to @ConditionalOnClass did not find required class 'graphql.GraphQL'
2023-05-20T12:15:03.033+05:30 TRACE 5960 --- [           main] o.s.b.a.condition.OnClassCondition       : Condition OnClassCondition on org.springframework.boot.autoconfigure.graphql.rsocket.RSocketGraphQlClientAutoConfiguration did not match due to @ConditionalOnClass did not find required class 'graphql.GraphQL'
2023-05-20T12:15:03.034+05:30 TRACE 5960 --- [           main] o.s.b.a.condition.OnClassCondition       : Condition OnClassCondition on org.springframework.boot.autoconfigure.graphql.security.GraphQlWebFluxSecurityAutoConfiguration did not match due to @ConditionalOnClass did not find required class 'graphql.GraphQL'
2023-05-20T12:15:03.034+05:30 TRACE 5960 --- [           main] o.s.b.a.condition.OnClassCondition       : Condition OnClassCondition on org.springframework.boot.autoconfigure.graphql.security.GraphQlWebMvcSecurityAutoConfiguration did not match due to @ConditionalOnClass did not find required class 'graphql.GraphQL'
2023-05-20T12:15:03.034+05:30 TRACE 5960 --- [           main] o.s.b.a.condition.OnClassCondition       : Condition OnClassCondition on org.springframework.boot.autoconfigure.graphql.servlet.GraphQlWebMvcAutoConfiguration did not match due to @ConditionalOnClass did not find required class 'graphql.GraphQL'
2023-05-20T12:15:03.034+05:30 TRACE 5960 --- [           main] o.s.b.a.condition.OnClassCondition       : Condition OnClassCondition on org.springframework.boot.autoconfigure.groovy.template.GroovyTemplateAutoConfiguration did not match due to @ConditionalOnClass did not find required class 'groovy.text.markup.MarkupTemplateEngine'
2023-05-20T12:15:03.034+05:30 TRACE 5960 --- [           main] o.s.b.a.condition.OnClassCondition       : Condition OnClassCondition on org.springframework.boot.autoconfigure.gson.GsonAutoConfiguration did not match due to @ConditionalOnClass did not find required class 'com.google.gson.Gson'
2023-05-20T12:15:03.034+05:30 TRACE 5960 --- [           main] o.s.b.a.condition.OnClassCondition       : Condition OnClassCondition on org.springframework.boot.autoconfigure.h2.H2ConsoleAutoConfiguration did not match due to @ConditionalOnClass did not find required class 'org.h2.server.web.JakartaWebServlet'
2023-05-20T12:15:03.034+05:30 TRACE 5960 --- [           main] o.s.b.a.condition.OnClassCondition       : Condition OnClassCondition on org.springframework.boot.autoconfigure.hateoas.HypermediaAutoConfiguration did not match due to @ConditionalOnClass did not find required class 'org.springframework.hateoas.EntityModel'
2023-05-20T12:15:03.035+05:30 TRACE 5960 --- [           main] o.s.b.a.condition.OnClassCondition       : Condition OnClassCondition on org.springframework.boot.autoconfigure.hazelcast.HazelcastAutoConfiguration did not match due to @ConditionalOnClass did not find required class 'com.hazelcast.core.HazelcastInstance'
2023-05-20T12:15:03.035+05:30 TRACE 5960 --- [           main] o.s.b.a.condition.OnClassCondition       : Condition OnClassCondition on org.springframework.boot.autoconfigure.hazelcast.HazelcastJpaDependencyAutoConfiguration did not match due to @ConditionalOnClass did not find required class 'com.hazelcast.core.HazelcastInstance'
2023-05-20T12:15:03.035+05:30 TRACE 5960 --- [           main] o.s.b.a.condition.OnClassCondition       : Condition OnClassCondition on org.springframework.boot.autoconfigure.http.codec.CodecsAutoConfiguration did not match due to @ConditionalOnClass did not find required class 'org.springframework.web.reactive.function.client.WebClient'
2023-05-20T12:15:03.035+05:30 TRACE 5960 --- [           main] o.s.b.a.condition.OnClassCondition       : Condition OnClassCondition on org.springframework.boot.autoconfigure.influx.InfluxDbAutoConfiguration did not match due to @ConditionalOnClass did not find required class 'org.influxdb.InfluxDB'
2023-05-20T12:15:03.035+05:30 TRACE 5960 --- [           main] o.s.b.a.condition.OnClassCondition       : Condition OnClassCondition on org.springframework.boot.autoconfigure.integration.IntegrationAutoConfiguration did not match due to @ConditionalOnClass did not find required class 'org.springframework.integration.config.EnableIntegration'
2023-05-20T12:15:03.035+05:30 TRACE 5960 --- [           main] o.s.b.a.condition.OnClassCondition       : Condition OnClassCondition on org.springframework.boot.autoconfigure.jdbc.DataSourceAutoConfiguration did not match due to @ConditionalOnClass did not find required class 'org.springframework.jdbc.datasource.embedded.EmbeddedDatabaseType'
2023-05-20T12:15:03.035+05:30 TRACE 5960 --- [           main] o.s.b.a.condition.OnClassCondition       : Condition OnClassCondition on org.springframework.boot.autoconfigure.jdbc.JdbcTemplateAutoConfiguration did not match due to @ConditionalOnClass did not find required class 'org.springframework.jdbc.core.JdbcTemplate'
2023-05-20T12:15:03.036+05:30 TRACE 5960 --- [           main] o.s.b.a.condition.OnClassCondition       : Condition OnClassCondition on org.springframework.boot.autoconfigure.jdbc.JndiDataSourceAutoConfiguration did not match due to @ConditionalOnClass did not find required class 'org.springframework.jdbc.datasource.embedded.EmbeddedDatabaseType'
2023-05-20T12:15:03.036+05:30 TRACE 5960 --- [           main] o.s.b.a.condition.OnClassCondition       : Condition OnClassCondition on org.springframework.boot.autoconfigure.jdbc.XADataSourceAutoConfiguration did not match due to @ConditionalOnClass did not find required class 'jakarta.transaction.TransactionManager'
2023-05-20T12:15:03.036+05:30 TRACE 5960 --- [           main] o.s.b.a.condition.OnClassCondition       : Condition OnClassCondition on org.springframework.boot.autoconfigure.jdbc.DataSourceTransactionManagerAutoConfiguration did not match due to @ConditionalOnClass did not find required class 'org.springframework.jdbc.core.JdbcTemplate'
2023-05-20T12:15:03.036+05:30 TRACE 5960 --- [           main] o.s.b.a.condition.OnClassCondition       : Condition OnClassCondition on org.springframework.boot.autoconfigure.jersey.JerseyAutoConfiguration did not match due to @ConditionalOnClass did not find required class 'org.glassfish.jersey.server.spring.SpringComponentProvider'
2023-05-20T12:15:03.036+05:30 TRACE 5960 --- [           main] o.s.b.a.condition.OnClassCondition       : Condition OnClassCondition on org.springframework.boot.autoconfigure.jms.JmsAutoConfiguration did not match due to @ConditionalOnClass did not find required class 'jakarta.jms.Message'
2023-05-20T12:15:03.036+05:30 TRACE 5960 --- [           main] o.s.b.a.condition.OnClassCondition       : Condition OnClassCondition on org.springframework.boot.autoconfigure.jms.JndiConnectionFactoryAutoConfiguration did not match due to @ConditionalOnClass did not find required class 'org.springframework.jms.core.JmsTemplate'
2023-05-20T12:15:03.036+05:30 TRACE 5960 --- [           main] o.s.b.a.condition.OnClassCondition       : Condition OnClassCondition on org.springframework.boot.autoconfigure.jms.activemq.ActiveMQAutoConfiguration did not match due to @ConditionalOnClass did not find required class 'jakarta.jms.ConnectionFactory'
2023-05-20T12:15:03.037+05:30 TRACE 5960 --- [           main] o.s.b.a.condition.OnClassCondition       : Condition OnClassCondition on org.springframework.boot.autoconfigure.jms.artemis.ArtemisAutoConfiguration did not match due to @ConditionalOnClass did not find required class 'jakarta.jms.ConnectionFactory'
2023-05-20T12:15:03.037+05:30 TRACE 5960 --- [           main] o.s.b.a.condition.OnClassCondition       : Condition OnClassCondition on org.springframework.boot.autoconfigure.jooq.JooqAutoConfiguration did not match due to @ConditionalOnClass did not find required class 'org.jooq.DSLContext'
2023-05-20T12:15:03.037+05:30 TRACE 5960 --- [           main] o.s.b.a.condition.OnClassCondition       : Condition OnClassCondition on org.springframework.boot.autoconfigure.jsonb.JsonbAutoConfiguration did not match due to @ConditionalOnClass did not find required class 'jakarta.json.bind.Jsonb'
2023-05-20T12:15:03.037+05:30 TRACE 5960 --- [           main] o.s.b.a.condition.OnClassCondition       : Condition OnClassCondition on org.springframework.boot.autoconfigure.kafka.KafkaAutoConfiguration did not match due to @ConditionalOnClass did not find required class 'org.springframework.kafka.core.KafkaTemplate'
2023-05-20T12:15:03.037+05:30 TRACE 5960 --- [           main] o.s.b.a.condition.OnClassCondition       : Condition OnClassCondition on org.springframework.boot.autoconfigure.ldap.embedded.EmbeddedLdapAutoConfiguration did not match due to @ConditionalOnClass did not find required class 'com.unboundid.ldap.listener.InMemoryDirectoryServer'
2023-05-20T12:15:03.037+05:30 TRACE 5960 --- [           main] o.s.b.a.condition.OnClassCondition       : Condition OnClassCondition on org.springframework.boot.autoconfigure.ldap.LdapAutoConfiguration did not match due to @ConditionalOnClass did not find required class 'org.springframework.ldap.core.ContextSource'
2023-05-20T12:15:03.038+05:30 TRACE 5960 --- [           main] o.s.b.a.condition.OnClassCondition       : Condition OnClassCondition on org.springframework.boot.autoconfigure.liquibase.LiquibaseAutoConfiguration did not match due to @ConditionalOnClass did not find required class 'liquibase.change.DatabaseChange'
2023-05-20T12:15:03.038+05:30 TRACE 5960 --- [           main] o.s.b.a.condition.OnClassCondition       : Condition OnClassCondition on org.springframework.boot.autoconfigure.mail.MailSenderAutoConfiguration did not match due to @ConditionalOnClass did not find required class 'jakarta.mail.internet.MimeMessage'
2023-05-20T12:15:03.038+05:30 TRACE 5960 --- [           main] o.s.b.a.condition.OnClassCondition       : Condition OnClassCondition on org.springframework.boot.autoconfigure.mongo.MongoAutoConfiguration did not match due to @ConditionalOnClass did not find required class 'com.mongodb.client.MongoClient'
2023-05-20T12:15:03.038+05:30 TRACE 5960 --- [           main] o.s.b.a.condition.OnClassCondition       : Condition OnClassCondition on org.springframework.boot.autoconfigure.mongo.MongoReactiveAutoConfiguration did not match due to @ConditionalOnClass did not find required class 'com.mongodb.reactivestreams.client.MongoClient'
2023-05-20T12:15:03.038+05:30 TRACE 5960 --- [           main] o.s.b.a.condition.OnClassCondition       : Condition OnClassCondition on org.springframework.boot.autoconfigure.mustache.MustacheAutoConfiguration did not match due to @ConditionalOnClass did not find required class 'com.samskivert.mustache.Mustache'
2023-05-20T12:15:03.038+05:30 TRACE 5960 --- [           main] o.s.b.a.condition.OnClassCondition       : Condition OnClassCondition on org.springframework.boot.autoconfigure.neo4j.Neo4jAutoConfiguration did not match due to @ConditionalOnClass did not find required class 'org.neo4j.driver.Driver'
2023-05-20T12:15:03.039+05:30 TRACE 5960 --- [           main] o.s.b.a.condition.OnClassCondition       : Condition OnClassCondition on org.springframework.boot.autoconfigure.netty.NettyAutoConfiguration did not match due to @ConditionalOnClass did not find required class 'io.netty.util.NettyRuntime'
2023-05-20T12:15:03.039+05:30 TRACE 5960 --- [           main] o.s.b.a.condition.OnClassCondition       : Condition OnClassCondition on org.springframework.boot.autoconfigure.orm.jpa.HibernateJpaAutoConfiguration did not match due to @ConditionalOnClass did not find required class 'jakarta.persistence.EntityManager'
2023-05-20T12:15:03.039+05:30 TRACE 5960 --- [           main] o.s.b.a.condition.OnClassCondition       : Condition OnClassCondition on org.springframework.boot.autoconfigure.quartz.QuartzAutoConfiguration did not match due to @ConditionalOnClass did not find required class 'org.quartz.Scheduler'
2023-05-20T12:15:03.039+05:30 TRACE 5960 --- [           main] o.s.b.a.condition.OnClassCondition       : Condition OnClassCondition on org.springframework.boot.autoconfigure.r2dbc.R2dbcAutoConfiguration did not match due to @ConditionalOnClass did not find required class 'io.r2dbc.spi.ConnectionFactory'
2023-05-20T12:15:03.039+05:30 TRACE 5960 --- [           main] o.s.b.a.condition.OnClassCondition       : Condition OnClassCondition on org.springframework.boot.autoconfigure.r2dbc.R2dbcTransactionManagerAutoConfiguration did not match due to @ConditionalOnClass did not find required class 'org.springframework.r2dbc.connection.R2dbcTransactionManager'
2023-05-20T12:15:03.039+05:30 TRACE 5960 --- [           main] o.s.b.a.condition.OnClassCondition       : Condition OnClassCondition on org.springframework.boot.autoconfigure.rsocket.RSocketMessagingAutoConfiguration did not match due to @ConditionalOnClass did not find required class 'io.rsocket.RSocket'
2023-05-20T12:15:03.039+05:30 TRACE 5960 --- [           main] o.s.b.a.condition.OnClassCondition       : Condition OnClassCondition on org.springframework.boot.autoconfigure.rsocket.RSocketRequesterAutoConfiguration did not match due to @ConditionalOnClass did not find required class 'io.rsocket.RSocket'
2023-05-20T12:15:03.040+05:30 TRACE 5960 --- [           main] o.s.b.a.condition.OnClassCondition       : Condition OnClassCondition on org.springframework.boot.autoconfigure.rsocket.RSocketServerAutoConfiguration did not match due to @ConditionalOnClass did not find required class 'io.rsocket.core.RSocketServer'
2023-05-20T12:15:03.040+05:30 TRACE 5960 --- [           main] o.s.b.a.condition.OnClassCondition       : Condition OnClassCondition on org.springframework.boot.autoconfigure.rsocket.RSocketStrategiesAutoConfiguration did not match due to @ConditionalOnClass did not find required class 'io.netty.buffer.PooledByteBufAllocator'
2023-05-20T12:15:03.040+05:30 TRACE 5960 --- [           main] o.s.b.a.condition.OnClassCondition       : Condition OnClassCondition on org.springframework.boot.autoconfigure.security.servlet.SecurityAutoConfiguration did not match due to @ConditionalOnClass did not find required class 'org.springframework.security.authentication.DefaultAuthenticationEventPublisher'
2023-05-20T12:15:03.040+05:30 TRACE 5960 --- [           main] o.s.b.a.condition.OnClassCondition       : Condition OnClassCondition on org.springframework.boot.autoconfigure.security.servlet.UserDetailsServiceAutoConfiguration did not match due to @ConditionalOnClass did not find required class 'org.springframework.security.authentication.AuthenticationManager'
2023-05-20T12:15:03.040+05:30 TRACE 5960 --- [           main] o.s.b.a.condition.OnClassCondition       : Condition OnClassCondition on org.springframework.boot.autoconfigure.security.servlet.SecurityFilterAutoConfiguration did not match due to @ConditionalOnClass did not find required class 'org.springframework.security.config.http.SessionCreationPolicy'
2023-05-20T12:15:03.040+05:30 TRACE 5960 --- [           main] o.s.b.a.condition.OnClassCondition       : Condition OnClassCondition on org.springframework.boot.autoconfigure.security.reactive.ReactiveSecurityAutoConfiguration did not match due to @ConditionalOnClass did not find required class 'reactor.core.publisher.Flux'
2023-05-20T12:15:03.040+05:30 TRACE 5960 --- [           main] o.s.b.a.condition.OnClassCondition       : Condition OnClassCondition on org.springframework.boot.autoconfigure.security.reactive.ReactiveUserDetailsServiceAutoConfiguration did not match due to @ConditionalOnClass did not find required class 'org.springframework.security.authentication.ReactiveAuthenticationManager'
2023-05-20T12:15:03.040+05:30 TRACE 5960 --- [           main] o.s.b.a.condition.OnClassCondition       : Condition OnClassCondition on org.springframework.boot.autoconfigure.security.rsocket.RSocketSecurityAutoConfiguration did not match due to @ConditionalOnClass did not find required class 'org.springframework.security.rsocket.core.SecuritySocketAcceptorInterceptor'
2023-05-20T12:15:03.040+05:30 TRACE 5960 --- [           main] o.s.b.a.condition.OnClassCondition       : Condition OnClassCondition on org.springframework.boot.autoconfigure.security.saml2.Saml2RelyingPartyAutoConfiguration did not match due to @ConditionalOnClass did not find required class 'org.springframework.security.saml2.provider.service.registration.RelyingPartyRegistrationRepository'
2023-05-20T12:15:03.040+05:30 TRACE 5960 --- [           main] o.s.b.a.condition.OnClassCondition       : Condition OnClassCondition on org.springframework.boot.autoconfigure.sendgrid.SendGridAutoConfiguration did not match due to @ConditionalOnClass did not find required class 'com.sendgrid.SendGrid'
2023-05-20T12:15:03.040+05:30 TRACE 5960 --- [           main] o.s.b.a.condition.OnClassCondition       : Condition OnClassCondition on org.springframework.boot.autoconfigure.session.SessionAutoConfiguration did not match due to @ConditionalOnClass did not find required class 'org.springframework.session.Session'
2023-05-20T12:15:03.040+05:30 TRACE 5960 --- [           main] o.s.b.a.condition.OnClassCondition       : Condition OnClassCondition on org.springframework.boot.autoconfigure.security.oauth2.client.servlet.OAuth2ClientAutoConfiguration did not match due to @ConditionalOnClass did not find required class 'org.springframework.security.config.annotation.web.configuration.EnableWebSecurity'
2023-05-20T12:15:03.041+05:30 TRACE 5960 --- [           main] o.s.b.a.condition.OnClassCondition       : Condition OnClassCondition on org.springframework.boot.autoconfigure.security.oauth2.client.reactive.ReactiveOAuth2ClientAutoConfiguration did not match due to @ConditionalOnClass did not find required class 'reactor.core.publisher.Flux'
2023-05-20T12:15:03.041+05:30 TRACE 5960 --- [           main] o.s.b.a.condition.OnClassCondition       : Condition OnClassCondition on org.springframework.boot.autoconfigure.security.oauth2.resource.servlet.OAuth2ResourceServerAutoConfiguration did not match due to @ConditionalOnClass did not find required class 'org.springframework.security.oauth2.server.resource.authentication.BearerTokenAuthenticationToken'
2023-05-20T12:15:03.041+05:30 TRACE 5960 --- [           main] o.s.b.a.condition.OnClassCondition       : Condition OnClassCondition on org.springframework.boot.autoconfigure.security.oauth2.resource.reactive.ReactiveOAuth2ResourceServerAutoConfiguration did not match due to @ConditionalOnClass did not find required class 'org.springframework.security.config.annotation.web.reactive.EnableWebFluxSecurity'
2023-05-20T12:15:03.042+05:30 TRACE 5960 --- [           main] o.s.b.a.condition.OnClassCondition       : Condition OnClassCondition on org.springframework.boot.autoconfigure.security.oauth2.server.servlet.OAuth2AuthorizationServerAutoConfiguration did not match due to @ConditionalOnClass did not find required class 'org.springframework.security.oauth2.server.authorization.OAuth2Authorization'
2023-05-20T12:15:03.042+05:30 TRACE 5960 --- [           main] o.s.b.a.condition.OnClassCondition       : Condition OnClassCondition on org.springframework.boot.autoconfigure.security.oauth2.server.servlet.OAuth2AuthorizationServerJwtAutoConfiguration did not match due to @ConditionalOnClass did not find required class 'org.springframework.security.oauth2.server.authorization.OAuth2Authorization'
2023-05-20T12:15:03.042+05:30 TRACE 5960 --- [           main] o.s.b.a.condition.OnClassCondition       : Condition OnClassCondition on org.springframework.boot.autoconfigure.thymeleaf.ThymeleafAutoConfiguration did not match due to @ConditionalOnClass did not find required class 'org.thymeleaf.spring6.SpringTemplateEngine'
2023-05-20T12:15:03.042+05:30 TRACE 5960 --- [           main] o.s.b.a.condition.OnClassCondition       : Condition OnClassCondition on org.springframework.boot.autoconfigure.transaction.TransactionAutoConfiguration did not match due to @ConditionalOnClass did not find required class 'org.springframework.transaction.PlatformTransactionManager'
2023-05-20T12:15:03.042+05:30 TRACE 5960 --- [           main] o.s.b.a.condition.OnClassCondition       : Condition OnClassCondition on org.springframework.boot.autoconfigure.transaction.jta.JtaAutoConfiguration did not match due to @ConditionalOnClass did not find required class 'jakarta.transaction.Transaction'
2023-05-20T12:15:03.042+05:30 TRACE 5960 --- [           main] o.s.b.a.condition.OnClassCondition       : Condition OnClassCondition on org.springframework.boot.autoconfigure.validation.ValidationAutoConfiguration did not match due to @ConditionalOnClass did not find required class 'jakarta.validation.executable.ExecutableValidator'
2023-05-20T12:15:03.042+05:30 TRACE 5960 --- [           main] o.s.b.a.condition.OnClassCondition       : Condition OnClassCondition on org.springframework.boot.autoconfigure.web.reactive.HttpHandlerAutoConfiguration did not match due to @ConditionalOnClass did not find required class 'org.springframework.web.reactive.DispatcherHandler'
2023-05-20T12:15:03.042+05:30 TRACE 5960 --- [           main] o.s.b.a.condition.OnClassCondition       : Condition OnClassCondition on org.springframework.boot.autoconfigure.web.reactive.ReactiveMultipartAutoConfiguration did not match due to @ConditionalOnClass did not find required class 'org.springframework.web.reactive.config.WebFluxConfigurer'
2023-05-20T12:15:03.042+05:30 TRACE 5960 --- [           main] o.s.b.a.condition.OnClassCondition       : Condition OnClassCondition on org.springframework.boot.autoconfigure.web.reactive.WebFluxAutoConfiguration did not match due to @ConditionalOnClass did not find required class 'org.springframework.web.reactive.config.WebFluxConfigurer'
2023-05-20T12:15:03.042+05:30 TRACE 5960 --- [           main] o.s.b.a.condition.OnClassCondition       : Condition OnClassCondition on org.springframework.boot.autoconfigure.web.reactive.WebSessionIdResolverAutoConfiguration did not match due to @ConditionalOnClass did not find required class 'reactor.core.publisher.Mono'
2023-05-20T12:15:03.042+05:30 TRACE 5960 --- [           main] o.s.b.a.condition.OnClassCondition       : Condition OnClassCondition on org.springframework.boot.autoconfigure.web.reactive.error.ErrorWebFluxAutoConfiguration did not match due to @ConditionalOnClass did not find required class 'org.springframework.web.reactive.config.WebFluxConfigurer'
2023-05-20T12:15:03.042+05:30 TRACE 5960 --- [           main] o.s.b.a.condition.OnClassCondition       : Condition OnClassCondition on org.springframework.boot.autoconfigure.web.reactive.function.client.ClientHttpConnectorAutoConfiguration did not match due to @ConditionalOnClass did not find required class 'org.springframework.web.reactive.function.client.WebClient'
2023-05-20T12:15:03.042+05:30 TRACE 5960 --- [           main] o.s.b.a.condition.OnClassCondition       : Condition OnClassCondition on org.springframework.boot.autoconfigure.web.reactive.function.client.WebClientAutoConfiguration did not match due to @ConditionalOnClass did not find required class 'org.springframework.web.reactive.function.client.WebClient'
2023-05-20T12:15:03.042+05:30 TRACE 5960 --- [           main] o.s.b.a.condition.OnClassCondition       : Condition OnClassCondition on org.springframework.boot.autoconfigure.websocket.servlet.WebSocketMessagingAutoConfiguration did not match due to @ConditionalOnClass did not find required class 'org.springframework.web.socket.config.annotation.WebSocketMessageBrokerConfigurer'
2023-05-20T12:15:03.042+05:30 TRACE 5960 --- [           main] o.s.b.a.condition.OnClassCondition       : Condition OnClassCondition on org.springframework.boot.autoconfigure.webservices.WebServicesAutoConfiguration did not match due to @ConditionalOnClass did not find required class 'org.springframework.ws.transport.http.MessageDispatcherServlet'
2023-05-20T12:15:03.043+05:30 TRACE 5960 --- [           main] o.s.b.a.condition.OnClassCondition       : Condition OnClassCondition on org.springframework.boot.autoconfigure.webservices.client.WebServiceTemplateAutoConfiguration did not match due to @ConditionalOnClass did not find required class 'org.springframework.oxm.Marshaller'
2023-05-20T12:15:03.043+05:30 TRACE 5960 --- [           main] o.s.b.f.s.DefaultListableBeanFactory     : Returning cached instance of singleton bean 'autoConfigurationReport'
2023-05-20T12:15:03.045+05:30 TRACE 5960 --- [           main] o.s.b.a.c.OnWebApplicationCondition      : Condition OnWebApplicationCondition on org.springframework.boot.autoconfigure.web.reactive.ReactiveWebServerFactoryAutoConfiguration did not match due to @ConditionalOnWebApplication did not find reactive web application classes
2023-05-20T12:15:03.045+05:30 TRACE 5960 --- [           main] o.s.b.a.c.OnWebApplicationCondition      : Condition OnWebApplicationCondition on org.springframework.boot.autoconfigure.websocket.reactive.WebSocketReactiveAutoConfiguration did not match due to @ConditionalOnWebApplication did not find reactive web application classes
2023-05-20T12:15:03.045+05:30 TRACE 5960 --- [           main] o.s.b.f.s.DefaultListableBeanFactory     : Returning cached instance of singleton bean 'autoConfigurationReport'
2023-05-20T12:15:03.048+05:30 TRACE 5960 --- [           main] o.s.b.a.condition.OnBeanCondition        : Condition OnBeanCondition on org.springframework.boot.autoconfigure.mail.MailSenderValidatorAutoConfiguration did not match due to @ConditionalOnSingleCandidate did not find required type 'org.springframework.mail.javamail.JavaMailSenderImpl'
2023-05-20T12:15:03.052+05:30 TRACE 5960 --- [           main] o.s.b.a.AutoConfigurationImportSelector  : Filtered 122 auto configuration class in 70 ms
2023-05-20T12:15:03.053+05:30 TRACE 5960 --- [           main] o.s.c.io.support.SpringFactoriesLoader   : Loaded [org.springframework.boot.autoconfigure.AutoConfigurationImportListener] names: [org.springframework.boot.autoconfigure.condition.ConditionEvaluationReportAutoConfigurationImportListener]
2023-05-20T12:15:03.054+05:30 TRACE 5960 --- [           main] o.s.b.f.s.DefaultListableBeanFactory     : Returning cached instance of singleton bean 'autoConfigurationReport'
2023-05-20T12:15:03.061+05:30 TRACE 5960 --- [           main] o.s.b.f.s.DefaultListableBeanFactory     : Returning cached instance of singleton bean 'org.springframework.boot.autoconfigure.internalCachingMetadataReaderFactory'
2023-05-20T12:15:03.066+05:30 TRACE 5960 --- [           main] o.s.b.f.s.DefaultListableBeanFactory     : Returning cached instance of singleton bean 'autoConfigurationReport'
2023-05-20T12:15:03.067+05:30 TRACE 5960 --- [           main] o.s.b.f.s.DefaultListableBeanFactory     : Returning cached instance of singleton bean 'autoConfigurationReport'
2023-05-20T12:15:03.067+05:30 TRACE 5960 --- [           main] o.s.b.f.s.DefaultListableBeanFactory     : Returning cached instance of singleton bean 'autoConfigurationReport'
2023-05-20T12:15:03.067+05:30 TRACE 5960 --- [           main] o.s.b.f.s.DefaultListableBeanFactory     : Returning cached instance of singleton bean 'autoConfigurationReport'
2023-05-20T12:15:03.067+05:30 TRACE 5960 --- [           main] o.s.b.f.s.DefaultListableBeanFactory     : Returning cached instance of singleton bean 'autoConfigurationReport'
2023-05-20T12:15:03.067+05:30 TRACE 5960 --- [           main] o.s.b.f.s.DefaultListableBeanFactory     : Returning cached instance of singleton bean 'autoConfigurationReport'
2023-05-20T12:15:03.081+05:30 TRACE 5960 --- [           main] .i.s.PathMatchingResourcePatternResolver : Resolved module-path location pattern [messages.properties] to resources []
2023-05-20T12:15:03.081+05:30 TRACE 5960 --- [           main] .i.s.PathMatchingResourcePatternResolver : Resolved classpath location [messages.properties] to resources []
2023-05-20T12:15:03.081+05:30 TRACE 5960 --- [           main] utoConfiguration$ResourceBundleCondition : Condition MessageSourceAutoConfiguration.ResourceBundleCondition on org.springframework.boot.autoconfigure.context.MessageSourceAutoConfiguration did not match due to ResourceBundle did not find bundle with basename messages
2023-05-20T12:15:03.081+05:30 TRACE 5960 --- [           main] o.s.b.f.s.DefaultListableBeanFactory     : Returning cached instance of singleton bean 'autoConfigurationReport'
2023-05-20T12:15:03.081+05:30 TRACE 5960 --- [           main] o.s.b.f.s.DefaultListableBeanFactory     : Returning cached instance of singleton bean 'autoConfigurationReport'
2023-05-20T12:15:03.081+05:30 TRACE 5960 --- [           main] o.s.b.f.s.DefaultListableBeanFactory     : Returning cached instance of singleton bean 'autoConfigurationReport'
2023-05-20T12:15:03.081+05:30 TRACE 5960 --- [           main] o.s.b.f.s.DefaultListableBeanFactory     : Returning cached instance of singleton bean 'autoConfigurationReport'
2023-05-20T12:15:03.081+05:30 TRACE 5960 --- [           main] o.s.b.f.s.DefaultListableBeanFactory     : Returning cached instance of singleton bean 'autoConfigurationReport'
2023-05-20T12:15:03.081+05:30 TRACE 5960 --- [           main] o.s.b.f.s.DefaultListableBeanFactory     : Returning cached instance of singleton bean 'autoConfigurationReport'
2023-05-20T12:15:03.081+05:30 TRACE 5960 --- [           main] o.s.b.f.s.DefaultListableBeanFactory     : Returning cached instance of singleton bean 'autoConfigurationReport'
2023-05-20T12:15:03.082+05:30 TRACE 5960 --- [           main] o.s.b.f.s.DefaultListableBeanFactory     : Returning cached instance of singleton bean 'autoConfigurationReport'
2023-05-20T12:15:03.082+05:30 TRACE 5960 --- [           main] o.s.b.f.s.DefaultListableBeanFactory     : Returning cached instance of singleton bean 'autoConfigurationReport'
2023-05-20T12:15:03.082+05:30 TRACE 5960 --- [           main] o.s.b.f.s.DefaultListableBeanFactory     : Returning cached instance of singleton bean 'autoConfigurationReport'
2023-05-20T12:15:03.087+05:30 TRACE 5960 --- [           main] o.s.b.f.s.DefaultListableBeanFactory     : Returning cached instance of singleton bean 'autoConfigurationReport'
2023-05-20T12:15:03.087+05:30 TRACE 5960 --- [           main] o.s.b.f.s.DefaultListableBeanFactory     : Returning cached instance of singleton bean 'autoConfigurationReport'
2023-05-20T12:15:03.087+05:30 TRACE 5960 --- [           main] o.s.b.f.s.DefaultListableBeanFactory     : Returning cached instance of singleton bean 'autoConfigurationReport'
2023-05-20T12:15:03.087+05:30 TRACE 5960 --- [           main] o.s.b.f.s.DefaultListableBeanFactory     : Returning cached instance of singleton bean 'autoConfigurationReport'
2023-05-20T12:15:03.087+05:30 TRACE 5960 --- [           main] o.s.b.f.s.DefaultListableBeanFactory     : Returning cached instance of singleton bean 'autoConfigurationReport'
2023-05-20T12:15:03.087+05:30 TRACE 5960 --- [           main] o.s.b.f.s.DefaultListableBeanFactory     : Returning cached instance of singleton bean 'autoConfigurationReport'
2023-05-20T12:15:03.088+05:30 TRACE 5960 --- [           main] o.s.b.f.s.DefaultListableBeanFactory     : Returning cached instance of singleton bean 'autoConfigurationReport'
2023-05-20T12:15:03.088+05:30 TRACE 5960 --- [           main] o.s.b.f.s.DefaultListableBeanFactory     : Returning cached instance of singleton bean 'autoConfigurationReport'
2023-05-20T12:15:03.088+05:30 TRACE 5960 --- [           main] o.s.b.f.s.DefaultListableBeanFactory     : Returning cached instance of singleton bean 'autoConfigurationReport'
2023-05-20T12:15:03.091+05:30 TRACE 5960 --- [           main] o.s.b.f.s.DefaultListableBeanFactory     : Returning cached instance of singleton bean 'autoConfigurationReport'
2023-05-20T12:15:03.091+05:30 TRACE 5960 --- [           main] o.s.b.f.s.DefaultListableBeanFactory     : Returning cached instance of singleton bean 'autoConfigurationReport'
2023-05-20T12:15:03.092+05:30 TRACE 5960 --- [           main] o.s.b.f.s.DefaultListableBeanFactory     : Returning cached instance of singleton bean 'autoConfigurationReport'
2023-05-20T12:15:03.092+05:30 TRACE 5960 --- [           main] o.s.b.f.s.DefaultListableBeanFactory     : Returning cached instance of singleton bean 'autoConfigurationReport'
2023-05-20T12:15:03.092+05:30 TRACE 5960 --- [           main] o.s.b.f.s.DefaultListableBeanFactory     : Returning cached instance of singleton bean 'autoConfigurationReport'
2023-05-20T12:15:03.093+05:30 TRACE 5960 --- [           main] o.s.b.f.s.DefaultListableBeanFactory     : Returning cached instance of singleton bean 'autoConfigurationReport'
2023-05-20T12:15:03.094+05:30 TRACE 5960 --- [           main] o.s.b.a.condition.OnClassCondition       : Condition OnClassCondition on org.springframework.boot.autoconfigure.websocket.servlet.WebSocketServletAutoConfiguration matched due to @ConditionalOnClass found required classes 'jakarta.servlet.Servlet', 'jakarta.websocket.server.ServerContainer'
2023-05-20T12:15:03.094+05:30 TRACE 5960 --- [           main] o.s.b.f.s.DefaultListableBeanFactory     : Returning cached instance of singleton bean 'autoConfigurationReport'
2023-05-20T12:15:03.095+05:30 TRACE 5960 --- [           main] o.s.b.a.c.OnWebApplicationCondition      : Condition OnWebApplicationCondition on org.springframework.boot.autoconfigure.websocket.servlet.WebSocketServletAutoConfiguration matched due to found 'session' scope
2023-05-20T12:15:03.096+05:30 TRACE 5960 --- [           main] o.s.b.f.s.DefaultListableBeanFactory     : Returning cached instance of singleton bean 'autoConfigurationReport'
2023-05-20T12:15:03.096+05:30 TRACE 5960 --- [           main] o.s.b.f.s.DefaultListableBeanFactory     : Returning cached instance of singleton bean 'autoConfigurationReport'
2023-05-20T12:15:03.096+05:30 TRACE 5960 --- [           main] o.s.b.f.s.DefaultListableBeanFactory     : Returning cached instance of singleton bean 'autoConfigurationReport'
2023-05-20T12:15:03.096+05:30 TRACE 5960 --- [           main] o.s.b.f.s.DefaultListableBeanFactory     : Returning cached instance of singleton bean 'autoConfigurationReport'
2023-05-20T12:15:03.098+05:30 TRACE 5960 --- [           main] o.s.b.a.condition.OnClassCondition       : Condition OnClassCondition on org.springframework.boot.autoconfigure.websocket.servlet.WebSocketServletAutoConfiguration$UndertowWebSocketConfiguration did not match due to @ConditionalOnClass did not find required class 'io.undertow.websockets.jsr.Bootstrap'
2023-05-20T12:15:03.098+05:30 TRACE 5960 --- [           main] o.s.b.f.s.DefaultListableBeanFactory     : Returning cached instance of singleton bean 'autoConfigurationReport'
2023-05-20T12:15:03.099+05:30 TRACE 5960 --- [           main] o.s.b.a.condition.OnClassCondition       : Condition OnClassCondition on org.springframework.boot.autoconfigure.websocket.servlet.WebSocketServletAutoConfiguration$JettyWebSocketConfiguration did not match due to @ConditionalOnClass did not find required class 'org.eclipse.jetty.websocket.jakarta.server.config.JakartaWebSocketServletContainerInitializer'
2023-05-20T12:15:03.100+05:30 TRACE 5960 --- [           main] o.s.b.f.s.DefaultListableBeanFactory     : Returning cached instance of singleton bean 'autoConfigurationReport'
2023-05-20T12:15:03.101+05:30 TRACE 5960 --- [           main] o.s.b.a.condition.OnClassCondition       : Condition OnClassCondition on org.springframework.boot.autoconfigure.websocket.servlet.WebSocketServletAutoConfiguration$TomcatWebSocketConfiguration matched due to @ConditionalOnClass found required classes 'org.apache.catalina.startup.Tomcat', 'org.apache.tomcat.websocket.server.WsSci'
2023-05-20T12:15:03.102+05:30 TRACE 5960 --- [           main] o.s.b.f.s.DefaultListableBeanFactory     : Returning cached instance of singleton bean 'autoConfigurationReport'
2023-05-20T12:15:03.102+05:30 TRACE 5960 --- [           main] o.s.b.f.s.DefaultListableBeanFactory     : Returning cached instance of singleton bean 'autoConfigurationReport'
2023-05-20T12:15:03.102+05:30 TRACE 5960 --- [           main] o.s.b.f.s.DefaultListableBeanFactory     : Returning cached instance of singleton bean 'autoConfigurationReport'
2023-05-20T12:15:03.102+05:30 TRACE 5960 --- [           main] o.s.b.f.s.DefaultListableBeanFactory     : Returning cached instance of singleton bean 'autoConfigurationReport'
2023-05-20T12:15:03.105+05:30 TRACE 5960 --- [           main] o.s.b.f.s.DefaultListableBeanFactory     : Returning cached instance of singleton bean 'autoConfigurationReport'
2023-05-20T12:15:03.105+05:30 TRACE 5960 --- [           main] o.s.b.f.s.DefaultListableBeanFactory     : Returning cached instance of singleton bean 'autoConfigurationReport'
2023-05-20T12:15:03.107+05:30 TRACE 5960 --- [           main] o.s.b.f.s.DefaultListableBeanFactory     : Returning cached instance of singleton bean 'autoConfigurationReport'
2023-05-20T12:15:03.107+05:30 TRACE 5960 --- [           main] o.s.b.f.s.DefaultListableBeanFactory     : Returning cached instance of singleton bean 'autoConfigurationReport'
2023-05-20T12:15:03.107+05:30 TRACE 5960 --- [           main] o.s.b.f.s.DefaultListableBeanFactory     : Returning cached instance of singleton bean 'autoConfigurationReport'
2023-05-20T12:15:03.108+05:30 TRACE 5960 --- [           main] o.s.b.f.s.DefaultListableBeanFactory     : Returning cached instance of singleton bean 'autoConfigurationReport'
2023-05-20T12:15:03.110+05:30 TRACE 5960 --- [           main] o.s.b.a.condition.OnClassCondition       : Condition OnClassCondition on org.springframework.boot.autoconfigure.web.servlet.ServletWebServerFactoryAutoConfiguration matched due to @ConditionalOnClass found required class 'jakarta.servlet.ServletRequest'
2023-05-20T12:15:03.110+05:30 TRACE 5960 --- [           main] o.s.b.f.s.DefaultListableBeanFactory     : Returning cached instance of singleton bean 'autoConfigurationReport'
2023-05-20T12:15:03.110+05:30 TRACE 5960 --- [           main] o.s.b.a.c.OnWebApplicationCondition      : Condition OnWebApplicationCondition on org.springframework.boot.autoconfigure.web.servlet.ServletWebServerFactoryAutoConfiguration matched due to found 'session' scope
2023-05-20T12:15:03.110+05:30 TRACE 5960 --- [           main] o.s.b.f.s.DefaultListableBeanFactory     : Returning cached instance of singleton bean 'autoConfigurationReport'
2023-05-20T12:15:03.110+05:30 TRACE 5960 --- [           main] o.s.b.f.s.DefaultListableBeanFactory     : Returning cached instance of singleton bean 'autoConfigurationReport'
2023-05-20T12:15:03.110+05:30 TRACE 5960 --- [           main] o.s.b.f.s.DefaultListableBeanFactory     : Returning cached instance of singleton bean 'autoConfigurationReport'
2023-05-20T12:15:03.111+05:30 TRACE 5960 --- [           main] o.s.b.f.s.DefaultListableBeanFactory     : Returning cached instance of singleton bean 'autoConfigurationReport'
2023-05-20T12:15:03.126+05:30 TRACE 5960 --- [           main] o.s.b.a.condition.OnPropertyCondition    : Condition OnPropertyCondition on org.springframework.boot.autoconfigure.web.servlet.ServletWebServerFactoryAutoConfiguration$ForwardedHeaderFilterConfiguration did not match due to @ConditionalOnProperty (server.forward-headers-strategy=framework) did not find property 'server.forward-headers-strategy'
2023-05-20T12:15:03.126+05:30 TRACE 5960 --- [           main] o.s.b.f.s.DefaultListableBeanFactory     : Returning cached instance of singleton bean 'autoConfigurationReport'
2023-05-20T12:15:03.134+05:30 TRACE 5960 --- [           main] o.s.b.a.condition.OnClassCondition       : Condition OnClassCondition on org.springframework.boot.autoconfigure.web.servlet.ServletWebServerFactoryConfiguration$EmbeddedTomcat matched due to @ConditionalOnClass found required classes 'jakarta.servlet.Servlet', 'org.apache.catalina.startup.Tomcat', 'org.apache.coyote.UpgradeProtocol'
2023-05-20T12:15:03.134+05:30 TRACE 5960 --- [           main] o.s.b.f.s.DefaultListableBeanFactory     : Returning cached instance of singleton bean 'autoConfigurationReport'
2023-05-20T12:15:03.134+05:30 TRACE 5960 --- [           main] o.s.b.f.s.DefaultListableBeanFactory     : Returning cached instance of singleton bean 'autoConfigurationReport'
2023-05-20T12:15:03.134+05:30 TRACE 5960 --- [           main] o.s.b.f.s.DefaultListableBeanFactory     : Returning cached instance of singleton bean 'autoConfigurationReport'
2023-05-20T12:15:03.134+05:30 TRACE 5960 --- [           main] o.s.b.f.s.DefaultListableBeanFactory     : Returning cached instance of singleton bean 'autoConfigurationReport'
2023-05-20T12:15:03.137+05:30 TRACE 5960 --- [           main] o.s.b.a.condition.OnClassCondition       : Condition OnClassCondition on org.springframework.boot.autoconfigure.web.servlet.ServletWebServerFactoryConfiguration$EmbeddedJetty did not match due to @ConditionalOnClass did not find required classes 'org.eclipse.jetty.server.Server', 'org.eclipse.jetty.util.Loader', 'org.eclipse.jetty.webapp.WebAppContext'
2023-05-20T12:15:03.137+05:30 TRACE 5960 --- [           main] o.s.b.f.s.DefaultListableBeanFactory     : Returning cached instance of singleton bean 'autoConfigurationReport'
2023-05-20T12:15:03.139+05:30 TRACE 5960 --- [           main] o.s.b.a.condition.OnClassCondition       : Condition OnClassCondition on org.springframework.boot.autoconfigure.web.servlet.ServletWebServerFactoryConfiguration$EmbeddedUndertow did not match due to @ConditionalOnClass did not find required classes 'io.undertow.Undertow', 'org.xnio.SslClientAuthMode'
2023-05-20T12:15:03.139+05:30 TRACE 5960 --- [           main] o.s.b.f.s.DefaultListableBeanFactory     : Returning cached instance of singleton bean 'autoConfigurationReport'
2023-05-20T12:15:03.140+05:30 TRACE 5960 --- [           main] o.s.b.f.s.DefaultListableBeanFactory     : Returning cached instance of singleton bean 'autoConfigurationReport'
2023-05-20T12:15:03.140+05:30 TRACE 5960 --- [           main] o.s.b.f.s.DefaultListableBeanFactory     : Returning cached instance of singleton bean 'autoConfigurationReport'
2023-05-20T12:15:03.140+05:30 TRACE 5960 --- [           main] o.s.b.f.s.DefaultListableBeanFactory     : Returning cached instance of singleton bean 'autoConfigurationReport'
2023-05-20T12:15:03.140+05:30 TRACE 5960 --- [           main] o.s.b.f.s.DefaultListableBeanFactory     : Returning cached instance of singleton bean 'autoConfigurationReport'
2023-05-20T12:15:03.140+05:30 TRACE 5960 --- [           main] o.s.b.f.s.DefaultListableBeanFactory     : Returning cached instance of singleton bean 'autoConfigurationReport'
2023-05-20T12:15:03.140+05:30 TRACE 5960 --- [           main] o.s.b.f.s.DefaultListableBeanFactory     : Returning cached instance of singleton bean 'autoConfigurationReport'
2023-05-20T12:15:03.141+05:30 TRACE 5960 --- [           main] o.s.b.a.condition.OnClassCondition       : Condition OnClassCondition on org.springframework.boot.autoconfigure.web.servlet.DispatcherServletAutoConfiguration matched due to @ConditionalOnClass found required class 'org.springframework.web.servlet.DispatcherServlet'
2023-05-20T12:15:03.142+05:30 TRACE 5960 --- [           main] o.s.b.f.s.DefaultListableBeanFactory     : Returning cached instance of singleton bean 'autoConfigurationReport'
2023-05-20T12:15:03.142+05:30 TRACE 5960 --- [           main] o.s.b.a.c.OnWebApplicationCondition      : Condition OnWebApplicationCondition on org.springframework.boot.autoconfigure.web.servlet.DispatcherServletAutoConfiguration matched due to found 'session' scope
2023-05-20T12:15:03.142+05:30 TRACE 5960 --- [           main] o.s.b.f.s.DefaultListableBeanFactory     : Returning cached instance of singleton bean 'autoConfigurationReport'
2023-05-20T12:15:03.142+05:30 TRACE 5960 --- [           main] o.s.b.f.s.DefaultListableBeanFactory     : Returning cached instance of singleton bean 'autoConfigurationReport'
2023-05-20T12:15:03.142+05:30 TRACE 5960 --- [           main] o.s.b.f.s.DefaultListableBeanFactory     : Returning cached instance of singleton bean 'autoConfigurationReport'
2023-05-20T12:15:03.142+05:30 TRACE 5960 --- [           main] o.s.b.f.s.DefaultListableBeanFactory     : Returning cached instance of singleton bean 'autoConfigurationReport'
2023-05-20T12:15:03.148+05:30 TRACE 5960 --- [           main] o.s.b.a.condition.OnClassCondition       : Condition OnClassCondition on org.springframework.boot.autoconfigure.web.servlet.DispatcherServletAutoConfiguration$DispatcherServletRegistrationConfiguration matched due to @ConditionalOnClass found required class 'jakarta.servlet.ServletRegistration'
2023-05-20T12:15:03.149+05:30 TRACE 5960 --- [           main] o.s.b.f.s.DefaultListableBeanFactory     : Returning cached instance of singleton bean 'autoConfigurationReport'
2023-05-20T12:15:03.153+05:30 TRACE 5960 --- [           main] n$DispatcherServletRegistrationCondition : Condition DispatcherServletAutoConfiguration.DispatcherServletRegistrationCondition on org.springframework.boot.autoconfigure.web.servlet.DispatcherServletAutoConfiguration$DispatcherServletRegistrationConfiguration matched due to DispatcherServlet Registration did not find servlet registration bean
2023-05-20T12:15:03.153+05:30 TRACE 5960 --- [           main] o.s.b.f.s.DefaultListableBeanFactory     : Returning cached instance of singleton bean 'autoConfigurationReport'
2023-05-20T12:15:03.154+05:30 TRACE 5960 --- [           main] o.s.b.f.s.DefaultListableBeanFactory     : Returning cached instance of singleton bean 'autoConfigurationReport'
2023-05-20T12:15:03.154+05:30 TRACE 5960 --- [           main] o.s.b.f.s.DefaultListableBeanFactory     : Returning cached instance of singleton bean 'autoConfigurationReport'
2023-05-20T12:15:03.154+05:30 TRACE 5960 --- [           main] o.s.b.f.s.DefaultListableBeanFactory     : Returning cached instance of singleton bean 'autoConfigurationReport'
2023-05-20T12:15:03.156+05:30 TRACE 5960 --- [           main] o.s.b.a.condition.OnClassCondition       : Condition OnClassCondition on org.springframework.boot.autoconfigure.web.servlet.DispatcherServletAutoConfiguration$DispatcherServletConfiguration matched due to @ConditionalOnClass found required class 'jakarta.servlet.ServletRegistration'
2023-05-20T12:15:03.156+05:30 TRACE 5960 --- [           main] o.s.b.f.s.DefaultListableBeanFactory     : Returning cached instance of singleton bean 'autoConfigurationReport'
2023-05-20T12:15:03.157+05:30 TRACE 5960 --- [           main] ration$DefaultDispatcherServletCondition : Condition DispatcherServletAutoConfiguration.DefaultDispatcherServletCondition on org.springframework.boot.autoconfigure.web.servlet.DispatcherServletAutoConfiguration$DispatcherServletConfiguration matched due to Default DispatcherServlet did not find dispatcher servlet beans
2023-05-20T12:15:03.157+05:30 TRACE 5960 --- [           main] o.s.b.f.s.DefaultListableBeanFactory     : Returning cached instance of singleton bean 'autoConfigurationReport'
2023-05-20T12:15:03.158+05:30 TRACE 5960 --- [           main] o.s.b.f.s.DefaultListableBeanFactory     : Returning cached instance of singleton bean 'autoConfigurationReport'
2023-05-20T12:15:03.158+05:30 TRACE 5960 --- [           main] o.s.b.f.s.DefaultListableBeanFactory     : Returning cached instance of singleton bean 'autoConfigurationReport'
2023-05-20T12:15:03.158+05:30 TRACE 5960 --- [           main] o.s.b.f.s.DefaultListableBeanFactory     : Returning cached instance of singleton bean 'autoConfigurationReport'
2023-05-20T12:15:03.159+05:30 TRACE 5960 --- [           main] o.s.b.a.condition.OnClassCondition       : Condition OnClassCondition on org.springframework.boot.autoconfigure.web.servlet.DispatcherServletAutoConfiguration$DispatcherServletConfiguration matched due to @ConditionalOnClass found required class 'jakarta.servlet.ServletRegistration'
2023-05-20T12:15:03.159+05:30 TRACE 5960 --- [           main] o.s.b.f.s.DefaultListableBeanFactory     : Returning cached instance of singleton bean 'autoConfigurationReport'
2023-05-20T12:15:03.160+05:30 TRACE 5960 --- [           main] ration$DefaultDispatcherServletCondition : Condition DispatcherServletAutoConfiguration.DefaultDispatcherServletCondition on org.springframework.boot.autoconfigure.web.servlet.DispatcherServletAutoConfiguration$DispatcherServletConfiguration matched due to Default DispatcherServlet did not find dispatcher servlet beans
2023-05-20T12:15:03.160+05:30 TRACE 5960 --- [           main] o.s.b.f.s.DefaultListableBeanFactory     : Returning cached instance of singleton bean 'autoConfigurationReport'
2023-05-20T12:15:03.161+05:30 TRACE 5960 --- [           main] o.s.b.f.s.DefaultListableBeanFactory     : Returning cached instance of singleton bean 'autoConfigurationReport'
2023-05-20T12:15:03.161+05:30 TRACE 5960 --- [           main] o.s.b.f.s.DefaultListableBeanFactory     : Returning cached instance of singleton bean 'autoConfigurationReport'
2023-05-20T12:15:03.161+05:30 TRACE 5960 --- [           main] o.s.b.f.s.DefaultListableBeanFactory     : Returning cached instance of singleton bean 'autoConfigurationReport'
2023-05-20T12:15:03.161+05:30 TRACE 5960 --- [           main] o.s.b.f.s.DefaultListableBeanFactory     : Returning cached instance of singleton bean 'autoConfigurationReport'
2023-05-20T12:15:03.161+05:30 TRACE 5960 --- [           main] o.s.b.f.s.DefaultListableBeanFactory     : Returning cached instance of singleton bean 'autoConfigurationReport'
2023-05-20T12:15:03.161+05:30 TRACE 5960 --- [           main] o.s.b.f.s.DefaultListableBeanFactory     : Returning cached instance of singleton bean 'autoConfigurationReport'
2023-05-20T12:15:03.163+05:30 TRACE 5960 --- [           main] o.s.b.a.condition.OnClassCondition       : Condition OnClassCondition on org.springframework.boot.autoconfigure.task.TaskExecutionAutoConfiguration matched due to @ConditionalOnClass found required class 'org.springframework.scheduling.concurrent.ThreadPoolTaskExecutor'
2023-05-20T12:15:03.164+05:30 TRACE 5960 --- [           main] o.s.b.f.s.DefaultListableBeanFactory     : Returning cached instance of singleton bean 'autoConfigurationReport'
2023-05-20T12:15:03.164+05:30 TRACE 5960 --- [           main] o.s.b.f.s.DefaultListableBeanFactory     : Returning cached instance of singleton bean 'autoConfigurationReport'
2023-05-20T12:15:03.164+05:30 TRACE 5960 --- [           main] o.s.b.f.s.DefaultListableBeanFactory     : Returning cached instance of singleton bean 'autoConfigurationReport'
2023-05-20T12:15:03.164+05:30 TRACE 5960 --- [           main] o.s.b.f.s.DefaultListableBeanFactory     : Returning cached instance of singleton bean 'autoConfigurationReport'
2023-05-20T12:15:03.165+05:30 TRACE 5960 --- [           main] o.s.b.f.s.DefaultListableBeanFactory     : Returning cached instance of singleton bean 'autoConfigurationReport'
2023-05-20T12:15:03.165+05:30 TRACE 5960 --- [           main] o.s.b.f.s.DefaultListableBeanFactory     : Returning cached instance of singleton bean 'autoConfigurationReport'
2023-05-20T12:15:03.165+05:30 TRACE 5960 --- [           main] o.s.b.f.s.DefaultListableBeanFactory     : Returning cached instance of singleton bean 'autoConfigurationReport'
2023-05-20T12:15:03.165+05:30 TRACE 5960 --- [           main] o.s.b.f.s.DefaultListableBeanFactory     : Returning cached instance of singleton bean 'autoConfigurationReport'
2023-05-20T12:15:03.165+05:30 TRACE 5960 --- [           main] o.s.b.f.s.DefaultListableBeanFactory     : Returning cached instance of singleton bean 'autoConfigurationReport'
2023-05-20T12:15:03.165+05:30 TRACE 5960 --- [           main] o.s.b.f.s.DefaultListableBeanFactory     : Returning cached instance of singleton bean 'autoConfigurationReport'
2023-05-20T12:15:03.168+05:30 TRACE 5960 --- [           main] o.s.b.a.condition.OnClassCondition       : Condition OnClassCondition on org.springframework.boot.autoconfigure.web.servlet.WebMvcAutoConfiguration matched due to @ConditionalOnClass found required classes 'jakarta.servlet.Servlet', 'org.springframework.web.servlet.DispatcherServlet', 'org.springframework.web.servlet.config.annotation.WebMvcConfigurer'
2023-05-20T12:15:03.168+05:30 TRACE 5960 --- [           main] o.s.b.f.s.DefaultListableBeanFactory     : Returning cached instance of singleton bean 'autoConfigurationReport'
2023-05-20T12:15:03.168+05:30 TRACE 5960 --- [           main] o.s.b.a.c.OnWebApplicationCondition      : Condition OnWebApplicationCondition on org.springframework.boot.autoconfigure.web.servlet.WebMvcAutoConfiguration matched due to found 'session' scope
2023-05-20T12:15:03.168+05:30 TRACE 5960 --- [           main] o.s.b.f.s.DefaultListableBeanFactory     : Returning cached instance of singleton bean 'autoConfigurationReport'
2023-05-20T12:15:03.169+05:30 TRACE 5960 --- [           main] o.s.b.f.s.DefaultListableBeanFactory     : Returning cached instance of singleton bean 'autoConfigurationReport'
2023-05-20T12:15:03.169+05:30 TRACE 5960 --- [           main] o.s.b.f.s.DefaultListableBeanFactory     : Returning cached instance of singleton bean 'autoConfigurationReport'
2023-05-20T12:15:03.169+05:30 TRACE 5960 --- [           main] o.s.b.f.s.DefaultListableBeanFactory     : Returning cached instance of singleton bean 'autoConfigurationReport'
2023-05-20T12:15:03.178+05:30 TRACE 5960 --- [           main] o.s.b.f.s.DefaultListableBeanFactory     : Returning cached instance of singleton bean 'autoConfigurationReport'
2023-05-20T12:15:03.178+05:30 TRACE 5960 --- [           main] o.s.b.f.s.DefaultListableBeanFactory     : Returning cached instance of singleton bean 'autoConfigurationReport'
2023-05-20T12:15:03.178+05:30 TRACE 5960 --- [           main] o.s.b.f.s.DefaultListableBeanFactory     : Returning cached instance of singleton bean 'autoConfigurationReport'
2023-05-20T12:15:03.185+05:30 TRACE 5960 --- [           main] o.s.b.f.s.DefaultListableBeanFactory     : Returning cached instance of singleton bean 'autoConfigurationReport'
2023-05-20T12:15:03.186+05:30 TRACE 5960 --- [           main] o.s.b.f.s.DefaultListableBeanFactory     : Returning cached instance of singleton bean 'autoConfigurationReport'
2023-05-20T12:15:03.186+05:30 TRACE 5960 --- [           main] o.s.b.f.s.DefaultListableBeanFactory     : Returning cached instance of singleton bean 'autoConfigurationReport'
2023-05-20T12:15:03.190+05:30 TRACE 5960 --- [           main] o.s.b.a.condition.OnPropertyCondition    : Condition OnPropertyCondition on org.springframework.boot.autoconfigure.web.servlet.WebMvcAutoConfiguration$ProblemDetailsErrorHandlingConfiguration did not match due to @ConditionalOnProperty (spring.mvc.problemdetails.enabled=true) did not find property 'enabled'
2023-05-20T12:15:03.190+05:30 TRACE 5960 --- [           main] o.s.b.f.s.DefaultListableBeanFactory     : Returning cached instance of singleton bean 'autoConfigurationReport'
2023-05-20T12:15:03.192+05:30 TRACE 5960 --- [           main] .s.b.a.w.OnEnabledResourceChainCondition : Condition OnEnabledResourceChainCondition on org.springframework.boot.autoconfigure.web.servlet.WebMvcAutoConfiguration$ResourceChainCustomizerConfiguration did not match due to @ConditionalOnEnabledResourceChain did not find class org.webjars.WebJarAssetLocator
2023-05-20T12:15:03.193+05:30 TRACE 5960 --- [           main] o.s.b.f.s.DefaultListableBeanFactory     : Returning cached instance of singleton bean 'autoConfigurationReport'
2023-05-20T12:15:03.194+05:30 TRACE 5960 --- [           main] o.s.b.f.s.DefaultListableBeanFactory     : Returning cached instance of singleton bean 'autoConfigurationReport'
2023-05-20T12:15:03.194+05:30 TRACE 5960 --- [           main] o.s.b.f.s.DefaultListableBeanFactory     : Returning cached instance of singleton bean 'autoConfigurationReport'
2023-05-20T12:15:03.194+05:30 TRACE 5960 --- [           main] o.s.b.f.s.DefaultListableBeanFactory     : Returning cached instance of singleton bean 'autoConfigurationReport'
2023-05-20T12:15:03.195+05:30 TRACE 5960 --- [           main] o.s.b.f.s.DefaultListableBeanFactory     : Returning cached instance of singleton bean 'autoConfigurationReport'
2023-05-20T12:15:03.195+05:30 TRACE 5960 --- [           main] o.s.b.f.s.DefaultListableBeanFactory     : Returning cached instance of singleton bean 'autoConfigurationReport'
2023-05-20T12:15:03.195+05:30 TRACE 5960 --- [           main] o.s.b.f.s.DefaultListableBeanFactory     : Returning cached instance of singleton bean 'autoConfigurationReport'
2023-05-20T12:15:03.197+05:30 TRACE 5960 --- [           main] o.s.b.a.condition.OnClassCondition       : Condition OnClassCondition on org.springframework.boot.autoconfigure.jmx.JmxAutoConfiguration matched due to @ConditionalOnClass found required class 'org.springframework.jmx.export.MBeanExporter'
2023-05-20T12:15:03.197+05:30 TRACE 5960 --- [           main] o.s.b.f.s.DefaultListableBeanFactory     : Returning cached instance of singleton bean 'autoConfigurationReport'
2023-05-20T12:15:03.198+05:30 TRACE 5960 --- [           main] o.s.b.a.condition.OnPropertyCondition    : Condition OnPropertyCondition on org.springframework.boot.autoconfigure.jmx.JmxAutoConfiguration did not match due to @ConditionalOnProperty (spring.jmx.enabled=true) found different value in property 'enabled'
2023-05-20T12:15:03.198+05:30 TRACE 5960 --- [           main] o.s.b.f.s.DefaultListableBeanFactory     : Returning cached instance of singleton bean 'autoConfigurationReport'
2023-05-20T12:15:03.199+05:30 TRACE 5960 --- [           main] o.s.b.f.s.DefaultListableBeanFactory     : Returning cached instance of singleton bean 'autoConfigurationReport'
2023-05-20T12:15:03.199+05:30 TRACE 5960 --- [           main] o.s.b.f.s.DefaultListableBeanFactory     : Returning cached instance of singleton bean 'autoConfigurationReport'
2023-05-20T12:15:03.199+05:30 TRACE 5960 --- [           main] o.s.b.f.s.DefaultListableBeanFactory     : Returning cached instance of singleton bean 'autoConfigurationReport'
2023-05-20T12:15:03.199+05:30 TRACE 5960 --- [           main] o.s.b.f.s.DefaultListableBeanFactory     : Returning cached instance of singleton bean 'autoConfigurationReport'
2023-05-20T12:15:03.199+05:30 TRACE 5960 --- [           main] o.s.b.f.s.DefaultListableBeanFactory     : Returning cached instance of singleton bean 'autoConfigurationReport'
2023-05-20T12:15:03.199+05:30 TRACE 5960 --- [           main] o.s.b.f.s.DefaultListableBeanFactory     : Returning cached instance of singleton bean 'autoConfigurationReport'
2023-05-20T12:15:03.201+05:30 TRACE 5960 --- [           main] o.s.b.a.condition.OnPropertyCondition    : Condition OnPropertyCondition on org.springframework.boot.autoconfigure.admin.SpringApplicationAdminJmxAutoConfiguration did not match due to @ConditionalOnProperty (spring.application.admin.enabled=true) did not find property 'enabled'
2023-05-20T12:15:03.201+05:30 TRACE 5960 --- [           main] o.s.b.f.s.DefaultListableBeanFactory     : Returning cached instance of singleton bean 'autoConfigurationReport'
2023-05-20T12:15:03.202+05:30 TRACE 5960 --- [           main] o.s.b.f.s.DefaultListableBeanFactory     : Returning cached instance of singleton bean 'autoConfigurationReport'
2023-05-20T12:15:03.202+05:30 TRACE 5960 --- [           main] o.s.b.f.s.DefaultListableBeanFactory     : Returning cached instance of singleton bean 'autoConfigurationReport'
2023-05-20T12:15:03.202+05:30 TRACE 5960 --- [           main] o.s.b.f.s.DefaultListableBeanFactory     : Returning cached instance of singleton bean 'autoConfigurationReport'
2023-05-20T12:15:03.202+05:30 TRACE 5960 --- [           main] o.s.b.f.s.DefaultListableBeanFactory     : Returning cached instance of singleton bean 'autoConfigurationReport'
2023-05-20T12:15:03.202+05:30 TRACE 5960 --- [           main] o.s.b.f.s.DefaultListableBeanFactory     : Returning cached instance of singleton bean 'autoConfigurationReport'
2023-05-20T12:15:03.202+05:30 TRACE 5960 --- [           main] o.s.b.f.s.DefaultListableBeanFactory     : Returning cached instance of singleton bean 'autoConfigurationReport'
2023-05-20T12:15:03.204+05:30 TRACE 5960 --- [           main] o.s.b.a.condition.OnPropertyCondition    : Condition OnPropertyCondition on org.springframework.boot.autoconfigure.aop.AopAutoConfiguration matched due to @ConditionalOnProperty (spring.aop.auto=true) matched
2023-05-20T12:15:03.204+05:30 TRACE 5960 --- [           main] o.s.b.f.s.DefaultListableBeanFactory     : Returning cached instance of singleton bean 'autoConfigurationReport'
2023-05-20T12:15:03.204+05:30 TRACE 5960 --- [           main] o.s.b.f.s.DefaultListableBeanFactory     : Returning cached instance of singleton bean 'autoConfigurationReport'
2023-05-20T12:15:03.204+05:30 TRACE 5960 --- [           main] o.s.b.f.s.DefaultListableBeanFactory     : Returning cached instance of singleton bean 'autoConfigurationReport'
2023-05-20T12:15:03.204+05:30 TRACE 5960 --- [           main] o.s.b.f.s.DefaultListableBeanFactory     : Returning cached instance of singleton bean 'autoConfigurationReport'
2023-05-20T12:15:03.208+05:30 TRACE 5960 --- [           main] o.s.b.a.condition.OnClassCondition       : Condition OnClassCondition on org.springframework.boot.autoconfigure.aop.AopAutoConfiguration$ClassProxyingConfiguration matched due to @ConditionalOnMissingClass did not find unwanted class 'org.aspectj.weaver.Advice'
2023-05-20T12:15:03.208+05:30 TRACE 5960 --- [           main] o.s.b.f.s.DefaultListableBeanFactory     : Returning cached instance of singleton bean 'autoConfigurationReport'
2023-05-20T12:15:03.208+05:30 TRACE 5960 --- [           main] o.s.b.a.condition.OnPropertyCondition    : Condition OnPropertyCondition on org.springframework.boot.autoconfigure.aop.AopAutoConfiguration$ClassProxyingConfiguration matched due to @ConditionalOnProperty (spring.aop.proxy-target-class=true) matched
2023-05-20T12:15:03.208+05:30 TRACE 5960 --- [           main] o.s.b.f.s.DefaultListableBeanFactory     : Returning cached instance of singleton bean 'autoConfigurationReport'
2023-05-20T12:15:03.209+05:30 TRACE 5960 --- [           main] o.s.b.f.s.DefaultListableBeanFactory     : Returning cached instance of singleton bean 'autoConfigurationReport'
2023-05-20T12:15:03.209+05:30 TRACE 5960 --- [           main] o.s.b.f.s.DefaultListableBeanFactory     : Returning cached instance of singleton bean 'autoConfigurationReport'
2023-05-20T12:15:03.209+05:30 TRACE 5960 --- [           main] o.s.b.f.s.DefaultListableBeanFactory     : Returning cached instance of singleton bean 'autoConfigurationReport'
2023-05-20T12:15:03.211+05:30 TRACE 5960 --- [           main] o.s.b.a.condition.OnClassCondition       : Condition OnClassCondition on org.springframework.boot.autoconfigure.aop.AopAutoConfiguration$AspectJAutoProxyingConfiguration did not match due to @ConditionalOnClass did not find required class 'org.aspectj.weaver.Advice'
2023-05-20T12:15:03.212+05:30 TRACE 5960 --- [           main] o.s.b.f.s.DefaultListableBeanFactory     : Returning cached instance of singleton bean 'autoConfigurationReport'
2023-05-20T12:15:03.212+05:30 TRACE 5960 --- [           main] o.s.b.f.s.DefaultListableBeanFactory     : Returning cached instance of singleton bean 'autoConfigurationReport'
2023-05-20T12:15:03.212+05:30 TRACE 5960 --- [           main] o.s.b.f.s.DefaultListableBeanFactory     : Returning cached instance of singleton bean 'autoConfigurationReport'
2023-05-20T12:15:03.213+05:30 TRACE 5960 --- [           main] o.s.b.f.s.DefaultListableBeanFactory     : Returning cached instance of singleton bean 'autoConfigurationReport'
2023-05-20T12:15:03.213+05:30 TRACE 5960 --- [           main] o.s.b.f.s.DefaultListableBeanFactory     : Returning cached instance of singleton bean 'autoConfigurationReport'
2023-05-20T12:15:03.213+05:30 TRACE 5960 --- [           main] o.s.b.f.s.DefaultListableBeanFactory     : Returning cached instance of singleton bean 'autoConfigurationReport'
2023-05-20T12:15:03.213+05:30 TRACE 5960 --- [           main] o.s.b.f.s.DefaultListableBeanFactory     : Returning cached instance of singleton bean 'autoConfigurationReport'
2023-05-20T12:15:03.214+05:30 TRACE 5960 --- [           main] o.s.b.f.s.DefaultListableBeanFactory     : Returning cached instance of singleton bean 'autoConfigurationReport'
2023-05-20T12:15:03.214+05:30 TRACE 5960 --- [           main] o.s.b.f.s.DefaultListableBeanFactory     : Returning cached instance of singleton bean 'autoConfigurationReport'
2023-05-20T12:15:03.215+05:30 TRACE 5960 --- [           main] o.s.b.f.s.DefaultListableBeanFactory     : Returning cached instance of singleton bean 'autoConfigurationReport'
2023-05-20T12:15:03.215+05:30 TRACE 5960 --- [           main] o.s.b.f.s.DefaultListableBeanFactory     : Returning cached instance of singleton bean 'autoConfigurationReport'
2023-05-20T12:15:03.215+05:30 TRACE 5960 --- [           main] o.s.b.f.s.DefaultListableBeanFactory     : Returning cached instance of singleton bean 'autoConfigurationReport'
2023-05-20T12:15:03.215+05:30 TRACE 5960 --- [           main] o.s.b.f.s.DefaultListableBeanFactory     : Returning cached instance of singleton bean 'autoConfigurationReport'
2023-05-20T12:15:03.216+05:30 TRACE 5960 --- [           main] o.s.b.f.s.DefaultListableBeanFactory     : Returning cached instance of singleton bean 'autoConfigurationReport'
2023-05-20T12:15:03.216+05:30 TRACE 5960 --- [           main] o.s.b.f.s.DefaultListableBeanFactory     : Returning cached instance of singleton bean 'autoConfigurationReport'
2023-05-20T12:15:03.216+05:30 TRACE 5960 --- [           main] o.s.b.f.s.DefaultListableBeanFactory     : Returning cached instance of singleton bean 'autoConfigurationReport'
2023-05-20T12:15:03.217+05:30 TRACE 5960 --- [           main] o.s.b.a.condition.OnClassCondition       : Condition OnClassCondition on org.springframework.boot.autoconfigure.jackson.JacksonAutoConfiguration matched due to @ConditionalOnClass found required class 'com.fasterxml.jackson.databind.ObjectMapper'
2023-05-20T12:15:03.218+05:30 TRACE 5960 --- [           main] o.s.b.f.s.DefaultListableBeanFactory     : Returning cached instance of singleton bean 'autoConfigurationReport'
2023-05-20T12:15:03.218+05:30 TRACE 5960 --- [           main] o.s.b.f.s.DefaultListableBeanFactory     : Returning cached instance of singleton bean 'autoConfigurationReport'
2023-05-20T12:15:03.218+05:30 TRACE 5960 --- [           main] o.s.b.f.s.DefaultListableBeanFactory     : Returning cached instance of singleton bean 'autoConfigurationReport'
2023-05-20T12:15:03.218+05:30 TRACE 5960 --- [           main] o.s.b.f.s.DefaultListableBeanFactory     : Returning cached instance of singleton bean 'autoConfigurationReport'
2023-05-20T12:15:03.223+05:30 TRACE 5960 --- [           main] o.s.b.a.condition.OnClassCondition       : Condition OnClassCondition on org.springframework.boot.autoconfigure.jackson.JacksonAutoConfiguration$Jackson2ObjectMapperBuilderCustomizerConfiguration matched due to @ConditionalOnClass found required class 'org.springframework.http.converter.json.Jackson2ObjectMapperBuilder'
2023-05-20T12:15:03.223+05:30 TRACE 5960 --- [           main] o.s.b.f.s.DefaultListableBeanFactory     : Returning cached instance of singleton bean 'autoConfigurationReport'
2023-05-20T12:15:03.223+05:30 TRACE 5960 --- [           main] o.s.b.f.s.DefaultListableBeanFactory     : Returning cached instance of singleton bean 'autoConfigurationReport'
2023-05-20T12:15:03.223+05:30 TRACE 5960 --- [           main] o.s.b.f.s.DefaultListableBeanFactory     : Returning cached instance of singleton bean 'autoConfigurationReport'
2023-05-20T12:15:03.224+05:30 TRACE 5960 --- [           main] o.s.b.f.s.DefaultListableBeanFactory     : Returning cached instance of singleton bean 'autoConfigurationReport'
2023-05-20T12:15:03.226+05:30 TRACE 5960 --- [           main] o.s.b.a.condition.OnClassCondition       : Condition OnClassCondition on org.springframework.boot.autoconfigure.jackson.JacksonAutoConfiguration$JacksonObjectMapperBuilderConfiguration matched due to @ConditionalOnClass found required class 'org.springframework.http.converter.json.Jackson2ObjectMapperBuilder'
2023-05-20T12:15:03.226+05:30 TRACE 5960 --- [           main] o.s.b.f.s.DefaultListableBeanFactory     : Returning cached instance of singleton bean 'autoConfigurationReport'
2023-05-20T12:15:03.226+05:30 TRACE 5960 --- [           main] o.s.b.f.s.DefaultListableBeanFactory     : Returning cached instance of singleton bean 'autoConfigurationReport'
2023-05-20T12:15:03.226+05:30 TRACE 5960 --- [           main] o.s.b.f.s.DefaultListableBeanFactory     : Returning cached instance of singleton bean 'autoConfigurationReport'
2023-05-20T12:15:03.226+05:30 TRACE 5960 --- [           main] o.s.b.f.s.DefaultListableBeanFactory     : Returning cached instance of singleton bean 'autoConfigurationReport'
2023-05-20T12:15:03.227+05:30 TRACE 5960 --- [           main] o.s.b.a.condition.OnClassCondition       : Condition OnClassCondition on org.springframework.boot.autoconfigure.jackson.JacksonAutoConfiguration$ParameterNamesModuleConfiguration matched due to @ConditionalOnClass found required class 'com.fasterxml.jackson.module.paramnames.ParameterNamesModule'
2023-05-20T12:15:03.228+05:30 TRACE 5960 --- [           main] o.s.b.f.s.DefaultListableBeanFactory     : Returning cached instance of singleton bean 'autoConfigurationReport'
2023-05-20T12:15:03.228+05:30 TRACE 5960 --- [           main] o.s.b.f.s.DefaultListableBeanFactory     : Returning cached instance of singleton bean 'autoConfigurationReport'
2023-05-20T12:15:03.228+05:30 TRACE 5960 --- [           main] o.s.b.f.s.DefaultListableBeanFactory     : Returning cached instance of singleton bean 'autoConfigurationReport'
2023-05-20T12:15:03.228+05:30 TRACE 5960 --- [           main] o.s.b.f.s.DefaultListableBeanFactory     : Returning cached instance of singleton bean 'autoConfigurationReport'
2023-05-20T12:15:03.229+05:30 TRACE 5960 --- [           main] o.s.b.a.condition.OnClassCondition       : Condition OnClassCondition on org.springframework.boot.autoconfigure.jackson.JacksonAutoConfiguration$JacksonObjectMapperConfiguration matched due to @ConditionalOnClass found required class 'org.springframework.http.converter.json.Jackson2ObjectMapperBuilder'
2023-05-20T12:15:03.229+05:30 TRACE 5960 --- [           main] o.s.b.f.s.DefaultListableBeanFactory     : Returning cached instance of singleton bean 'autoConfigurationReport'
2023-05-20T12:15:03.229+05:30 TRACE 5960 --- [           main] o.s.b.f.s.DefaultListableBeanFactory     : Returning cached instance of singleton bean 'autoConfigurationReport'
2023-05-20T12:15:03.229+05:30 TRACE 5960 --- [           main] o.s.b.f.s.DefaultListableBeanFactory     : Returning cached instance of singleton bean 'autoConfigurationReport'
2023-05-20T12:15:03.229+05:30 TRACE 5960 --- [           main] o.s.b.f.s.DefaultListableBeanFactory     : Returning cached instance of singleton bean 'autoConfigurationReport'
2023-05-20T12:15:03.229+05:30 TRACE 5960 --- [           main] o.s.b.f.s.DefaultListableBeanFactory     : Returning cached instance of singleton bean 'autoConfigurationReport'
2023-05-20T12:15:03.229+05:30 TRACE 5960 --- [           main] o.s.b.f.s.DefaultListableBeanFactory     : Returning cached instance of singleton bean 'autoConfigurationReport'
2023-05-20T12:15:03.230+05:30 TRACE 5960 --- [           main] o.s.b.f.s.DefaultListableBeanFactory     : Returning cached instance of singleton bean 'autoConfigurationReport'
2023-05-20T12:15:03.231+05:30 TRACE 5960 --- [           main] o.s.b.f.s.DefaultListableBeanFactory     : Returning cached instance of singleton bean 'autoConfigurationReport'
2023-05-20T12:15:03.231+05:30 TRACE 5960 --- [           main] o.s.b.f.s.DefaultListableBeanFactory     : Returning cached instance of singleton bean 'autoConfigurationReport'
2023-05-20T12:15:03.231+05:30 TRACE 5960 --- [           main] o.s.b.f.s.DefaultListableBeanFactory     : Returning cached instance of singleton bean 'autoConfigurationReport'
2023-05-20T12:15:03.231+05:30 TRACE 5960 --- [           main] o.s.b.f.s.DefaultListableBeanFactory     : Returning cached instance of singleton bean 'autoConfigurationReport'
2023-05-20T12:15:03.232+05:30 TRACE 5960 --- [           main] o.s.b.f.s.DefaultListableBeanFactory     : Returning cached instance of singleton bean 'autoConfigurationReport'
2023-05-20T12:15:03.232+05:30 TRACE 5960 --- [           main] o.s.b.f.s.DefaultListableBeanFactory     : Returning cached instance of singleton bean 'autoConfigurationReport'
2023-05-20T12:15:03.234+05:30 TRACE 5960 --- [           main] o.s.b.a.condition.OnClassCondition       : Condition OnClassCondition on org.springframework.boot.autoconfigure.cache.CacheAutoConfiguration matched due to @ConditionalOnClass found required class 'org.springframework.cache.CacheManager'
2023-05-20T12:15:03.234+05:30 TRACE 5960 --- [           main] o.s.b.f.s.DefaultListableBeanFactory     : Returning cached instance of singleton bean 'autoConfigurationReport'
2023-05-20T12:15:03.234+05:30 TRACE 5960 --- [           main] o.s.b.f.s.DefaultListableBeanFactory     : Returning cached instance of singleton bean 'autoConfigurationReport'
2023-05-20T12:15:03.234+05:30 TRACE 5960 --- [           main] o.s.b.f.s.DefaultListableBeanFactory     : Returning cached instance of singleton bean 'autoConfigurationReport'
2023-05-20T12:15:03.234+05:30 TRACE 5960 --- [           main] o.s.b.f.s.DefaultListableBeanFactory     : Returning cached instance of singleton bean 'autoConfigurationReport'
2023-05-20T12:15:03.245+05:30 TRACE 5960 --- [           main] o.s.b.f.s.DefaultListableBeanFactory     : Returning cached instance of singleton bean 'autoConfigurationReport'
2023-05-20T12:15:03.245+05:30 TRACE 5960 --- [           main] o.s.b.f.s.DefaultListableBeanFactory     : Returning cached instance of singleton bean 'autoConfigurationReport'
2023-05-20T12:15:03.245+05:30 TRACE 5960 --- [           main] o.s.b.f.s.DefaultListableBeanFactory     : Returning cached instance of singleton bean 'autoConfigurationReport'
2023-05-20T12:15:03.247+05:30 TRACE 5960 --- [           main] o.s.b.f.s.DefaultListableBeanFactory     : Returning cached instance of singleton bean 'autoConfigurationReport'
2023-05-20T12:15:03.248+05:30 TRACE 5960 --- [           main] o.s.b.a.condition.OnClassCondition       : Condition OnClassCondition on org.springframework.boot.autoconfigure.cache.JCacheCacheConfiguration did not match due to @ConditionalOnClass did not find required class 'javax.cache.Caching'
2023-05-20T12:15:03.248+05:30 TRACE 5960 --- [           main] o.s.b.f.s.DefaultListableBeanFactory     : Returning cached instance of singleton bean 'autoConfigurationReport'
2023-05-20T12:15:03.249+05:30 TRACE 5960 --- [           main] o.s.b.f.s.DefaultListableBeanFactory     : Returning cached instance of singleton bean 'autoConfigurationReport'
2023-05-20T12:15:03.249+05:30 TRACE 5960 --- [           main] o.s.b.a.AutoConfigurationImportSelector  : Filtered 1 auto configuration class in 1 ms
2023-05-20T12:15:03.249+05:30 TRACE 5960 --- [           main] o.s.b.f.s.DefaultListableBeanFactory     : Returning cached instance of singleton bean 'autoConfigurationReport'
2023-05-20T12:15:03.250+05:30 TRACE 5960 --- [           main] o.s.b.a.condition.OnClassCondition       : Condition OnClassCondition on org.springframework.boot.autoconfigure.cache.HazelcastCacheConfiguration did not match due to @ConditionalOnClass did not find required class 'com.hazelcast.core.HazelcastInstance'
2023-05-20T12:15:03.250+05:30 TRACE 5960 --- [           main] o.s.b.f.s.DefaultListableBeanFactory     : Returning cached instance of singleton bean 'autoConfigurationReport'
2023-05-20T12:15:03.250+05:30 TRACE 5960 --- [           main] o.s.b.f.s.DefaultListableBeanFactory     : Returning cached instance of singleton bean 'autoConfigurationReport'
2023-05-20T12:15:03.250+05:30 TRACE 5960 --- [           main] o.s.b.a.AutoConfigurationImportSelector  : Filtered 1 auto configuration class in 1 ms
2023-05-20T12:15:03.250+05:30 TRACE 5960 --- [           main] o.s.b.f.s.DefaultListableBeanFactory     : Returning cached instance of singleton bean 'autoConfigurationReport'
2023-05-20T12:15:03.251+05:30 TRACE 5960 --- [           main] o.s.b.a.condition.OnClassCondition       : Condition OnClassCondition on org.springframework.boot.autoconfigure.cache.CouchbaseCacheConfiguration did not match due to @ConditionalOnClass did not find required class 'com.couchbase.client.java.Cluster'
2023-05-20T12:15:03.251+05:30 TRACE 5960 --- [           main] o.s.b.f.s.DefaultListableBeanFactory     : Returning cached instance of singleton bean 'autoConfigurationReport'
2023-05-20T12:15:03.251+05:30 TRACE 5960 --- [           main] o.s.b.f.s.DefaultListableBeanFactory     : Returning cached instance of singleton bean 'autoConfigurationReport'
2023-05-20T12:15:03.251+05:30 TRACE 5960 --- [           main] o.s.b.a.AutoConfigurationImportSelector  : Filtered 1 auto configuration class in 0 ms
2023-05-20T12:15:03.252+05:30 TRACE 5960 --- [           main] o.s.b.f.s.DefaultListableBeanFactory     : Returning cached instance of singleton bean 'autoConfigurationReport'
2023-05-20T12:15:03.252+05:30 TRACE 5960 --- [           main] o.s.b.a.condition.OnClassCondition       : Condition OnClassCondition on org.springframework.boot.autoconfigure.cache.InfinispanCacheConfiguration did not match due to @ConditionalOnClass did not find required class 'org.infinispan.spring.embedded.provider.SpringEmbeddedCacheManager'
2023-05-20T12:15:03.252+05:30 TRACE 5960 --- [           main] o.s.b.f.s.DefaultListableBeanFactory     : Returning cached instance of singleton bean 'autoConfigurationReport'
2023-05-20T12:15:03.252+05:30 TRACE 5960 --- [           main] o.s.b.f.s.DefaultListableBeanFactory     : Returning cached instance of singleton bean 'autoConfigurationReport'
2023-05-20T12:15:03.252+05:30 TRACE 5960 --- [           main] o.s.b.a.AutoConfigurationImportSelector  : Filtered 1 auto configuration class in 0 ms
2023-05-20T12:15:03.252+05:30 TRACE 5960 --- [           main] o.s.b.f.s.DefaultListableBeanFactory     : Returning cached instance of singleton bean 'autoConfigurationReport'
2023-05-20T12:15:03.252+05:30 TRACE 5960 --- [           main] o.s.b.a.condition.OnClassCondition       : Condition OnClassCondition on org.springframework.boot.autoconfigure.cache.RedisCacheConfiguration did not match due to @ConditionalOnClass did not find required class 'org.springframework.data.redis.connection.RedisConnectionFactory'
2023-05-20T12:15:03.252+05:30 TRACE 5960 --- [           main] o.s.b.f.s.DefaultListableBeanFactory     : Returning cached instance of singleton bean 'autoConfigurationReport'
2023-05-20T12:15:03.253+05:30 TRACE 5960 --- [           main] o.s.b.f.s.DefaultListableBeanFactory     : Returning cached instance of singleton bean 'autoConfigurationReport'
2023-05-20T12:15:03.253+05:30 TRACE 5960 --- [           main] o.s.b.a.AutoConfigurationImportSelector  : Filtered 1 auto configuration class in 0 ms
2023-05-20T12:15:03.253+05:30 TRACE 5960 --- [           main] o.s.b.f.s.DefaultListableBeanFactory     : Returning cached instance of singleton bean 'autoConfigurationReport'
2023-05-20T12:15:03.253+05:30 TRACE 5960 --- [           main] o.s.b.a.condition.OnClassCondition       : Condition OnClassCondition on org.springframework.boot.autoconfigure.cache.Cache2kCacheConfiguration did not match due to @ConditionalOnClass did not find required class 'org.cache2k.Cache2kBuilder'
2023-05-20T12:15:03.253+05:30 TRACE 5960 --- [           main] o.s.b.f.s.DefaultListableBeanFactory     : Returning cached instance of singleton bean 'autoConfigurationReport'
2023-05-20T12:15:03.253+05:30 TRACE 5960 --- [           main] o.s.b.f.s.DefaultListableBeanFactory     : Returning cached instance of singleton bean 'autoConfigurationReport'
2023-05-20T12:15:03.253+05:30 TRACE 5960 --- [           main] o.s.b.a.AutoConfigurationImportSelector  : Filtered 1 auto configuration class in 0 ms
2023-05-20T12:15:03.254+05:30 TRACE 5960 --- [           main] o.s.b.f.s.DefaultListableBeanFactory     : Returning cached instance of singleton bean 'autoConfigurationReport'
2023-05-20T12:15:03.254+05:30 TRACE 5960 --- [           main] o.s.b.a.condition.OnClassCondition       : Condition OnClassCondition on org.springframework.boot.autoconfigure.cache.CaffeineCacheConfiguration did not match due to @ConditionalOnClass did not find required class 'com.github.benmanes.caffeine.cache.Caffeine'
2023-05-20T12:15:03.254+05:30 TRACE 5960 --- [           main] o.s.b.f.s.DefaultListableBeanFactory     : Returning cached instance of singleton bean 'autoConfigurationReport'
2023-05-20T12:15:03.254+05:30 TRACE 5960 --- [           main] o.s.b.f.s.DefaultListableBeanFactory     : Returning cached instance of singleton bean 'autoConfigurationReport'
2023-05-20T12:15:03.255+05:30 TRACE 5960 --- [           main] o.s.b.a.AutoConfigurationImportSelector  : Filtered 1 auto configuration class in 0 ms
2023-05-20T12:15:03.255+05:30 TRACE 5960 --- [           main] o.s.b.f.s.DefaultListableBeanFactory     : Returning cached instance of singleton bean 'autoConfigurationReport'
2023-05-20T12:15:03.255+05:30 TRACE 5960 --- [           main] o.s.b.f.s.DefaultListableBeanFactory     : Returning cached instance of singleton bean 'autoConfigurationReport'
2023-05-20T12:15:03.255+05:30 TRACE 5960 --- [           main] o.s.b.f.s.DefaultListableBeanFactory     : Returning cached instance of singleton bean 'autoConfigurationReport'
2023-05-20T12:15:03.256+05:30 TRACE 5960 --- [           main] o.s.b.f.s.DefaultListableBeanFactory     : Returning cached instance of singleton bean 'autoConfigurationReport'
2023-05-20T12:15:03.256+05:30 TRACE 5960 --- [           main] o.s.b.f.s.DefaultListableBeanFactory     : Returning cached instance of singleton bean 'autoConfigurationReport'
2023-05-20T12:15:03.256+05:30 TRACE 5960 --- [           main] o.s.b.f.s.DefaultListableBeanFactory     : Returning cached instance of singleton bean 'autoConfigurationReport'
2023-05-20T12:15:03.259+05:30 TRACE 5960 --- [           main] o.s.b.a.cache.CacheCondition             : Condition CacheCondition on org.springframework.boot.autoconfigure.cache.GenericCacheConfiguration matched due to Cache org.springframework.boot.autoconfigure.cache.GenericCacheConfiguration automatic cache type
2023-05-20T12:15:03.259+05:30 TRACE 5960 --- [           main] o.s.b.f.s.DefaultListableBeanFactory     : Returning cached instance of singleton bean 'autoConfigurationReport'
2023-05-20T12:15:03.259+05:30 TRACE 5960 --- [           main] o.s.b.f.s.DefaultListableBeanFactory     : Returning cached instance of singleton bean 'autoConfigurationReport'
2023-05-20T12:15:03.259+05:30 TRACE 5960 --- [           main] o.s.b.f.s.DefaultListableBeanFactory     : Returning cached instance of singleton bean 'autoConfigurationReport'
2023-05-20T12:15:03.259+05:30 TRACE 5960 --- [           main] o.s.b.f.s.DefaultListableBeanFactory     : Returning cached instance of singleton bean 'autoConfigurationReport'
2023-05-20T12:15:03.260+05:30 TRACE 5960 --- [           main] o.s.b.f.s.DefaultListableBeanFactory     : Returning cached instance of singleton bean 'autoConfigurationReport'
2023-05-20T12:15:03.260+05:30 TRACE 5960 --- [           main] o.s.b.f.s.DefaultListableBeanFactory     : Returning cached instance of singleton bean 'autoConfigurationReport'
2023-05-20T12:15:03.260+05:30 TRACE 5960 --- [           main] o.s.b.f.s.DefaultListableBeanFactory     : Returning cached instance of singleton bean 'autoConfigurationReport'
2023-05-20T12:15:03.267+05:30 TRACE 5960 --- [           main] o.s.b.a.cache.CacheCondition             : Condition CacheCondition on org.springframework.boot.autoconfigure.cache.SimpleCacheConfiguration matched due to Cache org.springframework.boot.autoconfigure.cache.SimpleCacheConfiguration automatic cache type
2023-05-20T12:15:03.267+05:30 TRACE 5960 --- [           main] o.s.b.f.s.DefaultListableBeanFactory     : Returning cached instance of singleton bean 'autoConfigurationReport'
2023-05-20T12:15:03.267+05:30 TRACE 5960 --- [           main] o.s.b.f.s.DefaultListableBeanFactory     : Returning cached instance of singleton bean 'autoConfigurationReport'
2023-05-20T12:15:03.267+05:30 TRACE 5960 --- [           main] o.s.b.f.s.DefaultListableBeanFactory     : Returning cached instance of singleton bean 'autoConfigurationReport'
2023-05-20T12:15:03.268+05:30 TRACE 5960 --- [           main] o.s.b.f.s.DefaultListableBeanFactory     : Returning cached instance of singleton bean 'autoConfigurationReport'
2023-05-20T12:15:03.269+05:30 TRACE 5960 --- [           main] o.s.b.a.cache.CacheCondition             : Condition CacheCondition on org.springframework.boot.autoconfigure.cache.NoOpCacheConfiguration matched due to Cache org.springframework.boot.autoconfigure.cache.NoOpCacheConfiguration automatic cache type
2023-05-20T12:15:03.269+05:30 TRACE 5960 --- [           main] o.s.b.f.s.DefaultListableBeanFactory     : Returning cached instance of singleton bean 'autoConfigurationReport'
2023-05-20T12:15:03.269+05:30 TRACE 5960 --- [           main] o.s.b.f.s.DefaultListableBeanFactory     : Returning cached instance of singleton bean 'autoConfigurationReport'
2023-05-20T12:15:03.269+05:30 TRACE 5960 --- [           main] o.s.b.f.s.DefaultListableBeanFactory     : Returning cached instance of singleton bean 'autoConfigurationReport'
2023-05-20T12:15:03.270+05:30 TRACE 5960 --- [           main] o.s.b.f.s.DefaultListableBeanFactory     : Returning cached instance of singleton bean 'autoConfigurationReport'
2023-05-20T12:15:03.273+05:30 TRACE 5960 --- [           main] o.s.b.a.condition.OnClassCondition       : Condition OnClassCondition on org.springframework.boot.autoconfigure.cache.CacheAutoConfiguration$CacheManagerEntityManagerFactoryDependsOnPostProcessor did not match due to @ConditionalOnClass did not find required class 'org.springframework.orm.jpa.LocalContainerEntityManagerFactoryBean'
2023-05-20T12:15:03.274+05:30 TRACE 5960 --- [           main] o.s.b.f.s.DefaultListableBeanFactory     : Returning cached instance of singleton bean 'autoConfigurationReport'
2023-05-20T12:15:03.274+05:30 TRACE 5960 --- [           main] o.s.b.f.s.DefaultListableBeanFactory     : Returning cached instance of singleton bean 'autoConfigurationReport'
2023-05-20T12:15:03.274+05:30 TRACE 5960 --- [           main] o.s.b.f.s.DefaultListableBeanFactory     : Returning cached instance of singleton bean 'autoConfigurationReport'
2023-05-20T12:15:03.274+05:30 TRACE 5960 --- [           main] o.s.b.f.s.DefaultListableBeanFactory     : Returning cached instance of singleton bean 'autoConfigurationReport'
2023-05-20T12:15:03.274+05:30 TRACE 5960 --- [           main] o.s.b.f.s.DefaultListableBeanFactory     : Returning cached instance of singleton bean 'autoConfigurationReport'
2023-05-20T12:15:03.274+05:30 TRACE 5960 --- [           main] o.s.b.f.s.DefaultListableBeanFactory     : Returning cached instance of singleton bean 'autoConfigurationReport'
2023-05-20T12:15:03.274+05:30 TRACE 5960 --- [           main] o.s.b.f.s.DefaultListableBeanFactory     : Returning cached instance of singleton bean 'autoConfigurationReport'
2023-05-20T12:15:03.275+05:30 TRACE 5960 --- [           main] o.s.b.f.s.DefaultListableBeanFactory     : Returning cached instance of singleton bean 'autoConfigurationReport'
2023-05-20T12:15:03.275+05:30 TRACE 5960 --- [           main] o.s.b.f.s.DefaultListableBeanFactory     : Returning cached instance of singleton bean 'autoConfigurationReport'
2023-05-20T12:15:03.275+05:30 TRACE 5960 --- [           main] o.s.b.f.s.DefaultListableBeanFactory     : Returning cached instance of singleton bean 'autoConfigurationReport'
2023-05-20T12:15:03.276+05:30 TRACE 5960 --- [           main] o.s.b.f.s.DefaultListableBeanFactory     : Returning cached instance of singleton bean 'autoConfigurationReport'
2023-05-20T12:15:03.276+05:30 TRACE 5960 --- [           main] o.s.b.f.s.DefaultListableBeanFactory     : Returning cached instance of singleton bean 'autoConfigurationReport'
2023-05-20T12:15:03.276+05:30 TRACE 5960 --- [           main] o.s.b.f.s.DefaultListableBeanFactory     : Returning cached instance of singleton bean 'autoConfigurationReport'
2023-05-20T12:15:03.277+05:30 TRACE 5960 --- [           main] o.s.b.f.s.DefaultListableBeanFactory     : Returning cached instance of singleton bean 'autoConfigurationReport'
2023-05-20T12:15:03.277+05:30 TRACE 5960 --- [           main] o.s.b.f.s.DefaultListableBeanFactory     : Returning cached instance of singleton bean 'autoConfigurationReport'
2023-05-20T12:15:03.277+05:30 TRACE 5960 --- [           main] o.s.b.f.s.DefaultListableBeanFactory     : Returning cached instance of singleton bean 'autoConfigurationReport'
2023-05-20T12:15:03.279+05:30 TRACE 5960 --- [           main] o.s.b.f.s.DefaultListableBeanFactory     : Returning cached instance of singleton bean 'autoConfigurationReport'
2023-05-20T12:15:03.280+05:30 TRACE 5960 --- [           main] o.s.b.f.s.DefaultListableBeanFactory     : Returning cached instance of singleton bean 'autoConfigurationReport'
2023-05-20T12:15:03.280+05:30 TRACE 5960 --- [           main] o.s.b.f.s.DefaultListableBeanFactory     : Returning cached instance of singleton bean 'autoConfigurationReport'
2023-05-20T12:15:03.281+05:30 TRACE 5960 --- [           main] o.s.b.f.s.DefaultListableBeanFactory     : Returning cached instance of singleton bean 'autoConfigurationReport'
2023-05-20T12:15:03.281+05:30 TRACE 5960 --- [           main] o.s.b.f.s.DefaultListableBeanFactory     : Returning cached instance of singleton bean 'autoConfigurationReport'
2023-05-20T12:15:03.281+05:30 TRACE 5960 --- [           main] o.s.b.f.s.DefaultListableBeanFactory     : Returning cached instance of singleton bean 'autoConfigurationReport'
2023-05-20T12:15:03.281+05:30 TRACE 5960 --- [           main] o.s.b.f.s.DefaultListableBeanFactory     : Returning cached instance of singleton bean 'autoConfigurationReport'
2023-05-20T12:15:03.281+05:30 TRACE 5960 --- [           main] o.s.b.f.s.DefaultListableBeanFactory     : Returning cached instance of singleton bean 'autoConfigurationReport'
2023-05-20T12:15:03.281+05:30 TRACE 5960 --- [           main] o.s.b.f.s.DefaultListableBeanFactory     : Returning cached instance of singleton bean 'autoConfigurationReport'
2023-05-20T12:15:03.285+05:30 TRACE 5960 --- [           main] o.s.b.a.condition.OnClassCondition       : Condition OnClassCondition on org.springframework.boot.autoconfigure.http.HttpMessageConvertersAutoConfiguration matched due to @ConditionalOnClass found required class 'org.springframework.http.converter.HttpMessageConverter'
2023-05-20T12:15:03.285+05:30 TRACE 5960 --- [           main] o.s.b.f.s.DefaultListableBeanFactory     : Returning cached instance of singleton bean 'autoConfigurationReport'
2023-05-20T12:15:03.294+05:30 TRACE 5960 --- [           main] ation$NotReactiveWebApplicationCondition : Condition HttpMessageConvertersAutoConfiguration.NotReactiveWebApplicationCondition on org.springframework.boot.autoconfigure.http.HttpMessageConvertersAutoConfiguration matched due to NoneNestedConditions 0 matched 1 did not; NestedCondition on HttpMessageConvertersAutoConfiguration.NotReactiveWebApplicationCondition.ReactiveWebApplication did not find reactive web application classes
2023-05-20T12:15:03.294+05:30 TRACE 5960 --- [           main] o.s.b.f.s.DefaultListableBeanFactory     : Returning cached instance of singleton bean 'autoConfigurationReport'
2023-05-20T12:15:03.294+05:30 TRACE 5960 --- [           main] o.s.b.f.s.DefaultListableBeanFactory     : Returning cached instance of singleton bean 'autoConfigurationReport'
2023-05-20T12:15:03.294+05:30 TRACE 5960 --- [           main] o.s.b.f.s.DefaultListableBeanFactory     : Returning cached instance of singleton bean 'autoConfigurationReport'
2023-05-20T12:15:03.294+05:30 TRACE 5960 --- [           main] o.s.b.f.s.DefaultListableBeanFactory     : Returning cached instance of singleton bean 'autoConfigurationReport'
2023-05-20T12:15:03.297+05:30 TRACE 5960 --- [           main] o.s.b.a.condition.OnClassCondition       : Condition OnClassCondition on org.springframework.boot.autoconfigure.http.HttpMessageConvertersAutoConfiguration$StringHttpMessageConverterConfiguration matched due to @ConditionalOnClass found required class 'org.springframework.http.converter.StringHttpMessageConverter'
2023-05-20T12:15:03.297+05:30 TRACE 5960 --- [           main] o.s.b.f.s.DefaultListableBeanFactory     : Returning cached instance of singleton bean 'autoConfigurationReport'
2023-05-20T12:15:03.297+05:30 TRACE 5960 --- [           main] o.s.b.f.s.DefaultListableBeanFactory     : Returning cached instance of singleton bean 'autoConfigurationReport'
2023-05-20T12:15:03.297+05:30 TRACE 5960 --- [           main] o.s.b.f.s.DefaultListableBeanFactory     : Returning cached instance of singleton bean 'autoConfigurationReport'
2023-05-20T12:15:03.297+05:30 TRACE 5960 --- [           main] o.s.b.f.s.DefaultListableBeanFactory     : Returning cached instance of singleton bean 'autoConfigurationReport'
2023-05-20T12:15:03.300+05:30 TRACE 5960 --- [           main] o.s.b.f.s.DefaultListableBeanFactory     : Returning cached instance of singleton bean 'autoConfigurationReport'
2023-05-20T12:15:03.300+05:30 TRACE 5960 --- [           main] o.s.b.f.s.DefaultListableBeanFactory     : Returning cached instance of singleton bean 'autoConfigurationReport'
2023-05-20T12:15:03.300+05:30 TRACE 5960 --- [           main] o.s.b.f.s.DefaultListableBeanFactory     : Returning cached instance of singleton bean 'autoConfigurationReport'
2023-05-20T12:15:03.302+05:30 TRACE 5960 --- [           main] o.s.b.a.condition.OnClassCondition       : Condition OnClassCondition on org.springframework.boot.autoconfigure.http.JacksonHttpMessageConvertersConfiguration$MappingJackson2XmlHttpMessageConverterConfiguration did not match due to @ConditionalOnClass did not find required class 'com.fasterxml.jackson.dataformat.xml.XmlMapper'
2023-05-20T12:15:03.302+05:30 TRACE 5960 --- [           main] o.s.b.f.s.DefaultListableBeanFactory     : Returning cached instance of singleton bean 'autoConfigurationReport'
2023-05-20T12:15:03.303+05:30 TRACE 5960 --- [           main] o.s.b.a.condition.OnClassCondition       : Condition OnClassCondition on org.springframework.boot.autoconfigure.http.JacksonHttpMessageConvertersConfiguration$MappingJackson2HttpMessageConverterConfiguration matched due to @ConditionalOnClass found required class 'com.fasterxml.jackson.databind.ObjectMapper'
2023-05-20T12:15:03.303+05:30 TRACE 5960 --- [           main] o.s.b.f.s.DefaultListableBeanFactory     : Returning cached instance of singleton bean 'autoConfigurationReport'
2023-05-20T12:15:03.304+05:30 TRACE 5960 --- [           main] o.s.b.a.condition.OnPropertyCondition    : Condition OnPropertyCondition on org.springframework.boot.autoconfigure.http.JacksonHttpMessageConvertersConfiguration$MappingJackson2HttpMessageConverterConfiguration matched due to @ConditionalOnProperty (spring.mvc.converters.preferred-json-mapper=jackson) matched
2023-05-20T12:15:03.304+05:30 TRACE 5960 --- [           main] o.s.b.f.s.DefaultListableBeanFactory     : Returning cached instance of singleton bean 'autoConfigurationReport'
2023-05-20T12:15:03.304+05:30 TRACE 5960 --- [           main] o.s.b.f.s.DefaultListableBeanFactory     : Returning cached instance of singleton bean 'autoConfigurationReport'
2023-05-20T12:15:03.304+05:30 TRACE 5960 --- [           main] o.s.b.f.s.DefaultListableBeanFactory     : Returning cached instance of singleton bean 'autoConfigurationReport'
2023-05-20T12:15:03.304+05:30 TRACE 5960 --- [           main] o.s.b.f.s.DefaultListableBeanFactory     : Returning cached instance of singleton bean 'autoConfigurationReport'
2023-05-20T12:15:03.305+05:30 TRACE 5960 --- [           main] o.s.b.a.condition.OnClassCondition       : Condition OnClassCondition on org.springframework.boot.autoconfigure.http.GsonHttpMessageConvertersConfiguration did not match due to @ConditionalOnClass did not find required class 'com.google.gson.Gson'
2023-05-20T12:15:03.305+05:30 TRACE 5960 --- [           main] o.s.b.f.s.DefaultListableBeanFactory     : Returning cached instance of singleton bean 'autoConfigurationReport'
2023-05-20T12:15:03.306+05:30 TRACE 5960 --- [           main] o.s.b.a.condition.OnClassCondition       : Condition OnClassCondition on org.springframework.boot.autoconfigure.http.JsonbHttpMessageConvertersConfiguration did not match due to @ConditionalOnClass did not find required class 'jakarta.json.bind.Jsonb'
2023-05-20T12:15:03.306+05:30 TRACE 5960 --- [           main] o.s.b.f.s.DefaultListableBeanFactory     : Returning cached instance of singleton bean 'autoConfigurationReport'
2023-05-20T12:15:03.306+05:30 TRACE 5960 --- [           main] o.s.b.f.s.DefaultListableBeanFactory     : Returning cached instance of singleton bean 'autoConfigurationReport'
2023-05-20T12:15:03.306+05:30 TRACE 5960 --- [           main] o.s.b.f.s.DefaultListableBeanFactory     : Returning cached instance of singleton bean 'autoConfigurationReport'
2023-05-20T12:15:03.306+05:30 TRACE 5960 --- [           main] o.s.b.f.s.DefaultListableBeanFactory     : Returning cached instance of singleton bean 'autoConfigurationReport'
2023-05-20T12:15:03.306+05:30 TRACE 5960 --- [           main] o.s.b.f.s.DefaultListableBeanFactory     : Returning cached instance of singleton bean 'autoConfigurationReport'
2023-05-20T12:15:03.307+05:30 TRACE 5960 --- [           main] o.s.b.f.s.DefaultListableBeanFactory     : Returning cached instance of singleton bean 'autoConfigurationReport'
2023-05-20T12:15:03.307+05:30 TRACE 5960 --- [           main] o.s.b.f.s.DefaultListableBeanFactory     : Returning cached instance of singleton bean 'autoConfigurationReport'
2023-05-20T12:15:03.311+05:30 TRACE 5960 --- [           main] o.s.b.f.s.DefaultListableBeanFactory     : Returning cached instance of singleton bean 'autoConfigurationReport'
2023-05-20T12:15:03.311+05:30 TRACE 5960 --- [           main] o.s.b.f.s.DefaultListableBeanFactory     : Returning cached instance of singleton bean 'autoConfigurationReport'
2023-05-20T12:15:03.311+05:30 TRACE 5960 --- [           main] o.s.b.f.s.DefaultListableBeanFactory     : Returning cached instance of singleton bean 'autoConfigurationReport'
2023-05-20T12:15:03.312+05:30 TRACE 5960 --- [           main] o.s.b.f.s.DefaultListableBeanFactory     : Returning cached instance of singleton bean 'autoConfigurationReport'
2023-05-20T12:15:03.313+05:30 TRACE 5960 --- [           main] o.s.b.f.s.DefaultListableBeanFactory     : Returning cached instance of singleton bean 'autoConfigurationReport'
2023-05-20T12:15:03.313+05:30 TRACE 5960 --- [           main] o.s.b.f.s.DefaultListableBeanFactory     : Returning cached instance of singleton bean 'autoConfigurationReport'
2023-05-20T12:15:03.313+05:30 TRACE 5960 --- [           main] o.s.b.f.s.DefaultListableBeanFactory     : Returning cached instance of singleton bean 'autoConfigurationReport'
2023-05-20T12:15:03.313+05:30 TRACE 5960 --- [           main] o.s.b.f.s.DefaultListableBeanFactory     : Returning cached instance of singleton bean 'autoConfigurationReport'
2023-05-20T12:15:03.313+05:30 TRACE 5960 --- [           main] o.s.b.f.s.DefaultListableBeanFactory     : Returning cached instance of singleton bean 'autoConfigurationReport'
2023-05-20T12:15:03.315+05:30 TRACE 5960 --- [           main] o.s.b.a.condition.OnPropertyCondition    : Condition OnPropertyCondition on org.springframework.boot.autoconfigure.sql.init.SqlInitializationAutoConfiguration matched due to @ConditionalOnProperty (spring.sql.init.enabled) matched
2023-05-20T12:15:03.315+05:30 TRACE 5960 --- [           main] o.s.b.f.s.DefaultListableBeanFactory     : Returning cached instance of singleton bean 'autoConfigurationReport'
2023-05-20T12:15:03.317+05:30 TRACE 5960 --- [           main] iguration$SqlInitializationModeCondition : Condition SqlInitializationAutoConfiguration.SqlInitializationModeCondition on org.springframework.boot.autoconfigure.sql.init.SqlInitializationAutoConfiguration matched due to NoneNestedConditions 0 matched 1 did not; NestedCondition on SqlInitializationAutoConfiguration.SqlInitializationModeCondition.ModeIsNever @ConditionalOnProperty (spring.sql.init.mode=never) did not find property 'mode'
2023-05-20T12:15:03.318+05:30 TRACE 5960 --- [           main] o.s.b.f.s.DefaultListableBeanFactory     : Returning cached instance of singleton bean 'autoConfigurationReport'
2023-05-20T12:15:03.318+05:30 TRACE 5960 --- [           main] o.s.b.f.s.DefaultListableBeanFactory     : Returning cached instance of singleton bean 'autoConfigurationReport'
2023-05-20T12:15:03.318+05:30 TRACE 5960 --- [           main] o.s.b.f.s.DefaultListableBeanFactory     : Returning cached instance of singleton bean 'autoConfigurationReport'
2023-05-20T12:15:03.318+05:30 TRACE 5960 --- [           main] o.s.b.f.s.DefaultListableBeanFactory     : Returning cached instance of singleton bean 'autoConfigurationReport'
2023-05-20T12:15:03.323+05:30 TRACE 5960 --- [           main] o.s.b.a.condition.OnClassCondition       : Condition OnClassCondition on org.springframework.boot.autoconfigure.sql.init.R2dbcInitializationConfiguration did not match due to @ConditionalOnClass did not find required classes 'io.r2dbc.spi.ConnectionFactory', 'org.springframework.r2dbc.connection.init.DatabasePopulator'
2023-05-20T12:15:03.323+05:30 TRACE 5960 --- [           main] o.s.b.f.s.DefaultListableBeanFactory     : Returning cached instance of singleton bean 'autoConfigurationReport'
2023-05-20T12:15:03.324+05:30 TRACE 5960 --- [           main] o.s.b.a.condition.OnClassCondition       : Condition OnClassCondition on org.springframework.boot.autoconfigure.sql.init.DataSourceInitializationConfiguration did not match due to @ConditionalOnClass did not find required class 'org.springframework.jdbc.datasource.init.DatabasePopulator'
2023-05-20T12:15:03.324+05:30 TRACE 5960 --- [           main] o.s.b.f.s.DefaultListableBeanFactory     : Returning cached instance of singleton bean 'autoConfigurationReport'
2023-05-20T12:15:03.324+05:30 TRACE 5960 --- [           main] o.s.b.f.s.DefaultListableBeanFactory     : Returning cached instance of singleton bean 'autoConfigurationReport'
2023-05-20T12:15:03.324+05:30 TRACE 5960 --- [           main] o.s.b.f.s.DefaultListableBeanFactory     : Returning cached instance of singleton bean 'autoConfigurationReport'
2023-05-20T12:15:03.324+05:30 TRACE 5960 --- [           main] o.s.b.f.s.DefaultListableBeanFactory     : Returning cached instance of singleton bean 'autoConfigurationReport'
2023-05-20T12:15:03.325+05:30 TRACE 5960 --- [           main] o.s.b.f.s.DefaultListableBeanFactory     : Returning cached instance of singleton bean 'autoConfigurationReport'
2023-05-20T12:15:03.325+05:30 TRACE 5960 --- [           main] o.s.b.f.s.DefaultListableBeanFactory     : Returning cached instance of singleton bean 'autoConfigurationReport'
2023-05-20T12:15:03.325+05:30 TRACE 5960 --- [           main] o.s.b.f.s.DefaultListableBeanFactory     : Returning cached instance of singleton bean 'autoConfigurationReport'
2023-05-20T12:15:03.326+05:30 TRACE 5960 --- [           main] o.s.b.a.condition.OnClassCondition       : Condition OnClassCondition on org.springframework.boot.autoconfigure.task.TaskSchedulingAutoConfiguration matched due to @ConditionalOnClass found required class 'org.springframework.scheduling.concurrent.ThreadPoolTaskScheduler'
2023-05-20T12:15:03.326+05:30 TRACE 5960 --- [           main] o.s.b.f.s.DefaultListableBeanFactory     : Returning cached instance of singleton bean 'autoConfigurationReport'
2023-05-20T12:15:03.327+05:30 TRACE 5960 --- [           main] o.s.b.f.s.DefaultListableBeanFactory     : Returning cached instance of singleton bean 'autoConfigurationReport'
2023-05-20T12:15:03.327+05:30 TRACE 5960 --- [           main] o.s.b.f.s.DefaultListableBeanFactory     : Returning cached instance of singleton bean 'autoConfigurationReport'
2023-05-20T12:15:03.327+05:30 TRACE 5960 --- [           main] o.s.b.f.s.DefaultListableBeanFactory     : Returning cached instance of singleton bean 'autoConfigurationReport'
2023-05-20T12:15:03.327+05:30 TRACE 5960 --- [           main] o.s.b.f.s.DefaultListableBeanFactory     : Returning cached instance of singleton bean 'autoConfigurationReport'
2023-05-20T12:15:03.327+05:30 TRACE 5960 --- [           main] o.s.b.f.s.DefaultListableBeanFactory     : Returning cached instance of singleton bean 'autoConfigurationReport'
2023-05-20T12:15:03.328+05:30 TRACE 5960 --- [           main] o.s.b.f.s.DefaultListableBeanFactory     : Returning cached instance of singleton bean 'autoConfigurationReport'
2023-05-20T12:15:03.328+05:30 TRACE 5960 --- [           main] o.s.b.f.s.DefaultListableBeanFactory     : Returning cached instance of singleton bean 'autoConfigurationReport'
2023-05-20T12:15:03.328+05:30 TRACE 5960 --- [           main] o.s.b.f.s.DefaultListableBeanFactory     : Returning cached instance of singleton bean 'autoConfigurationReport'
2023-05-20T12:15:03.328+05:30 TRACE 5960 --- [           main] o.s.b.f.s.DefaultListableBeanFactory     : Returning cached instance of singleton bean 'autoConfigurationReport'
2023-05-20T12:15:03.330+05:30 TRACE 5960 --- [           main] o.s.b.a.condition.OnClassCondition       : Condition OnClassCondition on org.springframework.boot.autoconfigure.web.client.RestTemplateAutoConfiguration matched due to @ConditionalOnClass found required class 'org.springframework.web.client.RestTemplate'
2023-05-20T12:15:03.330+05:30 TRACE 5960 --- [           main] o.s.b.f.s.DefaultListableBeanFactory     : Returning cached instance of singleton bean 'autoConfigurationReport'
2023-05-20T12:15:03.332+05:30 TRACE 5960 --- [           main] ation$NotReactiveWebApplicationCondition : Condition RestTemplateAutoConfiguration.NotReactiveWebApplicationCondition on org.springframework.boot.autoconfigure.web.client.RestTemplateAutoConfiguration matched due to NoneNestedConditions 0 matched 1 did not; NestedCondition on RestTemplateAutoConfiguration.NotReactiveWebApplicationCondition.ReactiveWebApplication did not find reactive web application classes
2023-05-20T12:15:03.332+05:30 TRACE 5960 --- [           main] o.s.b.f.s.DefaultListableBeanFactory     : Returning cached instance of singleton bean 'autoConfigurationReport'
2023-05-20T12:15:03.332+05:30 TRACE 5960 --- [           main] o.s.b.f.s.DefaultListableBeanFactory     : Returning cached instance of singleton bean 'autoConfigurationReport'
2023-05-20T12:15:03.333+05:30 TRACE 5960 --- [           main] o.s.b.f.s.DefaultListableBeanFactory     : Returning cached instance of singleton bean 'autoConfigurationReport'
2023-05-20T12:15:03.333+05:30 TRACE 5960 --- [           main] o.s.b.f.s.DefaultListableBeanFactory     : Returning cached instance of singleton bean 'autoConfigurationReport'
2023-05-20T12:15:03.333+05:30 TRACE 5960 --- [           main] o.s.b.f.s.DefaultListableBeanFactory     : Returning cached instance of singleton bean 'autoConfigurationReport'
2023-05-20T12:15:03.333+05:30 TRACE 5960 --- [           main] o.s.b.f.s.DefaultListableBeanFactory     : Returning cached instance of singleton bean 'autoConfigurationReport'
2023-05-20T12:15:03.334+05:30 TRACE 5960 --- [           main] o.s.b.f.s.DefaultListableBeanFactory     : Returning cached instance of singleton bean 'autoConfigurationReport'
2023-05-20T12:15:03.334+05:30 TRACE 5960 --- [           main] o.s.b.f.s.DefaultListableBeanFactory     : Returning cached instance of singleton bean 'autoConfigurationReport'
2023-05-20T12:15:03.334+05:30 TRACE 5960 --- [           main] o.s.b.f.s.DefaultListableBeanFactory     : Returning cached instance of singleton bean 'autoConfigurationReport'
2023-05-20T12:15:03.334+05:30 TRACE 5960 --- [           main] o.s.b.f.s.DefaultListableBeanFactory     : Returning cached instance of singleton bean 'autoConfigurationReport'
2023-05-20T12:15:03.336+05:30 TRACE 5960 --- [           main] o.s.b.a.c.OnWebApplicationCondition      : Condition OnWebApplicationCondition on org.springframework.boot.autoconfigure.web.embedded.EmbeddedWebServerFactoryCustomizerAutoConfiguration matched due to @ConditionalOnWebApplication (required) found 'session' scope
2023-05-20T12:15:03.337+05:30 TRACE 5960 --- [           main] o.s.b.f.s.DefaultListableBeanFactory     : Returning cached instance of singleton bean 'autoConfigurationReport'
2023-05-20T12:15:03.337+05:30 TRACE 5960 --- [           main] o.s.b.a.c.OnWarDeploymentCondition       : Condition OnWarDeploymentCondition on org.springframework.boot.autoconfigure.web.embedded.EmbeddedWebServerFactoryCustomizerAutoConfiguration did not match due to Application is deployed as a WAR file.
2023-05-20T12:15:03.337+05:30 TRACE 5960 --- [           main] o.s.b.f.s.DefaultListableBeanFactory     : Returning cached instance of singleton bean 'autoConfigurationReport'
2023-05-20T12:15:03.337+05:30 TRACE 5960 --- [           main] o.s.b.f.s.DefaultListableBeanFactory     : Returning cached instance of singleton bean 'autoConfigurationReport'
2023-05-20T12:15:03.337+05:30 TRACE 5960 --- [           main] o.s.b.f.s.DefaultListableBeanFactory     : Returning cached instance of singleton bean 'autoConfigurationReport'
2023-05-20T12:15:03.338+05:30 TRACE 5960 --- [           main] o.s.b.f.s.DefaultListableBeanFactory     : Returning cached instance of singleton bean 'autoConfigurationReport'
2023-05-20T12:15:03.338+05:30 TRACE 5960 --- [           main] o.s.b.f.s.DefaultListableBeanFactory     : Returning cached instance of singleton bean 'autoConfigurationReport'
2023-05-20T12:15:03.338+05:30 TRACE 5960 --- [           main] o.s.b.f.s.DefaultListableBeanFactory     : Returning cached instance of singleton bean 'autoConfigurationReport'
2023-05-20T12:15:03.338+05:30 TRACE 5960 --- [           main] o.s.b.f.s.DefaultListableBeanFactory     : Returning cached instance of singleton bean 'autoConfigurationReport'
2023-05-20T12:15:03.339+05:30 TRACE 5960 --- [           main] o.s.b.a.condition.OnClassCondition       : Condition OnClassCondition on org.springframework.boot.autoconfigure.web.servlet.HttpEncodingAutoConfiguration matched due to @ConditionalOnClass found required class 'org.springframework.web.filter.CharacterEncodingFilter'
2023-05-20T12:15:03.340+05:30 TRACE 5960 --- [           main] o.s.b.f.s.DefaultListableBeanFactory     : Returning cached instance of singleton bean 'autoConfigurationReport'
2023-05-20T12:15:03.340+05:30 TRACE 5960 --- [           main] o.s.b.a.c.OnWebApplicationCondition      : Condition OnWebApplicationCondition on org.springframework.boot.autoconfigure.web.servlet.HttpEncodingAutoConfiguration matched due to found 'session' scope
2023-05-20T12:15:03.340+05:30 TRACE 5960 --- [           main] o.s.b.f.s.DefaultListableBeanFactory     : Returning cached instance of singleton bean 'autoConfigurationReport'
2023-05-20T12:15:03.340+05:30 TRACE 5960 --- [           main] o.s.b.a.condition.OnPropertyCondition    : Condition OnPropertyCondition on org.springframework.boot.autoconfigure.web.servlet.HttpEncodingAutoConfiguration matched due to @ConditionalOnProperty (server.servlet.encoding.enabled) matched
2023-05-20T12:15:03.340+05:30 TRACE 5960 --- [           main] o.s.b.f.s.DefaultListableBeanFactory     : Returning cached instance of singleton bean 'autoConfigurationReport'
2023-05-20T12:15:03.340+05:30 TRACE 5960 --- [           main] o.s.b.f.s.DefaultListableBeanFactory     : Returning cached instance of singleton bean 'autoConfigurationReport'
2023-05-20T12:15:03.341+05:30 TRACE 5960 --- [           main] o.s.b.f.s.DefaultListableBeanFactory     : Returning cached instance of singleton bean 'autoConfigurationReport'
2023-05-20T12:15:03.341+05:30 TRACE 5960 --- [           main] o.s.b.f.s.DefaultListableBeanFactory     : Returning cached instance of singleton bean 'autoConfigurationReport'
2023-05-20T12:15:03.342+05:30 TRACE 5960 --- [           main] o.s.b.f.s.DefaultListableBeanFactory     : Returning cached instance of singleton bean 'autoConfigurationReport'
2023-05-20T12:15:03.342+05:30 TRACE 5960 --- [           main] o.s.b.f.s.DefaultListableBeanFactory     : Returning cached instance of singleton bean 'autoConfigurationReport'
2023-05-20T12:15:03.342+05:30 TRACE 5960 --- [           main] o.s.b.f.s.DefaultListableBeanFactory     : Returning cached instance of singleton bean 'autoConfigurationReport'
2023-05-20T12:15:03.342+05:30 TRACE 5960 --- [           main] o.s.b.f.s.DefaultListableBeanFactory     : Returning cached instance of singleton bean 'autoConfigurationReport'
2023-05-20T12:15:03.342+05:30 TRACE 5960 --- [           main] o.s.b.f.s.DefaultListableBeanFactory     : Returning cached instance of singleton bean 'autoConfigurationReport'
2023-05-20T12:15:03.342+05:30 TRACE 5960 --- [           main] o.s.b.f.s.DefaultListableBeanFactory     : Returning cached instance of singleton bean 'autoConfigurationReport'
2023-05-20T12:15:03.344+05:30 TRACE 5960 --- [           main] o.s.b.a.condition.OnClassCondition       : Condition OnClassCondition on org.springframework.boot.autoconfigure.web.servlet.MultipartAutoConfiguration matched due to @ConditionalOnClass found required classes 'jakarta.servlet.Servlet', 'org.springframework.web.multipart.support.StandardServletMultipartResolver', 'jakarta.servlet.MultipartConfigElement'
2023-05-20T12:15:03.344+05:30 TRACE 5960 --- [           main] o.s.b.f.s.DefaultListableBeanFactory     : Returning cached instance of singleton bean 'autoConfigurationReport'
2023-05-20T12:15:03.344+05:30 TRACE 5960 --- [           main] o.s.b.a.c.OnWebApplicationCondition      : Condition OnWebApplicationCondition on org.springframework.boot.autoconfigure.web.servlet.MultipartAutoConfiguration matched due to found 'session' scope
2023-05-20T12:15:03.344+05:30 TRACE 5960 --- [           main] o.s.b.f.s.DefaultListableBeanFactory     : Returning cached instance of singleton bean 'autoConfigurationReport'
2023-05-20T12:15:03.344+05:30 TRACE 5960 --- [           main] o.s.b.a.condition.OnPropertyCondition    : Condition OnPropertyCondition on org.springframework.boot.autoconfigure.web.servlet.MultipartAutoConfiguration matched due to @ConditionalOnProperty (spring.servlet.multipart.enabled) matched
2023-05-20T12:15:03.345+05:30 TRACE 5960 --- [           main] o.s.b.f.s.DefaultListableBeanFactory     : Returning cached instance of singleton bean 'autoConfigurationReport'
2023-05-20T12:15:03.345+05:30 TRACE 5960 --- [           main] o.s.b.f.s.DefaultListableBeanFactory     : Returning cached instance of singleton bean 'autoConfigurationReport'
2023-05-20T12:15:03.345+05:30 TRACE 5960 --- [           main] o.s.b.f.s.DefaultListableBeanFactory     : Returning cached instance of singleton bean 'autoConfigurationReport'
2023-05-20T12:15:03.345+05:30 TRACE 5960 --- [           main] o.s.b.f.s.DefaultListableBeanFactory     : Returning cached instance of singleton bean 'autoConfigurationReport'
2023-05-20T12:15:03.346+05:30 TRACE 5960 --- [           main] o.s.b.f.s.DefaultListableBeanFactory     : Returning cached instance of singleton bean 'autoConfigurationReport'
2023-05-20T12:15:03.346+05:30 TRACE 5960 --- [           main] o.s.b.f.s.DefaultListableBeanFactory     : Returning cached instance of singleton bean 'autoConfigurationReport'
2023-05-20T12:15:03.346+05:30 TRACE 5960 --- [           main] o.s.b.f.s.DefaultListableBeanFactory     : Returning cached instance of singleton bean 'autoConfigurationReport'
2023-05-20T12:15:03.346+05:30 TRACE 5960 --- [           main] o.s.b.f.s.DefaultListableBeanFactory     : Returning cached instance of singleton bean 'autoConfigurationReport'
2023-05-20T12:15:03.346+05:30 TRACE 5960 --- [           main] o.s.b.f.s.DefaultListableBeanFactory     : Returning cached instance of singleton bean 'autoConfigurationReport'
2023-05-20T12:15:03.346+05:30 TRACE 5960 --- [           main] o.s.b.f.s.DefaultListableBeanFactory     : Returning cached instance of singleton bean 'autoConfigurationReport'
2023-05-20T12:15:03.349+05:30 TRACE 5960 --- [           main] o.s.b.d.a.OnEnabledDevToolsCondition     : Condition OnEnabledDevToolsCondition on org.springframework.boot.devtools.autoconfigure.DevToolsDataSourceAutoConfiguration did not match due to Devtools devtools is disabled for current context.
2023-05-20T12:15:03.349+05:30 TRACE 5960 --- [           main] o.s.b.f.s.DefaultListableBeanFactory     : Returning cached instance of singleton bean 'autoConfigurationReport'
2023-05-20T12:15:03.349+05:30 TRACE 5960 --- [           main] o.s.b.f.s.DefaultListableBeanFactory     : Returning cached instance of singleton bean 'autoConfigurationReport'
2023-05-20T12:15:03.349+05:30 TRACE 5960 --- [           main] o.s.b.f.s.DefaultListableBeanFactory     : Returning cached instance of singleton bean 'autoConfigurationReport'
2023-05-20T12:15:03.350+05:30 TRACE 5960 --- [           main] o.s.b.f.s.DefaultListableBeanFactory     : Returning cached instance of singleton bean 'autoConfigurationReport'
2023-05-20T12:15:03.350+05:30 TRACE 5960 --- [           main] o.s.b.f.s.DefaultListableBeanFactory     : Returning cached instance of singleton bean 'autoConfigurationReport'
2023-05-20T12:15:03.350+05:30 TRACE 5960 --- [           main] o.s.b.f.s.DefaultListableBeanFactory     : Returning cached instance of singleton bean 'autoConfigurationReport'
2023-05-20T12:15:03.350+05:30 TRACE 5960 --- [           main] o.s.b.f.s.DefaultListableBeanFactory     : Returning cached instance of singleton bean 'autoConfigurationReport'
2023-05-20T12:15:03.352+05:30 TRACE 5960 --- [           main] .s.b.d.r.OnInitializedRestarterCondition : Condition OnInitializedRestarterCondition on org.springframework.boot.devtools.autoconfigure.LocalDevToolsAutoConfiguration did not match due to Initialized Restarter Condition initialized without URLs
2023-05-20T12:15:03.352+05:30 TRACE 5960 --- [           main] o.s.b.f.s.DefaultListableBeanFactory     : Returning cached instance of singleton bean 'autoConfigurationReport'
2023-05-20T12:15:03.352+05:30 TRACE 5960 --- [           main] o.s.b.f.s.DefaultListableBeanFactory     : Returning cached instance of singleton bean 'autoConfigurationReport'
2023-05-20T12:15:03.353+05:30 TRACE 5960 --- [           main] o.s.b.f.s.DefaultListableBeanFactory     : Returning cached instance of singleton bean 'autoConfigurationReport'
2023-05-20T12:15:03.353+05:30 TRACE 5960 --- [           main] o.s.b.f.s.DefaultListableBeanFactory     : Returning cached instance of singleton bean 'autoConfigurationReport'
2023-05-20T12:15:03.353+05:30 TRACE 5960 --- [           main] o.s.b.f.s.DefaultListableBeanFactory     : Returning cached instance of singleton bean 'autoConfigurationReport'
2023-05-20T12:15:03.353+05:30 TRACE 5960 --- [           main] o.s.b.f.s.DefaultListableBeanFactory     : Returning cached instance of singleton bean 'autoConfigurationReport'
2023-05-20T12:15:03.353+05:30 TRACE 5960 --- [           main] o.s.b.f.s.DefaultListableBeanFactory     : Returning cached instance of singleton bean 'autoConfigurationReport'
2023-05-20T12:15:03.354+05:30 TRACE 5960 --- [           main] o.s.b.a.condition.OnClassCondition       : Condition OnClassCondition on org.springframework.boot.devtools.autoconfigure.RemoteDevToolsAutoConfiguration matched due to @ConditionalOnClass found required classes 'jakarta.servlet.Filter', 'org.springframework.http.server.ServerHttpRequest'
2023-05-20T12:15:03.354+05:30 TRACE 5960 --- [           main] o.s.b.f.s.DefaultListableBeanFactory     : Returning cached instance of singleton bean 'autoConfigurationReport'
2023-05-20T12:15:03.355+05:30 TRACE 5960 --- [           main] o.s.b.a.condition.OnPropertyCondition    : Condition OnPropertyCondition on org.springframework.boot.devtools.autoconfigure.RemoteDevToolsAutoConfiguration did not match due to @ConditionalOnProperty (spring.devtools.remote.secret) did not find property 'secret'
2023-05-20T12:15:03.355+05:30 TRACE 5960 --- [           main] o.s.b.f.s.DefaultListableBeanFactory     : Returning cached instance of singleton bean 'autoConfigurationReport'
2023-05-20T12:15:03.363+05:30 TRACE 5960 --- [           main] a.ConfigurationClassBeanDefinitionReader : Registered bean definition for imported class 'org.springframework.boot.autoconfigure.context.PropertyPlaceholderAutoConfiguration'
2023-05-20T12:15:03.369+05:30 TRACE 5960 --- [           main] o.s.b.a.condition.OnBeanCondition        : Condition OnBeanCondition on org.springframework.boot.autoconfigure.context.PropertyPlaceholderAutoConfiguration#propertySourcesPlaceholderConfigurer matched due to @ConditionalOnMissingBean (types: org.springframework.context.support.PropertySourcesPlaceholderConfigurer; SearchStrategy: current) did not find any beans
2023-05-20T12:15:03.369+05:30 TRACE 5960 --- [           main] o.s.b.f.s.DefaultListableBeanFactory     : Returning cached instance of singleton bean 'autoConfigurationReport'
2023-05-20T12:15:03.371+05:30 TRACE 5960 --- [           main] a.ConfigurationClassBeanDefinitionReader : Registering bean definition for @Bean method org.springframework.boot.autoconfigure.context.PropertyPlaceholderAutoConfiguration.propertySourcesPlaceholderConfigurer()
2023-05-20T12:15:03.372+05:30 TRACE 5960 --- [           main] a.ConfigurationClassBeanDefinitionReader : Registered bean definition for imported class 'org.springframework.boot.autoconfigure.ssl.SslAutoConfiguration'
2023-05-20T12:15:03.373+05:30 TRACE 5960 --- [           main] a.ConfigurationClassBeanDefinitionReader : Registering bean definition for @Bean method org.springframework.boot.autoconfigure.ssl.SslAutoConfiguration.sslPropertiesSslBundleRegistrar()
2023-05-20T12:15:03.381+05:30 TRACE 5960 --- [           main] o.s.b.a.condition.OnBeanCondition        : Condition OnBeanCondition on org.springframework.boot.autoconfigure.ssl.SslAutoConfiguration#sslBundleRegistry matched due to @ConditionalOnMissingBean (types: org.springframework.boot.ssl.SslBundleRegistry,org.springframework.boot.ssl.SslBundles; SearchStrategy: all) did not find any beans
2023-05-20T12:15:03.381+05:30 TRACE 5960 --- [           main] o.s.b.f.s.DefaultListableBeanFactory     : Returning cached instance of singleton bean 'autoConfigurationReport'
2023-05-20T12:15:03.381+05:30 TRACE 5960 --- [           main] a.ConfigurationClassBeanDefinitionReader : Registering bean definition for @Bean method org.springframework.boot.autoconfigure.ssl.SslAutoConfiguration.sslBundleRegistry()
2023-05-20T12:15:03.390+05:30 TRACE 5960 --- [           main] o.s.b.a.condition.OnClassCondition       : Condition OnClassCondition on org.springframework.boot.autoconfigure.websocket.servlet.WebSocketServletAutoConfiguration matched due to @ConditionalOnClass found required classes 'jakarta.servlet.Servlet', 'jakarta.websocket.server.ServerContainer'
2023-05-20T12:15:03.390+05:30 TRACE 5960 --- [           main] o.s.b.f.s.DefaultListableBeanFactory     : Returning cached instance of singleton bean 'autoConfigurationReport'
2023-05-20T12:15:03.390+05:30 TRACE 5960 --- [           main] o.s.b.a.c.OnWebApplicationCondition      : Condition OnWebApplicationCondition on org.springframework.boot.autoconfigure.websocket.servlet.WebSocketServletAutoConfiguration matched due to found 'session' scope
2023-05-20T12:15:03.390+05:30 TRACE 5960 --- [           main] o.s.b.f.s.DefaultListableBeanFactory     : Returning cached instance of singleton bean 'autoConfigurationReport'
2023-05-20T12:15:03.391+05:30 TRACE 5960 --- [           main] o.s.b.a.condition.OnClassCondition       : Condition OnClassCondition on org.springframework.boot.autoconfigure.websocket.servlet.WebSocketServletAutoConfiguration$TomcatWebSocketConfiguration matched due to @ConditionalOnClass found required classes 'org.apache.catalina.startup.Tomcat', 'org.apache.tomcat.websocket.server.WsSci'
2023-05-20T12:15:03.391+05:30 TRACE 5960 --- [           main] o.s.b.f.s.DefaultListableBeanFactory     : Returning cached instance of singleton bean 'autoConfigurationReport'
2023-05-20T12:15:03.391+05:30 TRACE 5960 --- [           main] a.ConfigurationClassBeanDefinitionReader : Registered bean definition for imported class 'org.springframework.boot.autoconfigure.websocket.servlet.WebSocketServletAutoConfiguration$TomcatWebSocketConfiguration'
2023-05-20T12:15:03.392+05:30 TRACE 5960 --- [           main] o.s.b.a.condition.OnBeanCondition        : Condition OnBeanCondition on org.springframework.boot.autoconfigure.websocket.servlet.WebSocketServletAutoConfiguration$TomcatWebSocketConfiguration#websocketServletWebServerCustomizer matched due to @ConditionalOnMissingBean (names: websocketServletWebServerCustomizer; SearchStrategy: all) did not find any beans
2023-05-20T12:15:03.392+05:30 TRACE 5960 --- [           main] o.s.b.f.s.DefaultListableBeanFactory     : Returning cached instance of singleton bean 'autoConfigurationReport'
2023-05-20T12:15:03.392+05:30 TRACE 5960 --- [           main] a.ConfigurationClassBeanDefinitionReader : Registering bean definition for @Bean method org.springframework.boot.autoconfigure.websocket.servlet.WebSocketServletAutoConfiguration$TomcatWebSocketConfiguration.websocketServletWebServerCustomizer()
2023-05-20T12:15:03.393+05:30 TRACE 5960 --- [           main] a.ConfigurationClassBeanDefinitionReader : Registered bean definition for imported class 'org.springframework.boot.autoconfigure.websocket.servlet.WebSocketServletAutoConfiguration'
2023-05-20T12:15:03.394+05:30 TRACE 5960 --- [           main] o.s.b.a.condition.OnClassCondition       : Condition OnClassCondition on org.springframework.boot.autoconfigure.web.servlet.ServletWebServerFactoryAutoConfiguration matched due to @ConditionalOnClass found required class 'jakarta.servlet.ServletRequest'
2023-05-20T12:15:03.394+05:30 TRACE 5960 --- [           main] o.s.b.f.s.DefaultListableBeanFactory     : Returning cached instance of singleton bean 'autoConfigurationReport'
2023-05-20T12:15:03.394+05:30 TRACE 5960 --- [           main] o.s.b.a.c.OnWebApplicationCondition      : Condition OnWebApplicationCondition on org.springframework.boot.autoconfigure.web.servlet.ServletWebServerFactoryAutoConfiguration matched due to found 'session' scope
2023-05-20T12:15:03.394+05:30 TRACE 5960 --- [           main] o.s.b.f.s.DefaultListableBeanFactory     : Returning cached instance of singleton bean 'autoConfigurationReport'
2023-05-20T12:15:03.395+05:30 TRACE 5960 --- [           main] o.s.b.a.condition.OnClassCondition       : Condition OnClassCondition on org.springframework.boot.autoconfigure.web.servlet.ServletWebServerFactoryConfiguration$EmbeddedTomcat matched due to @ConditionalOnClass found required classes 'jakarta.servlet.Servlet', 'org.apache.catalina.startup.Tomcat', 'org.apache.coyote.UpgradeProtocol'
2023-05-20T12:15:03.395+05:30 TRACE 5960 --- [           main] o.s.b.f.s.DefaultListableBeanFactory     : Returning cached instance of singleton bean 'autoConfigurationReport'
2023-05-20T12:15:03.399+05:30 TRACE 5960 --- [           main] o.s.b.a.condition.OnBeanCondition        : Condition OnBeanCondition on org.springframework.boot.autoconfigure.web.servlet.ServletWebServerFactoryConfiguration$EmbeddedTomcat matched due to @ConditionalOnMissingBean (types: org.springframework.boot.web.servlet.server.ServletWebServerFactory; SearchStrategy: current) did not find any beans
2023-05-20T12:15:03.399+05:30 TRACE 5960 --- [           main] o.s.b.f.s.DefaultListableBeanFactory     : Returning cached instance of singleton bean 'autoConfigurationReport'
2023-05-20T12:15:03.400+05:30 TRACE 5960 --- [           main] a.ConfigurationClassBeanDefinitionReader : Registered bean definition for imported class 'org.springframework.boot.autoconfigure.web.servlet.ServletWebServerFactoryConfiguration$EmbeddedTomcat'
2023-05-20T12:15:03.400+05:30 TRACE 5960 --- [           main] a.ConfigurationClassBeanDefinitionReader : Registering bean definition for @Bean method org.springframework.boot.autoconfigure.web.servlet.ServletWebServerFactoryConfiguration$EmbeddedTomcat.tomcatServletWebServerFactory()
2023-05-20T12:15:03.403+05:30 TRACE 5960 --- [           main] a.ConfigurationClassBeanDefinitionReader : Registered bean definition for imported class 'org.springframework.boot.autoconfigure.web.servlet.ServletWebServerFactoryAutoConfiguration'
2023-05-20T12:15:03.403+05:30 TRACE 5960 --- [           main] a.ConfigurationClassBeanDefinitionReader : Registering bean definition for @Bean method org.springframework.boot.autoconfigure.web.servlet.ServletWebServerFactoryAutoConfiguration.servletWebServerFactoryCustomizer()
2023-05-20T12:15:03.403+05:30 TRACE 5960 --- [           main] o.s.b.a.condition.OnClassCondition       : Condition OnClassCondition on org.springframework.boot.autoconfigure.web.servlet.ServletWebServerFactoryAutoConfiguration#tomcatServletWebServerFactoryCustomizer matched due to @ConditionalOnClass found required class 'org.apache.catalina.startup.Tomcat'
2023-05-20T12:15:03.403+05:30 TRACE 5960 --- [           main] o.s.b.f.s.DefaultListableBeanFactory     : Returning cached instance of singleton bean 'autoConfigurationReport'
2023-05-20T12:15:03.404+05:30 TRACE 5960 --- [           main] a.ConfigurationClassBeanDefinitionReader : Registering bean definition for @Bean method org.springframework.boot.autoconfigure.web.servlet.ServletWebServerFactoryAutoConfiguration.tomcatServletWebServerFactoryCustomizer()
2023-05-20T12:15:03.417+05:30 TRACE 5960 --- [           main] o.s.b.a.condition.OnClassCondition       : Condition OnClassCondition on org.springframework.boot.autoconfigure.web.servlet.DispatcherServletAutoConfiguration matched due to @ConditionalOnClass found required class 'org.springframework.web.servlet.DispatcherServlet'
2023-05-20T12:15:03.417+05:30 TRACE 5960 --- [           main] o.s.b.f.s.DefaultListableBeanFactory     : Returning cached instance of singleton bean 'autoConfigurationReport'
2023-05-20T12:15:03.417+05:30 TRACE 5960 --- [           main] o.s.b.a.c.OnWebApplicationCondition      : Condition OnWebApplicationCondition on org.springframework.boot.autoconfigure.web.servlet.DispatcherServletAutoConfiguration matched due to found 'session' scope
2023-05-20T12:15:03.417+05:30 TRACE 5960 --- [           main] o.s.b.f.s.DefaultListableBeanFactory     : Returning cached instance of singleton bean 'autoConfigurationReport'
2023-05-20T12:15:03.417+05:30 TRACE 5960 --- [           main] o.s.b.a.condition.OnClassCondition       : Condition OnClassCondition on org.springframework.boot.autoconfigure.web.servlet.DispatcherServletAutoConfiguration$DispatcherServletRegistrationConfiguration matched due to @ConditionalOnClass found required class 'jakarta.servlet.ServletRegistration'
2023-05-20T12:15:03.417+05:30 TRACE 5960 --- [           main] o.s.b.f.s.DefaultListableBeanFactory     : Returning cached instance of singleton bean 'autoConfigurationReport'
2023-05-20T12:15:03.418+05:30 TRACE 5960 --- [           main] n$DispatcherServletRegistrationCondition : Condition DispatcherServletAutoConfiguration.DispatcherServletRegistrationCondition on org.springframework.boot.autoconfigure.web.servlet.DispatcherServletAutoConfiguration$DispatcherServletRegistrationConfiguration matched due to DispatcherServlet Registration did not find servlet registration bean
2023-05-20T12:15:03.418+05:30 TRACE 5960 --- [           main] o.s.b.f.s.DefaultListableBeanFactory     : Returning cached instance of singleton bean 'autoConfigurationReport'
2023-05-20T12:15:03.418+05:30 TRACE 5960 --- [           main] o.s.b.a.condition.OnClassCondition       : Condition OnClassCondition on org.springframework.boot.autoconfigure.web.servlet.DispatcherServletAutoConfiguration$DispatcherServletConfiguration matched due to @ConditionalOnClass found required class 'jakarta.servlet.ServletRegistration'
2023-05-20T12:15:03.418+05:30 TRACE 5960 --- [           main] o.s.b.f.s.DefaultListableBeanFactory     : Returning cached instance of singleton bean 'autoConfigurationReport'
2023-05-20T12:15:03.419+05:30 TRACE 5960 --- [           main] ration$DefaultDispatcherServletCondition : Condition DispatcherServletAutoConfiguration.DefaultDispatcherServletCondition on org.springframework.boot.autoconfigure.web.servlet.DispatcherServletAutoConfiguration$DispatcherServletConfiguration matched due to Default DispatcherServlet did not find dispatcher servlet beans
2023-05-20T12:15:03.419+05:30 TRACE 5960 --- [           main] o.s.b.f.s.DefaultListableBeanFactory     : Returning cached instance of singleton bean 'autoConfigurationReport'
2023-05-20T12:15:03.420+05:30 TRACE 5960 --- [           main] a.ConfigurationClassBeanDefinitionReader : Registered bean definition for imported class 'org.springframework.boot.autoconfigure.web.servlet.DispatcherServletAutoConfiguration$DispatcherServletConfiguration'
2023-05-20T12:15:03.421+05:30 TRACE 5960 --- [           main] a.ConfigurationClassBeanDefinitionReader : Registering bean definition for @Bean method org.springframework.boot.autoconfigure.web.servlet.DispatcherServletAutoConfiguration$DispatcherServletConfiguration.dispatcherServlet()
2023-05-20T12:15:03.423+05:30 TRACE 5960 --- [           main] o.s.b.a.condition.OnBeanCondition        : Condition OnBeanCondition on org.springframework.boot.autoconfigure.web.servlet.DispatcherServletAutoConfiguration$DispatcherServletConfiguration#multipartResolver did not match due to @ConditionalOnBean (types: org.springframework.web.multipart.MultipartResolver; SearchStrategy: all) did not find any beans of type org.springframework.web.multipart.MultipartResolver
2023-05-20T12:15:03.423+05:30 TRACE 5960 --- [           main] o.s.b.f.s.DefaultListableBeanFactory     : Returning cached instance of singleton bean 'autoConfigurationReport'
2023-05-20T12:15:03.428+05:30 TRACE 5960 --- [           main] a.ConfigurationClassBeanDefinitionReader : Registered bean definition for imported class 'org.springframework.boot.autoconfigure.web.servlet.DispatcherServletAutoConfiguration$DispatcherServletRegistrationConfiguration'
2023-05-20T12:15:03.430+05:30 TRACE 5960 --- [           main] o.s.b.a.condition.OnBeanCondition        : Condition OnBeanCondition on org.springframework.boot.autoconfigure.web.servlet.DispatcherServletAutoConfiguration$DispatcherServletRegistrationConfiguration#dispatcherServletRegistration matched due to @ConditionalOnBean (names: dispatcherServlet types: org.springframework.web.servlet.DispatcherServlet; SearchStrategy: all) found bean 'dispatcherServlet'
2023-05-20T12:15:03.431+05:30 TRACE 5960 --- [           main] o.s.b.f.s.DefaultListableBeanFactory     : Returning cached instance of singleton bean 'autoConfigurationReport'
2023-05-20T12:15:03.431+05:30 TRACE 5960 --- [           main] a.ConfigurationClassBeanDefinitionReader : Registering bean definition for @Bean method org.springframework.boot.autoconfigure.web.servlet.DispatcherServletAutoConfiguration$DispatcherServletRegistrationConfiguration.dispatcherServletRegistration()
2023-05-20T12:15:03.432+05:30 TRACE 5960 --- [           main] a.ConfigurationClassBeanDefinitionReader : Registered bean definition for imported class 'org.springframework.boot.autoconfigure.web.servlet.DispatcherServletAutoConfiguration'
2023-05-20T12:15:03.432+05:30 TRACE 5960 --- [           main] o.s.b.a.condition.OnClassCondition       : Condition OnClassCondition on org.springframework.boot.autoconfigure.task.TaskExecutionAutoConfiguration matched due to @ConditionalOnClass found required class 'org.springframework.scheduling.concurrent.ThreadPoolTaskExecutor'
2023-05-20T12:15:03.432+05:30 TRACE 5960 --- [           main] o.s.b.f.s.DefaultListableBeanFactory     : Returning cached instance of singleton bean 'autoConfigurationReport'
2023-05-20T12:15:03.433+05:30 TRACE 5960 --- [           main] a.ConfigurationClassBeanDefinitionReader : Registered bean definition for imported class 'org.springframework.boot.autoconfigure.task.TaskExecutionAutoConfiguration'
2023-05-20T12:15:03.440+05:30 TRACE 5960 --- [           main] o.s.b.a.condition.OnBeanCondition        : Condition OnBeanCondition on org.springframework.boot.autoconfigure.task.TaskExecutionAutoConfiguration#taskExecutorBuilder matched due to @ConditionalOnMissingBean (types: org.springframework.boot.task.TaskExecutorBuilder; SearchStrategy: all) did not find any beans
2023-05-20T12:15:03.440+05:30 TRACE 5960 --- [           main] o.s.b.f.s.DefaultListableBeanFactory     : Returning cached instance of singleton bean 'autoConfigurationReport'
2023-05-20T12:15:03.440+05:30 TRACE 5960 --- [           main] a.ConfigurationClassBeanDefinitionReader : Registering bean definition for @Bean method org.springframework.boot.autoconfigure.task.TaskExecutionAutoConfiguration.taskExecutorBuilder()
2023-05-20T12:15:03.441+05:30 TRACE 5960 --- [           main] o.s.b.a.condition.OnBeanCondition        : Condition OnBeanCondition on org.springframework.boot.autoconfigure.task.TaskExecutionAutoConfiguration#applicationTaskExecutor matched due to @ConditionalOnMissingBean (types: java.util.concurrent.Executor; SearchStrategy: all) did not find any beans
2023-05-20T12:15:03.441+05:30 TRACE 5960 --- [           main] o.s.b.f.s.DefaultListableBeanFactory     : Returning cached instance of singleton bean 'autoConfigurationReport'
2023-05-20T12:15:03.443+05:30 TRACE 5960 --- [           main] o.s.b.f.s.DefaultListableBeanFactory     : Alias definition 'taskExecutor' registered for name 'applicationTaskExecutor'
2023-05-20T12:15:03.443+05:30 TRACE 5960 --- [           main] a.ConfigurationClassBeanDefinitionReader : Registering bean definition for @Bean method org.springframework.boot.autoconfigure.task.TaskExecutionAutoConfiguration.applicationTaskExecutor()
2023-05-20T12:15:03.444+05:30 TRACE 5960 --- [           main] o.s.b.a.condition.OnClassCondition       : Condition OnClassCondition on org.springframework.boot.autoconfigure.web.servlet.WebMvcAutoConfiguration matched due to @ConditionalOnClass found required classes 'jakarta.servlet.Servlet', 'org.springframework.web.servlet.DispatcherServlet', 'org.springframework.web.servlet.config.annotation.WebMvcConfigurer'
2023-05-20T12:15:03.444+05:30 TRACE 5960 --- [           main] o.s.b.f.s.DefaultListableBeanFactory     : Returning cached instance of singleton bean 'autoConfigurationReport'
2023-05-20T12:15:03.445+05:30 TRACE 5960 --- [           main] o.s.b.a.c.OnWebApplicationCondition      : Condition OnWebApplicationCondition on org.springframework.boot.autoconfigure.web.servlet.WebMvcAutoConfiguration matched due to found 'session' scope
2023-05-20T12:15:03.445+05:30 TRACE 5960 --- [           main] o.s.b.f.s.DefaultListableBeanFactory     : Returning cached instance of singleton bean 'autoConfigurationReport'
2023-05-20T12:15:03.449+05:30 TRACE 5960 --- [           main] o.s.b.a.condition.OnBeanCondition        : Condition OnBeanCondition on org.springframework.boot.autoconfigure.web.servlet.WebMvcAutoConfiguration matched due to @ConditionalOnMissingBean (types: org.springframework.web.servlet.config.annotation.WebMvcConfigurationSupport; SearchStrategy: all) did not find any beans
2023-05-20T12:15:03.449+05:30 TRACE 5960 --- [           main] o.s.b.f.s.DefaultListableBeanFactory     : Returning cached instance of singleton bean 'autoConfigurationReport'
2023-05-20T12:15:03.450+05:30 TRACE 5960 --- [           main] a.ConfigurationClassBeanDefinitionReader : Registered bean definition for imported class 'org.springframework.boot.autoconfigure.web.servlet.WebMvcAutoConfiguration$EnableWebMvcConfiguration'
2023-05-20T12:15:03.450+05:30 TRACE 5960 --- [           main] a.ConfigurationClassBeanDefinitionReader : Registering bean definition for @Bean method org.springframework.boot.autoconfigure.web.servlet.WebMvcAutoConfiguration$EnableWebMvcConfiguration.requestMappingHandlerAdapter()
2023-05-20T12:15:03.450+05:30 TRACE 5960 --- [           main] a.ConfigurationClassBeanDefinitionReader : Registering bean definition for @Bean method org.springframework.boot.autoconfigure.web.servlet.WebMvcAutoConfiguration$EnableWebMvcConfiguration.welcomePageHandlerMapping()
2023-05-20T12:15:03.450+05:30 TRACE 5960 --- [           main] a.ConfigurationClassBeanDefinitionReader : Registering bean definition for @Bean method org.springframework.boot.autoconfigure.web.servlet.WebMvcAutoConfiguration$EnableWebMvcConfiguration.welcomePageNotAcceptableHandlerMapping()
2023-05-20T12:15:03.451+05:30 TRACE 5960 --- [           main] o.s.b.a.condition.OnBeanCondition        : Condition OnBeanCondition on org.springframework.boot.autoconfigure.web.servlet.WebMvcAutoConfiguration$EnableWebMvcConfiguration#localeResolver matched due to @ConditionalOnMissingBean (names: localeResolver; SearchStrategy: all) did not find any beans
2023-05-20T12:15:03.451+05:30 TRACE 5960 --- [           main] o.s.b.f.s.DefaultListableBeanFactory     : Returning cached instance of singleton bean 'autoConfigurationReport'
2023-05-20T12:15:03.451+05:30 TRACE 5960 --- [           main] a.ConfigurationClassBeanDefinitionReader : Registering bean definition for @Bean method org.springframework.boot.autoconfigure.web.servlet.WebMvcAutoConfiguration$EnableWebMvcConfiguration.localeResolver()
2023-05-20T12:15:03.451+05:30 TRACE 5960 --- [           main] o.s.b.a.condition.OnBeanCondition        : Condition OnBeanCondition on org.springframework.boot.autoconfigure.web.servlet.WebMvcAutoConfiguration$EnableWebMvcConfiguration#themeResolver matched due to @ConditionalOnMissingBean (names: themeResolver; SearchStrategy: all) did not find any beans
2023-05-20T12:15:03.452+05:30 TRACE 5960 --- [           main] o.s.b.f.s.DefaultListableBeanFactory     : Returning cached instance of singleton bean 'autoConfigurationReport'
2023-05-20T12:15:03.452+05:30 TRACE 5960 --- [           main] a.ConfigurationClassBeanDefinitionReader : Registering bean definition for @Bean method org.springframework.boot.autoconfigure.web.servlet.WebMvcAutoConfiguration$EnableWebMvcConfiguration.themeResolver()
2023-05-20T12:15:03.452+05:30 TRACE 5960 --- [           main] o.s.b.a.condition.OnBeanCondition        : Condition OnBeanCondition on org.springframework.boot.autoconfigure.web.servlet.WebMvcAutoConfiguration$EnableWebMvcConfiguration#flashMapManager matched due to @ConditionalOnMissingBean (names: flashMapManager; SearchStrategy: all) did not find any beans
2023-05-20T12:15:03.452+05:30 TRACE 5960 --- [           main] o.s.b.f.s.DefaultListableBeanFactory     : Returning cached instance of singleton bean 'autoConfigurationReport'
2023-05-20T12:15:03.452+05:30 TRACE 5960 --- [           main] a.ConfigurationClassBeanDefinitionReader : Registering bean definition for @Bean method org.springframework.boot.autoconfigure.web.servlet.WebMvcAutoConfiguration$EnableWebMvcConfiguration.flashMapManager()
2023-05-20T12:15:03.452+05:30 TRACE 5960 --- [           main] a.ConfigurationClassBeanDefinitionReader : Registering bean definition for @Bean method org.springframework.boot.autoconfigure.web.servlet.WebMvcAutoConfiguration$EnableWebMvcConfiguration.mvcConversionService()
2023-05-20T12:15:03.453+05:30 TRACE 5960 --- [           main] a.ConfigurationClassBeanDefinitionReader : Registering bean definition for @Bean method org.springframework.boot.autoconfigure.web.servlet.WebMvcAutoConfiguration$EnableWebMvcConfiguration.mvcValidator()
2023-05-20T12:15:03.453+05:30 TRACE 5960 --- [           main] a.ConfigurationClassBeanDefinitionReader : Registering bean definition for @Bean method org.springframework.boot.autoconfigure.web.servlet.WebMvcAutoConfiguration$EnableWebMvcConfiguration.mvcContentNegotiationManager()
2023-05-20T12:15:03.453+05:30 TRACE 5960 --- [           main] a.ConfigurationClassBeanDefinitionReader : Registering bean definition for @Bean method org.springframework.boot.autoconfigure.web.servlet.WebMvcAutoConfiguration$EnableWebMvcConfiguration.requestMappingHandlerMapping()
2023-05-20T12:15:03.453+05:30 TRACE 5960 --- [           main] a.ConfigurationClassBeanDefinitionReader : Registering bean definition for @Bean method org.springframework.boot.autoconfigure.web.servlet.WebMvcAutoConfiguration$EnableWebMvcConfiguration.mvcPatternParser()
2023-05-20T12:15:03.453+05:30 TRACE 5960 --- [           main] a.ConfigurationClassBeanDefinitionReader : Registering bean definition for @Bean method org.springframework.boot.autoconfigure.web.servlet.WebMvcAutoConfiguration$EnableWebMvcConfiguration.mvcUrlPathHelper()
2023-05-20T12:15:03.453+05:30 TRACE 5960 --- [           main] a.ConfigurationClassBeanDefinitionReader : Registering bean definition for @Bean method org.springframework.boot.autoconfigure.web.servlet.WebMvcAutoConfiguration$EnableWebMvcConfiguration.mvcPathMatcher()
2023-05-20T12:15:03.454+05:30 TRACE 5960 --- [           main] a.ConfigurationClassBeanDefinitionReader : Registering bean definition for @Bean method org.springframework.boot.autoconfigure.web.servlet.WebMvcAutoConfiguration$EnableWebMvcConfiguration.viewControllerHandlerMapping()
2023-05-20T12:15:03.454+05:30 TRACE 5960 --- [           main] a.ConfigurationClassBeanDefinitionReader : Registering bean definition for @Bean method org.springframework.boot.autoconfigure.web.servlet.WebMvcAutoConfiguration$EnableWebMvcConfiguration.beanNameHandlerMapping()
2023-05-20T12:15:03.454+05:30 TRACE 5960 --- [           main] a.ConfigurationClassBeanDefinitionReader : Registering bean definition for @Bean method org.springframework.boot.autoconfigure.web.servlet.WebMvcAutoConfiguration$EnableWebMvcConfiguration.routerFunctionMapping()
2023-05-20T12:15:03.454+05:30 TRACE 5960 --- [           main] a.ConfigurationClassBeanDefinitionReader : Registering bean definition for @Bean method org.springframework.boot.autoconfigure.web.servlet.WebMvcAutoConfiguration$EnableWebMvcConfiguration.resourceHandlerMapping()
2023-05-20T12:15:03.454+05:30 TRACE 5960 --- [           main] a.ConfigurationClassBeanDefinitionReader : Registering bean definition for @Bean method org.springframework.boot.autoconfigure.web.servlet.WebMvcAutoConfiguration$EnableWebMvcConfiguration.mvcResourceUrlProvider()
2023-05-20T12:15:03.454+05:30 TRACE 5960 --- [           main] a.ConfigurationClassBeanDefinitionReader : Registering bean definition for @Bean method org.springframework.boot.autoconfigure.web.servlet.WebMvcAutoConfiguration$EnableWebMvcConfiguration.defaultServletHandlerMapping()
2023-05-20T12:15:03.454+05:30 TRACE 5960 --- [           main] a.ConfigurationClassBeanDefinitionReader : Registering bean definition for @Bean method org.springframework.boot.autoconfigure.web.servlet.WebMvcAutoConfiguration$EnableWebMvcConfiguration.handlerFunctionAdapter()
2023-05-20T12:15:03.455+05:30 TRACE 5960 --- [           main] a.ConfigurationClassBeanDefinitionReader : Registering bean definition for @Bean method org.springframework.boot.autoconfigure.web.servlet.WebMvcAutoConfiguration$EnableWebMvcConfiguration.mvcUriComponentsContributor()
2023-05-20T12:15:03.455+05:30 TRACE 5960 --- [           main] a.ConfigurationClassBeanDefinitionReader : Registering bean definition for @Bean method org.springframework.boot.autoconfigure.web.servlet.WebMvcAutoConfiguration$EnableWebMvcConfiguration.httpRequestHandlerAdapter()
2023-05-20T12:15:03.455+05:30 TRACE 5960 --- [           main] a.ConfigurationClassBeanDefinitionReader : Registering bean definition for @Bean method org.springframework.boot.autoconfigure.web.servlet.WebMvcAutoConfiguration$EnableWebMvcConfiguration.simpleControllerHandlerAdapter()
2023-05-20T12:15:03.455+05:30 TRACE 5960 --- [           main] a.ConfigurationClassBeanDefinitionReader : Registering bean definition for @Bean method org.springframework.boot.autoconfigure.web.servlet.WebMvcAutoConfiguration$EnableWebMvcConfiguration.handlerExceptionResolver()
2023-05-20T12:15:03.455+05:30 TRACE 5960 --- [           main] a.ConfigurationClassBeanDefinitionReader : Registering bean definition for @Bean method org.springframework.boot.autoconfigure.web.servlet.WebMvcAutoConfiguration$EnableWebMvcConfiguration.mvcViewResolver()
2023-05-20T12:15:03.455+05:30 TRACE 5960 --- [           main] a.ConfigurationClassBeanDefinitionReader : Registering bean definition for @Bean method org.springframework.boot.autoconfigure.web.servlet.WebMvcAutoConfiguration$EnableWebMvcConfiguration.mvcHandlerMappingIntrospector()
2023-05-20T12:15:03.456+05:30 TRACE 5960 --- [           main] a.ConfigurationClassBeanDefinitionReader : Registering bean definition for @Bean method org.springframework.boot.autoconfigure.web.servlet.WebMvcAutoConfiguration$EnableWebMvcConfiguration.viewNameTranslator()
2023-05-20T12:15:03.466+05:30 TRACE 5960 --- [           main] a.ConfigurationClassBeanDefinitionReader : Registered bean definition for imported class 'org.springframework.boot.autoconfigure.web.servlet.WebMvcAutoConfiguration$WebMvcAutoConfigurationAdapter'
2023-05-20T12:15:03.513+05:30 TRACE 5960 --- [           main] o.s.b.a.condition.OnBeanCondition        : Condition OnBeanCondition on org.springframework.boot.autoconfigure.web.servlet.WebMvcAutoConfiguration$WebMvcAutoConfigurationAdapter#defaultViewResolver matched due to @ConditionalOnMissingBean (types: org.springframework.web.servlet.view.InternalResourceViewResolver; SearchStrategy: all) did not find any beans
2023-05-20T12:15:03.513+05:30 TRACE 5960 --- [           main] o.s.b.f.s.DefaultListableBeanFactory     : Returning cached instance of singleton bean 'autoConfigurationReport'
2023-05-20T12:15:03.513+05:30 TRACE 5960 --- [           main] a.ConfigurationClassBeanDefinitionReader : Registering bean definition for @Bean method org.springframework.boot.autoconfigure.web.servlet.WebMvcAutoConfiguration$WebMvcAutoConfigurationAdapter.defaultViewResolver()
2023-05-20T12:15:03.518+05:30 TRACE 5960 --- [           main] o.s.b.a.condition.OnBeanCondition        : Condition OnBeanCondition on org.springframework.boot.autoconfigure.web.servlet.WebMvcAutoConfiguration$WebMvcAutoConfigurationAdapter#beanNameViewResolver did not match due to @ConditionalOnBean (types: org.springframework.web.servlet.View; SearchStrategy: all) did not find any beans of type org.springframework.web.servlet.View
2023-05-20T12:15:03.518+05:30 TRACE 5960 --- [           main] o.s.b.f.s.DefaultListableBeanFactory     : Returning cached instance of singleton bean 'autoConfigurationReport'
2023-05-20T12:15:03.519+05:30 TRACE 5960 --- [           main] o.s.b.a.condition.OnBeanCondition        : Condition OnBeanCondition on org.springframework.boot.autoconfigure.web.servlet.WebMvcAutoConfiguration$WebMvcAutoConfigurationAdapter#viewResolver matched due to @ConditionalOnBean (types: org.springframework.web.servlet.ViewResolver; SearchStrategy: all) found beans 'defaultViewResolver', 'mvcViewResolver'; @ConditionalOnMissingBean (names: viewResolver types: org.springframework.web.servlet.view.ContentNegotiatingViewResolver; SearchStrategy: all) did not find any beans
2023-05-20T12:15:03.519+05:30 TRACE 5960 --- [           main] o.s.b.f.s.DefaultListableBeanFactory     : Returning cached instance of singleton bean 'autoConfigurationReport'
2023-05-20T12:15:03.519+05:30 TRACE 5960 --- [           main] o.s.b.a.condition.OnBeanCondition        : Condition OnBeanCondition on org.springframework.boot.autoconfigure.web.servlet.WebMvcAutoConfiguration$WebMvcAutoConfigurationAdapter#viewResolver matched due to @ConditionalOnBean (types: org.springframework.web.servlet.ViewResolver; SearchStrategy: all) found beans 'defaultViewResolver', 'mvcViewResolver'; @ConditionalOnMissingBean (names: viewResolver types: org.springframework.web.servlet.view.ContentNegotiatingViewResolver; SearchStrategy: all) did not find any beans
2023-05-20T12:15:03.519+05:30 TRACE 5960 --- [           main] o.s.b.f.s.DefaultListableBeanFactory     : Returning cached instance of singleton bean 'autoConfigurationReport'
2023-05-20T12:15:03.519+05:30 TRACE 5960 --- [           main] a.ConfigurationClassBeanDefinitionReader : Registering bean definition for @Bean method org.springframework.boot.autoconfigure.web.servlet.WebMvcAutoConfiguration$WebMvcAutoConfigurationAdapter.viewResolver()
2023-05-20T12:15:03.522+05:30 TRACE 5960 --- [           main] o.s.b.a.condition.OnBeanCondition        : Condition OnBeanCondition on org.springframework.boot.autoconfigure.web.servlet.WebMvcAutoConfiguration$WebMvcAutoConfigurationAdapter#requestContextFilter matched due to @ConditionalOnMissingBean (types: org.springframework.web.context.request.RequestContextListener,org.springframework.web.filter.RequestContextFilter; SearchStrategy: all) did not find any beans
2023-05-20T12:15:03.522+05:30 TRACE 5960 --- [           main] o.s.b.f.s.DefaultListableBeanFactory     : Returning cached instance of singleton bean 'autoConfigurationReport'
2023-05-20T12:15:03.523+05:30 TRACE 5960 --- [           main] o.s.b.a.condition.OnBeanCondition        : Condition OnBeanCondition on org.springframework.boot.autoconfigure.web.servlet.WebMvcAutoConfiguration$WebMvcAutoConfigurationAdapter#requestContextFilter matched due to @ConditionalOnMissingBean (types: org.springframework.web.context.request.RequestContextListener,org.springframework.web.filter.RequestContextFilter; SearchStrategy: all) did not find any beans
2023-05-20T12:15:03.524+05:30 TRACE 5960 --- [           main] o.s.b.f.s.DefaultListableBeanFactory     : Returning cached instance of singleton bean 'autoConfigurationReport'
2023-05-20T12:15:03.524+05:30 TRACE 5960 --- [           main] a.ConfigurationClassBeanDefinitionReader : Registering bean definition for @Bean method org.springframework.boot.autoconfigure.web.servlet.WebMvcAutoConfiguration$WebMvcAutoConfigurationAdapter.requestContextFilter()
2023-05-20T12:15:03.526+05:30 TRACE 5960 --- [           main] a.ConfigurationClassBeanDefinitionReader : Registered bean definition for imported class 'org.springframework.boot.autoconfigure.web.servlet.WebMvcAutoConfiguration'
2023-05-20T12:15:03.527+05:30 TRACE 5960 --- [           main] o.s.b.a.condition.OnPropertyCondition    : Condition OnPropertyCondition on org.springframework.boot.autoconfigure.web.servlet.WebMvcAutoConfiguration#hiddenHttpMethodFilter did not match due to @ConditionalOnProperty (spring.mvc.hiddenmethod.filter.enabled) did not find property 'enabled'
2023-05-20T12:15:03.527+05:30 TRACE 5960 --- [           main] o.s.b.f.s.DefaultListableBeanFactory     : Returning cached instance of singleton bean 'autoConfigurationReport'
2023-05-20T12:15:03.527+05:30 TRACE 5960 --- [           main] o.s.b.a.condition.OnPropertyCondition    : Condition OnPropertyCondition on org.springframework.boot.autoconfigure.web.servlet.WebMvcAutoConfiguration#formContentFilter matched due to @ConditionalOnProperty (spring.mvc.formcontent.filter.enabled) matched
2023-05-20T12:15:03.527+05:30 TRACE 5960 --- [           main] o.s.b.f.s.DefaultListableBeanFactory     : Returning cached instance of singleton bean 'autoConfigurationReport'
2023-05-20T12:15:03.531+05:30 TRACE 5960 --- [           main] o.s.b.a.condition.OnBeanCondition        : Condition OnBeanCondition on org.springframework.boot.autoconfigure.web.servlet.WebMvcAutoConfiguration#formContentFilter matched due to @ConditionalOnMissingBean (types: org.springframework.web.filter.FormContentFilter; SearchStrategy: all) did not find any beans
2023-05-20T12:15:03.531+05:30 TRACE 5960 --- [           main] o.s.b.f.s.DefaultListableBeanFactory     : Returning cached instance of singleton bean 'autoConfigurationReport'
2023-05-20T12:15:03.531+05:30 TRACE 5960 --- [           main] a.ConfigurationClassBeanDefinitionReader : Registering bean definition for @Bean method org.springframework.boot.autoconfigure.web.servlet.WebMvcAutoConfiguration.formContentFilter()
2023-05-20T12:15:03.532+05:30 TRACE 5960 --- [           main] o.s.b.a.condition.OnPropertyCondition    : Condition OnPropertyCondition on org.springframework.boot.autoconfigure.aop.AopAutoConfiguration matched due to @ConditionalOnProperty (spring.aop.auto=true) matched
2023-05-20T12:15:03.532+05:30 TRACE 5960 --- [           main] o.s.b.f.s.DefaultListableBeanFactory     : Returning cached instance of singleton bean 'autoConfigurationReport'
2023-05-20T12:15:03.533+05:30 TRACE 5960 --- [           main] o.s.b.a.condition.OnClassCondition       : Condition OnClassCondition on org.springframework.boot.autoconfigure.aop.AopAutoConfiguration$ClassProxyingConfiguration matched due to @ConditionalOnMissingClass did not find unwanted class 'org.aspectj.weaver.Advice'
2023-05-20T12:15:03.533+05:30 TRACE 5960 --- [           main] o.s.b.f.s.DefaultListableBeanFactory     : Returning cached instance of singleton bean 'autoConfigurationReport'
2023-05-20T12:15:03.533+05:30 TRACE 5960 --- [           main] o.s.b.a.condition.OnPropertyCondition    : Condition OnPropertyCondition on org.springframework.boot.autoconfigure.aop.AopAutoConfiguration$ClassProxyingConfiguration matched due to @ConditionalOnProperty (spring.aop.proxy-target-class=true) matched
2023-05-20T12:15:03.533+05:30 TRACE 5960 --- [           main] o.s.b.f.s.DefaultListableBeanFactory     : Returning cached instance of singleton bean 'autoConfigurationReport'
2023-05-20T12:15:03.534+05:30 TRACE 5960 --- [           main] a.ConfigurationClassBeanDefinitionReader : Registered bean definition for imported class 'org.springframework.boot.autoconfigure.aop.AopAutoConfiguration$ClassProxyingConfiguration'
2023-05-20T12:15:03.534+05:30 TRACE 5960 --- [           main] a.ConfigurationClassBeanDefinitionReader : Registering bean definition for @Bean method org.springframework.boot.autoconfigure.aop.AopAutoConfiguration$ClassProxyingConfiguration.forceAutoProxyCreatorToUseClassProxying()
2023-05-20T12:15:03.534+05:30 TRACE 5960 --- [           main] a.ConfigurationClassBeanDefinitionReader : Registered bean definition for imported class 'org.springframework.boot.autoconfigure.aop.AopAutoConfiguration'
2023-05-20T12:15:03.534+05:30 TRACE 5960 --- [           main] a.ConfigurationClassBeanDefinitionReader : Registered bean definition for imported class 'org.springframework.boot.autoconfigure.availability.ApplicationAvailabilityAutoConfiguration'
2023-05-20T12:15:03.540+05:30 TRACE 5960 --- [           main] o.s.b.a.condition.OnBeanCondition        : Condition OnBeanCondition on org.springframework.boot.autoconfigure.availability.ApplicationAvailabilityAutoConfiguration#applicationAvailability matched due to @ConditionalOnMissingBean (types: org.springframework.boot.availability.ApplicationAvailability; SearchStrategy: all) did not find any beans
2023-05-20T12:15:03.540+05:30 TRACE 5960 --- [           main] o.s.b.f.s.DefaultListableBeanFactory     : Returning cached instance of singleton bean 'autoConfigurationReport'
2023-05-20T12:15:03.540+05:30 TRACE 5960 --- [           main] a.ConfigurationClassBeanDefinitionReader : Registering bean definition for @Bean method org.springframework.boot.autoconfigure.availability.ApplicationAvailabilityAutoConfiguration.applicationAvailability()
2023-05-20T12:15:03.540+05:30 TRACE 5960 --- [           main] o.s.b.a.condition.OnClassCondition       : Condition OnClassCondition on org.springframework.boot.autoconfigure.jackson.JacksonAutoConfiguration matched due to @ConditionalOnClass found required class 'com.fasterxml.jackson.databind.ObjectMapper'
2023-05-20T12:15:03.540+05:30 TRACE 5960 --- [           main] o.s.b.f.s.DefaultListableBeanFactory     : Returning cached instance of singleton bean 'autoConfigurationReport'
2023-05-20T12:15:03.541+05:30 TRACE 5960 --- [           main] o.s.b.a.condition.OnClassCondition       : Condition OnClassCondition on org.springframework.boot.autoconfigure.jackson.JacksonAutoConfiguration$Jackson2ObjectMapperBuilderCustomizerConfiguration matched due to @ConditionalOnClass found required class 'org.springframework.http.converter.json.Jackson2ObjectMapperBuilder'
2023-05-20T12:15:03.541+05:30 TRACE 5960 --- [           main] o.s.b.f.s.DefaultListableBeanFactory     : Returning cached instance of singleton bean 'autoConfigurationReport'
2023-05-20T12:15:03.541+05:30 TRACE 5960 --- [           main] a.ConfigurationClassBeanDefinitionReader : Registered bean definition for imported class 'org.springframework.boot.autoconfigure.jackson.JacksonAutoConfiguration$Jackson2ObjectMapperBuilderCustomizerConfiguration'
2023-05-20T12:15:03.541+05:30 TRACE 5960 --- [           main] a.ConfigurationClassBeanDefinitionReader : Registering bean definition for @Bean method org.springframework.boot.autoconfigure.jackson.JacksonAutoConfiguration$Jackson2ObjectMapperBuilderCustomizerConfiguration.standardJacksonObjectMapperBuilderCustomizer()
2023-05-20T12:15:03.543+05:30 TRACE 5960 --- [           main] o.s.b.a.condition.OnClassCondition       : Condition OnClassCondition on org.springframework.boot.autoconfigure.jackson.JacksonAutoConfiguration$JacksonObjectMapperBuilderConfiguration matched due to @ConditionalOnClass found required class 'org.springframework.http.converter.json.Jackson2ObjectMapperBuilder'
2023-05-20T12:15:03.543+05:30 TRACE 5960 --- [           main] o.s.b.f.s.DefaultListableBeanFactory     : Returning cached instance of singleton bean 'autoConfigurationReport'
2023-05-20T12:15:03.543+05:30 TRACE 5960 --- [           main] a.ConfigurationClassBeanDefinitionReader : Registered bean definition for imported class 'org.springframework.boot.autoconfigure.jackson.JacksonAutoConfiguration$JacksonObjectMapperBuilderConfiguration'
2023-05-20T12:15:03.546+05:30 TRACE 5960 --- [           main] o.s.b.a.condition.OnBeanCondition        : Condition OnBeanCondition on org.springframework.boot.autoconfigure.jackson.JacksonAutoConfiguration$JacksonObjectMapperBuilderConfiguration#jacksonObjectMapperBuilder matched due to @ConditionalOnMissingBean (types: org.springframework.http.converter.json.Jackson2ObjectMapperBuilder; SearchStrategy: all) did not find any beans
2023-05-20T12:15:03.546+05:30 TRACE 5960 --- [           main] o.s.b.f.s.DefaultListableBeanFactory     : Returning cached instance of singleton bean 'autoConfigurationReport'
2023-05-20T12:15:03.546+05:30 TRACE 5960 --- [           main] a.ConfigurationClassBeanDefinitionReader : Registering bean definition for @Bean method org.springframework.boot.autoconfigure.jackson.JacksonAutoConfiguration$JacksonObjectMapperBuilderConfiguration.jacksonObjectMapperBuilder()
2023-05-20T12:15:03.547+05:30 TRACE 5960 --- [           main] o.s.b.a.condition.OnClassCondition       : Condition OnClassCondition on org.springframework.boot.autoconfigure.jackson.JacksonAutoConfiguration$ParameterNamesModuleConfiguration matched due to @ConditionalOnClass found required class 'com.fasterxml.jackson.module.paramnames.ParameterNamesModule'
2023-05-20T12:15:03.547+05:30 TRACE 5960 --- [           main] o.s.b.f.s.DefaultListableBeanFactory     : Returning cached instance of singleton bean 'autoConfigurationReport'
2023-05-20T12:15:03.547+05:30 TRACE 5960 --- [           main] a.ConfigurationClassBeanDefinitionReader : Registered bean definition for imported class 'org.springframework.boot.autoconfigure.jackson.JacksonAutoConfiguration$ParameterNamesModuleConfiguration'
2023-05-20T12:15:03.549+05:30 TRACE 5960 --- [           main] o.s.b.a.condition.OnBeanCondition        : Condition OnBeanCondition on org.springframework.boot.autoconfigure.jackson.JacksonAutoConfiguration$ParameterNamesModuleConfiguration#parameterNamesModule matched due to @ConditionalOnMissingBean (types: com.fasterxml.jackson.module.paramnames.ParameterNamesModule; SearchStrategy: all) did not find any beans
2023-05-20T12:15:03.549+05:30 TRACE 5960 --- [           main] o.s.b.f.s.DefaultListableBeanFactory     : Returning cached instance of singleton bean 'autoConfigurationReport'
2023-05-20T12:15:03.549+05:30 TRACE 5960 --- [           main] a.ConfigurationClassBeanDefinitionReader : Registering bean definition for @Bean method org.springframework.boot.autoconfigure.jackson.JacksonAutoConfiguration$ParameterNamesModuleConfiguration.parameterNamesModule()
2023-05-20T12:15:03.550+05:30 TRACE 5960 --- [           main] o.s.b.a.condition.OnClassCondition       : Condition OnClassCondition on org.springframework.boot.autoconfigure.jackson.JacksonAutoConfiguration$JacksonObjectMapperConfiguration matched due to @ConditionalOnClass found required class 'org.springframework.http.converter.json.Jackson2ObjectMapperBuilder'
2023-05-20T12:15:03.550+05:30 TRACE 5960 --- [           main] o.s.b.f.s.DefaultListableBeanFactory     : Returning cached instance of singleton bean 'autoConfigurationReport'
2023-05-20T12:15:03.550+05:30 TRACE 5960 --- [           main] a.ConfigurationClassBeanDefinitionReader : Registered bean definition for imported class 'org.springframework.boot.autoconfigure.jackson.JacksonAutoConfiguration$JacksonObjectMapperConfiguration'
2023-05-20T12:15:03.551+05:30 TRACE 5960 --- [           main] o.s.b.a.condition.OnBeanCondition        : Condition OnBeanCondition on org.springframework.boot.autoconfigure.jackson.JacksonAutoConfiguration$JacksonObjectMapperConfiguration#jacksonObjectMapper matched due to @ConditionalOnMissingBean (types: com.fasterxml.jackson.databind.ObjectMapper; SearchStrategy: all) did not find any beans
2023-05-20T12:15:03.551+05:30 TRACE 5960 --- [           main] o.s.b.f.s.DefaultListableBeanFactory     : Returning cached instance of singleton bean 'autoConfigurationReport'
2023-05-20T12:15:03.551+05:30 TRACE 5960 --- [           main] a.ConfigurationClassBeanDefinitionReader : Registering bean definition for @Bean method org.springframework.boot.autoconfigure.jackson.JacksonAutoConfiguration$JacksonObjectMapperConfiguration.jacksonObjectMapper()
2023-05-20T12:15:03.551+05:30 TRACE 5960 --- [           main] a.ConfigurationClassBeanDefinitionReader : Registered bean definition for imported class 'org.springframework.boot.autoconfigure.jackson.JacksonAutoConfiguration$JacksonMixinConfiguration'
2023-05-20T12:15:03.551+05:30 TRACE 5960 --- [           main] a.ConfigurationClassBeanDefinitionReader : Registering bean definition for @Bean method org.springframework.boot.autoconfigure.jackson.JacksonAutoConfiguration$JacksonMixinConfiguration.jsonMixinModuleEntries()
2023-05-20T12:15:03.552+05:30 TRACE 5960 --- [           main] a.ConfigurationClassBeanDefinitionReader : Registering bean definition for @Bean method org.springframework.boot.autoconfigure.jackson.JacksonAutoConfiguration$JacksonMixinConfiguration.jsonMixinModule()
2023-05-20T12:15:03.552+05:30 TRACE 5960 --- [           main] a.ConfigurationClassBeanDefinitionReader : Registered bean definition for imported class 'org.springframework.boot.autoconfigure.jackson.JacksonAutoConfiguration'
2023-05-20T12:15:03.552+05:30 TRACE 5960 --- [           main] a.ConfigurationClassBeanDefinitionReader : Registering bean definition for @Bean method org.springframework.boot.autoconfigure.jackson.JacksonAutoConfiguration.jsonComponentModule()
2023-05-20T12:15:03.553+05:30 TRACE 5960 --- [           main] o.s.b.a.condition.OnClassCondition       : Condition OnClassCondition on org.springframework.boot.autoconfigure.cache.CacheAutoConfiguration matched due to @ConditionalOnClass found required class 'org.springframework.cache.CacheManager'
2023-05-20T12:15:03.553+05:30 TRACE 5960 --- [           main] o.s.b.f.s.DefaultListableBeanFactory     : Returning cached instance of singleton bean 'autoConfigurationReport'
2023-05-20T12:15:03.557+05:30 TRACE 5960 --- [           main] o.s.b.a.condition.OnBeanCondition        : Condition OnBeanCondition on org.springframework.boot.autoconfigure.cache.CacheAutoConfiguration did not match due to @ConditionalOnBean (types: org.springframework.cache.interceptor.CacheAspectSupport; SearchStrategy: all) did not find any beans of type org.springframework.cache.interceptor.CacheAspectSupport
2023-05-20T12:15:03.558+05:30 TRACE 5960 --- [           main] o.s.b.f.s.DefaultListableBeanFactory     : Returning cached instance of singleton bean 'autoConfigurationReport'
2023-05-20T12:15:03.559+05:30 TRACE 5960 --- [           main] a.ConfigurationClassBeanDefinitionReader : Registered bean definition for imported class 'org.springframework.boot.autoconfigure.context.ConfigurationPropertiesAutoConfiguration'
2023-05-20T12:15:03.559+05:30 TRACE 5960 --- [           main] a.ConfigurationClassBeanDefinitionReader : Registered bean definition for imported class 'org.springframework.boot.autoconfigure.context.LifecycleAutoConfiguration'
2023-05-20T12:15:03.559+05:30 TRACE 5960 --- [           main] o.s.b.a.condition.OnBeanCondition        : Condition OnBeanCondition on org.springframework.boot.autoconfigure.context.LifecycleAutoConfiguration#defaultLifecycleProcessor matched due to @ConditionalOnMissingBean (names: lifecycleProcessor; SearchStrategy: current) did not find any beans
2023-05-20T12:15:03.559+05:30 TRACE 5960 --- [           main] o.s.b.f.s.DefaultListableBeanFactory     : Returning cached instance of singleton bean 'autoConfigurationReport'
2023-05-20T12:15:03.559+05:30 TRACE 5960 --- [           main] a.ConfigurationClassBeanDefinitionReader : Registering bean definition for @Bean method org.springframework.boot.autoconfigure.context.LifecycleAutoConfiguration.lifecycleProcessor()
2023-05-20T12:15:03.560+05:30 TRACE 5960 --- [           main] o.s.b.a.condition.OnClassCondition       : Condition OnClassCondition on org.springframework.boot.autoconfigure.http.HttpMessageConvertersAutoConfiguration matched due to @ConditionalOnClass found required class 'org.springframework.http.converter.HttpMessageConverter'
2023-05-20T12:15:03.560+05:30 TRACE 5960 --- [           main] o.s.b.f.s.DefaultListableBeanFactory     : Returning cached instance of singleton bean 'autoConfigurationReport'
2023-05-20T12:15:03.560+05:30 TRACE 5960 --- [           main] o.s.b.a.condition.OnClassCondition       : Condition OnClassCondition on org.springframework.boot.autoconfigure.http.HttpMessageConvertersAutoConfiguration$StringHttpMessageConverterConfiguration matched due to @ConditionalOnClass found required class 'org.springframework.http.converter.StringHttpMessageConverter'
2023-05-20T12:15:03.560+05:30 TRACE 5960 --- [           main] o.s.b.f.s.DefaultListableBeanFactory     : Returning cached instance of singleton bean 'autoConfigurationReport'
2023-05-20T12:15:03.560+05:30 TRACE 5960 --- [           main] a.ConfigurationClassBeanDefinitionReader : Registered bean definition for imported class 'org.springframework.boot.autoconfigure.http.HttpMessageConvertersAutoConfiguration$StringHttpMessageConverterConfiguration'
2023-05-20T12:15:03.563+05:30 TRACE 5960 --- [           main] o.s.b.a.condition.OnBeanCondition        : Condition OnBeanCondition on org.springframework.boot.autoconfigure.http.HttpMessageConvertersAutoConfiguration$StringHttpMessageConverterConfiguration#stringHttpMessageConverter matched due to @ConditionalOnMissingBean (types: org.springframework.http.converter.StringHttpMessageConverter; SearchStrategy: all) did not find any beans
2023-05-20T12:15:03.563+05:30 TRACE 5960 --- [           main] o.s.b.f.s.DefaultListableBeanFactory     : Returning cached instance of singleton bean 'autoConfigurationReport'
2023-05-20T12:15:03.563+05:30 TRACE 5960 --- [           main] a.ConfigurationClassBeanDefinitionReader : Registering bean definition for @Bean method org.springframework.boot.autoconfigure.http.HttpMessageConvertersAutoConfiguration$StringHttpMessageConverterConfiguration.stringHttpMessageConverter()
2023-05-20T12:15:03.563+05:30 TRACE 5960 --- [           main] o.s.b.a.condition.OnClassCondition       : Condition OnClassCondition on org.springframework.boot.autoconfigure.http.JacksonHttpMessageConvertersConfiguration$MappingJackson2HttpMessageConverterConfiguration matched due to @ConditionalOnClass found required class 'com.fasterxml.jackson.databind.ObjectMapper'
2023-05-20T12:15:03.563+05:30 TRACE 5960 --- [           main] o.s.b.f.s.DefaultListableBeanFactory     : Returning cached instance of singleton bean 'autoConfigurationReport'
2023-05-20T12:15:03.564+05:30 TRACE 5960 --- [           main] o.s.b.a.condition.OnPropertyCondition    : Condition OnPropertyCondition on org.springframework.boot.autoconfigure.http.JacksonHttpMessageConvertersConfiguration$MappingJackson2HttpMessageConverterConfiguration matched due to @ConditionalOnProperty (spring.mvc.converters.preferred-json-mapper=jackson) matched
2023-05-20T12:15:03.564+05:30 TRACE 5960 --- [           main] o.s.b.f.s.DefaultListableBeanFactory     : Returning cached instance of singleton bean 'autoConfigurationReport'
2023-05-20T12:15:03.564+05:30 TRACE 5960 --- [           main] o.s.b.a.condition.OnBeanCondition        : Condition OnBeanCondition on org.springframework.boot.autoconfigure.http.JacksonHttpMessageConvertersConfiguration$MappingJackson2HttpMessageConverterConfiguration matched due to @ConditionalOnBean (types: com.fasterxml.jackson.databind.ObjectMapper; SearchStrategy: all) found bean 'jacksonObjectMapper'
2023-05-20T12:15:03.564+05:30 TRACE 5960 --- [           main] o.s.b.f.s.DefaultListableBeanFactory     : Returning cached instance of singleton bean 'autoConfigurationReport'
2023-05-20T12:15:03.565+05:30 TRACE 5960 --- [           main] a.ConfigurationClassBeanDefinitionReader : Registered bean definition for imported class 'org.springframework.boot.autoconfigure.http.JacksonHttpMessageConvertersConfiguration$MappingJackson2HttpMessageConverterConfiguration'
2023-05-20T12:15:03.566+05:30 TRACE 5960 --- [           main] o.s.b.a.condition.OnBeanCondition        : Condition OnBeanCondition on org.springframework.boot.autoconfigure.http.JacksonHttpMessageConvertersConfiguration$MappingJackson2HttpMessageConverterConfiguration#mappingJackson2HttpMessageConverter matched due to @ConditionalOnMissingBean (types: org.springframework.http.converter.json.MappingJackson2HttpMessageConverter ignored: org.springframework.hateoas.server.mvc.TypeConstrainedMappingJackson2HttpMessageConverter,org.springframework.data.rest.webmvc.alps.AlpsJsonHttpMessageConverter; SearchStrategy: all) did not find any beans
2023-05-20T12:15:03.566+05:30 TRACE 5960 --- [           main] o.s.b.f.s.DefaultListableBeanFactory     : Returning cached instance of singleton bean 'autoConfigurationReport'
2023-05-20T12:15:03.566+05:30 TRACE 5960 --- [           main] a.ConfigurationClassBeanDefinitionReader : Registering bean definition for @Bean method org.springframework.boot.autoconfigure.http.JacksonHttpMessageConvertersConfiguration$MappingJackson2HttpMessageConverterConfiguration.mappingJackson2HttpMessageConverter()
2023-05-20T12:15:03.566+05:30 TRACE 5960 --- [           main] a.ConfigurationClassBeanDefinitionReader : Registered bean definition for imported class 'org.springframework.boot.autoconfigure.http.JacksonHttpMessageConvertersConfiguration'
2023-05-20T12:15:03.568+05:30 TRACE 5960 --- [           main] a.ConfigurationClassBeanDefinitionReader : Registered bean definition for imported class 'org.springframework.boot.autoconfigure.http.HttpMessageConvertersAutoConfiguration'
2023-05-20T12:15:03.569+05:30 TRACE 5960 --- [           main] o.s.b.a.condition.OnBeanCondition        : Condition OnBeanCondition on org.springframework.boot.autoconfigure.http.HttpMessageConvertersAutoConfiguration#messageConverters matched due to @ConditionalOnMissingBean (types: org.springframework.boot.autoconfigure.http.HttpMessageConverters; SearchStrategy: all) did not find any beans
2023-05-20T12:15:03.570+05:30 TRACE 5960 --- [           main] o.s.b.f.s.DefaultListableBeanFactory     : Returning cached instance of singleton bean 'autoConfigurationReport'
2023-05-20T12:15:03.570+05:30 TRACE 5960 --- [           main] a.ConfigurationClassBeanDefinitionReader : Registering bean definition for @Bean method org.springframework.boot.autoconfigure.http.HttpMessageConvertersAutoConfiguration.messageConverters()
2023-05-20T12:15:03.570+05:30 TRACE 5960 --- [           main] a.ConfigurationClassBeanDefinitionReader : Registered bean definition for imported class 'org.springframework.boot.autoconfigure.info.ProjectInfoAutoConfiguration'
2023-05-20T12:15:03.572+05:30 TRACE 5960 --- [           main] figuration$GitResourceAvailableCondition : Condition ProjectInfoAutoConfiguration.GitResourceAvailableCondition on org.springframework.boot.autoconfigure.info.ProjectInfoAutoConfiguration#gitProperties did not match due to GitResource did not find git info at classpath:git.properties
2023-05-20T12:15:03.572+05:30 TRACE 5960 --- [           main] o.s.b.f.s.DefaultListableBeanFactory     : Returning cached instance of singleton bean 'autoConfigurationReport'
2023-05-20T12:15:03.574+05:30 TRACE 5960 --- [           main] ySourcesPropertyResolver$DefaultResolver : Searching for key 'spring.info.build.location:classpath:META-INF/build-info.properties' in PropertySource 'configurationProperties'
2023-05-20T12:15:03.574+05:30 TRACE 5960 --- [           main] ySourcesPropertyResolver$DefaultResolver : Searching for key 'spring.info.build.location:classpath:META-INF/build-info.properties' in PropertySource 'test'
2023-05-20T12:15:03.574+05:30 TRACE 5960 --- [           main] ySourcesPropertyResolver$DefaultResolver : Searching for key 'spring.info.build.location:classpath:META-INF/build-info.properties' in PropertySource 'Inlined Test Properties'
2023-05-20T12:15:03.574+05:30 TRACE 5960 --- [           main] ySourcesPropertyResolver$DefaultResolver : Searching for key 'spring.info.build.location:classpath:META-INF/build-info.properties' in PropertySource 'servletConfigInitParams'
2023-05-20T12:15:03.574+05:30 TRACE 5960 --- [           main] ySourcesPropertyResolver$DefaultResolver : Searching for key 'spring.info.build.location:classpath:META-INF/build-info.properties' in PropertySource 'servletContextInitParams'
2023-05-20T12:15:03.574+05:30 TRACE 5960 --- [           main] ySourcesPropertyResolver$DefaultResolver : Searching for key 'spring.info.build.location:classpath:META-INF/build-info.properties' in PropertySource 'systemProperties'
2023-05-20T12:15:03.574+05:30 TRACE 5960 --- [           main] ySourcesPropertyResolver$DefaultResolver : Searching for key 'spring.info.build.location:classpath:META-INF/build-info.properties' in PropertySource 'systemEnvironment'
2023-05-20T12:15:03.574+05:30 TRACE 5960 --- [           main] ySourcesPropertyResolver$DefaultResolver : Searching for key 'spring.info.build.location:classpath:META-INF/build-info.properties' in PropertySource 'random'
2023-05-20T12:15:03.574+05:30 TRACE 5960 --- [           main] ySourcesPropertyResolver$DefaultResolver : Searching for key 'spring.info.build.location:classpath:META-INF/build-info.properties' in PropertySource 'Config resource 'class path resource [application-dev.properties]' via location 'optional:classpath:/''
2023-05-20T12:15:03.574+05:30 TRACE 5960 --- [           main] ySourcesPropertyResolver$DefaultResolver : Searching for key 'spring.info.build.location:classpath:META-INF/build-info.properties' in PropertySource 'Config resource 'class path resource [application.properties]' via location 'optional:classpath:/''
2023-05-20T12:15:03.574+05:30 TRACE 5960 --- [           main] ySourcesPropertyResolver$DefaultResolver : Could not find key 'spring.info.build.location:classpath:META-INF/build-info.properties' in any property source
2023-05-20T12:15:03.574+05:30 TRACE 5960 --- [           main] o.s.util.PropertyPlaceholderHelper       : Resolved placeholder 'spring.info.build.location:classpath:META-INF/build-info.properties'
2023-05-20T12:15:03.575+05:30 TRACE 5960 --- [           main] o.s.b.a.condition.OnResourceCondition    : Condition OnResourceCondition on org.springframework.boot.autoconfigure.info.ProjectInfoAutoConfiguration#buildProperties did not match due to @ConditionalOnResource did not find resource '${spring.info.build.location:classpath:META-INF/build-info.properties}'
2023-05-20T12:15:03.575+05:30 TRACE 5960 --- [           main] o.s.b.f.s.DefaultListableBeanFactory     : Returning cached instance of singleton bean 'autoConfigurationReport'
2023-05-20T12:15:03.577+05:30 TRACE 5960 --- [           main] o.s.b.a.condition.OnPropertyCondition    : Condition OnPropertyCondition on org.springframework.boot.autoconfigure.sql.init.SqlInitializationAutoConfiguration matched due to @ConditionalOnProperty (spring.sql.init.enabled) matched
2023-05-20T12:15:03.577+05:30 TRACE 5960 --- [           main] o.s.b.f.s.DefaultListableBeanFactory     : Returning cached instance of singleton bean 'autoConfigurationReport'
2023-05-20T12:15:03.578+05:30 TRACE 5960 --- [           main] a.ConfigurationClassBeanDefinitionReader : Registered bean definition for imported class 'org.springframework.boot.autoconfigure.sql.init.SqlInitializationAutoConfiguration'
2023-05-20T12:15:03.580+05:30 TRACE 5960 --- [           main] o.s.b.a.condition.OnClassCondition       : Condition OnClassCondition on org.springframework.boot.autoconfigure.task.TaskSchedulingAutoConfiguration matched due to @ConditionalOnClass found required class 'org.springframework.scheduling.concurrent.ThreadPoolTaskScheduler'
2023-05-20T12:15:03.580+05:30 TRACE 5960 --- [           main] o.s.b.f.s.DefaultListableBeanFactory     : Returning cached instance of singleton bean 'autoConfigurationReport'
2023-05-20T12:15:03.581+05:30 TRACE 5960 --- [           main] a.ConfigurationClassBeanDefinitionReader : Registered bean definition for imported class 'org.springframework.boot.autoconfigure.task.TaskSchedulingAutoConfiguration'
2023-05-20T12:15:03.581+05:30 TRACE 5960 --- [           main] o.s.b.a.condition.OnBeanCondition        : Condition OnBeanCondition on org.springframework.boot.autoconfigure.task.TaskSchedulingAutoConfiguration#taskScheduler did not match due to @ConditionalOnBean (names: org.springframework.context.annotation.internalScheduledAnnotationProcessor; SearchStrategy: all) did not find any beans named org.springframework.context.annotation.internalScheduledAnnotationProcessor
2023-05-20T12:15:03.582+05:30 TRACE 5960 --- [           main] o.s.b.f.s.DefaultListableBeanFactory     : Returning cached instance of singleton bean 'autoConfigurationReport'
2023-05-20T12:15:03.582+05:30 TRACE 5960 --- [           main] o.s.b.a.condition.OnBeanCondition        : Condition OnBeanCondition on org.springframework.boot.autoconfigure.task.TaskSchedulingAutoConfiguration#scheduledBeanLazyInitializationExcludeFilter did not match due to @ConditionalOnBean (names: org.springframework.context.annotation.internalScheduledAnnotationProcessor; SearchStrategy: all) did not find any beans named org.springframework.context.annotation.internalScheduledAnnotationProcessor
2023-05-20T12:15:03.582+05:30 TRACE 5960 --- [           main] o.s.b.f.s.DefaultListableBeanFactory     : Returning cached instance of singleton bean 'autoConfigurationReport'
2023-05-20T12:15:03.586+05:30 TRACE 5960 --- [           main] o.s.b.a.condition.OnBeanCondition        : Condition OnBeanCondition on org.springframework.boot.autoconfigure.task.TaskSchedulingAutoConfiguration#taskSchedulerBuilder matched due to @ConditionalOnMissingBean (types: org.springframework.boot.task.TaskSchedulerBuilder; SearchStrategy: all) did not find any beans
2023-05-20T12:15:03.586+05:30 TRACE 5960 --- [           main] o.s.b.f.s.DefaultListableBeanFactory     : Returning cached instance of singleton bean 'autoConfigurationReport'
2023-05-20T12:15:03.586+05:30 TRACE 5960 --- [           main] a.ConfigurationClassBeanDefinitionReader : Registering bean definition for @Bean method org.springframework.boot.autoconfigure.task.TaskSchedulingAutoConfiguration.taskSchedulerBuilder()
2023-05-20T12:15:03.588+05:30 TRACE 5960 --- [           main] o.s.b.a.condition.OnClassCondition       : Condition OnClassCondition on org.springframework.boot.autoconfigure.web.client.RestTemplateAutoConfiguration matched due to @ConditionalOnClass found required class 'org.springframework.web.client.RestTemplate'
2023-05-20T12:15:03.588+05:30 TRACE 5960 --- [           main] o.s.b.f.s.DefaultListableBeanFactory     : Returning cached instance of singleton bean 'autoConfigurationReport'
2023-05-20T12:15:03.588+05:30 TRACE 5960 --- [           main] a.ConfigurationClassBeanDefinitionReader : Registered bean definition for imported class 'org.springframework.boot.autoconfigure.web.client.RestTemplateAutoConfiguration'
2023-05-20T12:15:03.592+05:30 TRACE 5960 --- [           main] o.s.b.a.condition.OnBeanCondition        : Condition OnBeanCondition on org.springframework.boot.autoconfigure.web.client.RestTemplateAutoConfiguration#restTemplateBuilderConfigurer matched due to @ConditionalOnMissingBean (types: org.springframework.boot.autoconfigure.web.client.RestTemplateBuilderConfigurer; SearchStrategy: all) did not find any beans
2023-05-20T12:15:03.592+05:30 TRACE 5960 --- [           main] o.s.b.f.s.DefaultListableBeanFactory     : Returning cached instance of singleton bean 'autoConfigurationReport'
2023-05-20T12:15:03.592+05:30 TRACE 5960 --- [           main] a.ConfigurationClassBeanDefinitionReader : Registering bean definition for @Bean method org.springframework.boot.autoconfigure.web.client.RestTemplateAutoConfiguration.restTemplateBuilderConfigurer()
2023-05-20T12:15:03.596+05:30 TRACE 5960 --- [           main] o.s.b.a.condition.OnBeanCondition        : Condition OnBeanCondition on org.springframework.boot.autoconfigure.web.client.RestTemplateAutoConfiguration#restTemplateBuilder matched due to @ConditionalOnMissingBean (types: org.springframework.boot.web.client.RestTemplateBuilder; SearchStrategy: all) did not find any beans
2023-05-20T12:15:03.596+05:30 TRACE 5960 --- [           main] o.s.b.f.s.DefaultListableBeanFactory     : Returning cached instance of singleton bean 'autoConfigurationReport'
2023-05-20T12:15:03.596+05:30 TRACE 5960 --- [           main] a.ConfigurationClassBeanDefinitionReader : Registering bean definition for @Bean method org.springframework.boot.autoconfigure.web.client.RestTemplateAutoConfiguration.restTemplateBuilder()
2023-05-20T12:15:03.597+05:30 TRACE 5960 --- [           main] o.s.b.a.condition.OnClassCondition       : Condition OnClassCondition on org.springframework.boot.autoconfigure.web.servlet.HttpEncodingAutoConfiguration matched due to @ConditionalOnClass found required class 'org.springframework.web.filter.CharacterEncodingFilter'
2023-05-20T12:15:03.597+05:30 TRACE 5960 --- [           main] o.s.b.f.s.DefaultListableBeanFactory     : Returning cached instance of singleton bean 'autoConfigurationReport'
2023-05-20T12:15:03.597+05:30 TRACE 5960 --- [           main] o.s.b.a.c.OnWebApplicationCondition      : Condition OnWebApplicationCondition on org.springframework.boot.autoconfigure.web.servlet.HttpEncodingAutoConfiguration matched due to found 'session' scope
2023-05-20T12:15:03.597+05:30 TRACE 5960 --- [           main] o.s.b.f.s.DefaultListableBeanFactory     : Returning cached instance of singleton bean 'autoConfigurationReport'
2023-05-20T12:15:03.597+05:30 TRACE 5960 --- [           main] o.s.b.a.condition.OnPropertyCondition    : Condition OnPropertyCondition on org.springframework.boot.autoconfigure.web.servlet.HttpEncodingAutoConfiguration matched due to @ConditionalOnProperty (server.servlet.encoding.enabled) matched
2023-05-20T12:15:03.597+05:30 TRACE 5960 --- [           main] o.s.b.f.s.DefaultListableBeanFactory     : Returning cached instance of singleton bean 'autoConfigurationReport'
2023-05-20T12:15:03.598+05:30 TRACE 5960 --- [           main] a.ConfigurationClassBeanDefinitionReader : Registered bean definition for imported class 'org.springframework.boot.autoconfigure.web.servlet.HttpEncodingAutoConfiguration'
2023-05-20T12:15:03.600+05:30 TRACE 5960 --- [           main] o.s.b.a.condition.OnBeanCondition        : Condition OnBeanCondition on org.springframework.boot.autoconfigure.web.servlet.HttpEncodingAutoConfiguration#characterEncodingFilter matched due to @ConditionalOnMissingBean (types: org.springframework.web.filter.CharacterEncodingFilter; SearchStrategy: all) did not find any beans
2023-05-20T12:15:03.600+05:30 TRACE 5960 --- [           main] o.s.b.f.s.DefaultListableBeanFactory     : Returning cached instance of singleton bean 'autoConfigurationReport'
2023-05-20T12:15:03.600+05:30 TRACE 5960 --- [           main] a.ConfigurationClassBeanDefinitionReader : Registering bean definition for @Bean method org.springframework.boot.autoconfigure.web.servlet.HttpEncodingAutoConfiguration.characterEncodingFilter()
2023-05-20T12:15:03.600+05:30 TRACE 5960 --- [           main] a.ConfigurationClassBeanDefinitionReader : Registering bean definition for @Bean method org.springframework.boot.autoconfigure.web.servlet.HttpEncodingAutoConfiguration.localeCharsetMappingsCustomizer()
2023-05-20T12:15:03.601+05:30 TRACE 5960 --- [           main] o.s.b.a.condition.OnClassCondition       : Condition OnClassCondition on org.springframework.boot.autoconfigure.web.servlet.MultipartAutoConfiguration matched due to @ConditionalOnClass found required classes 'jakarta.servlet.Servlet', 'org.springframework.web.multipart.support.StandardServletMultipartResolver', 'jakarta.servlet.MultipartConfigElement'
2023-05-20T12:15:03.601+05:30 TRACE 5960 --- [           main] o.s.b.f.s.DefaultListableBeanFactory     : Returning cached instance of singleton bean 'autoConfigurationReport'
2023-05-20T12:15:03.602+05:30 TRACE 5960 --- [           main] o.s.b.a.c.OnWebApplicationCondition      : Condition OnWebApplicationCondition on org.springframework.boot.autoconfigure.web.servlet.MultipartAutoConfiguration matched due to found 'session' scope
2023-05-20T12:15:03.602+05:30 TRACE 5960 --- [           main] o.s.b.f.s.DefaultListableBeanFactory     : Returning cached instance of singleton bean 'autoConfigurationReport'
2023-05-20T12:15:03.602+05:30 TRACE 5960 --- [           main] o.s.b.a.condition.OnPropertyCondition    : Condition OnPropertyCondition on org.springframework.boot.autoconfigure.web.servlet.MultipartAutoConfiguration matched due to @ConditionalOnProperty (spring.servlet.multipart.enabled) matched
2023-05-20T12:15:03.602+05:30 TRACE 5960 --- [           main] o.s.b.f.s.DefaultListableBeanFactory     : Returning cached instance of singleton bean 'autoConfigurationReport'
2023-05-20T12:15:03.603+05:30 TRACE 5960 --- [           main] a.ConfigurationClassBeanDefinitionReader : Registered bean definition for imported class 'org.springframework.boot.autoconfigure.web.servlet.MultipartAutoConfiguration'
2023-05-20T12:15:03.607+05:30 TRACE 5960 --- [           main] o.s.b.a.condition.OnBeanCondition        : Condition OnBeanCondition on org.springframework.boot.autoconfigure.web.servlet.MultipartAutoConfiguration#multipartConfigElement matched due to @ConditionalOnMissingBean (types: jakarta.servlet.MultipartConfigElement; SearchStrategy: all) did not find any beans
2023-05-20T12:15:03.607+05:30 TRACE 5960 --- [           main] o.s.b.f.s.DefaultListableBeanFactory     : Returning cached instance of singleton bean 'autoConfigurationReport'
2023-05-20T12:15:03.608+05:30 TRACE 5960 --- [           main] a.ConfigurationClassBeanDefinitionReader : Registering bean definition for @Bean method org.springframework.boot.autoconfigure.web.servlet.MultipartAutoConfiguration.multipartConfigElement()
2023-05-20T12:15:03.609+05:30 TRACE 5960 --- [           main] o.s.b.a.condition.OnBeanCondition        : Condition OnBeanCondition on org.springframework.boot.autoconfigure.web.servlet.MultipartAutoConfiguration#multipartResolver matched due to @ConditionalOnMissingBean (types: org.springframework.web.multipart.MultipartResolver; SearchStrategy: all) did not find any beans
2023-05-20T12:15:03.609+05:30 TRACE 5960 --- [           main] o.s.b.f.s.DefaultListableBeanFactory     : Returning cached instance of singleton bean 'autoConfigurationReport'
2023-05-20T12:15:03.609+05:30 TRACE 5960 --- [           main] a.ConfigurationClassBeanDefinitionReader : Registering bean definition for @Bean method org.springframework.boot.autoconfigure.web.servlet.MultipartAutoConfiguration.multipartResolver()
2023-05-20T12:15:03.713+05:30 TRACE 5960 --- [           main] o.s.c.a.ConfigurationClassEnhancer       : Successfully enhanced com.example.demo.DemoApplication; enhanced class name is: com.example.demo.DemoApplication$$SpringCGLIB$$0
2023-05-20T12:15:03.714+05:30 TRACE 5960 --- [           main] o.s.c.a.ConfigurationClassPostProcessor  : Replacing bean definition 'demoApplication' existing class 'com.example.demo.DemoApplication' with enhanced class 'com.example.demo.DemoApplication$$SpringCGLIB$$0'
2023-05-20T12:15:03.715+05:30 DEBUG 5960 --- [           main] o.s.b.f.s.DefaultListableBeanFactory     : Creating shared instance of singleton bean 'propertySourcesPlaceholderConfigurer'
2023-05-20T12:15:03.715+05:30 TRACE 5960 --- [           main] o.s.b.f.s.DefaultListableBeanFactory     : Creating instance of bean 'propertySourcesPlaceholderConfigurer'
2023-05-20T12:15:03.720+05:30 TRACE 5960 --- [           main] o.s.b.f.s.DefaultListableBeanFactory     : Finished creating instance of bean 'propertySourcesPlaceholderConfigurer'
2023-05-20T12:15:03.722+05:30 DEBUG 5960 --- [           main] o.s.b.f.s.DefaultListableBeanFactory     : Creating shared instance of singleton bean 'org.springframework.boot.test.mock.mockito.MockitoPostProcessor'
2023-05-20T12:15:03.723+05:30 TRACE 5960 --- [           main] o.s.b.f.s.DefaultListableBeanFactory     : Creating instance of bean 'org.springframework.boot.test.mock.mockito.MockitoPostProcessor'
2023-05-20T12:15:03.728+05:30 TRACE 5960 --- [           main] o.s.b.f.s.DefaultListableBeanFactory     : Finished creating instance of bean 'org.springframework.boot.test.mock.mockito.MockitoPostProcessor'
2023-05-20T12:15:03.728+05:30 DEBUG 5960 --- [           main] o.s.b.f.s.DefaultListableBeanFactory     : Creating shared instance of singleton bean 'org.springframework.boot.sql.init.dependency.DatabaseInitializationDependencyConfigurer$DependsOnDatabaseInitializationPostProcessor'
2023-05-20T12:15:03.728+05:30 TRACE 5960 --- [           main] o.s.b.f.s.DefaultListableBeanFactory     : Creating instance of bean 'org.springframework.boot.sql.init.dependency.DatabaseInitializationDependencyConfigurer$DependsOnDatabaseInitializationPostProcessor'
2023-05-20T12:15:03.728+05:30 TRACE 5960 --- [           main] o.s.b.f.s.DefaultListableBeanFactory     : Finished creating instance of bean 'org.springframework.boot.sql.init.dependency.DatabaseInitializationDependencyConfigurer$DependsOnDatabaseInitializationPostProcessor'
2023-05-20T12:15:03.729+05:30 TRACE 5960 --- [           main] o.s.c.io.support.SpringFactoriesLoader   : Loaded [org.springframework.boot.sql.init.dependency.DatabaseInitializerDetector] names: [org.springframework.boot.flyway.FlywayDatabaseInitializerDetector, org.springframework.boot.jdbc.init.DataSourceScriptDatabaseInitializerDetector, org.springframework.boot.liquibase.LiquibaseDatabaseInitializerDetector, org.springframework.boot.orm.jpa.JpaDatabaseInitializerDetector, org.springframework.boot.r2dbc.init.R2dbcScriptDatabaseInitializerDetector, org.springframework.boot.autoconfigure.flyway.FlywayMigrationInitializerDatabaseInitializerDetector]
2023-05-20T12:15:03.754+05:30 DEBUG 5960 --- [           main] o.s.b.f.s.DefaultListableBeanFactory     : Creating shared instance of singleton bean 'org.springframework.context.event.internalEventListenerProcessor'
2023-05-20T12:15:03.754+05:30 TRACE 5960 --- [           main] o.s.b.f.s.DefaultListableBeanFactory     : Creating instance of bean 'org.springframework.context.event.internalEventListenerProcessor'
2023-05-20T12:15:03.755+05:30 TRACE 5960 --- [           main] o.s.b.f.s.DefaultListableBeanFactory     : Finished creating instance of bean 'org.springframework.context.event.internalEventListenerProcessor'
2023-05-20T12:15:03.755+05:30 DEBUG 5960 --- [           main] o.s.b.f.s.DefaultListableBeanFactory     : Creating shared instance of singleton bean 'forceAutoProxyCreatorToUseClassProxying'
2023-05-20T12:15:03.755+05:30 TRACE 5960 --- [           main] o.s.b.f.s.DefaultListableBeanFactory     : Creating instance of bean 'forceAutoProxyCreatorToUseClassProxying'
2023-05-20T12:15:03.756+05:30 TRACE 5960 --- [           main] o.s.b.f.s.DefaultListableBeanFactory     : Finished creating instance of bean 'forceAutoProxyCreatorToUseClassProxying'
2023-05-20T12:15:03.757+05:30 DEBUG 5960 --- [           main] o.s.b.f.s.DefaultListableBeanFactory     : Creating shared instance of singleton bean 'org.springframework.context.event.internalEventListenerFactory'
2023-05-20T12:15:03.757+05:30 TRACE 5960 --- [           main] o.s.b.f.s.DefaultListableBeanFactory     : Creating instance of bean 'org.springframework.context.event.internalEventListenerFactory'
2023-05-20T12:15:03.757+05:30 TRACE 5960 --- [           main] o.s.b.f.s.DefaultListableBeanFactory     : Finished creating instance of bean 'org.springframework.context.event.internalEventListenerFactory'
2023-05-20T12:15:03.764+05:30 DEBUG 5960 --- [           main] o.s.b.f.s.DefaultListableBeanFactory     : Creating shared instance of singleton bean 'org.springframework.boot.test.mock.mockito.MockitoPostProcessor$SpyPostProcessor'
2023-05-20T12:15:03.764+05:30 TRACE 5960 --- [           main] o.s.b.f.s.DefaultListableBeanFactory     : Creating instance of bean 'org.springframework.boot.test.mock.mockito.MockitoPostProcessor$SpyPostProcessor'
2023-05-20T12:15:03.764+05:30 TRACE 5960 --- [           main] o.s.b.f.s.DefaultListableBeanFactory     : Returning cached instance of singleton bean 'org.springframework.boot.test.mock.mockito.MockitoPostProcessor'
2023-05-20T12:15:03.765+05:30 TRACE 5960 --- [           main] o.s.b.f.s.DefaultListableBeanFactory     : Finished creating instance of bean 'org.springframework.boot.test.mock.mockito.MockitoPostProcessor$SpyPostProcessor'
2023-05-20T12:15:03.765+05:30 DEBUG 5960 --- [           main] o.s.b.f.s.DefaultListableBeanFactory     : Creating shared instance of singleton bean 'org.springframework.context.annotation.internalAutowiredAnnotationProcessor'
2023-05-20T12:15:03.765+05:30 TRACE 5960 --- [           main] o.s.b.f.s.DefaultListableBeanFactory     : Creating instance of bean 'org.springframework.context.annotation.internalAutowiredAnnotationProcessor'
2023-05-20T12:15:03.767+05:30 TRACE 5960 --- [           main] o.s.b.f.s.DefaultListableBeanFactory     : Finished creating instance of bean 'org.springframework.context.annotation.internalAutowiredAnnotationProcessor'
2023-05-20T12:15:03.767+05:30 DEBUG 5960 --- [           main] o.s.b.f.s.DefaultListableBeanFactory     : Creating shared instance of singleton bean 'org.springframework.context.annotation.internalCommonAnnotationProcessor'
2023-05-20T12:15:03.767+05:30 TRACE 5960 --- [           main] o.s.b.f.s.DefaultListableBeanFactory     : Creating instance of bean 'org.springframework.context.annotation.internalCommonAnnotationProcessor'
2023-05-20T12:15:03.772+05:30 TRACE 5960 --- [           main] o.s.b.f.s.DefaultListableBeanFactory     : Finished creating instance of bean 'org.springframework.context.annotation.internalCommonAnnotationProcessor'
2023-05-20T12:15:03.773+05:30 DEBUG 5960 --- [           main] o.s.b.f.s.DefaultListableBeanFactory     : Creating shared instance of singleton bean 'org.springframework.boot.context.properties.ConfigurationPropertiesBindingPostProcessor'
2023-05-20T12:15:03.773+05:30 TRACE 5960 --- [           main] o.s.b.f.s.DefaultListableBeanFactory     : Creating instance of bean 'org.springframework.boot.context.properties.ConfigurationPropertiesBindingPostProcessor'
2023-05-20T12:15:03.773+05:30 TRACE 5960 --- [           main] o.s.b.f.s.DefaultListableBeanFactory     : Invoking afterPropertiesSet() on bean with name 'org.springframework.boot.context.properties.ConfigurationPropertiesBindingPostProcessor'
2023-05-20T12:15:03.773+05:30 DEBUG 5960 --- [           main] o.s.b.f.s.DefaultListableBeanFactory     : Creating shared instance of singleton bean 'org.springframework.boot.context.internalConfigurationPropertiesBinder'
2023-05-20T12:15:03.773+05:30 TRACE 5960 --- [           main] o.s.b.f.s.DefaultListableBeanFactory     : Creating instance of bean 'org.springframework.boot.context.internalConfigurationPropertiesBinder'
2023-05-20T12:15:03.776+05:30 TRACE 5960 --- [           main] o.s.b.f.s.DefaultListableBeanFactory     : Returning cached instance of singleton bean 'propertySourcesPlaceholderConfigurer'
2023-05-20T12:15:03.777+05:30 TRACE 5960 --- [           main] o.s.b.f.s.DefaultListableBeanFactory     : Finished creating instance of bean 'org.springframework.boot.context.internalConfigurationPropertiesBinder'
2023-05-20T12:15:03.778+05:30 TRACE 5960 --- [           main] o.s.b.f.s.DefaultListableBeanFactory     : Finished creating instance of bean 'org.springframework.boot.context.properties.ConfigurationPropertiesBindingPostProcessor'
2023-05-20T12:15:03.778+05:30 TRACE 5960 --- [           main] o.s.b.f.s.DefaultListableBeanFactory     : Returning cached instance of singleton bean 'org.springframework.boot.test.mock.mockito.MockitoPostProcessor'
2023-05-20T12:15:03.779+05:30 DEBUG 5960 --- [           main] o.s.b.f.s.DefaultListableBeanFactory     : Creating shared instance of singleton bean 'org.springframework.aop.config.internalAutoProxyCreator'
2023-05-20T12:15:03.779+05:30 TRACE 5960 --- [           main] o.s.b.f.s.DefaultListableBeanFactory     : Creating instance of bean 'org.springframework.aop.config.internalAutoProxyCreator'
2023-05-20T12:15:03.791+05:30 TRACE 5960 --- [           main] o.s.beans.CachedIntrospectionResults     : Getting BeanInfo for class [org.springframework.aop.framework.autoproxy.InfrastructureAdvisorAutoProxyCreator]
2023-05-20T12:15:03.791+05:30 TRACE 5960 --- [           main] o.s.beans.CachedIntrospectionResults     : Caching PropertyDescriptors for class [org.springframework.aop.framework.autoproxy.InfrastructureAdvisorAutoProxyCreator]
2023-05-20T12:15:03.792+05:30 TRACE 5960 --- [           main] o.s.beans.CachedIntrospectionResults     : Found bean property 'advisorAdapterRegistry' of type [org.springframework.aop.framework.adapter.AdvisorAdapterRegistry]
2023-05-20T12:15:03.792+05:30 TRACE 5960 --- [           main] o.s.beans.CachedIntrospectionResults     : Found bean property 'applyCommonInterceptorsFirst' of type [boolean]
2023-05-20T12:15:03.792+05:30 TRACE 5960 --- [           main] o.s.beans.CachedIntrospectionResults     : Found bean property 'beanClassLoader' of type [java.lang.ClassLoader]
2023-05-20T12:15:03.792+05:30 TRACE 5960 --- [           main] o.s.beans.CachedIntrospectionResults     : Found bean property 'beanFactory' of type [org.springframework.beans.factory.BeanFactory]
2023-05-20T12:15:03.792+05:30 TRACE 5960 --- [           main] o.s.beans.CachedIntrospectionResults     : Found bean property 'class' of type [java.lang.Class]
2023-05-20T12:15:03.792+05:30 TRACE 5960 --- [           main] o.s.beans.CachedIntrospectionResults     : Found bean property 'customTargetSourceCreators' of type [[Lorg.springframework.aop.framework.autoproxy.TargetSourceCreator;]
2023-05-20T12:15:03.792+05:30 TRACE 5960 --- [           main] o.s.beans.CachedIntrospectionResults     : Found bean property 'exposeProxy' of type [boolean]
2023-05-20T12:15:03.792+05:30 TRACE 5960 --- [           main] o.s.beans.CachedIntrospectionResults     : Found bean property 'frozen' of type [boolean]
2023-05-20T12:15:03.792+05:30 TRACE 5960 --- [           main] o.s.beans.CachedIntrospectionResults     : Found bean property 'interceptorNames' of type [[Ljava.lang.String;]
2023-05-20T12:15:03.792+05:30 TRACE 5960 --- [           main] o.s.beans.CachedIntrospectionResults     : Found bean property 'opaque' of type [boolean]
2023-05-20T12:15:03.792+05:30 TRACE 5960 --- [           main] o.s.beans.CachedIntrospectionResults     : Found bean property 'optimize' of type [boolean]
2023-05-20T12:15:03.792+05:30 TRACE 5960 --- [           main] o.s.beans.CachedIntrospectionResults     : Found bean property 'order' of type [int]
2023-05-20T12:15:03.792+05:30 TRACE 5960 --- [           main] o.s.beans.CachedIntrospectionResults     : Found bean property 'proxyClassLoader' of type [java.lang.ClassLoader]
2023-05-20T12:15:03.792+05:30 TRACE 5960 --- [           main] o.s.beans.CachedIntrospectionResults     : Found bean property 'proxyTargetClass' of type [boolean]
2023-05-20T12:15:03.797+05:30 TRACE 5960 --- [           main] o.s.b.f.s.DefaultListableBeanFactory     : Finished creating instance of bean 'org.springframework.aop.config.internalAutoProxyCreator'
2023-05-20T12:15:03.797+05:30 DEBUG 5960 --- [           main] o.s.b.f.s.DefaultListableBeanFactory     : Creating shared instance of singleton bean 'webServerFactoryCustomizerBeanPostProcessor'
2023-05-20T12:15:03.797+05:30 TRACE 5960 --- [           main] o.s.b.f.s.DefaultListableBeanFactory     : Creating instance of bean 'webServerFactoryCustomizerBeanPostProcessor'
2023-05-20T12:15:03.798+05:30 TRACE 5960 --- [           main] o.s.b.f.s.DefaultListableBeanFactory     : Finished creating instance of bean 'webServerFactoryCustomizerBeanPostProcessor'
2023-05-20T12:15:03.798+05:30 DEBUG 5960 --- [           main] o.s.b.f.s.DefaultListableBeanFactory     : Creating shared instance of singleton bean 'errorPageRegistrarBeanPostProcessor'
2023-05-20T12:15:03.798+05:30 TRACE 5960 --- [           main] o.s.b.f.s.DefaultListableBeanFactory     : Creating instance of bean 'errorPageRegistrarBeanPostProcessor'
2023-05-20T12:15:03.799+05:30 TRACE 5960 --- [           main] o.s.b.f.s.DefaultListableBeanFactory     : Finished creating instance of bean 'errorPageRegistrarBeanPostProcessor'
2023-05-20T12:15:03.800+05:30 TRACE 5960 --- [           main] o.s.b.f.s.DefaultListableBeanFactory     : Returning cached instance of singleton bean 'org.springframework.boot.test.autoconfigure.properties.PropertyMappingContextCustomizer$PropertyMappingCheckBeanPostProcessor'
2023-05-20T12:15:03.803+05:30 TRACE 5960 --- [           main] o.s.w.c.s.GenericWebApplicationContext   : No 'messageSource' bean, using [Empty MessageSource]
2023-05-20T12:15:03.803+05:30 TRACE 5960 --- [           main] o.s.w.c.s.GenericWebApplicationContext   : No 'applicationEventMulticaster' bean, using [SimpleApplicationEventMulticaster]
2023-05-20T12:15:03.804+05:30 DEBUG 5960 --- [           main] o.s.u.c.s.UiApplicationContextUtils      : Unable to locate ThemeSource with name 'themeSource': using default [org.springframework.ui.context.support.ResourceBundleThemeSource@2aa6311a]
2023-05-20T12:15:03.805+05:30 TRACE 5960 --- [           main] o.s.b.f.s.DefaultListableBeanFactory     : Pre-instantiating singletons in org.springframework.beans.factory.support.DefaultListableBeanFactory@5b989dc7: defining beans [org.springframework.boot.test.mock.mockito.MockitoPostProcessor$SpyPostProcessor,org.springframework.boot.test.mock.mockito.MockitoPostProcessor,org.springframework.context.annotation.internalConfigurationAnnotationProcessor,org.springframework.context.annotation.internalAutowiredAnnotationProcessor,org.springframework.context.annotation.internalCommonAnnotationProcessor,org.springframework.context.event.internalEventListenerProcessor,org.springframework.context.event.internalEventListenerFactory,demoApplication,org.springframework.boot.autoconfigure.internalCachingMetadataReaderFactory,controllerClass,currencyConfigurationController,currencyServiceConfiguration,org.springframework.boot.autoconfigure.AutoConfigurationPackages,org.springframework.boot.autoconfigure.context.PropertyPlaceholderAutoConfiguration,propertySourcesPlaceholderConfigurer,org.springframework.boot.autoconfigure.ssl.SslAutoConfiguration,sslPropertiesSslBundleRegistrar,sslBundleRegistry,org.springframework.boot.context.properties.ConfigurationPropertiesBindingPostProcessor,org.springframework.boot.context.internalConfigurationPropertiesBinder,org.springframework.boot.context.properties.BoundConfigurationProperties,org.springframework.boot.context.properties.EnableConfigurationPropertiesRegistrar.methodValidationExcludeFilter,spring.ssl-org.springframework.boot.autoconfigure.ssl.SslProperties,org.springframework.boot.autoconfigure.websocket.servlet.WebSocketServletAutoConfiguration$TomcatWebSocketConfiguration,websocketServletWebServerCustomizer,org.springframework.boot.autoconfigure.websocket.servlet.WebSocketServletAutoConfiguration,org.springframework.boot.autoconfigure.web.servlet.ServletWebServerFactoryConfiguration$EmbeddedTomcat,tomcatServletWebServerFactory,org.springframework.boot.autoconfigure.web.servlet.ServletWebServerFactoryAutoConfiguration,servletWebServerFactoryCustomizer,tomcatServletWebServerFactoryCustomizer,server-org.springframework.boot.autoconfigure.web.ServerProperties,webServerFactoryCustomizerBeanPostProcessor,errorPageRegistrarBeanPostProcessor,org.springframework.boot.autoconfigure.web.servlet.DispatcherServletAutoConfiguration$DispatcherServletConfiguration,dispatcherServlet,spring.mvc-org.springframework.boot.autoconfigure.web.servlet.WebMvcProperties,org.springframework.boot.autoconfigure.web.servlet.DispatcherServletAutoConfiguration$DispatcherServletRegistrationConfiguration,dispatcherServletRegistration,org.springframework.boot.autoconfigure.web.servlet.DispatcherServletAutoConfiguration,org.springframework.boot.autoconfigure.task.TaskExecutionAutoConfiguration,taskExecutorBuilder,applicationTaskExecutor,spring.task.execution-org.springframework.boot.autoconfigure.task.TaskExecutionProperties,org.springframework.boot.autoconfigure.web.servlet.WebMvcAutoConfiguration$EnableWebMvcConfiguration,requestMappingHandlerAdapter,welcomePageHandlerMapping,welcomePageNotAcceptableHandlerMapping,localeResolver,themeResolver,flashMapManager,mvcConversionService,mvcValidator,mvcContentNegotiationManager,requestMappingHandlerMapping,mvcPatternParser,mvcUrlPathHelper,mvcPathMatcher,viewControllerHandlerMapping,beanNameHandlerMapping,routerFunctionMapping,resourceHandlerMapping,mvcResourceUrlProvider,defaultServletHandlerMapping,handlerFunctionAdapter,mvcUriComponentsContributor,httpRequestHandlerAdapter,simpleControllerHandlerAdapter,handlerExceptionResolver,mvcViewResolver,mvcHandlerMappingIntrospector,viewNameTranslator,spring.web-org.springframework.boot.autoconfigure.web.WebProperties,org.springframework.boot.autoconfigure.web.servlet.WebMvcAutoConfiguration$WebMvcAutoConfigurationAdapter,defaultViewResolver,viewResolver,requestContextFilter,org.springframework.boot.autoconfigure.web.servlet.WebMvcAutoConfiguration,formContentFilter,org.springframework.boot.autoconfigure.aop.AopAutoConfiguration$ClassProxyingConfiguration,forceAutoProxyCreatorToUseClassProxying,org.springframework.boot.autoconfigure.aop.AopAutoConfiguration,org.springframework.boot.autoconfigure.availability.ApplicationAvailabilityAutoConfiguration,applicationAvailability,org.springframework.boot.autoconfigure.jackson.JacksonAutoConfiguration$Jackson2ObjectMapperBuilderCustomizerConfiguration,standardJacksonObjectMapperBuilderCustomizer,spring.jackson-org.springframework.boot.autoconfigure.jackson.JacksonProperties,org.springframework.boot.autoconfigure.jackson.JacksonAutoConfiguration$JacksonObjectMapperBuilderConfiguration,jacksonObjectMapperBuilder,org.springframework.boot.autoconfigure.jackson.JacksonAutoConfiguration$ParameterNamesModuleConfiguration,parameterNamesModule,org.springframework.boot.autoconfigure.jackson.JacksonAutoConfiguration$JacksonObjectMapperConfiguration,jacksonObjectMapper,org.springframework.boot.autoconfigure.jackson.JacksonAutoConfiguration$JacksonMixinConfiguration,jsonMixinModuleEntries,jsonMixinModule,org.springframework.boot.autoconfigure.jackson.JacksonAutoConfiguration,jsonComponentModule,org.springframework.boot.autoconfigure.context.ConfigurationPropertiesAutoConfiguration,org.springframework.boot.autoconfigure.context.LifecycleAutoConfiguration,lifecycleProcessor,spring.lifecycle-org.springframework.boot.autoconfigure.context.LifecycleProperties,org.springframework.boot.autoconfigure.http.HttpMessageConvertersAutoConfiguration$StringHttpMessageConverterConfiguration,stringHttpMessageConverter,org.springframework.boot.autoconfigure.http.JacksonHttpMessageConvertersConfiguration$MappingJackson2HttpMessageConverterConfiguration,mappingJackson2HttpMessageConverter,org.springframework.boot.autoconfigure.http.JacksonHttpMessageConvertersConfiguration,org.springframework.boot.autoconfigure.http.HttpMessageConvertersAutoConfiguration,messageConverters,org.springframework.boot.autoconfigure.info.ProjectInfoAutoConfiguration,spring.info-org.springframework.boot.autoconfigure.info.ProjectInfoProperties,org.springframework.boot.autoconfigure.sql.init.SqlInitializationAutoConfiguration,spring.sql.init-org.springframework.boot.autoconfigure.sql.init.SqlInitializationProperties,org.springframework.boot.sql.init.dependency.DatabaseInitializationDependencyConfigurer$DependsOnDatabaseInitializationPostProcessor,org.springframework.boot.autoconfigure.task.TaskSchedulingAutoConfiguration,taskSchedulerBuilder,spring.task.scheduling-org.springframework.boot.autoconfigure.task.TaskSchedulingProperties,org.springframework.boot.autoconfigure.web.client.RestTemplateAutoConfiguration,restTemplateBuilderConfigurer,restTemplateBuilder,org.springframework.boot.autoconfigure.web.servlet.HttpEncodingAutoConfiguration,characterEncodingFilter,localeCharsetMappingsCustomizer,org.springframework.boot.autoconfigure.web.servlet.MultipartAutoConfiguration,multipartConfigElement,multipartResolver,spring.servlet.multipart-org.springframework.boot.autoconfigure.web.servlet.MultipartProperties,org.springframework.aop.config.internalAutoProxyCreator]; root of factory hierarchy
2023-05-20T12:15:03.805+05:30 TRACE 5960 --- [           main] o.s.b.f.s.DefaultListableBeanFactory     : Returning cached instance of singleton bean 'org.springframework.boot.test.mock.mockito.MockitoPostProcessor$SpyPostProcessor'
2023-05-20T12:15:03.805+05:30 TRACE 5960 --- [           main] o.s.b.f.s.DefaultListableBeanFactory     : Returning cached instance of singleton bean 'org.springframework.boot.test.mock.mockito.MockitoPostProcessor'
2023-05-20T12:15:03.805+05:30 TRACE 5960 --- [           main] o.s.b.f.s.DefaultListableBeanFactory     : Returning cached instance of singleton bean 'org.springframework.context.annotation.internalConfigurationAnnotationProcessor'
2023-05-20T12:15:03.805+05:30 TRACE 5960 --- [           main] o.s.b.f.s.DefaultListableBeanFactory     : Returning cached instance of singleton bean 'org.springframework.context.annotation.internalAutowiredAnnotationProcessor'
2023-05-20T12:15:03.805+05:30 TRACE 5960 --- [           main] o.s.b.f.s.DefaultListableBeanFactory     : Returning cached instance of singleton bean 'org.springframework.context.annotation.internalCommonAnnotationProcessor'
2023-05-20T12:15:03.805+05:30 TRACE 5960 --- [           main] o.s.b.f.s.DefaultListableBeanFactory     : Returning cached instance of singleton bean 'org.springframework.context.event.internalEventListenerProcessor'
2023-05-20T12:15:03.806+05:30 TRACE 5960 --- [           main] o.s.b.f.s.DefaultListableBeanFactory     : Returning cached instance of singleton bean 'org.springframework.context.event.internalEventListenerFactory'
2023-05-20T12:15:03.806+05:30 DEBUG 5960 --- [           main] o.s.b.f.s.DefaultListableBeanFactory     : Creating shared instance of singleton bean 'demoApplication'
2023-05-20T12:15:03.806+05:30 TRACE 5960 --- [           main] o.s.b.f.s.DefaultListableBeanFactory     : Creating instance of bean 'demoApplication'
2023-05-20T12:15:03.811+05:30 TRACE 5960 --- [           main] o.s.b.f.s.DefaultListableBeanFactory     : Finished creating instance of bean 'demoApplication'
2023-05-20T12:15:03.811+05:30 TRACE 5960 --- [           main] o.s.b.f.s.DefaultListableBeanFactory     : Returning cached instance of singleton bean 'org.springframework.boot.autoconfigure.internalCachingMetadataReaderFactory'
2023-05-20T12:15:03.812+05:30 DEBUG 5960 --- [           main] o.s.b.f.s.DefaultListableBeanFactory     : Creating shared instance of singleton bean 'controllerClass'
2023-05-20T12:15:03.812+05:30 TRACE 5960 --- [           main] o.s.b.f.s.DefaultListableBeanFactory     : Creating instance of bean 'controllerClass'
2023-05-20T12:15:03.815+05:30 TRACE 5960 --- [           main] o.s.b.f.s.DefaultListableBeanFactory     : Finished creating instance of bean 'controllerClass'
2023-05-20T12:15:03.815+05:30 DEBUG 5960 --- [           main] o.s.b.f.s.DefaultListableBeanFactory     : Creating shared instance of singleton bean 'currencyConfigurationController'
2023-05-20T12:15:03.815+05:30 TRACE 5960 --- [           main] o.s.b.f.s.DefaultListableBeanFactory     : Creating instance of bean 'currencyConfigurationController'
2023-05-20T12:15:03.822+05:30 DEBUG 5960 --- [           main] o.s.b.f.s.DefaultListableBeanFactory     : Creating shared instance of singleton bean 'currencyServiceConfiguration'
2023-05-20T12:15:03.822+05:30 TRACE 5960 --- [           main] o.s.b.f.s.DefaultListableBeanFactory     : Creating instance of bean 'currencyServiceConfiguration'
2023-05-20T12:15:03.824+05:30 DEBUG 5960 --- [           main] o.s.b.f.s.DefaultListableBeanFactory     : Creating shared instance of singleton bean 'org.springframework.boot.context.properties.BoundConfigurationProperties'
2023-05-20T12:15:03.824+05:30 TRACE 5960 --- [           main] o.s.b.f.s.DefaultListableBeanFactory     : Creating instance of bean 'org.springframework.boot.context.properties.BoundConfigurationProperties'
2023-05-20T12:15:03.825+05:30 TRACE 5960 --- [           main] o.s.b.f.s.DefaultListableBeanFactory     : Finished creating instance of bean 'org.springframework.boot.context.properties.BoundConfigurationProperties'
2023-05-20T12:15:03.845+05:30 TRACE 5960 --- [           main] o.s.b.f.s.DefaultListableBeanFactory     : Finished creating instance of bean 'currencyServiceConfiguration'
2023-05-20T12:15:03.846+05:30 TRACE 5960 --- [           main] f.a.AutowiredAnnotationBeanPostProcessor : Autowiring by type from bean name 'currencyConfigurationController' to bean named 'currencyServiceConfiguration'
2023-05-20T12:15:03.847+05:30 TRACE 5960 --- [           main] o.s.b.f.s.DefaultListableBeanFactory     : Finished creating instance of bean 'currencyConfigurationController'
2023-05-20T12:15:03.847+05:30 TRACE 5960 --- [           main] o.s.b.f.s.DefaultListableBeanFactory     : Returning cached instance of singleton bean 'currencyServiceConfiguration'
2023-05-20T12:15:03.847+05:30 DEBUG 5960 --- [           main] o.s.b.f.s.DefaultListableBeanFactory     : Creating shared instance of singleton bean 'org.springframework.boot.autoconfigure.AutoConfigurationPackages'
2023-05-20T12:15:03.847+05:30 TRACE 5960 --- [           main] o.s.b.f.s.DefaultListableBeanFactory     : Creating instance of bean 'org.springframework.boot.autoconfigure.AutoConfigurationPackages'
2023-05-20T12:15:03.848+05:30 TRACE 5960 --- [           main] o.s.b.f.s.DefaultListableBeanFactory     : Finished creating instance of bean 'org.springframework.boot.autoconfigure.AutoConfigurationPackages'
2023-05-20T12:15:03.848+05:30 DEBUG 5960 --- [           main] o.s.b.f.s.DefaultListableBeanFactory     : Creating shared instance of singleton bean 'org.springframework.boot.autoconfigure.context.PropertyPlaceholderAutoConfiguration'
2023-05-20T12:15:03.849+05:30 TRACE 5960 --- [           main] o.s.b.f.s.DefaultListableBeanFactory     : Creating instance of bean 'org.springframework.boot.autoconfigure.context.PropertyPlaceholderAutoConfiguration'
2023-05-20T12:15:03.849+05:30 TRACE 5960 --- [           main] o.s.b.f.s.DefaultListableBeanFactory     : Finished creating instance of bean 'org.springframework.boot.autoconfigure.context.PropertyPlaceholderAutoConfiguration'
2023-05-20T12:15:03.849+05:30 TRACE 5960 --- [           main] o.s.b.f.s.DefaultListableBeanFactory     : Returning cached instance of singleton bean 'propertySourcesPlaceholderConfigurer'
2023-05-20T12:15:03.849+05:30 DEBUG 5960 --- [           main] o.s.b.f.s.DefaultListableBeanFactory     : Creating shared instance of singleton bean 'org.springframework.boot.autoconfigure.ssl.SslAutoConfiguration'
2023-05-20T12:15:03.849+05:30 TRACE 5960 --- [           main] o.s.b.f.s.DefaultListableBeanFactory     : Creating instance of bean 'org.springframework.boot.autoconfigure.ssl.SslAutoConfiguration'
2023-05-20T12:15:03.849+05:30 TRACE 5960 --- [           main] o.s.b.f.s.DefaultListableBeanFactory     : Finished creating instance of bean 'org.springframework.boot.autoconfigure.ssl.SslAutoConfiguration'
2023-05-20T12:15:03.849+05:30 DEBUG 5960 --- [           main] o.s.b.f.s.DefaultListableBeanFactory     : Creating shared instance of singleton bean 'sslPropertiesSslBundleRegistrar'
2023-05-20T12:15:03.849+05:30 TRACE 5960 --- [           main] o.s.b.f.s.DefaultListableBeanFactory     : Creating instance of bean 'sslPropertiesSslBundleRegistrar'
2023-05-20T12:15:03.849+05:30 TRACE 5960 --- [           main] o.s.b.f.s.DefaultListableBeanFactory     : Returning cached instance of singleton bean 'org.springframework.boot.autoconfigure.ssl.SslAutoConfiguration'
2023-05-20T12:15:03.850+05:30 DEBUG 5960 --- [           main] o.s.b.f.s.DefaultListableBeanFactory     : Creating shared instance of singleton bean 'spring.ssl-org.springframework.boot.autoconfigure.ssl.SslProperties'
2023-05-20T12:15:03.850+05:30 TRACE 5960 --- [           main] o.s.b.f.s.DefaultListableBeanFactory     : Creating instance of bean 'spring.ssl-org.springframework.boot.autoconfigure.ssl.SslProperties'
2023-05-20T12:15:03.851+05:30 TRACE 5960 --- [           main] o.s.b.f.s.DefaultListableBeanFactory     : Returning cached instance of singleton bean 'org.springframework.boot.context.properties.BoundConfigurationProperties'
2023-05-20T12:15:03.853+05:30 TRACE 5960 --- [           main] o.s.b.f.s.DefaultListableBeanFactory     : Finished creating instance of bean 'spring.ssl-org.springframework.boot.autoconfigure.ssl.SslProperties'
2023-05-20T12:15:03.853+05:30 DEBUG 5960 --- [           main] o.s.b.f.s.DefaultListableBeanFactory     : Autowiring by type from bean name 'sslPropertiesSslBundleRegistrar' via factory method to bean named 'spring.ssl-org.springframework.boot.autoconfigure.ssl.SslProperties'
2023-05-20T12:15:03.855+05:30 TRACE 5960 --- [           main] o.s.b.f.s.DefaultListableBeanFactory     : Finished creating instance of bean 'sslPropertiesSslBundleRegistrar'
2023-05-20T12:15:03.856+05:30 DEBUG 5960 --- [           main] o.s.b.f.s.DefaultListableBeanFactory     : Creating shared instance of singleton bean 'sslBundleRegistry'
2023-05-20T12:15:03.856+05:30 TRACE 5960 --- [           main] o.s.b.f.s.DefaultListableBeanFactory     : Creating instance of bean 'sslBundleRegistry'
2023-05-20T12:15:03.856+05:30 TRACE 5960 --- [           main] o.s.b.f.s.DefaultListableBeanFactory     : Returning cached instance of singleton bean 'org.springframework.boot.autoconfigure.ssl.SslAutoConfiguration'
2023-05-20T12:15:03.857+05:30 TRACE 5960 --- [           main] o.s.b.f.s.DefaultListableBeanFactory     : Returning cached instance of singleton bean 'sslPropertiesSslBundleRegistrar'
2023-05-20T12:15:03.859+05:30 DEBUG 5960 --- [           main] o.s.b.f.s.DefaultListableBeanFactory     : Autowiring by type from bean name 'sslBundleRegistry' via factory method to bean named 'sslPropertiesSslBundleRegistrar'
2023-05-20T12:15:03.864+05:30 TRACE 5960 --- [           main] o.s.b.f.s.DefaultListableBeanFactory     : Finished creating instance of bean 'sslBundleRegistry'
2023-05-20T12:15:03.864+05:30 TRACE 5960 --- [           main] o.s.b.f.s.DefaultListableBeanFactory     : Returning cached instance of singleton bean 'org.springframework.boot.context.properties.ConfigurationPropertiesBindingPostProcessor'
2023-05-20T12:15:03.864+05:30 TRACE 5960 --- [           main] o.s.b.f.s.DefaultListableBeanFactory     : Returning cached instance of singleton bean 'org.springframework.boot.context.internalConfigurationPropertiesBinder'
2023-05-20T12:15:03.865+05:30 TRACE 5960 --- [           main] o.s.b.f.s.DefaultListableBeanFactory     : Returning cached instance of singleton bean 'org.springframework.boot.context.properties.BoundConfigurationProperties'
2023-05-20T12:15:03.865+05:30 DEBUG 5960 --- [           main] o.s.b.f.s.DefaultListableBeanFactory     : Creating shared instance of singleton bean 'org.springframework.boot.context.properties.EnableConfigurationPropertiesRegistrar.methodValidationExcludeFilter'
2023-05-20T12:15:03.865+05:30 TRACE 5960 --- [           main] o.s.b.f.s.DefaultListableBeanFactory     : Creating instance of bean 'org.springframework.boot.context.properties.EnableConfigurationPropertiesRegistrar.methodValidationExcludeFilter'
2023-05-20T12:15:03.869+05:30 TRACE 5960 --- [           main] o.s.b.f.s.DefaultListableBeanFactory     : Ignoring factory method [public static org.springframework.boot.validation.beanvalidation.MethodValidationExcludeFilter org.springframework.boot.validation.beanvalidation.MethodValidationExcludeFilter.byAnnotation(java.lang.Class,org.springframework.core.annotation.MergedAnnotations$SearchStrategy)] of bean 'org.springframework.boot.context.properties.EnableConfigurationPropertiesRegistrar.methodValidationExcludeFilter': org.springframework.beans.factory.UnsatisfiedDependencyException: Error creating bean with name 'org.springframework.boot.context.properties.EnableConfigurationPropertiesRegistrar.methodValidationExcludeFilter': Unsatisfied dependency expressed through method 'byAnnotation' parameter 1: Ambiguous argument values for parameter of type [org.springframework.core.annotation.MergedAnnotations$SearchStrategy] - did you specify the correct bean references as arguments?
2023-05-20T12:15:03.869+05:30 TRACE 5960 --- [           main] o.s.b.f.s.DefaultListableBeanFactory     : Finished creating instance of bean 'org.springframework.boot.context.properties.EnableConfigurationPropertiesRegistrar.methodValidationExcludeFilter'
2023-05-20T12:15:03.870+05:30 TRACE 5960 --- [           main] o.s.b.f.s.DefaultListableBeanFactory     : Returning cached instance of singleton bean 'spring.ssl-org.springframework.boot.autoconfigure.ssl.SslProperties'
2023-05-20T12:15:03.870+05:30 DEBUG 5960 --- [           main] o.s.b.f.s.DefaultListableBeanFactory     : Creating shared instance of singleton bean 'org.springframework.boot.autoconfigure.websocket.servlet.WebSocketServletAutoConfiguration$TomcatWebSocketConfiguration'
2023-05-20T12:15:03.870+05:30 TRACE 5960 --- [           main] o.s.b.f.s.DefaultListableBeanFactory     : Creating instance of bean 'org.springframework.boot.autoconfigure.websocket.servlet.WebSocketServletAutoConfiguration$TomcatWebSocketConfiguration'
2023-05-20T12:15:03.871+05:30 TRACE 5960 --- [           main] o.s.b.f.s.DefaultListableBeanFactory     : Finished creating instance of bean 'org.springframework.boot.autoconfigure.websocket.servlet.WebSocketServletAutoConfiguration$TomcatWebSocketConfiguration'
2023-05-20T12:15:03.871+05:30 DEBUG 5960 --- [           main] o.s.b.f.s.DefaultListableBeanFactory     : Creating shared instance of singleton bean 'websocketServletWebServerCustomizer'
2023-05-20T12:15:03.871+05:30 TRACE 5960 --- [           main] o.s.b.f.s.DefaultListableBeanFactory     : Creating instance of bean 'websocketServletWebServerCustomizer'
2023-05-20T12:15:03.871+05:30 TRACE 5960 --- [           main] o.s.b.f.s.DefaultListableBeanFactory     : Returning cached instance of singleton bean 'org.springframework.boot.autoconfigure.websocket.servlet.WebSocketServletAutoConfiguration$TomcatWebSocketConfiguration'
2023-05-20T12:15:03.875+05:30 TRACE 5960 --- [           main] o.s.b.f.s.DefaultListableBeanFactory     : Finished creating instance of bean 'websocketServletWebServerCustomizer'
2023-05-20T12:15:03.875+05:30 DEBUG 5960 --- [           main] o.s.b.f.s.DefaultListableBeanFactory     : Creating shared instance of singleton bean 'org.springframework.boot.autoconfigure.websocket.servlet.WebSocketServletAutoConfiguration'
2023-05-20T12:15:03.875+05:30 TRACE 5960 --- [           main] o.s.b.f.s.DefaultListableBeanFactory     : Creating instance of bean 'org.springframework.boot.autoconfigure.websocket.servlet.WebSocketServletAutoConfiguration'
2023-05-20T12:15:03.875+05:30 TRACE 5960 --- [           main] o.s.b.f.s.DefaultListableBeanFactory     : Finished creating instance of bean 'org.springframework.boot.autoconfigure.websocket.servlet.WebSocketServletAutoConfiguration'
2023-05-20T12:15:03.875+05:30 DEBUG 5960 --- [           main] o.s.b.f.s.DefaultListableBeanFactory     : Creating shared instance of singleton bean 'org.springframework.boot.autoconfigure.web.servlet.ServletWebServerFactoryConfiguration$EmbeddedTomcat'
2023-05-20T12:15:03.875+05:30 TRACE 5960 --- [           main] o.s.b.f.s.DefaultListableBeanFactory     : Creating instance of bean 'org.springframework.boot.autoconfigure.web.servlet.ServletWebServerFactoryConfiguration$EmbeddedTomcat'
2023-05-20T12:15:03.876+05:30 TRACE 5960 --- [           main] o.s.b.f.s.DefaultListableBeanFactory     : Finished creating instance of bean 'org.springframework.boot.autoconfigure.web.servlet.ServletWebServerFactoryConfiguration$EmbeddedTomcat'
2023-05-20T12:15:03.876+05:30 DEBUG 5960 --- [           main] o.s.b.f.s.DefaultListableBeanFactory     : Creating shared instance of singleton bean 'tomcatServletWebServerFactory'
2023-05-20T12:15:03.876+05:30 TRACE 5960 --- [           main] o.s.b.f.s.DefaultListableBeanFactory     : Creating instance of bean 'tomcatServletWebServerFactory'
2023-05-20T12:15:03.876+05:30 TRACE 5960 --- [           main] o.s.b.f.s.DefaultListableBeanFactory     : Returning cached instance of singleton bean 'org.springframework.boot.autoconfigure.web.servlet.ServletWebServerFactoryConfiguration$EmbeddedTomcat'
2023-05-20T12:15:03.952+05:30 TRACE 5960 --- [           main] o.s.b.f.s.DefaultListableBeanFactory     : Returning cached instance of singleton bean 'websocketServletWebServerCustomizer'
2023-05-20T12:15:03.952+05:30 DEBUG 5960 --- [           main] o.s.b.f.s.DefaultListableBeanFactory     : Creating shared instance of singleton bean 'servletWebServerFactoryCustomizer'
2023-05-20T12:15:03.952+05:30 TRACE 5960 --- [           main] o.s.b.f.s.DefaultListableBeanFactory     : Creating instance of bean 'servletWebServerFactoryCustomizer'
2023-05-20T12:15:03.952+05:30 DEBUG 5960 --- [           main] o.s.b.f.s.DefaultListableBeanFactory     : Creating shared instance of singleton bean 'org.springframework.boot.autoconfigure.web.servlet.ServletWebServerFactoryAutoConfiguration'
2023-05-20T12:15:03.953+05:30 TRACE 5960 --- [           main] o.s.b.f.s.DefaultListableBeanFactory     : Creating instance of bean 'org.springframework.boot.autoconfigure.web.servlet.ServletWebServerFactoryAutoConfiguration'
2023-05-20T12:15:03.953+05:30 TRACE 5960 --- [           main] o.s.b.f.s.DefaultListableBeanFactory     : Finished creating instance of bean 'org.springframework.boot.autoconfigure.web.servlet.ServletWebServerFactoryAutoConfiguration'
2023-05-20T12:15:03.954+05:30 DEBUG 5960 --- [           main] o.s.b.f.s.DefaultListableBeanFactory     : Creating shared instance of singleton bean 'server-org.springframework.boot.autoconfigure.web.ServerProperties'
2023-05-20T12:15:03.954+05:30 TRACE 5960 --- [           main] o.s.b.f.s.DefaultListableBeanFactory     : Creating instance of bean 'server-org.springframework.boot.autoconfigure.web.ServerProperties'
2023-05-20T12:15:03.966+05:30 TRACE 5960 --- [           main] o.s.b.f.s.DefaultListableBeanFactory     : Returning cached instance of singleton bean 'org.springframework.boot.context.properties.BoundConfigurationProperties'
2023-05-20T12:15:03.973+05:30 TRACE 5960 --- [           main] o.s.b.f.s.DefaultListableBeanFactory     : Finished creating instance of bean 'server-org.springframework.boot.autoconfigure.web.ServerProperties'
2023-05-20T12:15:03.973+05:30 DEBUG 5960 --- [           main] o.s.b.f.s.DefaultListableBeanFactory     : Autowiring by type from bean name 'servletWebServerFactoryCustomizer' via factory method to bean named 'server-org.springframework.boot.autoconfigure.web.ServerProperties'
2023-05-20T12:15:03.974+05:30 TRACE 5960 --- [           main] o.s.b.f.s.DefaultListableBeanFactory     : Returning cached instance of singleton bean 'sslBundleRegistry'
2023-05-20T12:15:03.975+05:30 TRACE 5960 --- [           main] o.s.b.f.s.DefaultListableBeanFactory     : Finished creating instance of bean 'servletWebServerFactoryCustomizer'
2023-05-20T12:15:03.975+05:30 DEBUG 5960 --- [           main] o.s.b.f.s.DefaultListableBeanFactory     : Creating shared instance of singleton bean 'tomcatServletWebServerFactoryCustomizer'
2023-05-20T12:15:03.975+05:30 TRACE 5960 --- [           main] o.s.b.f.s.DefaultListableBeanFactory     : Creating instance of bean 'tomcatServletWebServerFactoryCustomizer'
2023-05-20T12:15:03.975+05:30 TRACE 5960 --- [           main] o.s.b.f.s.DefaultListableBeanFactory     : Returning cached instance of singleton bean 'org.springframework.boot.autoconfigure.web.servlet.ServletWebServerFactoryAutoConfiguration'
2023-05-20T12:15:03.976+05:30 TRACE 5960 --- [           main] o.s.b.f.s.DefaultListableBeanFactory     : Returning cached instance of singleton bean 'server-org.springframework.boot.autoconfigure.web.ServerProperties'
2023-05-20T12:15:03.976+05:30 DEBUG 5960 --- [           main] o.s.b.f.s.DefaultListableBeanFactory     : Autowiring by type from bean name 'tomcatServletWebServerFactoryCustomizer' via factory method to bean named 'server-org.springframework.boot.autoconfigure.web.ServerProperties'
2023-05-20T12:15:03.976+05:30 TRACE 5960 --- [           main] o.s.b.f.s.DefaultListableBeanFactory     : Finished creating instance of bean 'tomcatServletWebServerFactoryCustomizer'
2023-05-20T12:15:03.976+05:30 DEBUG 5960 --- [           main] o.s.b.f.s.DefaultListableBeanFactory     : Creating shared instance of singleton bean 'localeCharsetMappingsCustomizer'
2023-05-20T12:15:03.976+05:30 TRACE 5960 --- [           main] o.s.b.f.s.DefaultListableBeanFactory     : Creating instance of bean 'localeCharsetMappingsCustomizer'
2023-05-20T12:15:03.976+05:30 DEBUG 5960 --- [           main] o.s.b.f.s.DefaultListableBeanFactory     : Creating shared instance of singleton bean 'org.springframework.boot.autoconfigure.web.servlet.HttpEncodingAutoConfiguration'
2023-05-20T12:15:03.976+05:30 TRACE 5960 --- [           main] o.s.b.f.s.DefaultListableBeanFactory     : Creating instance of bean 'org.springframework.boot.autoconfigure.web.servlet.HttpEncodingAutoConfiguration'
2023-05-20T12:15:03.976+05:30 TRACE 5960 --- [           main] o.s.b.f.s.DefaultListableBeanFactory     : Returning cached instance of singleton bean 'server-org.springframework.boot.autoconfigure.web.ServerProperties'
2023-05-20T12:15:03.976+05:30 DEBUG 5960 --- [           main] o.s.b.f.s.DefaultListableBeanFactory     : Autowiring by type from bean name 'org.springframework.boot.autoconfigure.web.servlet.HttpEncodingAutoConfiguration' via constructor to bean named 'server-org.springframework.boot.autoconfigure.web.ServerProperties'
2023-05-20T12:15:03.977+05:30 TRACE 5960 --- [           main] o.s.b.f.s.DefaultListableBeanFactory     : Finished creating instance of bean 'org.springframework.boot.autoconfigure.web.servlet.HttpEncodingAutoConfiguration'
2023-05-20T12:15:03.977+05:30 TRACE 5960 --- [           main] o.s.b.f.s.DefaultListableBeanFactory     : Finished creating instance of bean 'localeCharsetMappingsCustomizer'
2023-05-20T12:15:04.000+05:30 TRACE 5960 --- [           main] o.s.b.f.s.DefaultListableBeanFactory     : Finished creating instance of bean 'tomcatServletWebServerFactory'
2023-05-20T12:15:04.000+05:30 TRACE 5960 --- [           main] o.s.b.f.s.DefaultListableBeanFactory     : Returning cached instance of singleton bean 'org.springframework.boot.autoconfigure.web.servlet.ServletWebServerFactoryAutoConfiguration'
2023-05-20T12:15:04.000+05:30 TRACE 5960 --- [           main] o.s.b.f.s.DefaultListableBeanFactory     : Returning cached instance of singleton bean 'servletWebServerFactoryCustomizer'
2023-05-20T12:15:04.000+05:30 TRACE 5960 --- [           main] o.s.b.f.s.DefaultListableBeanFactory     : Returning cached instance of singleton bean 'tomcatServletWebServerFactoryCustomizer'
2023-05-20T12:15:04.000+05:30 TRACE 5960 --- [           main] o.s.b.f.s.DefaultListableBeanFactory     : Returning cached instance of singleton bean 'server-org.springframework.boot.autoconfigure.web.ServerProperties'
2023-05-20T12:15:04.000+05:30 TRACE 5960 --- [           main] o.s.b.f.s.DefaultListableBeanFactory     : Returning cached instance of singleton bean 'webServerFactoryCustomizerBeanPostProcessor'
2023-05-20T12:15:04.000+05:30 TRACE 5960 --- [           main] o.s.b.f.s.DefaultListableBeanFactory     : Returning cached instance of singleton bean 'errorPageRegistrarBeanPostProcessor'
2023-05-20T12:15:04.000+05:30 DEBUG 5960 --- [           main] o.s.b.f.s.DefaultListableBeanFactory     : Creating shared instance of singleton bean 'org.springframework.boot.autoconfigure.web.servlet.DispatcherServletAutoConfiguration$DispatcherServletConfiguration'
2023-05-20T12:15:04.000+05:30 TRACE 5960 --- [           main] o.s.b.f.s.DefaultListableBeanFactory     : Creating instance of bean 'org.springframework.boot.autoconfigure.web.servlet.DispatcherServletAutoConfiguration$DispatcherServletConfiguration'
2023-05-20T12:15:04.001+05:30 TRACE 5960 --- [           main] o.s.b.f.s.DefaultListableBeanFactory     : Finished creating instance of bean 'org.springframework.boot.autoconfigure.web.servlet.DispatcherServletAutoConfiguration$DispatcherServletConfiguration'
2023-05-20T12:15:04.001+05:30 DEBUG 5960 --- [           main] o.s.b.f.s.DefaultListableBeanFactory     : Creating shared instance of singleton bean 'dispatcherServlet'
2023-05-20T12:15:04.001+05:30 TRACE 5960 --- [           main] o.s.b.f.s.DefaultListableBeanFactory     : Creating instance of bean 'dispatcherServlet'
2023-05-20T12:15:04.001+05:30 TRACE 5960 --- [           main] o.s.b.f.s.DefaultListableBeanFactory     : Returning cached instance of singleton bean 'org.springframework.boot.autoconfigure.web.servlet.DispatcherServletAutoConfiguration$DispatcherServletConfiguration'
2023-05-20T12:15:04.002+05:30 DEBUG 5960 --- [           main] o.s.b.f.s.DefaultListableBeanFactory     : Creating shared instance of singleton bean 'spring.mvc-org.springframework.boot.autoconfigure.web.servlet.WebMvcProperties'
2023-05-20T12:15:04.002+05:30 TRACE 5960 --- [           main] o.s.b.f.s.DefaultListableBeanFactory     : Creating instance of bean 'spring.mvc-org.springframework.boot.autoconfigure.web.servlet.WebMvcProperties'
2023-05-20T12:15:04.003+05:30 TRACE 5960 --- [           main] o.s.b.f.s.DefaultListableBeanFactory     : Returning cached instance of singleton bean 'org.springframework.boot.context.properties.BoundConfigurationProperties'
2023-05-20T12:15:04.008+05:30 TRACE 5960 --- [           main] o.s.b.f.s.DefaultListableBeanFactory     : Finished creating instance of bean 'spring.mvc-org.springframework.boot.autoconfigure.web.servlet.WebMvcProperties'
2023-05-20T12:15:04.008+05:30 DEBUG 5960 --- [           main] o.s.b.f.s.DefaultListableBeanFactory     : Autowiring by type from bean name 'dispatcherServlet' via factory method to bean named 'spring.mvc-org.springframework.boot.autoconfigure.web.servlet.WebMvcProperties'
2023-05-20T12:15:04.037+05:30 TRACE 5960 --- [           main] o.s.b.f.s.DefaultListableBeanFactory     : Finished creating instance of bean 'dispatcherServlet'
2023-05-20T12:15:04.037+05:30 TRACE 5960 --- [           main] o.s.b.f.s.DefaultListableBeanFactory     : Returning cached instance of singleton bean 'spring.mvc-org.springframework.boot.autoconfigure.web.servlet.WebMvcProperties'
2023-05-20T12:15:04.037+05:30 DEBUG 5960 --- [           main] o.s.b.f.s.DefaultListableBeanFactory     : Creating shared instance of singleton bean 'org.springframework.boot.autoconfigure.web.servlet.DispatcherServletAutoConfiguration$DispatcherServletRegistrationConfiguration'
2023-05-20T12:15:04.037+05:30 TRACE 5960 --- [           main] o.s.b.f.s.DefaultListableBeanFactory     : Creating instance of bean 'org.springframework.boot.autoconfigure.web.servlet.DispatcherServletAutoConfiguration$DispatcherServletRegistrationConfiguration'
2023-05-20T12:15:04.038+05:30 TRACE 5960 --- [           main] o.s.b.f.s.DefaultListableBeanFactory     : Finished creating instance of bean 'org.springframework.boot.autoconfigure.web.servlet.DispatcherServletAutoConfiguration$DispatcherServletRegistrationConfiguration'
2023-05-20T12:15:04.038+05:30 DEBUG 5960 --- [           main] o.s.b.f.s.DefaultListableBeanFactory     : Creating shared instance of singleton bean 'dispatcherServletRegistration'
2023-05-20T12:15:04.038+05:30 TRACE 5960 --- [           main] o.s.b.f.s.DefaultListableBeanFactory     : Creating instance of bean 'dispatcherServletRegistration'
2023-05-20T12:15:04.038+05:30 TRACE 5960 --- [           main] o.s.b.f.s.DefaultListableBeanFactory     : Returning cached instance of singleton bean 'org.springframework.boot.autoconfigure.web.servlet.DispatcherServletAutoConfiguration$DispatcherServletRegistrationConfiguration'
2023-05-20T12:15:04.039+05:30 TRACE 5960 --- [           main] o.s.b.f.s.DefaultListableBeanFactory     : Returning cached instance of singleton bean 'dispatcherServlet'
2023-05-20T12:15:04.039+05:30 TRACE 5960 --- [           main] o.s.b.f.s.DefaultListableBeanFactory     : Returning cached instance of singleton bean 'spring.mvc-org.springframework.boot.autoconfigure.web.servlet.WebMvcProperties'
2023-05-20T12:15:04.039+05:30 DEBUG 5960 --- [           main] o.s.b.f.s.DefaultListableBeanFactory     : Autowiring by type from bean name 'dispatcherServletRegistration' via factory method to bean named 'dispatcherServlet'
2023-05-20T12:15:04.039+05:30 DEBUG 5960 --- [           main] o.s.b.f.s.DefaultListableBeanFactory     : Autowiring by type from bean name 'dispatcherServletRegistration' via factory method to bean named 'spring.mvc-org.springframework.boot.autoconfigure.web.servlet.WebMvcProperties'
2023-05-20T12:15:04.041+05:30 DEBUG 5960 --- [           main] o.s.b.f.s.DefaultListableBeanFactory     : Creating shared instance of singleton bean 'multipartConfigElement'
2023-05-20T12:15:04.042+05:30 TRACE 5960 --- [           main] o.s.b.f.s.DefaultListableBeanFactory     : Creating instance of bean 'multipartConfigElement'
2023-05-20T12:15:04.042+05:30 DEBUG 5960 --- [           main] o.s.b.f.s.DefaultListableBeanFactory     : Creating shared instance of singleton bean 'org.springframework.boot.autoconfigure.web.servlet.MultipartAutoConfiguration'
2023-05-20T12:15:04.042+05:30 TRACE 5960 --- [           main] o.s.b.f.s.DefaultListableBeanFactory     : Creating instance of bean 'org.springframework.boot.autoconfigure.web.servlet.MultipartAutoConfiguration'
2023-05-20T12:15:04.043+05:30 DEBUG 5960 --- [           main] o.s.b.f.s.DefaultListableBeanFactory     : Creating shared instance of singleton bean 'spring.servlet.multipart-org.springframework.boot.autoconfigure.web.servlet.MultipartProperties'
2023-05-20T12:15:04.043+05:30 TRACE 5960 --- [           main] o.s.b.f.s.DefaultListableBeanFactory     : Creating instance of bean 'spring.servlet.multipart-org.springframework.boot.autoconfigure.web.servlet.MultipartProperties'
2023-05-20T12:15:04.044+05:30 TRACE 5960 --- [           main] o.s.b.f.s.DefaultListableBeanFactory     : Returning cached instance of singleton bean 'org.springframework.boot.context.properties.BoundConfigurationProperties'
2023-05-20T12:15:04.049+05:30 TRACE 5960 --- [           main] o.s.b.f.s.DefaultListableBeanFactory     : Finished creating instance of bean 'spring.servlet.multipart-org.springframework.boot.autoconfigure.web.servlet.MultipartProperties'
2023-05-20T12:15:04.049+05:30 DEBUG 5960 --- [           main] o.s.b.f.s.DefaultListableBeanFactory     : Autowiring by type from bean name 'org.springframework.boot.autoconfigure.web.servlet.MultipartAutoConfiguration' via constructor to bean named 'spring.servlet.multipart-org.springframework.boot.autoconfigure.web.servlet.MultipartProperties'
2023-05-20T12:15:04.050+05:30 TRACE 5960 --- [           main] o.s.b.f.s.DefaultListableBeanFactory     : Finished creating instance of bean 'org.springframework.boot.autoconfigure.web.servlet.MultipartAutoConfiguration'
2023-05-20T12:15:04.052+05:30 TRACE 5960 --- [           main] o.s.b.f.s.DefaultListableBeanFactory     : Finished creating instance of bean 'multipartConfigElement'
2023-05-20T12:15:04.056+05:30 TRACE 5960 --- [           main] o.s.b.f.s.DefaultListableBeanFactory     : Finished creating instance of bean 'dispatcherServletRegistration'
2023-05-20T12:15:04.056+05:30 DEBUG 5960 --- [           main] o.s.b.f.s.DefaultListableBeanFactory     : Creating shared instance of singleton bean 'org.springframework.boot.autoconfigure.web.servlet.DispatcherServletAutoConfiguration'
2023-05-20T12:15:04.056+05:30 TRACE 5960 --- [           main] o.s.b.f.s.DefaultListableBeanFactory     : Creating instance of bean 'org.springframework.boot.autoconfigure.web.servlet.DispatcherServletAutoConfiguration'
2023-05-20T12:15:04.057+05:30 TRACE 5960 --- [           main] o.s.b.f.s.DefaultListableBeanFactory     : Finished creating instance of bean 'org.springframework.boot.autoconfigure.web.servlet.DispatcherServletAutoConfiguration'
2023-05-20T12:15:04.057+05:30 DEBUG 5960 --- [           main] o.s.b.f.s.DefaultListableBeanFactory     : Creating shared instance of singleton bean 'org.springframework.boot.autoconfigure.task.TaskExecutionAutoConfiguration'
2023-05-20T12:15:04.057+05:30 TRACE 5960 --- [           main] o.s.b.f.s.DefaultListableBeanFactory     : Creating instance of bean 'org.springframework.boot.autoconfigure.task.TaskExecutionAutoConfiguration'
2023-05-20T12:15:04.057+05:30 TRACE 5960 --- [           main] o.s.b.f.s.DefaultListableBeanFactory     : Finished creating instance of bean 'org.springframework.boot.autoconfigure.task.TaskExecutionAutoConfiguration'
2023-05-20T12:15:04.057+05:30 DEBUG 5960 --- [           main] o.s.b.f.s.DefaultListableBeanFactory     : Creating shared instance of singleton bean 'taskExecutorBuilder'
2023-05-20T12:15:04.057+05:30 TRACE 5960 --- [           main] o.s.b.f.s.DefaultListableBeanFactory     : Creating instance of bean 'taskExecutorBuilder'
2023-05-20T12:15:04.057+05:30 TRACE 5960 --- [           main] o.s.b.f.s.DefaultListableBeanFactory     : Returning cached instance of singleton bean 'org.springframework.boot.autoconfigure.task.TaskExecutionAutoConfiguration'
2023-05-20T12:15:04.059+05:30 DEBUG 5960 --- [           main] o.s.b.f.s.DefaultListableBeanFactory     : Creating shared instance of singleton bean 'spring.task.execution-org.springframework.boot.autoconfigure.task.TaskExecutionProperties'
2023-05-20T12:15:04.059+05:30 TRACE 5960 --- [           main] o.s.b.f.s.DefaultListableBeanFactory     : Creating instance of bean 'spring.task.execution-org.springframework.boot.autoconfigure.task.TaskExecutionProperties'
2023-05-20T12:15:04.060+05:30 TRACE 5960 --- [           main] o.s.b.f.s.DefaultListableBeanFactory     : Returning cached instance of singleton bean 'org.springframework.boot.context.properties.BoundConfigurationProperties'
2023-05-20T12:15:04.061+05:30 TRACE 5960 --- [           main] o.s.b.f.s.DefaultListableBeanFactory     : Finished creating instance of bean 'spring.task.execution-org.springframework.boot.autoconfigure.task.TaskExecutionProperties'
2023-05-20T12:15:04.062+05:30 DEBUG 5960 --- [           main] o.s.b.f.s.DefaultListableBeanFactory     : Autowiring by type from bean name 'taskExecutorBuilder' via factory method to bean named 'spring.task.execution-org.springframework.boot.autoconfigure.task.TaskExecutionProperties'
2023-05-20T12:15:04.065+05:30 TRACE 5960 --- [           main] o.s.b.f.s.DefaultListableBeanFactory     : Finished creating instance of bean 'taskExecutorBuilder'
2023-05-20T12:15:04.065+05:30 TRACE 5960 --- [           main] o.s.b.f.s.DefaultListableBeanFactory     : Returning cached instance of singleton bean 'spring.task.execution-org.springframework.boot.autoconfigure.task.TaskExecutionProperties'
2023-05-20T12:15:04.065+05:30 DEBUG 5960 --- [           main] o.s.b.f.s.DefaultListableBeanFactory     : Creating shared instance of singleton bean 'org.springframework.boot.autoconfigure.web.servlet.WebMvcAutoConfiguration$EnableWebMvcConfiguration'
2023-05-20T12:15:04.065+05:30 TRACE 5960 --- [           main] o.s.b.f.s.DefaultListableBeanFactory     : Creating instance of bean 'org.springframework.boot.autoconfigure.web.servlet.WebMvcAutoConfiguration$EnableWebMvcConfiguration'
2023-05-20T12:15:04.066+05:30 TRACE 5960 --- [           main] o.s.b.f.s.DefaultListableBeanFactory     : Returning cached instance of singleton bean 'spring.mvc-org.springframework.boot.autoconfigure.web.servlet.WebMvcProperties'
2023-05-20T12:15:04.066+05:30 DEBUG 5960 --- [           main] o.s.b.f.s.DefaultListableBeanFactory     : Creating shared instance of singleton bean 'spring.web-org.springframework.boot.autoconfigure.web.WebProperties'
2023-05-20T12:15:04.066+05:30 TRACE 5960 --- [           main] o.s.b.f.s.DefaultListableBeanFactory     : Creating instance of bean 'spring.web-org.springframework.boot.autoconfigure.web.WebProperties'
2023-05-20T12:15:04.071+05:30 TRACE 5960 --- [           main] o.s.b.f.s.DefaultListableBeanFactory     : Returning cached instance of singleton bean 'org.springframework.boot.context.properties.BoundConfigurationProperties'
2023-05-20T12:15:04.072+05:30 TRACE 5960 --- [           main] o.s.b.f.s.DefaultListableBeanFactory     : Finished creating instance of bean 'spring.web-org.springframework.boot.autoconfigure.web.WebProperties'
2023-05-20T12:15:04.073+05:30 DEBUG 5960 --- [           main] o.s.b.f.s.DefaultListableBeanFactory     : Autowiring by type from bean name 'org.springframework.boot.autoconfigure.web.servlet.WebMvcAutoConfiguration$EnableWebMvcConfiguration' via constructor to bean named 'spring.mvc-org.springframework.boot.autoconfigure.web.servlet.WebMvcProperties'
2023-05-20T12:15:04.073+05:30 DEBUG 5960 --- [           main] o.s.b.f.s.DefaultListableBeanFactory     : Autowiring by type from bean name 'org.springframework.boot.autoconfigure.web.servlet.WebMvcAutoConfiguration$EnableWebMvcConfiguration' via constructor to bean named 'spring.web-org.springframework.boot.autoconfigure.web.WebProperties'
2023-05-20T12:15:04.073+05:30 DEBUG 5960 --- [           main] o.s.b.f.s.DefaultListableBeanFactory     : Autowiring by type from bean name 'org.springframework.boot.autoconfigure.web.servlet.WebMvcAutoConfiguration$EnableWebMvcConfiguration' via constructor to bean named 'org.springframework.beans.factory.support.DefaultListableBeanFactory@5b989dc7'
2023-05-20T12:15:04.080+05:30 TRACE 5960 --- [           main] o.s.beans.CachedIntrospectionResults     : Getting BeanInfo for class [org.springframework.boot.autoconfigure.web.servlet.WebMvcAutoConfiguration$EnableWebMvcConfiguration]
2023-05-20T12:15:04.081+05:30 TRACE 5960 --- [           main] o.s.beans.CachedIntrospectionResults     : Caching PropertyDescriptors for class [org.springframework.boot.autoconfigure.web.servlet.WebMvcAutoConfiguration$EnableWebMvcConfiguration]
2023-05-20T12:15:04.081+05:30 TRACE 5960 --- [           main] o.s.beans.CachedIntrospectionResults     : Found bean property 'applicationContext' of type [org.springframework.context.ApplicationContext]
2023-05-20T12:15:04.081+05:30 TRACE 5960 --- [           main] o.s.beans.CachedIntrospectionResults     : Found bean property 'class' of type [java.lang.Class]
2023-05-20T12:15:04.081+05:30 TRACE 5960 --- [           main] o.s.beans.CachedIntrospectionResults     : Found bean property 'configurers' of type [java.util.List]
2023-05-20T12:15:04.081+05:30 TRACE 5960 --- [           main] o.s.beans.CachedIntrospectionResults     : Found bean property 'resourceLoader' of type [org.springframework.core.io.ResourceLoader]
2023-05-20T12:15:04.081+05:30 TRACE 5960 --- [           main] o.s.beans.CachedIntrospectionResults     : Found bean property 'servletContext' of type [jakarta.servlet.ServletContext]
2023-05-20T12:15:04.085+05:30 DEBUG 5960 --- [           main] o.s.b.f.s.DefaultListableBeanFactory     : Creating shared instance of singleton bean 'org.springframework.boot.autoconfigure.web.servlet.WebMvcAutoConfiguration$WebMvcAutoConfigurationAdapter'
2023-05-20T12:15:04.085+05:30 TRACE 5960 --- [           main] o.s.b.f.s.DefaultListableBeanFactory     : Creating instance of bean 'org.springframework.boot.autoconfigure.web.servlet.WebMvcAutoConfiguration$WebMvcAutoConfigurationAdapter'
2023-05-20T12:15:04.085+05:30 TRACE 5960 --- [           main] o.s.b.f.s.DefaultListableBeanFactory     : Returning cached instance of singleton bean 'spring.web-org.springframework.boot.autoconfigure.web.WebProperties'
2023-05-20T12:15:04.086+05:30 TRACE 5960 --- [           main] o.s.b.f.s.DefaultListableBeanFactory     : Returning cached instance of singleton bean 'spring.mvc-org.springframework.boot.autoconfigure.web.servlet.WebMvcProperties'
2023-05-20T12:15:04.086+05:30 DEBUG 5960 --- [           main] o.s.b.f.s.DefaultListableBeanFactory     : Autowiring by type from bean name 'org.springframework.boot.autoconfigure.web.servlet.WebMvcAutoConfiguration$WebMvcAutoConfigurationAdapter' via constructor to bean named 'spring.web-org.springframework.boot.autoconfigure.web.WebProperties'
2023-05-20T12:15:04.086+05:30 DEBUG 5960 --- [           main] o.s.b.f.s.DefaultListableBeanFactory     : Autowiring by type from bean name 'org.springframework.boot.autoconfigure.web.servlet.WebMvcAutoConfiguration$WebMvcAutoConfigurationAdapter' via constructor to bean named 'spring.mvc-org.springframework.boot.autoconfigure.web.servlet.WebMvcProperties'
2023-05-20T12:15:04.094+05:30 DEBUG 5960 --- [           main] o.s.b.f.s.DefaultListableBeanFactory     : Autowiring by type from bean name 'org.springframework.boot.autoconfigure.web.servlet.WebMvcAutoConfiguration$WebMvcAutoConfigurationAdapter' via constructor to bean named 'org.springframework.beans.factory.support.DefaultListableBeanFactory@5b989dc7'
2023-05-20T12:15:04.095+05:30 TRACE 5960 --- [           main] o.s.b.f.s.DefaultListableBeanFactory     : Finished creating instance of bean 'org.springframework.boot.autoconfigure.web.servlet.WebMvcAutoConfiguration$WebMvcAutoConfigurationAdapter'
2023-05-20T12:15:04.095+05:30 TRACE 5960 --- [           main] f.a.AutowiredAnnotationBeanPostProcessor : Autowiring by type from bean name 'org.springframework.boot.autoconfigure.web.servlet.WebMvcAutoConfiguration$EnableWebMvcConfiguration' to bean named 'org.springframework.boot.autoconfigure.web.servlet.WebMvcAutoConfiguration$WebMvcAutoConfigurationAdapter'
2023-05-20T12:15:04.096+05:30 TRACE 5960 --- [           main] o.s.b.f.s.DefaultListableBeanFactory     : Finished creating instance of bean 'org.springframework.boot.autoconfigure.web.servlet.WebMvcAutoConfiguration$EnableWebMvcConfiguration'
2023-05-20T12:15:04.096+05:30 DEBUG 5960 --- [           main] o.s.b.f.s.DefaultListableBeanFactory     : Creating shared instance of singleton bean 'requestMappingHandlerAdapter'
2023-05-20T12:15:04.096+05:30 TRACE 5960 --- [           main] o.s.b.f.s.DefaultListableBeanFactory     : Creating instance of bean 'requestMappingHandlerAdapter'
2023-05-20T12:15:04.096+05:30 TRACE 5960 --- [           main] o.s.b.f.s.DefaultListableBeanFactory     : Returning cached instance of singleton bean 'org.springframework.boot.autoconfigure.web.servlet.WebMvcAutoConfiguration$EnableWebMvcConfiguration'
2023-05-20T12:15:04.099+05:30 DEBUG 5960 --- [           main] o.s.b.f.s.DefaultListableBeanFactory     : Creating shared instance of singleton bean 'mvcContentNegotiationManager'
2023-05-20T12:15:04.099+05:30 TRACE 5960 --- [           main] o.s.b.f.s.DefaultListableBeanFactory     : Creating instance of bean 'mvcContentNegotiationManager'
2023-05-20T12:15:04.099+05:30 TRACE 5960 --- [           main] o.s.b.f.s.DefaultListableBeanFactory     : Returning cached instance of singleton bean 'org.springframework.boot.autoconfigure.web.servlet.WebMvcAutoConfiguration$EnableWebMvcConfiguration'
2023-05-20T12:15:04.105+05:30 TRACE 5960 --- [           main] o.s.b.f.s.DefaultListableBeanFactory     : Finished creating instance of bean 'mvcContentNegotiationManager'
2023-05-20T12:15:04.106+05:30 DEBUG 5960 --- [           main] o.s.b.f.s.DefaultListableBeanFactory     : Creating shared instance of singleton bean 'mvcConversionService'
2023-05-20T12:15:04.106+05:30 TRACE 5960 --- [           main] o.s.b.f.s.DefaultListableBeanFactory     : Creating instance of bean 'mvcConversionService'
2023-05-20T12:15:04.106+05:30 TRACE 5960 --- [           main] o.s.b.f.s.DefaultListableBeanFactory     : Returning cached instance of singleton bean 'org.springframework.boot.autoconfigure.web.servlet.WebMvcAutoConfiguration$EnableWebMvcConfiguration'
2023-05-20T12:15:04.112+05:30 TRACE 5960 --- [           main] o.s.b.f.s.DefaultListableBeanFactory     : Finished creating instance of bean 'mvcConversionService'
2023-05-20T12:15:04.113+05:30 DEBUG 5960 --- [           main] o.s.b.f.s.DefaultListableBeanFactory     : Creating shared instance of singleton bean 'mvcValidator'
2023-05-20T12:15:04.113+05:30 TRACE 5960 --- [           main] o.s.b.f.s.DefaultListableBeanFactory     : Creating instance of bean 'mvcValidator'
2023-05-20T12:15:04.113+05:30 TRACE 5960 --- [           main] o.s.b.f.s.DefaultListableBeanFactory     : Returning cached instance of singleton bean 'org.springframework.boot.autoconfigure.web.servlet.WebMvcAutoConfiguration$EnableWebMvcConfiguration'
2023-05-20T12:15:04.115+05:30 TRACE 5960 --- [           main] o.s.b.f.s.DefaultListableBeanFactory     : Finished creating instance of bean 'mvcValidator'
2023-05-20T12:15:04.115+05:30 DEBUG 5960 --- [           main] o.s.b.f.s.DefaultListableBeanFactory     : Autowiring by type from bean name 'requestMappingHandlerAdapter' via factory method to bean named 'mvcContentNegotiationManager'
2023-05-20T12:15:04.115+05:30 DEBUG 5960 --- [           main] o.s.b.f.s.DefaultListableBeanFactory     : Autowiring by type from bean name 'requestMappingHandlerAdapter' via factory method to bean named 'mvcConversionService'
2023-05-20T12:15:04.116+05:30 DEBUG 5960 --- [           main] o.s.b.f.s.DefaultListableBeanFactory     : Autowiring by type from bean name 'requestMappingHandlerAdapter' via factory method to bean named 'mvcValidator'
2023-05-20T12:15:04.130+05:30 DEBUG 5960 --- [           main] o.s.b.f.s.DefaultListableBeanFactory     : Creating shared instance of singleton bean 'messageConverters'
2023-05-20T12:15:04.130+05:30 TRACE 5960 --- [           main] o.s.b.f.s.DefaultListableBeanFactory     : Creating instance of bean 'messageConverters'
2023-05-20T12:15:04.130+05:30 DEBUG 5960 --- [           main] o.s.b.f.s.DefaultListableBeanFactory     : Creating shared instance of singleton bean 'org.springframework.boot.autoconfigure.http.HttpMessageConvertersAutoConfiguration'
2023-05-20T12:15:04.130+05:30 TRACE 5960 --- [           main] o.s.b.f.s.DefaultListableBeanFactory     : Creating instance of bean 'org.springframework.boot.autoconfigure.http.HttpMessageConvertersAutoConfiguration'
2023-05-20T12:15:04.131+05:30 TRACE 5960 --- [           main] o.s.b.f.s.DefaultListableBeanFactory     : Finished creating instance of bean 'org.springframework.boot.autoconfigure.http.HttpMessageConvertersAutoConfiguration'
2023-05-20T12:15:04.138+05:30 DEBUG 5960 --- [           main] o.s.b.f.s.DefaultListableBeanFactory     : Creating shared instance of singleton bean 'stringHttpMessageConverter'
2023-05-20T12:15:04.138+05:30 TRACE 5960 --- [           main] o.s.b.f.s.DefaultListableBeanFactory     : Creating instance of bean 'stringHttpMessageConverter'
2023-05-20T12:15:04.138+05:30 DEBUG 5960 --- [           main] o.s.b.f.s.DefaultListableBeanFactory     : Creating shared instance of singleton bean 'org.springframework.boot.autoconfigure.http.HttpMessageConvertersAutoConfiguration$StringHttpMessageConverterConfiguration'
2023-05-20T12:15:04.138+05:30 TRACE 5960 --- [           main] o.s.b.f.s.DefaultListableBeanFactory     : Creating instance of bean 'org.springframework.boot.autoconfigure.http.HttpMessageConvertersAutoConfiguration$StringHttpMessageConverterConfiguration'
2023-05-20T12:15:04.139+05:30 TRACE 5960 --- [           main] o.s.b.f.s.DefaultListableBeanFactory     : Finished creating instance of bean 'org.springframework.boot.autoconfigure.http.HttpMessageConvertersAutoConfiguration$StringHttpMessageConverterConfiguration'
2023-05-20T12:15:04.139+05:30 TRACE 5960 --- [           main] o.s.b.f.s.DefaultListableBeanFactory     : Returning cached instance of singleton bean 'environment'
2023-05-20T12:15:04.139+05:30 DEBUG 5960 --- [           main] o.s.b.f.s.DefaultListableBeanFactory     : Autowiring by type from bean name 'stringHttpMessageConverter' via factory method to bean named 'environment'
2023-05-20T12:15:04.148+05:30 TRACE 5960 --- [           main] o.s.b.f.s.DefaultListableBeanFactory     : Finished creating instance of bean 'stringHttpMessageConverter'
2023-05-20T12:15:04.149+05:30 DEBUG 5960 --- [           main] o.s.b.f.s.DefaultListableBeanFactory     : Creating shared instance of singleton bean 'mappingJackson2HttpMessageConverter'
2023-05-20T12:15:04.149+05:30 TRACE 5960 --- [           main] o.s.b.f.s.DefaultListableBeanFactory     : Creating instance of bean 'mappingJackson2HttpMessageConverter'
2023-05-20T12:15:04.149+05:30 DEBUG 5960 --- [           main] o.s.b.f.s.DefaultListableBeanFactory     : Creating shared instance of singleton bean 'org.springframework.boot.autoconfigure.http.JacksonHttpMessageConvertersConfiguration$MappingJackson2HttpMessageConverterConfiguration'
2023-05-20T12:15:04.149+05:30 TRACE 5960 --- [           main] o.s.b.f.s.DefaultListableBeanFactory     : Creating instance of bean 'org.springframework.boot.autoconfigure.http.JacksonHttpMessageConvertersConfiguration$MappingJackson2HttpMessageConverterConfiguration'
2023-05-20T12:15:04.149+05:30 TRACE 5960 --- [           main] o.s.b.f.s.DefaultListableBeanFactory     : Finished creating instance of bean 'org.springframework.boot.autoconfigure.http.JacksonHttpMessageConvertersConfiguration$MappingJackson2HttpMessageConverterConfiguration'
2023-05-20T12:15:04.150+05:30 DEBUG 5960 --- [           main] o.s.b.f.s.DefaultListableBeanFactory     : Creating shared instance of singleton bean 'jacksonObjectMapper'
2023-05-20T12:15:04.150+05:30 TRACE 5960 --- [           main] o.s.b.f.s.DefaultListableBeanFactory     : Creating instance of bean 'jacksonObjectMapper'
2023-05-20T12:15:04.150+05:30 DEBUG 5960 --- [           main] o.s.b.f.s.DefaultListableBeanFactory     : Creating shared instance of singleton bean 'org.springframework.boot.autoconfigure.jackson.JacksonAutoConfiguration$JacksonObjectMapperConfiguration'
2023-05-20T12:15:04.150+05:30 TRACE 5960 --- [           main] o.s.b.f.s.DefaultListableBeanFactory     : Creating instance of bean 'org.springframework.boot.autoconfigure.jackson.JacksonAutoConfiguration$JacksonObjectMapperConfiguration'
2023-05-20T12:15:04.151+05:30 TRACE 5960 --- [           main] o.s.b.f.s.DefaultListableBeanFactory     : Finished creating instance of bean 'org.springframework.boot.autoconfigure.jackson.JacksonAutoConfiguration$JacksonObjectMapperConfiguration'
2023-05-20T12:15:04.152+05:30 TRACE 5960 --- [           main] o.s.b.f.s.DefaultListableBeanFactory     : Creating instance of bean 'jacksonObjectMapperBuilder'
2023-05-20T12:15:04.152+05:30 DEBUG 5960 --- [           main] o.s.b.f.s.DefaultListableBeanFactory     : Creating shared instance of singleton bean 'org.springframework.boot.autoconfigure.jackson.JacksonAutoConfiguration$JacksonObjectMapperBuilderConfiguration'
2023-05-20T12:15:04.152+05:30 TRACE 5960 --- [           main] o.s.b.f.s.DefaultListableBeanFactory     : Creating instance of bean 'org.springframework.boot.autoconfigure.jackson.JacksonAutoConfiguration$JacksonObjectMapperBuilderConfiguration'
2023-05-20T12:15:04.152+05:30 TRACE 5960 --- [           main] o.s.b.f.s.DefaultListableBeanFactory     : Finished creating instance of bean 'org.springframework.boot.autoconfigure.jackson.JacksonAutoConfiguration$JacksonObjectMapperBuilderConfiguration'
2023-05-20T12:15:04.154+05:30 DEBUG 5960 --- [           main] o.s.b.f.s.DefaultListableBeanFactory     : Creating shared instance of singleton bean 'standardJacksonObjectMapperBuilderCustomizer'
2023-05-20T12:15:04.154+05:30 TRACE 5960 --- [           main] o.s.b.f.s.DefaultListableBeanFactory     : Creating instance of bean 'standardJacksonObjectMapperBuilderCustomizer'
2023-05-20T12:15:04.154+05:30 DEBUG 5960 --- [           main] o.s.b.f.s.DefaultListableBeanFactory     : Creating shared instance of singleton bean 'org.springframework.boot.autoconfigure.jackson.JacksonAutoConfiguration$Jackson2ObjectMapperBuilderCustomizerConfiguration'
2023-05-20T12:15:04.154+05:30 TRACE 5960 --- [           main] o.s.b.f.s.DefaultListableBeanFactory     : Creating instance of bean 'org.springframework.boot.autoconfigure.jackson.JacksonAutoConfiguration$Jackson2ObjectMapperBuilderCustomizerConfiguration'
2023-05-20T12:15:04.154+05:30 TRACE 5960 --- [           main] o.s.b.f.s.DefaultListableBeanFactory     : Finished creating instance of bean 'org.springframework.boot.autoconfigure.jackson.JacksonAutoConfiguration$Jackson2ObjectMapperBuilderCustomizerConfiguration'
2023-05-20T12:15:04.155+05:30 DEBUG 5960 --- [           main] o.s.b.f.s.DefaultListableBeanFactory     : Creating shared instance of singleton bean 'spring.jackson-org.springframework.boot.autoconfigure.jackson.JacksonProperties'
2023-05-20T12:15:04.155+05:30 TRACE 5960 --- [           main] o.s.b.f.s.DefaultListableBeanFactory     : Creating instance of bean 'spring.jackson-org.springframework.boot.autoconfigure.jackson.JacksonProperties'
2023-05-20T12:15:04.155+05:30 TRACE 5960 --- [           main] o.s.b.f.s.DefaultListableBeanFactory     : Returning cached instance of singleton bean 'org.springframework.boot.context.properties.BoundConfigurationProperties'
2023-05-20T12:15:04.160+05:30 TRACE 5960 --- [           main] o.s.b.f.s.DefaultListableBeanFactory     : Finished creating instance of bean 'spring.jackson-org.springframework.boot.autoconfigure.jackson.JacksonProperties'
2023-05-20T12:15:04.160+05:30 DEBUG 5960 --- [           main] o.s.b.f.s.DefaultListableBeanFactory     : Autowiring by type from bean name 'standardJacksonObjectMapperBuilderCustomizer' via factory method to bean named 'spring.jackson-org.springframework.boot.autoconfigure.jackson.JacksonProperties'
2023-05-20T12:15:04.161+05:30 DEBUG 5960 --- [           main] o.s.b.f.s.DefaultListableBeanFactory     : Creating shared instance of singleton bean 'parameterNamesModule'
2023-05-20T12:15:04.161+05:30 TRACE 5960 --- [           main] o.s.b.f.s.DefaultListableBeanFactory     : Creating instance of bean 'parameterNamesModule'
2023-05-20T12:15:04.161+05:30 DEBUG 5960 --- [           main] o.s.b.f.s.DefaultListableBeanFactory     : Creating shared instance of singleton bean 'org.springframework.boot.autoconfigure.jackson.JacksonAutoConfiguration$ParameterNamesModuleConfiguration'
2023-05-20T12:15:04.161+05:30 TRACE 5960 --- [           main] o.s.b.f.s.DefaultListableBeanFactory     : Creating instance of bean 'org.springframework.boot.autoconfigure.jackson.JacksonAutoConfiguration$ParameterNamesModuleConfiguration'
2023-05-20T12:15:04.162+05:30 TRACE 5960 --- [           main] o.s.b.f.s.DefaultListableBeanFactory     : Finished creating instance of bean 'org.springframework.boot.autoconfigure.jackson.JacksonAutoConfiguration$ParameterNamesModuleConfiguration'
2023-05-20T12:15:04.165+05:30 TRACE 5960 --- [           main] o.s.b.f.s.DefaultListableBeanFactory     : Finished creating instance of bean 'parameterNamesModule'
2023-05-20T12:15:04.165+05:30 DEBUG 5960 --- [           main] o.s.b.f.s.DefaultListableBeanFactory     : Creating shared instance of singleton bean 'jsonMixinModule'
2023-05-20T12:15:04.165+05:30 TRACE 5960 --- [           main] o.s.b.f.s.DefaultListableBeanFactory     : Creating instance of bean 'jsonMixinModule'
2023-05-20T12:15:04.165+05:30 DEBUG 5960 --- [           main] o.s.b.f.s.DefaultListableBeanFactory     : Creating shared instance of singleton bean 'org.springframework.boot.autoconfigure.jackson.JacksonAutoConfiguration$JacksonMixinConfiguration'
2023-05-20T12:15:04.165+05:30 TRACE 5960 --- [           main] o.s.b.f.s.DefaultListableBeanFactory     : Creating instance of bean 'org.springframework.boot.autoconfigure.jackson.JacksonAutoConfiguration$JacksonMixinConfiguration'
2023-05-20T12:15:04.165+05:30 TRACE 5960 --- [           main] o.s.b.f.s.DefaultListableBeanFactory     : Finished creating instance of bean 'org.springframework.boot.autoconfigure.jackson.JacksonAutoConfiguration$JacksonMixinConfiguration'
2023-05-20T12:15:04.166+05:30 DEBUG 5960 --- [           main] o.s.b.f.s.DefaultListableBeanFactory     : Creating shared instance of singleton bean 'jsonMixinModuleEntries'
2023-05-20T12:15:04.166+05:30 TRACE 5960 --- [           main] o.s.b.f.s.DefaultListableBeanFactory     : Creating instance of bean 'jsonMixinModuleEntries'
2023-05-20T12:15:04.166+05:30 DEBUG 5960 --- [           main] o.s.b.f.s.DefaultListableBeanFactory     : Autowiring by type from bean name 'jsonMixinModuleEntries' via factory method to bean named 'org.springframework.web.context.support.GenericWebApplicationContext@22c01ab0'
2023-05-20T12:15:04.166+05:30 TRACE 5960 --- [           main] o.s.b.f.s.DefaultListableBeanFactory     : Returning cached instance of singleton bean 'org.springframework.boot.autoconfigure.AutoConfigurationPackages'
2023-05-20T12:15:04.166+05:30 DEBUG 5960 --- [           main] o.s.b.a.AutoConfigurationPackages        : @EnableAutoConfiguration was declared on a class in the package 'com.example.demo'. Automatic @Repository and @Entity scanning is enabled.
2023-05-20T12:15:04.166+05:30 TRACE 5960 --- [           main] o.s.b.f.s.DefaultListableBeanFactory     : Returning cached instance of singleton bean 'org.springframework.boot.autoconfigure.AutoConfigurationPackages'
2023-05-20T12:15:04.168+05:30 TRACE 5960 --- [           main] .i.s.PathMatchingResourcePatternResolver : Resolved module-path location pattern [com/example/demo/**/*.class] to resources []
2023-05-20T12:15:04.168+05:30 TRACE 5960 --- [           main] .i.s.PathMatchingResourcePatternResolver : Resolved module-path location pattern [com/example/demo/] to resources []
2023-05-20T12:15:04.169+05:30 TRACE 5960 --- [           main] .i.s.PathMatchingResourcePatternResolver : Resolved classpath location [com/example/demo/] to resources [file [C:\Users\HP\Desktop\github\demo (1)\demo\target\test-classes\com\example\demo], file [C:\Users\HP\Desktop\github\demo (1)\demo\target\classes\com\example\demo]]
2023-05-20T12:15:04.169+05:30 TRACE 5960 --- [           main] .i.s.PathMatchingResourcePatternResolver : Searching directory [C:\Users\HP\Desktop\github\demo (1)\demo\target\test-classes\com\example\demo] for files matching pattern [**/*.class]
2023-05-20T12:15:04.170+05:30 TRACE 5960 --- [           main] .i.s.PathMatchingResourcePatternResolver : Searching directory [C:\Users\HP\Desktop\github\demo (1)\demo\target\classes\com\example\demo] for files matching pattern [**/*.class]
2023-05-20T12:15:04.171+05:30 TRACE 5960 --- [           main] .i.s.PathMatchingResourcePatternResolver : Resolved location pattern [classpath*:com/example/demo/**/*.class] to resources [file [C:\Users\HP\Desktop\github\demo (1)\demo\target\test-classes\com\example\demo\DemoApplicationTests.class], file [C:\Users\HP\Desktop\github\demo (1)\demo\target\classes\com\example\demo\ControllerClass.class], file [C:\Users\HP\Desktop\github\demo (1)\demo\target\classes\com\example\demo\Course.class], file [C:\Users\HP\Desktop\github\demo (1)\demo\target\classes\com\example\demo\CurrencyConfigurationController.class], file [C:\Users\HP\Desktop\github\demo (1)\demo\target\classes\com\example\demo\CurrencyServiceConfiguration.class], file [C:\Users\HP\Desktop\github\demo (1)\demo\target\classes\com\example\demo\DemoApplication.class]]
2023-05-20T12:15:04.171+05:30 TRACE 5960 --- [           main] nModuleEntries$JsonMixinComponentScanner : Scanning file [C:\Users\HP\Desktop\github\demo (1)\demo\target\test-classes\com\example\demo\DemoApplicationTests.class]
2023-05-20T12:15:04.171+05:30 TRACE 5960 --- [           main] nModuleEntries$JsonMixinComponentScanner : Ignored because not matching any filter: file [C:\Users\HP\Desktop\github\demo (1)\demo\target\test-classes\com\example\demo\DemoApplicationTests.class]
2023-05-20T12:15:04.171+05:30 TRACE 5960 --- [           main] nModuleEntries$JsonMixinComponentScanner : Scanning file [C:\Users\HP\Desktop\github\demo (1)\demo\target\classes\com\example\demo\ControllerClass.class]
2023-05-20T12:15:04.171+05:30 TRACE 5960 --- [           main] nModuleEntries$JsonMixinComponentScanner : Ignored because not matching any filter: file [C:\Users\HP\Desktop\github\demo (1)\demo\target\classes\com\example\demo\ControllerClass.class]
2023-05-20T12:15:04.171+05:30 TRACE 5960 --- [           main] nModuleEntries$JsonMixinComponentScanner : Scanning file [C:\Users\HP\Desktop\github\demo (1)\demo\target\classes\com\example\demo\Course.class]
2023-05-20T12:15:04.171+05:30 TRACE 5960 --- [           main] nModuleEntries$JsonMixinComponentScanner : Ignored because not matching any filter: file [C:\Users\HP\Desktop\github\demo (1)\demo\target\classes\com\example\demo\Course.class]
2023-05-20T12:15:04.171+05:30 TRACE 5960 --- [           main] nModuleEntries$JsonMixinComponentScanner : Scanning file [C:\Users\HP\Desktop\github\demo (1)\demo\target\classes\com\example\demo\CurrencyConfigurationController.class]
2023-05-20T12:15:04.171+05:30 TRACE 5960 --- [           main] nModuleEntries$JsonMixinComponentScanner : Ignored because not matching any filter: file [C:\Users\HP\Desktop\github\demo (1)\demo\target\classes\com\example\demo\CurrencyConfigurationController.class]
2023-05-20T12:15:04.171+05:30 TRACE 5960 --- [           main] nModuleEntries$JsonMixinComponentScanner : Scanning file [C:\Users\HP\Desktop\github\demo (1)\demo\target\classes\com\example\demo\CurrencyServiceConfiguration.class]
2023-05-20T12:15:04.171+05:30 TRACE 5960 --- [           main] nModuleEntries$JsonMixinComponentScanner : Ignored because not matching any filter: file [C:\Users\HP\Desktop\github\demo (1)\demo\target\classes\com\example\demo\CurrencyServiceConfiguration.class]
2023-05-20T12:15:04.171+05:30 TRACE 5960 --- [           main] nModuleEntries$JsonMixinComponentScanner : Scanning file [C:\Users\HP\Desktop\github\demo (1)\demo\target\classes\com\example\demo\DemoApplication.class]
2023-05-20T12:15:04.171+05:30 TRACE 5960 --- [           main] nModuleEntries$JsonMixinComponentScanner : Ignored because not matching any filter: file [C:\Users\HP\Desktop\github\demo (1)\demo\target\classes\com\example\demo\DemoApplication.class]
2023-05-20T12:15:04.171+05:30 TRACE 5960 --- [           main] o.s.b.f.s.DefaultListableBeanFactory     : Finished creating instance of bean 'jsonMixinModuleEntries'
2023-05-20T12:15:04.172+05:30 DEBUG 5960 --- [           main] o.s.b.f.s.DefaultListableBeanFactory     : Autowiring by type from bean name 'jsonMixinModule' via factory method to bean named 'org.springframework.web.context.support.GenericWebApplicationContext@22c01ab0'
2023-05-20T12:15:04.172+05:30 DEBUG 5960 --- [           main] o.s.b.f.s.DefaultListableBeanFactory     : Autowiring by type from bean name 'jsonMixinModule' via factory method to bean named 'jsonMixinModuleEntries'
2023-05-20T12:15:04.173+05:30 TRACE 5960 --- [           main] o.s.b.f.s.DefaultListableBeanFactory     : Finished creating instance of bean 'jsonMixinModule'
2023-05-20T12:15:04.173+05:30 DEBUG 5960 --- [           main] o.s.b.f.s.DefaultListableBeanFactory     : Creating shared instance of singleton bean 'jsonComponentModule'
2023-05-20T12:15:04.173+05:30 TRACE 5960 --- [           main] o.s.b.f.s.DefaultListableBeanFactory     : Creating instance of bean 'jsonComponentModule'
2023-05-20T12:15:04.173+05:30 DEBUG 5960 --- [           main] o.s.b.f.s.DefaultListableBeanFactory     : Creating shared instance of singleton bean 'org.springframework.boot.autoconfigure.jackson.JacksonAutoConfiguration'
2023-05-20T12:15:04.173+05:30 TRACE 5960 --- [           main] o.s.b.f.s.DefaultListableBeanFactory     : Creating instance of bean 'org.springframework.boot.autoconfigure.jackson.JacksonAutoConfiguration'
2023-05-20T12:15:04.174+05:30 TRACE 5960 --- [           main] o.s.b.f.s.DefaultListableBeanFactory     : Finished creating instance of bean 'org.springframework.boot.autoconfigure.jackson.JacksonAutoConfiguration'
2023-05-20T12:15:04.175+05:30 TRACE 5960 --- [           main] o.s.b.f.s.DefaultListableBeanFactory     : Invoking afterPropertiesSet() on bean with name 'jsonComponentModule'
2023-05-20T12:15:04.180+05:30 TRACE 5960 --- [           main] o.s.b.f.s.DefaultListableBeanFactory     : Finished creating instance of bean 'jsonComponentModule'
2023-05-20T12:15:04.180+05:30 TRACE 5960 --- [           main] o.s.b.f.s.DefaultListableBeanFactory     : Finished creating instance of bean 'standardJacksonObjectMapperBuilderCustomizer'
2023-05-20T12:15:04.181+05:30 DEBUG 5960 --- [           main] o.s.b.f.s.DefaultListableBeanFactory     : Autowiring by type from bean name 'jacksonObjectMapperBuilder' via factory method to bean named 'org.springframework.web.context.support.GenericWebApplicationContext@22c01ab0'
2023-05-20T12:15:04.181+05:30 DEBUG 5960 --- [           main] o.s.b.f.s.DefaultListableBeanFactory     : Autowiring by type from bean name 'jacksonObjectMapperBuilder' via factory method to bean named 'standardJacksonObjectMapperBuilderCustomizer'
2023-05-20T12:15:04.184+05:30 TRACE 5960 --- [           main] o.s.b.f.s.DefaultListableBeanFactory     : Finished creating instance of bean 'jacksonObjectMapperBuilder'
2023-05-20T12:15:04.185+05:30 DEBUG 5960 --- [           main] o.s.b.f.s.DefaultListableBeanFactory     : Autowiring by type from bean name 'jacksonObjectMapper' via factory method to bean named 'jacksonObjectMapperBuilder'
2023-05-20T12:15:04.201+05:30 TRACE 5960 --- [           main] o.s.b.f.s.DefaultListableBeanFactory     : Finished creating instance of bean 'jacksonObjectMapper'
2023-05-20T12:15:04.201+05:30 DEBUG 5960 --- [           main] o.s.b.f.s.DefaultListableBeanFactory     : Autowiring by type from bean name 'mappingJackson2HttpMessageConverter' via factory method to bean named 'jacksonObjectMapper'
2023-05-20T12:15:04.203+05:30 TRACE 5960 --- [           main] o.s.b.f.s.DefaultListableBeanFactory     : Finished creating instance of bean 'mappingJackson2HttpMessageConverter'
2023-05-20T12:15:04.203+05:30 TRACE 5960 --- [           main] o.s.b.f.s.DefaultListableBeanFactory     : Returning cached instance of singleton bean 'stringHttpMessageConverter'
2023-05-20T12:15:04.203+05:30 TRACE 5960 --- [           main] o.s.b.f.s.DefaultListableBeanFactory     : Returning cached instance of singleton bean 'mappingJackson2HttpMessageConverter'
2023-05-20T12:15:04.208+05:30 TRACE 5960 --- [           main] o.s.b.f.s.DefaultListableBeanFactory     : Finished creating instance of bean 'messageConverters'
2023-05-20T12:15:04.212+05:30 DEBUG 5960 --- [           main] o.s.b.f.s.DefaultListableBeanFactory     : Creating shared instance of singleton bean 'applicationTaskExecutor'
2023-05-20T12:15:04.212+05:30 TRACE 5960 --- [           main] o.s.b.f.s.DefaultListableBeanFactory     : Creating instance of bean 'applicationTaskExecutor'
2023-05-20T12:15:04.212+05:30 TRACE 5960 --- [           main] o.s.b.f.s.DefaultListableBeanFactory     : Returning cached instance of singleton bean 'org.springframework.boot.autoconfigure.task.TaskExecutionAutoConfiguration'
2023-05-20T12:15:04.213+05:30 TRACE 5960 --- [           main] o.s.b.f.s.DefaultListableBeanFactory     : Returning cached instance of singleton bean 'taskExecutorBuilder'
2023-05-20T12:15:04.213+05:30 DEBUG 5960 --- [           main] o.s.b.f.s.DefaultListableBeanFactory     : Autowiring by type from bean name 'applicationTaskExecutor' via factory method to bean named 'taskExecutorBuilder'
2023-05-20T12:15:04.223+05:30 TRACE 5960 --- [           main] o.s.b.f.s.DefaultListableBeanFactory     : Invoking afterPropertiesSet() on bean with name 'applicationTaskExecutor'
2023-05-20T12:15:04.223+05:30 DEBUG 5960 --- [           main] o.s.s.concurrent.ThreadPoolTaskExecutor  : Initializing ExecutorService 'applicationTaskExecutor'
2023-05-20T12:15:04.223+05:30 TRACE 5960 --- [           main] o.s.b.f.s.DefaultListableBeanFactory     : Finished creating instance of bean 'applicationTaskExecutor'
2023-05-20T12:15:04.233+05:30 TRACE 5960 --- [           main] o.s.b.f.s.DefaultListableBeanFactory     : Invoking afterPropertiesSet() on bean with name 'requestMappingHandlerAdapter'
2023-05-20T12:15:04.247+05:30 DEBUG 5960 --- [           main] s.w.s.m.m.a.RequestMappingHandlerAdapter : ControllerAdvice beans: 0 @ModelAttribute, 0 @InitBinder, 1 RequestBodyAdvice, 1 ResponseBodyAdvice
2023-05-20T12:15:04.287+05:30 TRACE 5960 --- [           main] o.s.b.f.s.DefaultListableBeanFactory     : Finished creating instance of bean 'requestMappingHandlerAdapter'
2023-05-20T12:15:04.287+05:30 DEBUG 5960 --- [           main] o.s.b.f.s.DefaultListableBeanFactory     : Creating shared instance of singleton bean 'welcomePageHandlerMapping'
2023-05-20T12:15:04.287+05:30 TRACE 5960 --- [           main] o.s.b.f.s.DefaultListableBeanFactory     : Creating instance of bean 'welcomePageHandlerMapping'
2023-05-20T12:15:04.287+05:30 TRACE 5960 --- [           main] o.s.b.f.s.DefaultListableBeanFactory     : Returning cached instance of singleton bean 'org.springframework.boot.autoconfigure.web.servlet.WebMvcAutoConfiguration$EnableWebMvcConfiguration'
2023-05-20T12:15:04.287+05:30 TRACE 5960 --- [           main] o.s.b.f.s.DefaultListableBeanFactory     : Returning cached instance of singleton bean 'mvcConversionService'
2023-05-20T12:15:04.287+05:30 DEBUG 5960 --- [           main] o.s.b.f.s.DefaultListableBeanFactory     : Creating shared instance of singleton bean 'mvcResourceUrlProvider'
2023-05-20T12:15:04.287+05:30 TRACE 5960 --- [           main] o.s.b.f.s.DefaultListableBeanFactory     : Creating instance of bean 'mvcResourceUrlProvider'
2023-05-20T12:15:04.288+05:30 TRACE 5960 --- [           main] o.s.b.f.s.DefaultListableBeanFactory     : Returning cached instance of singleton bean 'org.springframework.boot.autoconfigure.web.servlet.WebMvcAutoConfiguration$EnableWebMvcConfiguration'
2023-05-20T12:15:04.289+05:30 TRACE 5960 --- [           main] o.s.b.f.s.DefaultListableBeanFactory     : Finished creating instance of bean 'mvcResourceUrlProvider'
2023-05-20T12:15:04.289+05:30 DEBUG 5960 --- [           main] o.s.b.f.s.DefaultListableBeanFactory     : Autowiring by type from bean name 'welcomePageHandlerMapping' via factory method to bean named 'org.springframework.web.context.support.GenericWebApplicationContext@22c01ab0'
2023-05-20T12:15:04.289+05:30 DEBUG 5960 --- [           main] o.s.b.f.s.DefaultListableBeanFactory     : Autowiring by type from bean name 'welcomePageHandlerMapping' via factory method to bean named 'mvcConversionService'
2023-05-20T12:15:04.289+05:30 DEBUG 5960 --- [           main] o.s.b.f.s.DefaultListableBeanFactory     : Autowiring by type from bean name 'welcomePageHandlerMapping' via factory method to bean named 'mvcResourceUrlProvider'
2023-05-20T12:15:04.293+05:30 TRACE 5960 --- [           main] o.s.c.io.support.SpringFactoriesLoader   : Loaded [org.springframework.boot.autoconfigure.template.TemplateAvailabilityProvider] names: [org.springframework.boot.autoconfigure.freemarker.FreeMarkerTemplateAvailabilityProvider, org.springframework.boot.autoconfigure.mustache.MustacheTemplateAvailabilityProvider, org.springframework.boot.autoconfigure.groovy.template.GroovyTemplateAvailabilityProvider, org.springframework.boot.autoconfigure.thymeleaf.ThymeleafTemplateAvailabilityProvider, org.springframework.boot.autoconfigure.web.servlet.JspTemplateAvailabilityProvider]
2023-05-20T12:15:04.318+05:30 TRACE 5960 --- [           main] o.s.b.f.s.DefaultListableBeanFactory     : Finished creating instance of bean 'welcomePageHandlerMapping'
2023-05-20T12:15:04.318+05:30 DEBUG 5960 --- [           main] o.s.b.f.s.DefaultListableBeanFactory     : Creating shared instance of singleton bean 'welcomePageNotAcceptableHandlerMapping'
2023-05-20T12:15:04.318+05:30 TRACE 5960 --- [           main] o.s.b.f.s.DefaultListableBeanFactory     : Creating instance of bean 'welcomePageNotAcceptableHandlerMapping'
2023-05-20T12:15:04.318+05:30 TRACE 5960 --- [           main] o.s.b.f.s.DefaultListableBeanFactory     : Returning cached instance of singleton bean 'org.springframework.boot.autoconfigure.web.servlet.WebMvcAutoConfiguration$EnableWebMvcConfiguration'
2023-05-20T12:15:04.318+05:30 TRACE 5960 --- [           main] o.s.b.f.s.DefaultListableBeanFactory     : Returning cached instance of singleton bean 'mvcConversionService'
2023-05-20T12:15:04.318+05:30 TRACE 5960 --- [           main] o.s.b.f.s.DefaultListableBeanFactory     : Returning cached instance of singleton bean 'mvcResourceUrlProvider'
2023-05-20T12:15:04.318+05:30 DEBUG 5960 --- [           main] o.s.b.f.s.DefaultListableBeanFactory     : Autowiring by type from bean name 'welcomePageNotAcceptableHandlerMapping' via factory method to bean named 'org.springframework.web.context.support.GenericWebApplicationContext@22c01ab0'
2023-05-20T12:15:04.318+05:30 DEBUG 5960 --- [           main] o.s.b.f.s.DefaultListableBeanFactory     : Autowiring by type from bean name 'welcomePageNotAcceptableHandlerMapping' via factory method to bean named 'mvcConversionService'
2023-05-20T12:15:04.318+05:30 DEBUG 5960 --- [           main] o.s.b.f.s.DefaultListableBeanFactory     : Autowiring by type from bean name 'welcomePageNotAcceptableHandlerMapping' via factory method to bean named 'mvcResourceUrlProvider'
2023-05-20T12:15:04.319+05:30 TRACE 5960 --- [           main] o.s.c.io.support.SpringFactoriesLoader   : Loaded [org.springframework.boot.autoconfigure.template.TemplateAvailabilityProvider] names: [org.springframework.boot.autoconfigure.freemarker.FreeMarkerTemplateAvailabilityProvider, org.springframework.boot.autoconfigure.mustache.MustacheTemplateAvailabilityProvider, org.springframework.boot.autoconfigure.groovy.template.GroovyTemplateAvailabilityProvider, org.springframework.boot.autoconfigure.thymeleaf.ThymeleafTemplateAvailabilityProvider, org.springframework.boot.autoconfigure.web.servlet.JspTemplateAvailabilityProvider]
2023-05-20T12:15:04.326+05:30 TRACE 5960 --- [           main] o.s.b.f.s.DefaultListableBeanFactory     : Finished creating instance of bean 'welcomePageNotAcceptableHandlerMapping'
2023-05-20T12:15:04.326+05:30 DEBUG 5960 --- [           main] o.s.b.f.s.DefaultListableBeanFactory     : Creating shared instance of singleton bean 'localeResolver'
2023-05-20T12:15:04.326+05:30 TRACE 5960 --- [           main] o.s.b.f.s.DefaultListableBeanFactory     : Creating instance of bean 'localeResolver'
2023-05-20T12:15:04.326+05:30 TRACE 5960 --- [           main] o.s.b.f.s.DefaultListableBeanFactory     : Returning cached instance of singleton bean 'org.springframework.boot.autoconfigure.web.servlet.WebMvcAutoConfiguration$EnableWebMvcConfiguration'
2023-05-20T12:15:04.328+05:30 TRACE 5960 --- [           main] o.s.b.f.s.DefaultListableBeanFactory     : Finished creating instance of bean 'localeResolver'
2023-05-20T12:15:04.328+05:30 DEBUG 5960 --- [           main] o.s.b.f.s.DefaultListableBeanFactory     : Creating shared instance of singleton bean 'themeResolver'
2023-05-20T12:15:04.328+05:30 TRACE 5960 --- [           main] o.s.b.f.s.DefaultListableBeanFactory     : Creating instance of bean 'themeResolver'
2023-05-20T12:15:04.328+05:30 TRACE 5960 --- [           main] o.s.b.f.s.DefaultListableBeanFactory     : Returning cached instance of singleton bean 'org.springframework.boot.autoconfigure.web.servlet.WebMvcAutoConfiguration$EnableWebMvcConfiguration'
2023-05-20T12:15:04.330+05:30 TRACE 5960 --- [           main] o.s.b.f.s.DefaultListableBeanFactory     : Finished creating instance of bean 'themeResolver'
2023-05-20T12:15:04.330+05:30 DEBUG 5960 --- [           main] o.s.b.f.s.DefaultListableBeanFactory     : Creating shared instance of singleton bean 'flashMapManager'
2023-05-20T12:15:04.330+05:30 TRACE 5960 --- [           main] o.s.b.f.s.DefaultListableBeanFactory     : Creating instance of bean 'flashMapManager'
2023-05-20T12:15:04.330+05:30 TRACE 5960 --- [           main] o.s.b.f.s.DefaultListableBeanFactory     : Returning cached instance of singleton bean 'org.springframework.boot.autoconfigure.web.servlet.WebMvcAutoConfiguration$EnableWebMvcConfiguration'
2023-05-20T12:15:04.333+05:30 TRACE 5960 --- [           main] o.s.b.f.s.DefaultListableBeanFactory     : Finished creating instance of bean 'flashMapManager'
2023-05-20T12:15:04.333+05:30 TRACE 5960 --- [           main] o.s.b.f.s.DefaultListableBeanFactory     : Returning cached instance of singleton bean 'mvcConversionService'
2023-05-20T12:15:04.333+05:30 TRACE 5960 --- [           main] o.s.b.f.s.DefaultListableBeanFactory     : Returning cached instance of singleton bean 'mvcValidator'
2023-05-20T12:15:04.333+05:30 TRACE 5960 --- [           main] o.s.b.f.s.DefaultListableBeanFactory     : Returning cached instance of singleton bean 'mvcContentNegotiationManager'
2023-05-20T12:15:04.333+05:30 DEBUG 5960 --- [           main] o.s.b.f.s.DefaultListableBeanFactory     : Creating shared instance of singleton bean 'requestMappingHandlerMapping'
2023-05-20T12:15:04.333+05:30 TRACE 5960 --- [           main] o.s.b.f.s.DefaultListableBeanFactory     : Creating instance of bean 'requestMappingHandlerMapping'
2023-05-20T12:15:04.333+05:30 TRACE 5960 --- [           main] o.s.b.f.s.DefaultListableBeanFactory     : Returning cached instance of singleton bean 'org.springframework.boot.autoconfigure.web.servlet.WebMvcAutoConfiguration$EnableWebMvcConfiguration'
2023-05-20T12:15:04.334+05:30 TRACE 5960 --- [           main] o.s.b.f.s.DefaultListableBeanFactory     : Returning cached instance of singleton bean 'mvcContentNegotiationManager'
2023-05-20T12:15:04.335+05:30 TRACE 5960 --- [           main] o.s.b.f.s.DefaultListableBeanFactory     : Returning cached instance of singleton bean 'mvcConversionService'
2023-05-20T12:15:04.335+05:30 TRACE 5960 --- [           main] o.s.b.f.s.DefaultListableBeanFactory     : Returning cached instance of singleton bean 'mvcResourceUrlProvider'
2023-05-20T12:15:04.335+05:30 DEBUG 5960 --- [           main] o.s.b.f.s.DefaultListableBeanFactory     : Autowiring by type from bean name 'requestMappingHandlerMapping' via factory method to bean named 'mvcContentNegotiationManager'
2023-05-20T12:15:04.335+05:30 DEBUG 5960 --- [           main] o.s.b.f.s.DefaultListableBeanFactory     : Autowiring by type from bean name 'requestMappingHandlerMapping' via factory method to bean named 'mvcConversionService'
2023-05-20T12:15:04.335+05:30 DEBUG 5960 --- [           main] o.s.b.f.s.DefaultListableBeanFactory     : Autowiring by type from bean name 'requestMappingHandlerMapping' via factory method to bean named 'mvcResourceUrlProvider'
2023-05-20T12:15:04.352+05:30 TRACE 5960 --- [           main] o.s.b.f.s.DefaultListableBeanFactory     : Invoking afterPropertiesSet() on bean with name 'requestMappingHandlerMapping'
2023-05-20T12:15:04.380+05:30 TRACE 5960 --- [           main] s.w.s.m.m.a.RequestMappingHandlerMapping : 
	c.e.d.ControllerClass:
	{ [/courses]}: retieveAllCourses()
2023-05-20T12:15:04.382+05:30 TRACE 5960 --- [           main] s.w.s.m.m.a.RequestMappingHandlerMapping : 
	c.e.d.CurrencyConfigurationController:
	{ [/currency-configuration]}: retieveAllCourses()
2023-05-20T12:15:04.385+05:30 DEBUG 5960 --- [           main] s.w.s.m.m.a.RequestMappingHandlerMapping : 2 mappings in 'requestMappingHandlerMapping'
2023-05-20T12:15:04.385+05:30 TRACE 5960 --- [           main] o.s.b.f.s.DefaultListableBeanFactory     : Finished creating instance of bean 'requestMappingHandlerMapping'
2023-05-20T12:15:04.385+05:30 DEBUG 5960 --- [           main] o.s.b.f.s.DefaultListableBeanFactory     : Creating shared instance of singleton bean 'mvcPatternParser'
2023-05-20T12:15:04.385+05:30 TRACE 5960 --- [           main] o.s.b.f.s.DefaultListableBeanFactory     : Creating instance of bean 'mvcPatternParser'
2023-05-20T12:15:04.385+05:30 TRACE 5960 --- [           main] o.s.b.f.s.DefaultListableBeanFactory     : Returning cached instance of singleton bean 'org.springframework.boot.autoconfigure.web.servlet.WebMvcAutoConfiguration$EnableWebMvcConfiguration'
2023-05-20T12:15:04.386+05:30 TRACE 5960 --- [           main] o.s.b.f.s.DefaultListableBeanFactory     : Finished creating instance of bean 'mvcPatternParser'
2023-05-20T12:15:04.386+05:30 DEBUG 5960 --- [           main] o.s.b.f.s.DefaultListableBeanFactory     : Creating shared instance of singleton bean 'mvcUrlPathHelper'
2023-05-20T12:15:04.386+05:30 TRACE 5960 --- [           main] o.s.b.f.s.DefaultListableBeanFactory     : Creating instance of bean 'mvcUrlPathHelper'
2023-05-20T12:15:04.386+05:30 TRACE 5960 --- [           main] o.s.b.f.s.DefaultListableBeanFactory     : Returning cached instance of singleton bean 'org.springframework.boot.autoconfigure.web.servlet.WebMvcAutoConfiguration$EnableWebMvcConfiguration'
2023-05-20T12:15:04.386+05:30 TRACE 5960 --- [           main] o.s.b.f.s.DefaultListableBeanFactory     : Finished creating instance of bean 'mvcUrlPathHelper'
2023-05-20T12:15:04.387+05:30 DEBUG 5960 --- [           main] o.s.b.f.s.DefaultListableBeanFactory     : Creating shared instance of singleton bean 'mvcPathMatcher'
2023-05-20T12:15:04.387+05:30 TRACE 5960 --- [           main] o.s.b.f.s.DefaultListableBeanFactory     : Creating instance of bean 'mvcPathMatcher'
2023-05-20T12:15:04.387+05:30 TRACE 5960 --- [           main] o.s.b.f.s.DefaultListableBeanFactory     : Returning cached instance of singleton bean 'org.springframework.boot.autoconfigure.web.servlet.WebMvcAutoConfiguration$EnableWebMvcConfiguration'
2023-05-20T12:15:04.387+05:30 TRACE 5960 --- [           main] o.s.b.f.s.DefaultListableBeanFactory     : Finished creating instance of bean 'mvcPathMatcher'
2023-05-20T12:15:04.387+05:30 DEBUG 5960 --- [           main] o.s.b.f.s.DefaultListableBeanFactory     : Creating shared instance of singleton bean 'viewControllerHandlerMapping'
2023-05-20T12:15:04.387+05:30 TRACE 5960 --- [           main] o.s.b.f.s.DefaultListableBeanFactory     : Creating instance of bean 'viewControllerHandlerMapping'
2023-05-20T12:15:04.387+05:30 TRACE 5960 --- [           main] o.s.b.f.s.DefaultListableBeanFactory     : Returning cached instance of singleton bean 'org.springframework.boot.autoconfigure.web.servlet.WebMvcAutoConfiguration$EnableWebMvcConfiguration'
2023-05-20T12:15:04.388+05:30 TRACE 5960 --- [           main] o.s.b.f.s.DefaultListableBeanFactory     : Returning cached instance of singleton bean 'mvcConversionService'
2023-05-20T12:15:04.388+05:30 TRACE 5960 --- [           main] o.s.b.f.s.DefaultListableBeanFactory     : Returning cached instance of singleton bean 'mvcResourceUrlProvider'
2023-05-20T12:15:04.388+05:30 DEBUG 5960 --- [           main] o.s.b.f.s.DefaultListableBeanFactory     : Autowiring by type from bean name 'viewControllerHandlerMapping' via factory method to bean named 'mvcConversionService'
2023-05-20T12:15:04.388+05:30 DEBUG 5960 --- [           main] o.s.b.f.s.DefaultListableBeanFactory     : Autowiring by type from bean name 'viewControllerHandlerMapping' via factory method to bean named 'mvcResourceUrlProvider'
2023-05-20T12:15:04.388+05:30 TRACE 5960 --- [           main] o.s.b.f.s.DefaultListableBeanFactory     : Finished creating instance of bean 'viewControllerHandlerMapping'
2023-05-20T12:15:04.388+05:30 DEBUG 5960 --- [           main] o.s.b.f.s.DefaultListableBeanFactory     : Creating shared instance of singleton bean 'beanNameHandlerMapping'
2023-05-20T12:15:04.388+05:30 TRACE 5960 --- [           main] o.s.b.f.s.DefaultListableBeanFactory     : Creating instance of bean 'beanNameHandlerMapping'
2023-05-20T12:15:04.388+05:30 TRACE 5960 --- [           main] o.s.b.f.s.DefaultListableBeanFactory     : Returning cached instance of singleton bean 'org.springframework.boot.autoconfigure.web.servlet.WebMvcAutoConfiguration$EnableWebMvcConfiguration'
2023-05-20T12:15:04.389+05:30 TRACE 5960 --- [           main] o.s.b.f.s.DefaultListableBeanFactory     : Returning cached instance of singleton bean 'mvcConversionService'
2023-05-20T12:15:04.389+05:30 TRACE 5960 --- [           main] o.s.b.f.s.DefaultListableBeanFactory     : Returning cached instance of singleton bean 'mvcResourceUrlProvider'
2023-05-20T12:15:04.389+05:30 DEBUG 5960 --- [           main] o.s.b.f.s.DefaultListableBeanFactory     : Autowiring by type from bean name 'beanNameHandlerMapping' via factory method to bean named 'mvcConversionService'
2023-05-20T12:15:04.389+05:30 DEBUG 5960 --- [           main] o.s.b.f.s.DefaultListableBeanFactory     : Autowiring by type from bean name 'beanNameHandlerMapping' via factory method to bean named 'mvcResourceUrlProvider'
2023-05-20T12:15:04.391+05:30 DEBUG 5960 --- [           main] o.s.w.s.h.BeanNameUrlHandlerMapping      : Detected 0 mappings in 'beanNameHandlerMapping'
2023-05-20T12:15:04.392+05:30 TRACE 5960 --- [           main] o.s.b.f.s.DefaultListableBeanFactory     : Finished creating instance of bean 'beanNameHandlerMapping'
2023-05-20T12:15:04.392+05:30 DEBUG 5960 --- [           main] o.s.b.f.s.DefaultListableBeanFactory     : Creating shared instance of singleton bean 'routerFunctionMapping'
2023-05-20T12:15:04.392+05:30 TRACE 5960 --- [           main] o.s.b.f.s.DefaultListableBeanFactory     : Creating instance of bean 'routerFunctionMapping'
2023-05-20T12:15:04.392+05:30 TRACE 5960 --- [           main] o.s.b.f.s.DefaultListableBeanFactory     : Returning cached instance of singleton bean 'org.springframework.boot.autoconfigure.web.servlet.WebMvcAutoConfiguration$EnableWebMvcConfiguration'
2023-05-20T12:15:04.392+05:30 TRACE 5960 --- [           main] o.s.b.f.s.DefaultListableBeanFactory     : Returning cached instance of singleton bean 'mvcConversionService'
2023-05-20T12:15:04.393+05:30 TRACE 5960 --- [           main] o.s.b.f.s.DefaultListableBeanFactory     : Returning cached instance of singleton bean 'mvcResourceUrlProvider'
2023-05-20T12:15:04.393+05:30 DEBUG 5960 --- [           main] o.s.b.f.s.DefaultListableBeanFactory     : Autowiring by type from bean name 'routerFunctionMapping' via factory method to bean named 'mvcConversionService'
2023-05-20T12:15:04.393+05:30 DEBUG 5960 --- [           main] o.s.b.f.s.DefaultListableBeanFactory     : Autowiring by type from bean name 'routerFunctionMapping' via factory method to bean named 'mvcResourceUrlProvider'
2023-05-20T12:15:04.396+05:30 TRACE 5960 --- [           main] o.s.b.f.s.DefaultListableBeanFactory     : Invoking afterPropertiesSet() on bean with name 'routerFunctionMapping'
2023-05-20T12:15:04.397+05:30 TRACE 5960 --- [           main] o.s.w.s.f.support.RouterFunctionMapping  : 0 RouterFunction(s) in 'routerFunctionMapping'
2023-05-20T12:15:04.398+05:30 TRACE 5960 --- [           main] o.s.b.f.s.DefaultListableBeanFactory     : Finished creating instance of bean 'routerFunctionMapping'
2023-05-20T12:15:04.398+05:30 DEBUG 5960 --- [           main] o.s.b.f.s.DefaultListableBeanFactory     : Creating shared instance of singleton bean 'resourceHandlerMapping'
2023-05-20T12:15:04.398+05:30 TRACE 5960 --- [           main] o.s.b.f.s.DefaultListableBeanFactory     : Creating instance of bean 'resourceHandlerMapping'
2023-05-20T12:15:04.398+05:30 TRACE 5960 --- [           main] o.s.b.f.s.DefaultListableBeanFactory     : Returning cached instance of singleton bean 'org.springframework.boot.autoconfigure.web.servlet.WebMvcAutoConfiguration$EnableWebMvcConfiguration'
2023-05-20T12:15:04.398+05:30 TRACE 5960 --- [           main] o.s.b.f.s.DefaultListableBeanFactory     : Returning cached instance of singleton bean 'mvcContentNegotiationManager'
2023-05-20T12:15:04.398+05:30 TRACE 5960 --- [           main] o.s.b.f.s.DefaultListableBeanFactory     : Returning cached instance of singleton bean 'mvcConversionService'
2023-05-20T12:15:04.399+05:30 TRACE 5960 --- [           main] o.s.b.f.s.DefaultListableBeanFactory     : Returning cached instance of singleton bean 'mvcResourceUrlProvider'
2023-05-20T12:15:04.399+05:30 DEBUG 5960 --- [           main] o.s.b.f.s.DefaultListableBeanFactory     : Autowiring by type from bean name 'resourceHandlerMapping' via factory method to bean named 'mvcContentNegotiationManager'
2023-05-20T12:15:04.399+05:30 DEBUG 5960 --- [           main] o.s.b.f.s.DefaultListableBeanFactory     : Autowiring by type from bean name 'resourceHandlerMapping' via factory method to bean named 'mvcConversionService'
2023-05-20T12:15:04.399+05:30 DEBUG 5960 --- [           main] o.s.b.f.s.DefaultListableBeanFactory     : Autowiring by type from bean name 'resourceHandlerMapping' via factory method to bean named 'mvcResourceUrlProvider'
2023-05-20T12:15:04.409+05:30 TRACE 5960 --- [           main] o.s.w.s.handler.SimpleUrlHandlerMapping  : Mapped [/webjars/**] onto ResourceHttpRequestHandler [classpath [META-INF/resources/webjars/]]
2023-05-20T12:15:04.409+05:30 TRACE 5960 --- [           main] o.s.w.s.handler.SimpleUrlHandlerMapping  : Mapped [/**] onto ResourceHttpRequestHandler [classpath [META-INF/resources/], classpath [resources/], classpath [static/], classpath [public/], ServletContext [/]]
2023-05-20T12:15:04.409+05:30 DEBUG 5960 --- [           main] o.s.w.s.handler.SimpleUrlHandlerMapping  : Patterns [/webjars/**, /**] in 'resourceHandlerMapping'
2023-05-20T12:15:04.410+05:30 TRACE 5960 --- [           main] o.s.b.f.s.DefaultListableBeanFactory     : Finished creating instance of bean 'resourceHandlerMapping'
2023-05-20T12:15:04.410+05:30 TRACE 5960 --- [           main] o.s.b.f.s.DefaultListableBeanFactory     : Returning cached instance of singleton bean 'mvcResourceUrlProvider'
2023-05-20T12:15:04.410+05:30 DEBUG 5960 --- [           main] o.s.b.f.s.DefaultListableBeanFactory     : Creating shared instance of singleton bean 'defaultServletHandlerMapping'
2023-05-20T12:15:04.410+05:30 TRACE 5960 --- [           main] o.s.b.f.s.DefaultListableBeanFactory     : Creating instance of bean 'defaultServletHandlerMapping'
2023-05-20T12:15:04.410+05:30 TRACE 5960 --- [           main] o.s.b.f.s.DefaultListableBeanFactory     : Returning cached instance of singleton bean 'org.springframework.boot.autoconfigure.web.servlet.WebMvcAutoConfiguration$EnableWebMvcConfiguration'
2023-05-20T12:15:04.410+05:30 TRACE 5960 --- [           main] o.s.b.f.s.DefaultListableBeanFactory     : Finished creating instance of bean 'defaultServletHandlerMapping'
2023-05-20T12:15:04.410+05:30 DEBUG 5960 --- [           main] o.s.b.f.s.DefaultListableBeanFactory     : Creating shared instance of singleton bean 'handlerFunctionAdapter'
2023-05-20T12:15:04.410+05:30 TRACE 5960 --- [           main] o.s.b.f.s.DefaultListableBeanFactory     : Creating instance of bean 'handlerFunctionAdapter'
2023-05-20T12:15:04.410+05:30 TRACE 5960 --- [           main] o.s.b.f.s.DefaultListableBeanFactory     : Returning cached instance of singleton bean 'org.springframework.boot.autoconfigure.web.servlet.WebMvcAutoConfiguration$EnableWebMvcConfiguration'
2023-05-20T12:15:04.412+05:30 TRACE 5960 --- [           main] o.s.b.f.s.DefaultListableBeanFactory     : Finished creating instance of bean 'handlerFunctionAdapter'
2023-05-20T12:15:04.412+05:30 DEBUG 5960 --- [           main] o.s.b.f.s.DefaultListableBeanFactory     : Creating shared instance of singleton bean 'mvcUriComponentsContributor'
2023-05-20T12:15:04.412+05:30 TRACE 5960 --- [           main] o.s.b.f.s.DefaultListableBeanFactory     : Creating instance of bean 'mvcUriComponentsContributor'
2023-05-20T12:15:04.413+05:30 TRACE 5960 --- [           main] o.s.b.f.s.DefaultListableBeanFactory     : Returning cached instance of singleton bean 'org.springframework.boot.autoconfigure.web.servlet.WebMvcAutoConfiguration$EnableWebMvcConfiguration'
2023-05-20T12:15:04.413+05:30 TRACE 5960 --- [           main] o.s.b.f.s.DefaultListableBeanFactory     : Returning cached instance of singleton bean 'mvcConversionService'
2023-05-20T12:15:04.413+05:30 TRACE 5960 --- [           main] o.s.b.f.s.DefaultListableBeanFactory     : Returning cached instance of singleton bean 'requestMappingHandlerAdapter'
2023-05-20T12:15:04.413+05:30 DEBUG 5960 --- [           main] o.s.b.f.s.DefaultListableBeanFactory     : Autowiring by type from bean name 'mvcUriComponentsContributor' via factory method to bean named 'mvcConversionService'
2023-05-20T12:15:04.413+05:30 DEBUG 5960 --- [           main] o.s.b.f.s.DefaultListableBeanFactory     : Autowiring by type from bean name 'mvcUriComponentsContributor' via factory method to bean named 'requestMappingHandlerAdapter'
2023-05-20T12:15:04.415+05:30 TRACE 5960 --- [           main] o.s.b.f.s.DefaultListableBeanFactory     : Finished creating instance of bean 'mvcUriComponentsContributor'
2023-05-20T12:15:04.415+05:30 DEBUG 5960 --- [           main] o.s.b.f.s.DefaultListableBeanFactory     : Creating shared instance of singleton bean 'httpRequestHandlerAdapter'
2023-05-20T12:15:04.415+05:30 TRACE 5960 --- [           main] o.s.b.f.s.DefaultListableBeanFactory     : Creating instance of bean 'httpRequestHandlerAdapter'
2023-05-20T12:15:04.415+05:30 TRACE 5960 --- [           main] o.s.b.f.s.DefaultListableBeanFactory     : Returning cached instance of singleton bean 'org.springframework.boot.autoconfigure.web.servlet.WebMvcAutoConfiguration$EnableWebMvcConfiguration'
2023-05-20T12:15:04.416+05:30 TRACE 5960 --- [           main] o.s.b.f.s.DefaultListableBeanFactory     : Finished creating instance of bean 'httpRequestHandlerAdapter'
2023-05-20T12:15:04.416+05:30 DEBUG 5960 --- [           main] o.s.b.f.s.DefaultListableBeanFactory     : Creating shared instance of singleton bean 'simpleControllerHandlerAdapter'
2023-05-20T12:15:04.416+05:30 TRACE 5960 --- [           main] o.s.b.f.s.DefaultListableBeanFactory     : Creating instance of bean 'simpleControllerHandlerAdapter'
2023-05-20T12:15:04.416+05:30 TRACE 5960 --- [           main] o.s.b.f.s.DefaultListableBeanFactory     : Returning cached instance of singleton bean 'org.springframework.boot.autoconfigure.web.servlet.WebMvcAutoConfiguration$EnableWebMvcConfiguration'
2023-05-20T12:15:04.416+05:30 TRACE 5960 --- [           main] o.s.b.f.s.DefaultListableBeanFactory     : Finished creating instance of bean 'simpleControllerHandlerAdapter'
2023-05-20T12:15:04.416+05:30 DEBUG 5960 --- [           main] o.s.b.f.s.DefaultListableBeanFactory     : Creating shared instance of singleton bean 'handlerExceptionResolver'
2023-05-20T12:15:04.416+05:30 TRACE 5960 --- [           main] o.s.b.f.s.DefaultListableBeanFactory     : Creating instance of bean 'handlerExceptionResolver'
2023-05-20T12:15:04.416+05:30 TRACE 5960 --- [           main] o.s.b.f.s.DefaultListableBeanFactory     : Returning cached instance of singleton bean 'org.springframework.boot.autoconfigure.web.servlet.WebMvcAutoConfiguration$EnableWebMvcConfiguration'
2023-05-20T12:15:04.417+05:30 TRACE 5960 --- [           main] o.s.b.f.s.DefaultListableBeanFactory     : Returning cached instance of singleton bean 'mvcContentNegotiationManager'
2023-05-20T12:15:04.417+05:30 DEBUG 5960 --- [           main] o.s.b.f.s.DefaultListableBeanFactory     : Autowiring by type from bean name 'handlerExceptionResolver' via factory method to bean named 'mvcContentNegotiationManager'
2023-05-20T12:15:04.418+05:30 DEBUG 5960 --- [           main] .m.m.a.ExceptionHandlerExceptionResolver : ControllerAdvice beans: 0 @ExceptionHandler, 1 ResponseBodyAdvice
2023-05-20T12:15:04.422+05:30 TRACE 5960 --- [           main] o.s.b.f.s.DefaultListableBeanFactory     : Finished creating instance of bean 'handlerExceptionResolver'
2023-05-20T12:15:04.422+05:30 DEBUG 5960 --- [           main] o.s.b.f.s.DefaultListableBeanFactory     : Creating shared instance of singleton bean 'mvcViewResolver'
2023-05-20T12:15:04.422+05:30 TRACE 5960 --- [           main] o.s.b.f.s.DefaultListableBeanFactory     : Creating instance of bean 'mvcViewResolver'
2023-05-20T12:15:04.422+05:30 TRACE 5960 --- [           main] o.s.b.f.s.DefaultListableBeanFactory     : Returning cached instance of singleton bean 'org.springframework.boot.autoconfigure.web.servlet.WebMvcAutoConfiguration$EnableWebMvcConfiguration'
2023-05-20T12:15:04.423+05:30 TRACE 5960 --- [           main] o.s.b.f.s.DefaultListableBeanFactory     : Returning cached instance of singleton bean 'mvcContentNegotiationManager'
2023-05-20T12:15:04.423+05:30 DEBUG 5960 --- [           main] o.s.b.f.s.DefaultListableBeanFactory     : Autowiring by type from bean name 'mvcViewResolver' via factory method to bean named 'mvcContentNegotiationManager'
2023-05-20T12:15:04.426+05:30 TRACE 5960 --- [           main] o.s.b.f.s.DefaultListableBeanFactory     : Invoking afterPropertiesSet() on bean with name 'mvcViewResolver'
2023-05-20T12:15:04.426+05:30 TRACE 5960 --- [           main] o.s.b.f.s.DefaultListableBeanFactory     : Finished creating instance of bean 'mvcViewResolver'
2023-05-20T12:15:04.426+05:30 DEBUG 5960 --- [           main] o.s.b.f.s.DefaultListableBeanFactory     : Creating shared instance of singleton bean 'viewNameTranslator'
2023-05-20T12:15:04.426+05:30 TRACE 5960 --- [           main] o.s.b.f.s.DefaultListableBeanFactory     : Creating instance of bean 'viewNameTranslator'
2023-05-20T12:15:04.427+05:30 TRACE 5960 --- [           main] o.s.b.f.s.DefaultListableBeanFactory     : Returning cached instance of singleton bean 'org.springframework.boot.autoconfigure.web.servlet.WebMvcAutoConfiguration$EnableWebMvcConfiguration'
2023-05-20T12:15:04.428+05:30 TRACE 5960 --- [           main] o.s.b.f.s.DefaultListableBeanFactory     : Finished creating instance of bean 'viewNameTranslator'
2023-05-20T12:15:04.428+05:30 TRACE 5960 --- [           main] o.s.b.f.s.DefaultListableBeanFactory     : Returning cached instance of singleton bean 'spring.web-org.springframework.boot.autoconfigure.web.WebProperties'
2023-05-20T12:15:04.428+05:30 TRACE 5960 --- [           main] o.s.b.f.s.DefaultListableBeanFactory     : Returning cached instance of singleton bean 'org.springframework.boot.autoconfigure.web.servlet.WebMvcAutoConfiguration$WebMvcAutoConfigurationAdapter'
2023-05-20T12:15:04.428+05:30 DEBUG 5960 --- [           main] o.s.b.f.s.DefaultListableBeanFactory     : Creating shared instance of singleton bean 'defaultViewResolver'
2023-05-20T12:15:04.428+05:30 TRACE 5960 --- [           main] o.s.b.f.s.DefaultListableBeanFactory     : Creating instance of bean 'defaultViewResolver'
2023-05-20T12:15:04.428+05:30 TRACE 5960 --- [           main] o.s.b.f.s.DefaultListableBeanFactory     : Returning cached instance of singleton bean 'org.springframework.boot.autoconfigure.web.servlet.WebMvcAutoConfiguration$WebMvcAutoConfigurationAdapter'
2023-05-20T12:15:04.434+05:30 TRACE 5960 --- [           main] o.s.b.f.s.DefaultListableBeanFactory     : Finished creating instance of bean 'defaultViewResolver'
2023-05-20T12:15:04.434+05:30 DEBUG 5960 --- [           main] o.s.b.f.s.DefaultListableBeanFactory     : Creating shared instance of singleton bean 'viewResolver'
2023-05-20T12:15:04.434+05:30 TRACE 5960 --- [           main] o.s.b.f.s.DefaultListableBeanFactory     : Creating instance of bean 'viewResolver'
2023-05-20T12:15:04.434+05:30 TRACE 5960 --- [           main] o.s.b.f.s.DefaultListableBeanFactory     : Returning cached instance of singleton bean 'org.springframework.boot.autoconfigure.web.servlet.WebMvcAutoConfiguration$WebMvcAutoConfigurationAdapter'
2023-05-20T12:15:04.434+05:30 DEBUG 5960 --- [           main] o.s.b.f.s.DefaultListableBeanFactory     : Autowiring by type from bean name 'viewResolver' via factory method to bean named 'org.springframework.beans.factory.support.DefaultListableBeanFactory@5b989dc7'
2023-05-20T12:15:04.435+05:30 TRACE 5960 --- [           main] o.s.b.f.s.DefaultListableBeanFactory     : Returning cached instance of singleton bean 'mvcContentNegotiationManager'
2023-05-20T12:15:04.436+05:30 TRACE 5960 --- [           main] o.s.b.f.s.DefaultListableBeanFactory     : Returning cached instance of singleton bean 'mvcViewResolver'
2023-05-20T12:15:04.437+05:30 TRACE 5960 --- [           main] o.s.b.f.s.DefaultListableBeanFactory     : Returning cached instance of singleton bean 'defaultViewResolver'
2023-05-20T12:15:04.437+05:30 DEBUG 5960 --- [           main] o.s.b.f.s.DefaultListableBeanFactory     : Creating shared instance of singleton bean 'viewResolver'
2023-05-20T12:15:04.437+05:30 TRACE 5960 --- [           main] o.s.b.f.s.DefaultListableBeanFactory     : Ignoring match to currently created bean 'viewResolver': Error creating bean with name 'viewResolver': Requested bean is currently in creation: Is there an unresolvable circular reference?
2023-05-20T12:15:04.438+05:30 TRACE 5960 --- [           main] o.s.b.f.s.DefaultListableBeanFactory     : Invoking afterPropertiesSet() on bean with name 'viewResolver'
2023-05-20T12:15:04.438+05:30 TRACE 5960 --- [           main] o.s.b.f.s.DefaultListableBeanFactory     : Finished creating instance of bean 'viewResolver'
2023-05-20T12:15:04.438+05:30 DEBUG 5960 --- [           main] o.s.b.f.s.DefaultListableBeanFactory     : Creating shared instance of singleton bean 'requestContextFilter'
2023-05-20T12:15:04.438+05:30 TRACE 5960 --- [           main] o.s.b.f.s.DefaultListableBeanFactory     : Creating instance of bean 'requestContextFilter'
2023-05-20T12:15:04.440+05:30 TRACE 5960 --- [           main] o.s.b.f.s.DefaultListableBeanFactory     : Invoking afterPropertiesSet() on bean with name 'requestContextFilter'
2023-05-20T12:15:04.440+05:30 TRACE 5960 --- [           main] o.s.b.f.s.DefaultListableBeanFactory     : Finished creating instance of bean 'requestContextFilter'
2023-05-20T12:15:04.440+05:30 DEBUG 5960 --- [           main] o.s.b.f.s.DefaultListableBeanFactory     : Creating shared instance of singleton bean 'org.springframework.boot.autoconfigure.web.servlet.WebMvcAutoConfiguration'
2023-05-20T12:15:04.440+05:30 TRACE 5960 --- [           main] o.s.b.f.s.DefaultListableBeanFactory     : Creating instance of bean 'org.springframework.boot.autoconfigure.web.servlet.WebMvcAutoConfiguration'
2023-05-20T12:15:04.441+05:30 TRACE 5960 --- [           main] o.s.b.f.s.DefaultListableBeanFactory     : Finished creating instance of bean 'org.springframework.boot.autoconfigure.web.servlet.WebMvcAutoConfiguration'
2023-05-20T12:15:04.441+05:30 DEBUG 5960 --- [           main] o.s.b.f.s.DefaultListableBeanFactory     : Creating shared instance of singleton bean 'formContentFilter'
2023-05-20T12:15:04.441+05:30 TRACE 5960 --- [           main] o.s.b.f.s.DefaultListableBeanFactory     : Creating instance of bean 'formContentFilter'
2023-05-20T12:15:04.441+05:30 TRACE 5960 --- [           main] o.s.b.f.s.DefaultListableBeanFactory     : Returning cached instance of singleton bean 'org.springframework.boot.autoconfigure.web.servlet.WebMvcAutoConfiguration'
2023-05-20T12:15:04.443+05:30 TRACE 5960 --- [           main] o.s.b.f.s.DefaultListableBeanFactory     : Invoking afterPropertiesSet() on bean with name 'formContentFilter'
2023-05-20T12:15:04.443+05:30 TRACE 5960 --- [           main] o.s.b.f.s.DefaultListableBeanFactory     : Finished creating instance of bean 'formContentFilter'
2023-05-20T12:15:04.443+05:30 DEBUG 5960 --- [           main] o.s.b.f.s.DefaultListableBeanFactory     : Creating shared instance of singleton bean 'org.springframework.boot.autoconfigure.aop.AopAutoConfiguration$ClassProxyingConfiguration'
2023-05-20T12:15:04.443+05:30 TRACE 5960 --- [           main] o.s.b.f.s.DefaultListableBeanFactory     : Creating instance of bean 'org.springframework.boot.autoconfigure.aop.AopAutoConfiguration$ClassProxyingConfiguration'
2023-05-20T12:15:04.444+05:30 TRACE 5960 --- [           main] o.s.b.f.s.DefaultListableBeanFactory     : Finished creating instance of bean 'org.springframework.boot.autoconfigure.aop.AopAutoConfiguration$ClassProxyingConfiguration'
2023-05-20T12:15:04.444+05:30 TRACE 5960 --- [           main] o.s.b.f.s.DefaultListableBeanFactory     : Returning cached instance of singleton bean 'forceAutoProxyCreatorToUseClassProxying'
2023-05-20T12:15:04.444+05:30 DEBUG 5960 --- [           main] o.s.b.f.s.DefaultListableBeanFactory     : Creating shared instance of singleton bean 'org.springframework.boot.autoconfigure.aop.AopAutoConfiguration'
2023-05-20T12:15:04.444+05:30 TRACE 5960 --- [           main] o.s.b.f.s.DefaultListableBeanFactory     : Creating instance of bean 'org.springframework.boot.autoconfigure.aop.AopAutoConfiguration'
2023-05-20T12:15:04.444+05:30 TRACE 5960 --- [           main] o.s.b.f.s.DefaultListableBeanFactory     : Finished creating instance of bean 'org.springframework.boot.autoconfigure.aop.AopAutoConfiguration'
2023-05-20T12:15:04.444+05:30 DEBUG 5960 --- [           main] o.s.b.f.s.DefaultListableBeanFactory     : Creating shared instance of singleton bean 'org.springframework.boot.autoconfigure.availability.ApplicationAvailabilityAutoConfiguration'
2023-05-20T12:15:04.444+05:30 TRACE 5960 --- [           main] o.s.b.f.s.DefaultListableBeanFactory     : Creating instance of bean 'org.springframework.boot.autoconfigure.availability.ApplicationAvailabilityAutoConfiguration'
2023-05-20T12:15:04.444+05:30 TRACE 5960 --- [           main] o.s.b.f.s.DefaultListableBeanFactory     : Finished creating instance of bean 'org.springframework.boot.autoconfigure.availability.ApplicationAvailabilityAutoConfiguration'
2023-05-20T12:15:04.444+05:30 DEBUG 5960 --- [           main] o.s.b.f.s.DefaultListableBeanFactory     : Creating shared instance of singleton bean 'applicationAvailability'
2023-05-20T12:15:04.444+05:30 TRACE 5960 --- [           main] o.s.b.f.s.DefaultListableBeanFactory     : Creating instance of bean 'applicationAvailability'
2023-05-20T12:15:04.444+05:30 TRACE 5960 --- [           main] o.s.b.f.s.DefaultListableBeanFactory     : Returning cached instance of singleton bean 'org.springframework.boot.autoconfigure.availability.ApplicationAvailabilityAutoConfiguration'
2023-05-20T12:15:04.446+05:30 TRACE 5960 --- [           main] o.s.b.f.s.DefaultListableBeanFactory     : Finished creating instance of bean 'applicationAvailability'
2023-05-20T12:15:04.446+05:30 TRACE 5960 --- [           main] o.s.b.f.s.DefaultListableBeanFactory     : Returning cached instance of singleton bean 'org.springframework.boot.autoconfigure.jackson.JacksonAutoConfiguration$Jackson2ObjectMapperBuilderCustomizerConfiguration'
2023-05-20T12:15:04.446+05:30 TRACE 5960 --- [           main] o.s.b.f.s.DefaultListableBeanFactory     : Returning cached instance of singleton bean 'standardJacksonObjectMapperBuilderCustomizer'
2023-05-20T12:15:04.446+05:30 TRACE 5960 --- [           main] o.s.b.f.s.DefaultListableBeanFactory     : Returning cached instance of singleton bean 'spring.jackson-org.springframework.boot.autoconfigure.jackson.JacksonProperties'
2023-05-20T12:15:04.446+05:30 TRACE 5960 --- [           main] o.s.b.f.s.DefaultListableBeanFactory     : Returning cached instance of singleton bean 'org.springframework.boot.autoconfigure.jackson.JacksonAutoConfiguration$JacksonObjectMapperBuilderConfiguration'
2023-05-20T12:15:04.446+05:30 TRACE 5960 --- [           main] o.s.b.f.s.DefaultListableBeanFactory     : Returning cached instance of singleton bean 'org.springframework.boot.autoconfigure.jackson.JacksonAutoConfiguration$ParameterNamesModuleConfiguration'
2023-05-20T12:15:04.446+05:30 TRACE 5960 --- [           main] o.s.b.f.s.DefaultListableBeanFactory     : Returning cached instance of singleton bean 'parameterNamesModule'
2023-05-20T12:15:04.446+05:30 TRACE 5960 --- [           main] o.s.b.f.s.DefaultListableBeanFactory     : Returning cached instance of singleton bean 'org.springframework.boot.autoconfigure.jackson.JacksonAutoConfiguration$JacksonObjectMapperConfiguration'
2023-05-20T12:15:04.446+05:30 TRACE 5960 --- [           main] o.s.b.f.s.DefaultListableBeanFactory     : Returning cached instance of singleton bean 'jacksonObjectMapper'
2023-05-20T12:15:04.446+05:30 TRACE 5960 --- [           main] o.s.b.f.s.DefaultListableBeanFactory     : Returning cached instance of singleton bean 'org.springframework.boot.autoconfigure.jackson.JacksonAutoConfiguration$JacksonMixinConfiguration'
2023-05-20T12:15:04.446+05:30 TRACE 5960 --- [           main] o.s.b.f.s.DefaultListableBeanFactory     : Returning cached instance of singleton bean 'jsonMixinModuleEntries'
2023-05-20T12:15:04.446+05:30 TRACE 5960 --- [           main] o.s.b.f.s.DefaultListableBeanFactory     : Returning cached instance of singleton bean 'jsonMixinModule'
2023-05-20T12:15:04.446+05:30 TRACE 5960 --- [           main] o.s.b.f.s.DefaultListableBeanFactory     : Returning cached instance of singleton bean 'org.springframework.boot.autoconfigure.jackson.JacksonAutoConfiguration'
2023-05-20T12:15:04.446+05:30 TRACE 5960 --- [           main] o.s.b.f.s.DefaultListableBeanFactory     : Returning cached instance of singleton bean 'jsonComponentModule'
2023-05-20T12:15:04.447+05:30 DEBUG 5960 --- [           main] o.s.b.f.s.DefaultListableBeanFactory     : Creating shared instance of singleton bean 'org.springframework.boot.autoconfigure.context.ConfigurationPropertiesAutoConfiguration'
2023-05-20T12:15:04.447+05:30 TRACE 5960 --- [           main] o.s.b.f.s.DefaultListableBeanFactory     : Creating instance of bean 'org.springframework.boot.autoconfigure.context.ConfigurationPropertiesAutoConfiguration'
2023-05-20T12:15:04.447+05:30 TRACE 5960 --- [           main] o.s.b.f.s.DefaultListableBeanFactory     : Finished creating instance of bean 'org.springframework.boot.autoconfigure.context.ConfigurationPropertiesAutoConfiguration'
2023-05-20T12:15:04.447+05:30 DEBUG 5960 --- [           main] o.s.b.f.s.DefaultListableBeanFactory     : Creating shared instance of singleton bean 'org.springframework.boot.autoconfigure.context.LifecycleAutoConfiguration'
2023-05-20T12:15:04.447+05:30 TRACE 5960 --- [           main] o.s.b.f.s.DefaultListableBeanFactory     : Creating instance of bean 'org.springframework.boot.autoconfigure.context.LifecycleAutoConfiguration'
2023-05-20T12:15:04.447+05:30 TRACE 5960 --- [           main] o.s.b.f.s.DefaultListableBeanFactory     : Finished creating instance of bean 'org.springframework.boot.autoconfigure.context.LifecycleAutoConfiguration'
2023-05-20T12:15:04.447+05:30 DEBUG 5960 --- [           main] o.s.b.f.s.DefaultListableBeanFactory     : Creating shared instance of singleton bean 'lifecycleProcessor'
2023-05-20T12:15:04.447+05:30 TRACE 5960 --- [           main] o.s.b.f.s.DefaultListableBeanFactory     : Creating instance of bean 'lifecycleProcessor'
2023-05-20T12:15:04.447+05:30 TRACE 5960 --- [           main] o.s.b.f.s.DefaultListableBeanFactory     : Returning cached instance of singleton bean 'org.springframework.boot.autoconfigure.context.LifecycleAutoConfiguration'
2023-05-20T12:15:04.448+05:30 DEBUG 5960 --- [           main] o.s.b.f.s.DefaultListableBeanFactory     : Creating shared instance of singleton bean 'spring.lifecycle-org.springframework.boot.autoconfigure.context.LifecycleProperties'
2023-05-20T12:15:04.448+05:30 TRACE 5960 --- [           main] o.s.b.f.s.DefaultListableBeanFactory     : Creating instance of bean 'spring.lifecycle-org.springframework.boot.autoconfigure.context.LifecycleProperties'
2023-05-20T12:15:04.448+05:30 TRACE 5960 --- [           main] o.s.b.f.s.DefaultListableBeanFactory     : Returning cached instance of singleton bean 'org.springframework.boot.context.properties.BoundConfigurationProperties'
2023-05-20T12:15:04.449+05:30 TRACE 5960 --- [           main] o.s.b.f.s.DefaultListableBeanFactory     : Finished creating instance of bean 'spring.lifecycle-org.springframework.boot.autoconfigure.context.LifecycleProperties'
2023-05-20T12:15:04.449+05:30 DEBUG 5960 --- [           main] o.s.b.f.s.DefaultListableBeanFactory     : Autowiring by type from bean name 'lifecycleProcessor' via factory method to bean named 'spring.lifecycle-org.springframework.boot.autoconfigure.context.LifecycleProperties'
2023-05-20T12:15:04.450+05:30 TRACE 5960 --- [           main] o.s.b.f.s.DefaultListableBeanFactory     : Finished creating instance of bean 'lifecycleProcessor'
2023-05-20T12:15:04.450+05:30 TRACE 5960 --- [           main] o.s.b.f.s.DefaultListableBeanFactory     : Returning cached instance of singleton bean 'spring.lifecycle-org.springframework.boot.autoconfigure.context.LifecycleProperties'
2023-05-20T12:15:04.450+05:30 TRACE 5960 --- [           main] o.s.b.f.s.DefaultListableBeanFactory     : Returning cached instance of singleton bean 'org.springframework.boot.autoconfigure.http.HttpMessageConvertersAutoConfiguration$StringHttpMessageConverterConfiguration'
2023-05-20T12:15:04.450+05:30 TRACE 5960 --- [           main] o.s.b.f.s.DefaultListableBeanFactory     : Returning cached instance of singleton bean 'stringHttpMessageConverter'
2023-05-20T12:15:04.450+05:30 TRACE 5960 --- [           main] o.s.b.f.s.DefaultListableBeanFactory     : Returning cached instance of singleton bean 'org.springframework.boot.autoconfigure.http.JacksonHttpMessageConvertersConfiguration$MappingJackson2HttpMessageConverterConfiguration'
2023-05-20T12:15:04.450+05:30 TRACE 5960 --- [           main] o.s.b.f.s.DefaultListableBeanFactory     : Returning cached instance of singleton bean 'mappingJackson2HttpMessageConverter'
2023-05-20T12:15:04.450+05:30 DEBUG 5960 --- [           main] o.s.b.f.s.DefaultListableBeanFactory     : Creating shared instance of singleton bean 'org.springframework.boot.autoconfigure.http.JacksonHttpMessageConvertersConfiguration'
2023-05-20T12:15:04.450+05:30 TRACE 5960 --- [           main] o.s.b.f.s.DefaultListableBeanFactory     : Creating instance of bean 'org.springframework.boot.autoconfigure.http.JacksonHttpMessageConvertersConfiguration'
2023-05-20T12:15:04.451+05:30 TRACE 5960 --- [           main] o.s.b.f.s.DefaultListableBeanFactory     : Finished creating instance of bean 'org.springframework.boot.autoconfigure.http.JacksonHttpMessageConvertersConfiguration'
2023-05-20T12:15:04.451+05:30 TRACE 5960 --- [           main] o.s.b.f.s.DefaultListableBeanFactory     : Returning cached instance of singleton bean 'org.springframework.boot.autoconfigure.http.HttpMessageConvertersAutoConfiguration'
2023-05-20T12:15:04.451+05:30 TRACE 5960 --- [           main] o.s.b.f.s.DefaultListableBeanFactory     : Returning cached instance of singleton bean 'messageConverters'
2023-05-20T12:15:04.451+05:30 DEBUG 5960 --- [           main] o.s.b.f.s.DefaultListableBeanFactory     : Creating shared instance of singleton bean 'org.springframework.boot.autoconfigure.info.ProjectInfoAutoConfiguration'
2023-05-20T12:15:04.451+05:30 TRACE 5960 --- [           main] o.s.b.f.s.DefaultListableBeanFactory     : Creating instance of bean 'org.springframework.boot.autoconfigure.info.ProjectInfoAutoConfiguration'
2023-05-20T12:15:04.453+05:30 DEBUG 5960 --- [           main] o.s.b.f.s.DefaultListableBeanFactory     : Creating shared instance of singleton bean 'spring.info-org.springframework.boot.autoconfigure.info.ProjectInfoProperties'
2023-05-20T12:15:04.453+05:30 TRACE 5960 --- [           main] o.s.b.f.s.DefaultListableBeanFactory     : Creating instance of bean 'spring.info-org.springframework.boot.autoconfigure.info.ProjectInfoProperties'
2023-05-20T12:15:04.454+05:30 TRACE 5960 --- [           main] o.s.b.f.s.DefaultListableBeanFactory     : Returning cached instance of singleton bean 'org.springframework.boot.context.properties.BoundConfigurationProperties'
2023-05-20T12:15:04.455+05:30 TRACE 5960 --- [           main] o.s.b.f.s.DefaultListableBeanFactory     : Finished creating instance of bean 'spring.info-org.springframework.boot.autoconfigure.info.ProjectInfoProperties'
2023-05-20T12:15:04.455+05:30 DEBUG 5960 --- [           main] o.s.b.f.s.DefaultListableBeanFactory     : Autowiring by type from bean name 'org.springframework.boot.autoconfigure.info.ProjectInfoAutoConfiguration' via constructor to bean named 'spring.info-org.springframework.boot.autoconfigure.info.ProjectInfoProperties'
2023-05-20T12:15:04.455+05:30 TRACE 5960 --- [           main] o.s.b.f.s.DefaultListableBeanFactory     : Finished creating instance of bean 'org.springframework.boot.autoconfigure.info.ProjectInfoAutoConfiguration'
2023-05-20T12:15:04.455+05:30 TRACE 5960 --- [           main] o.s.b.f.s.DefaultListableBeanFactory     : Returning cached instance of singleton bean 'spring.info-org.springframework.boot.autoconfigure.info.ProjectInfoProperties'
2023-05-20T12:15:04.455+05:30 DEBUG 5960 --- [           main] o.s.b.f.s.DefaultListableBeanFactory     : Creating shared instance of singleton bean 'org.springframework.boot.autoconfigure.sql.init.SqlInitializationAutoConfiguration'
2023-05-20T12:15:04.455+05:30 TRACE 5960 --- [           main] o.s.b.f.s.DefaultListableBeanFactory     : Creating instance of bean 'org.springframework.boot.autoconfigure.sql.init.SqlInitializationAutoConfiguration'
2023-05-20T12:15:04.455+05:30 TRACE 5960 --- [           main] o.s.b.f.s.DefaultListableBeanFactory     : Finished creating instance of bean 'org.springframework.boot.autoconfigure.sql.init.SqlInitializationAutoConfiguration'
2023-05-20T12:15:04.455+05:30 DEBUG 5960 --- [           main] o.s.b.f.s.DefaultListableBeanFactory     : Creating shared instance of singleton bean 'spring.sql.init-org.springframework.boot.autoconfigure.sql.init.SqlInitializationProperties'
2023-05-20T12:15:04.455+05:30 TRACE 5960 --- [           main] o.s.b.f.s.DefaultListableBeanFactory     : Creating instance of bean 'spring.sql.init-org.springframework.boot.autoconfigure.sql.init.SqlInitializationProperties'
2023-05-20T12:15:04.456+05:30 TRACE 5960 --- [           main] o.s.b.f.s.DefaultListableBeanFactory     : Returning cached instance of singleton bean 'org.springframework.boot.context.properties.BoundConfigurationProperties'
2023-05-20T12:15:04.458+05:30 TRACE 5960 --- [           main] o.s.b.f.s.DefaultListableBeanFactory     : Finished creating instance of bean 'spring.sql.init-org.springframework.boot.autoconfigure.sql.init.SqlInitializationProperties'
2023-05-20T12:15:04.458+05:30 TRACE 5960 --- [           main] o.s.b.f.s.DefaultListableBeanFactory     : Returning cached instance of singleton bean 'org.springframework.boot.sql.init.dependency.DatabaseInitializationDependencyConfigurer$DependsOnDatabaseInitializationPostProcessor'
2023-05-20T12:15:04.458+05:30 DEBUG 5960 --- [           main] o.s.b.f.s.DefaultListableBeanFactory     : Creating shared instance of singleton bean 'org.springframework.boot.autoconfigure.task.TaskSchedulingAutoConfiguration'
2023-05-20T12:15:04.458+05:30 TRACE 5960 --- [           main] o.s.b.f.s.DefaultListableBeanFactory     : Creating instance of bean 'org.springframework.boot.autoconfigure.task.TaskSchedulingAutoConfiguration'
2023-05-20T12:15:04.459+05:30 TRACE 5960 --- [           main] o.s.b.f.s.DefaultListableBeanFactory     : Finished creating instance of bean 'org.springframework.boot.autoconfigure.task.TaskSchedulingAutoConfiguration'
2023-05-20T12:15:04.459+05:30 DEBUG 5960 --- [           main] o.s.b.f.s.DefaultListableBeanFactory     : Creating shared instance of singleton bean 'taskSchedulerBuilder'
2023-05-20T12:15:04.459+05:30 TRACE 5960 --- [           main] o.s.b.f.s.DefaultListableBeanFactory     : Creating instance of bean 'taskSchedulerBuilder'
2023-05-20T12:15:04.460+05:30 TRACE 5960 --- [           main] o.s.b.f.s.DefaultListableBeanFactory     : Returning cached instance of singleton bean 'org.springframework.boot.autoconfigure.task.TaskSchedulingAutoConfiguration'
2023-05-20T12:15:04.461+05:30 DEBUG 5960 --- [           main] o.s.b.f.s.DefaultListableBeanFactory     : Creating shared instance of singleton bean 'spring.task.scheduling-org.springframework.boot.autoconfigure.task.TaskSchedulingProperties'
2023-05-20T12:15:04.461+05:30 TRACE 5960 --- [           main] o.s.b.f.s.DefaultListableBeanFactory     : Creating instance of bean 'spring.task.scheduling-org.springframework.boot.autoconfigure.task.TaskSchedulingProperties'
2023-05-20T12:15:04.461+05:30 TRACE 5960 --- [           main] o.s.b.f.s.DefaultListableBeanFactory     : Returning cached instance of singleton bean 'org.springframework.boot.context.properties.BoundConfigurationProperties'
2023-05-20T12:15:04.464+05:30 TRACE 5960 --- [           main] o.s.b.f.s.DefaultListableBeanFactory     : Finished creating instance of bean 'spring.task.scheduling-org.springframework.boot.autoconfigure.task.TaskSchedulingProperties'
2023-05-20T12:15:04.464+05:30 DEBUG 5960 --- [           main] o.s.b.f.s.DefaultListableBeanFactory     : Autowiring by type from bean name 'taskSchedulerBuilder' via factory method to bean named 'spring.task.scheduling-org.springframework.boot.autoconfigure.task.TaskSchedulingProperties'
2023-05-20T12:15:04.466+05:30 TRACE 5960 --- [           main] o.s.b.f.s.DefaultListableBeanFactory     : Finished creating instance of bean 'taskSchedulerBuilder'
2023-05-20T12:15:04.466+05:30 TRACE 5960 --- [           main] o.s.b.f.s.DefaultListableBeanFactory     : Returning cached instance of singleton bean 'spring.task.scheduling-org.springframework.boot.autoconfigure.task.TaskSchedulingProperties'
2023-05-20T12:15:04.466+05:30 DEBUG 5960 --- [           main] o.s.b.f.s.DefaultListableBeanFactory     : Creating shared instance of singleton bean 'org.springframework.boot.autoconfigure.web.client.RestTemplateAutoConfiguration'
2023-05-20T12:15:04.466+05:30 TRACE 5960 --- [           main] o.s.b.f.s.DefaultListableBeanFactory     : Creating instance of bean 'org.springframework.boot.autoconfigure.web.client.RestTemplateAutoConfiguration'
2023-05-20T12:15:04.467+05:30 TRACE 5960 --- [           main] o.s.b.f.s.DefaultListableBeanFactory     : Finished creating instance of bean 'org.springframework.boot.autoconfigure.web.client.RestTemplateAutoConfiguration'
2023-05-20T12:15:04.467+05:30 TRACE 5960 --- [           main] o.s.b.f.s.DefaultListableBeanFactory     : Returning cached instance of singleton bean 'org.springframework.boot.autoconfigure.web.servlet.HttpEncodingAutoConfiguration'
2023-05-20T12:15:04.467+05:30 DEBUG 5960 --- [           main] o.s.b.f.s.DefaultListableBeanFactory     : Creating shared instance of singleton bean 'characterEncodingFilter'
2023-05-20T12:15:04.467+05:30 TRACE 5960 --- [           main] o.s.b.f.s.DefaultListableBeanFactory     : Creating instance of bean 'characterEncodingFilter'
2023-05-20T12:15:04.467+05:30 TRACE 5960 --- [           main] o.s.b.f.s.DefaultListableBeanFactory     : Returning cached instance of singleton bean 'org.springframework.boot.autoconfigure.web.servlet.HttpEncodingAutoConfiguration'
2023-05-20T12:15:04.468+05:30 TRACE 5960 --- [           main] o.s.b.f.s.DefaultListableBeanFactory     : Invoking afterPropertiesSet() on bean with name 'characterEncodingFilter'
2023-05-20T12:15:04.468+05:30 TRACE 5960 --- [           main] o.s.b.f.s.DefaultListableBeanFactory     : Finished creating instance of bean 'characterEncodingFilter'
2023-05-20T12:15:04.468+05:30 TRACE 5960 --- [           main] o.s.b.f.s.DefaultListableBeanFactory     : Returning cached instance of singleton bean 'localeCharsetMappingsCustomizer'
2023-05-20T12:15:04.468+05:30 TRACE 5960 --- [           main] o.s.b.f.s.DefaultListableBeanFactory     : Returning cached instance of singleton bean 'org.springframework.boot.autoconfigure.web.servlet.MultipartAutoConfiguration'
2023-05-20T12:15:04.468+05:30 TRACE 5960 --- [           main] o.s.b.f.s.DefaultListableBeanFactory     : Returning cached instance of singleton bean 'multipartConfigElement'
2023-05-20T12:15:04.468+05:30 DEBUG 5960 --- [           main] o.s.b.f.s.DefaultListableBeanFactory     : Creating shared instance of singleton bean 'multipartResolver'
2023-05-20T12:15:04.468+05:30 TRACE 5960 --- [           main] o.s.b.f.s.DefaultListableBeanFactory     : Creating instance of bean 'multipartResolver'
2023-05-20T12:15:04.468+05:30 TRACE 5960 --- [           main] o.s.b.f.s.DefaultListableBeanFactory     : Returning cached instance of singleton bean 'org.springframework.boot.autoconfigure.web.servlet.MultipartAutoConfiguration'
2023-05-20T12:15:04.470+05:30 TRACE 5960 --- [           main] o.s.b.f.s.DefaultListableBeanFactory     : Finished creating instance of bean 'multipartResolver'
2023-05-20T12:15:04.470+05:30 TRACE 5960 --- [           main] o.s.b.f.s.DefaultListableBeanFactory     : Returning cached instance of singleton bean 'spring.servlet.multipart-org.springframework.boot.autoconfigure.web.servlet.MultipartProperties'
2023-05-20T12:15:04.471+05:30 TRACE 5960 --- [           main] o.s.b.f.s.DefaultListableBeanFactory     : Returning cached instance of singleton bean 'org.springframework.aop.config.internalAutoProxyCreator'
2023-05-20T12:15:04.473+05:30 TRACE 5960 --- [           main] o.s.c.e.EventListenerMethodProcessor     : No @EventListener annotations found on bean class: com.example.demo.DemoApplication$$SpringCGLIB$$0
2023-05-20T12:15:04.474+05:30 TRACE 5960 --- [           main] o.s.c.e.EventListenerMethodProcessor     : No @EventListener annotations found on bean class: com.example.demo.ControllerClass
2023-05-20T12:15:04.474+05:30 TRACE 5960 --- [           main] o.s.c.e.EventListenerMethodProcessor     : No @EventListener annotations found on bean class: com.example.demo.CurrencyConfigurationController
2023-05-20T12:15:04.474+05:30 TRACE 5960 --- [           main] o.s.c.e.EventListenerMethodProcessor     : No @EventListener annotations found on bean class: com.example.demo.CurrencyServiceConfiguration
2023-05-20T12:15:04.474+05:30 TRACE 5960 --- [           main] o.s.c.e.EventListenerMethodProcessor     : No @EventListener annotations found on bean class: org.springframework.boot.autoconfigure.context.PropertyPlaceholderAutoConfiguration
2023-05-20T12:15:04.474+05:30 TRACE 5960 --- [           main] o.s.c.e.EventListenerMethodProcessor     : No @EventListener annotations found on bean class: org.springframework.boot.autoconfigure.ssl.SslAutoConfiguration
2023-05-20T12:15:04.474+05:30 TRACE 5960 --- [           main] o.s.c.e.EventListenerMethodProcessor     : No @EventListener annotations found on bean class: org.springframework.boot.autoconfigure.websocket.servlet.WebSocketServletAutoConfiguration$TomcatWebSocketConfiguration
2023-05-20T12:15:04.475+05:30 TRACE 5960 --- [           main] o.s.c.e.EventListenerMethodProcessor     : No @EventListener annotations found on bean class: org.springframework.boot.autoconfigure.websocket.servlet.WebSocketServletAutoConfiguration
2023-05-20T12:15:04.475+05:30 TRACE 5960 --- [           main] o.s.c.e.EventListenerMethodProcessor     : No @EventListener annotations found on bean class: org.springframework.boot.autoconfigure.web.servlet.ServletWebServerFactoryConfiguration$EmbeddedTomcat
2023-05-20T12:15:04.475+05:30 TRACE 5960 --- [           main] o.s.c.e.EventListenerMethodProcessor     : No @EventListener annotations found on bean class: org.springframework.boot.autoconfigure.web.servlet.ServletWebServerFactoryAutoConfiguration
2023-05-20T12:15:04.475+05:30 TRACE 5960 --- [           main] o.s.c.e.EventListenerMethodProcessor     : No @EventListener annotations found on bean class: org.springframework.boot.autoconfigure.web.servlet.DispatcherServletAutoConfiguration$DispatcherServletConfiguration
2023-05-20T12:15:04.475+05:30 TRACE 5960 --- [           main] o.s.c.e.EventListenerMethodProcessor     : No @EventListener annotations found on bean class: org.springframework.boot.autoconfigure.web.servlet.DispatcherServletAutoConfiguration$DispatcherServletRegistrationConfiguration
2023-05-20T12:15:04.475+05:30 TRACE 5960 --- [           main] o.s.c.e.EventListenerMethodProcessor     : No @EventListener annotations found on bean class: org.springframework.boot.autoconfigure.web.servlet.DispatcherServletAutoConfiguration
2023-05-20T12:15:04.475+05:30 TRACE 5960 --- [           main] o.s.c.e.EventListenerMethodProcessor     : No @EventListener annotations found on bean class: org.springframework.boot.autoconfigure.task.TaskExecutionAutoConfiguration
2023-05-20T12:15:04.477+05:30 TRACE 5960 --- [           main] o.s.c.e.EventListenerMethodProcessor     : No @EventListener annotations found on bean class: org.springframework.boot.autoconfigure.web.servlet.WebMvcAutoConfiguration$EnableWebMvcConfiguration
2023-05-20T12:15:04.478+05:30 TRACE 5960 --- [           main] o.s.c.e.EventListenerMethodProcessor     : No @EventListener annotations found on bean class: org.springframework.boot.autoconfigure.web.servlet.WebMvcAutoConfiguration$WebMvcAutoConfigurationAdapter
2023-05-20T12:15:04.478+05:30 TRACE 5960 --- [           main] o.s.c.e.EventListenerMethodProcessor     : No @EventListener annotations found on bean class: org.springframework.boot.autoconfigure.web.servlet.WebMvcAutoConfiguration
2023-05-20T12:15:04.478+05:30 TRACE 5960 --- [           main] o.s.c.e.EventListenerMethodProcessor     : No @EventListener annotations found on bean class: org.springframework.boot.autoconfigure.aop.AopAutoConfiguration$ClassProxyingConfiguration
2023-05-20T12:15:04.478+05:30 TRACE 5960 --- [           main] o.s.c.e.EventListenerMethodProcessor     : No @EventListener annotations found on bean class: org.springframework.boot.autoconfigure.aop.AopAutoConfiguration
2023-05-20T12:15:04.479+05:30 TRACE 5960 --- [           main] o.s.c.e.EventListenerMethodProcessor     : No @EventListener annotations found on bean class: org.springframework.boot.autoconfigure.availability.ApplicationAvailabilityAutoConfiguration
2023-05-20T12:15:04.479+05:30 TRACE 5960 --- [           main] o.s.c.e.EventListenerMethodProcessor     : No @EventListener annotations found on bean class: org.springframework.boot.autoconfigure.jackson.JacksonAutoConfiguration$Jackson2ObjectMapperBuilderCustomizerConfiguration
2023-05-20T12:15:04.479+05:30 TRACE 5960 --- [           main] o.s.c.e.EventListenerMethodProcessor     : No @EventListener annotations found on bean class: org.springframework.boot.autoconfigure.jackson.JacksonAutoConfiguration$JacksonObjectMapperBuilderConfiguration
2023-05-20T12:15:04.479+05:30 TRACE 5960 --- [           main] o.s.c.e.EventListenerMethodProcessor     : No @EventListener annotations found on bean class: org.springframework.boot.autoconfigure.jackson.JacksonAutoConfiguration$ParameterNamesModuleConfiguration
2023-05-20T12:15:04.480+05:30 TRACE 5960 --- [           main] o.s.c.e.EventListenerMethodProcessor     : No @EventListener annotations found on bean class: com.fasterxml.jackson.module.paramnames.ParameterNamesModule
2023-05-20T12:15:04.480+05:30 TRACE 5960 --- [           main] o.s.c.e.EventListenerMethodProcessor     : No @EventListener annotations found on bean class: org.springframework.boot.autoconfigure.jackson.JacksonAutoConfiguration$JacksonObjectMapperConfiguration
2023-05-20T12:15:04.482+05:30 TRACE 5960 --- [           main] o.s.c.e.EventListenerMethodProcessor     : No @EventListener annotations found on bean class: com.fasterxml.jackson.databind.ObjectMapper
2023-05-20T12:15:04.482+05:30 TRACE 5960 --- [           main] o.s.c.e.EventListenerMethodProcessor     : No @EventListener annotations found on bean class: org.springframework.boot.autoconfigure.jackson.JacksonAutoConfiguration$JacksonMixinConfiguration
2023-05-20T12:15:04.482+05:30 TRACE 5960 --- [           main] o.s.c.e.EventListenerMethodProcessor     : No @EventListener annotations found on bean class: org.springframework.boot.autoconfigure.jackson.JacksonAutoConfiguration
2023-05-20T12:15:04.482+05:30 TRACE 5960 --- [           main] o.s.c.e.EventListenerMethodProcessor     : No @EventListener annotations found on bean class: org.springframework.boot.autoconfigure.context.ConfigurationPropertiesAutoConfiguration
2023-05-20T12:15:04.482+05:30 TRACE 5960 --- [           main] o.s.c.e.EventListenerMethodProcessor     : No @EventListener annotations found on bean class: org.springframework.boot.autoconfigure.context.LifecycleAutoConfiguration
2023-05-20T12:15:04.483+05:30 TRACE 5960 --- [           main] o.s.c.e.EventListenerMethodProcessor     : No @EventListener annotations found on bean class: org.springframework.boot.autoconfigure.http.HttpMessageConvertersAutoConfiguration$StringHttpMessageConverterConfiguration
2023-05-20T12:15:04.483+05:30 TRACE 5960 --- [           main] o.s.c.e.EventListenerMethodProcessor     : No @EventListener annotations found on bean class: org.springframework.boot.autoconfigure.http.JacksonHttpMessageConvertersConfiguration$MappingJackson2HttpMessageConverterConfiguration
2023-05-20T12:15:04.483+05:30 TRACE 5960 --- [           main] o.s.c.e.EventListenerMethodProcessor     : No @EventListener annotations found on bean class: org.springframework.boot.autoconfigure.http.JacksonHttpMessageConvertersConfiguration
2023-05-20T12:15:04.483+05:30 TRACE 5960 --- [           main] o.s.c.e.EventListenerMethodProcessor     : No @EventListener annotations found on bean class: org.springframework.boot.autoconfigure.http.HttpMessageConvertersAutoConfiguration
2023-05-20T12:15:04.483+05:30 TRACE 5960 --- [           main] o.s.c.e.EventListenerMethodProcessor     : No @EventListener annotations found on bean class: org.springframework.boot.autoconfigure.info.ProjectInfoAutoConfiguration
2023-05-20T12:15:04.484+05:30 TRACE 5960 --- [           main] o.s.c.e.EventListenerMethodProcessor     : No @EventListener annotations found on bean class: org.springframework.boot.autoconfigure.sql.init.SqlInitializationAutoConfiguration
2023-05-20T12:15:04.484+05:30 TRACE 5960 --- [           main] o.s.c.e.EventListenerMethodProcessor     : No @EventListener annotations found on bean class: org.springframework.boot.autoconfigure.task.TaskSchedulingAutoConfiguration
2023-05-20T12:15:04.484+05:30 TRACE 5960 --- [           main] o.s.c.e.EventListenerMethodProcessor     : No @EventListener annotations found on bean class: org.springframework.boot.autoconfigure.web.client.RestTemplateAutoConfiguration
2023-05-20T12:15:04.484+05:30 TRACE 5960 --- [           main] o.s.c.e.EventListenerMethodProcessor     : No @EventListener annotations found on bean class: org.springframework.boot.autoconfigure.web.servlet.HttpEncodingAutoConfiguration
2023-05-20T12:15:04.484+05:30 TRACE 5960 --- [           main] o.s.c.e.EventListenerMethodProcessor     : No @EventListener annotations found on bean class: org.springframework.boot.autoconfigure.web.servlet.MultipartAutoConfiguration
2023-05-20T12:15:04.484+05:30 TRACE 5960 --- [           main] o.s.c.e.EventListenerMethodProcessor     : No @EventListener annotations found on bean class: jakarta.servlet.MultipartConfigElement
2023-05-20T12:15:04.485+05:30 TRACE 5960 --- [           main] o.s.b.f.s.DefaultListableBeanFactory     : Returning cached instance of singleton bean 'lifecycleProcessor'
2023-05-20T12:15:04.485+05:30 TRACE 5960 --- [           main] o.s.w.c.s.GenericWebApplicationContext   : Using LifecycleProcessor [org.springframework.context.support.DefaultLifecycleProcessor@1491344a]
2023-05-20T12:15:04.485+05:30 TRACE 5960 --- [           main] o.s.b.f.s.DefaultListableBeanFactory     : Returning cached instance of singleton bean 'lifecycleProcessor'
2023-05-20T12:15:04.485+05:30 TRACE 5960 --- [           main] o.s.b.f.s.DefaultListableBeanFactory     : Returning cached instance of singleton bean 'springBootLoggingLifecycle'
2023-05-20T12:15:04.490+05:30 DEBUG 5960 --- [           main] o.s.c.support.DefaultLifecycleProcessor  : Starting beans in phase -2147483647
2023-05-20T12:15:04.491+05:30 TRACE 5960 --- [           main] o.s.c.support.DefaultLifecycleProcessor  : Starting bean 'springBootLoggingLifecycle' of type [org.springframework.boot.context.logging.LoggingApplicationListener$Lifecycle]
2023-05-20T12:15:04.491+05:30 DEBUG 5960 --- [           main] o.s.c.support.DefaultLifecycleProcessor  : Successfully started bean 'springBootLoggingLifecycle'
2023-05-20T12:15:04.492+05:30 TRACE 5960 --- [           main] o.s.b.f.s.DefaultListableBeanFactory     : Returning cached instance of singleton bean 'org.springframework.boot.autoconfigure.internalCachingMetadataReaderFactory'
2023-05-20T12:15:04.492+05:30 TRACE 5960 --- [           main] o.s.b.f.s.DefaultListableBeanFactory     : Returning cached instance of singleton bean 'mvcResourceUrlProvider'
2023-05-20T12:15:04.513+05:30 DEBUG 5960 --- [           main] .s.b.a.l.ConditionEvaluationReportLogger : 


============================
CONDITIONS EVALUATION REPORT
============================


Positive matches:
-----------------

   AopAutoConfiguration matched:
      - @ConditionalOnProperty (spring.aop.auto=true) matched (OnPropertyCondition)

   AopAutoConfiguration.ClassProxyingConfiguration matched:
      - @ConditionalOnMissingClass did not find unwanted class 'org.aspectj.weaver.Advice' (OnClassCondition)
      - @ConditionalOnProperty (spring.aop.proxy-target-class=true) matched (OnPropertyCondition)

   ApplicationAvailabilityAutoConfiguration#applicationAvailability matched:
      - @ConditionalOnMissingBean (types: org.springframework.boot.availability.ApplicationAvailability; SearchStrategy: all) did not find any beans (OnBeanCondition)

   DispatcherServletAutoConfiguration matched:
      - @ConditionalOnClass found required class 'org.springframework.web.servlet.DispatcherServlet' (OnClassCondition)
      - found 'session' scope (OnWebApplicationCondition)

   DispatcherServletAutoConfiguration.DispatcherServletConfiguration matched:
      - @ConditionalOnClass found required class 'jakarta.servlet.ServletRegistration' (OnClassCondition)
      - Default DispatcherServlet did not find dispatcher servlet beans (DispatcherServletAutoConfiguration.DefaultDispatcherServletCondition)

   DispatcherServletAutoConfiguration.DispatcherServletRegistrationConfiguration matched:
      - @ConditionalOnClass found required class 'jakarta.servlet.ServletRegistration' (OnClassCondition)
      - DispatcherServlet Registration did not find servlet registration bean (DispatcherServletAutoConfiguration.DispatcherServletRegistrationCondition)

   DispatcherServletAutoConfiguration.DispatcherServletRegistrationConfiguration#dispatcherServletRegistration matched:
      - @ConditionalOnBean (names: dispatcherServlet types: org.springframework.web.servlet.DispatcherServlet; SearchStrategy: all) found bean 'dispatcherServlet' (OnBeanCondition)

   GenericCacheConfiguration matched:
      - Cache org.springframework.boot.autoconfigure.cache.GenericCacheConfiguration automatic cache type (CacheCondition)

   HttpEncodingAutoConfiguration matched:
      - @ConditionalOnClass found required class 'org.springframework.web.filter.CharacterEncodingFilter' (OnClassCondition)
      - found 'session' scope (OnWebApplicationCondition)
      - @ConditionalOnProperty (server.servlet.encoding.enabled) matched (OnPropertyCondition)

   HttpEncodingAutoConfiguration#characterEncodingFilter matched:
      - @ConditionalOnMissingBean (types: org.springframework.web.filter.CharacterEncodingFilter; SearchStrategy: all) did not find any beans (OnBeanCondition)

   HttpMessageConvertersAutoConfiguration matched:
      - @ConditionalOnClass found required class 'org.springframework.http.converter.HttpMessageConverter' (OnClassCondition)
      - NoneNestedConditions 0 matched 1 did not; NestedCondition on HttpMessageConvertersAutoConfiguration.NotReactiveWebApplicationCondition.ReactiveWebApplication did not find reactive web application classes (HttpMessageConvertersAutoConfiguration.NotReactiveWebApplicationCondition)

   HttpMessageConvertersAutoConfiguration#messageConverters matched:
      - @ConditionalOnMissingBean (types: org.springframework.boot.autoconfigure.http.HttpMessageConverters; SearchStrategy: all) did not find any beans (OnBeanCondition)

   HttpMessageConvertersAutoConfiguration.StringHttpMessageConverterConfiguration matched:
      - @ConditionalOnClass found required class 'org.springframework.http.converter.StringHttpMessageConverter' (OnClassCondition)

   HttpMessageConvertersAutoConfiguration.StringHttpMessageConverterConfiguration#stringHttpMessageConverter matched:
      - @ConditionalOnMissingBean (types: org.springframework.http.converter.StringHttpMessageConverter; SearchStrategy: all) did not find any beans (OnBeanCondition)

   JacksonAutoConfiguration matched:
      - @ConditionalOnClass found required class 'com.fasterxml.jackson.databind.ObjectMapper' (OnClassCondition)

   JacksonAutoConfiguration.Jackson2ObjectMapperBuilderCustomizerConfiguration matched:
      - @ConditionalOnClass found required class 'org.springframework.http.converter.json.Jackson2ObjectMapperBuilder' (OnClassCondition)

   JacksonAutoConfiguration.JacksonObjectMapperBuilderConfiguration matched:
      - @ConditionalOnClass found required class 'org.springframework.http.converter.json.Jackson2ObjectMapperBuilder' (OnClassCondition)

   JacksonAutoConfiguration.JacksonObjectMapperBuilderConfiguration#jacksonObjectMapperBuilder matched:
      - @ConditionalOnMissingBean (types: org.springframework.http.converter.json.Jackson2ObjectMapperBuilder; SearchStrategy: all) did not find any beans (OnBeanCondition)

   JacksonAutoConfiguration.JacksonObjectMapperConfiguration matched:
      - @ConditionalOnClass found required class 'org.springframework.http.converter.json.Jackson2ObjectMapperBuilder' (OnClassCondition)

   JacksonAutoConfiguration.JacksonObjectMapperConfiguration#jacksonObjectMapper matched:
      - @ConditionalOnMissingBean (types: com.fasterxml.jackson.databind.ObjectMapper; SearchStrategy: all) did not find any beans (OnBeanCondition)

   JacksonAutoConfiguration.ParameterNamesModuleConfiguration matched:
      - @ConditionalOnClass found required class 'com.fasterxml.jackson.module.paramnames.ParameterNamesModule' (OnClassCondition)

   JacksonAutoConfiguration.ParameterNamesModuleConfiguration#parameterNamesModule matched:
      - @ConditionalOnMissingBean (types: com.fasterxml.jackson.module.paramnames.ParameterNamesModule; SearchStrategy: all) did not find any beans (OnBeanCondition)

   JacksonHttpMessageConvertersConfiguration.MappingJackson2HttpMessageConverterConfiguration matched:
      - @ConditionalOnClass found required class 'com.fasterxml.jackson.databind.ObjectMapper' (OnClassCondition)
      - @ConditionalOnProperty (spring.mvc.converters.preferred-json-mapper=jackson) matched (OnPropertyCondition)
      - @ConditionalOnBean (types: com.fasterxml.jackson.databind.ObjectMapper; SearchStrategy: all) found bean 'jacksonObjectMapper' (OnBeanCondition)

   JacksonHttpMessageConvertersConfiguration.MappingJackson2HttpMessageConverterConfiguration#mappingJackson2HttpMessageConverter matched:
      - @ConditionalOnMissingBean (types: org.springframework.http.converter.json.MappingJackson2HttpMessageConverter ignored: org.springframework.hateoas.server.mvc.TypeConstrainedMappingJackson2HttpMessageConverter,org.springframework.data.rest.webmvc.alps.AlpsJsonHttpMessageConverter; SearchStrategy: all) did not find any beans (OnBeanCondition)

   LifecycleAutoConfiguration#defaultLifecycleProcessor matched:
      - @ConditionalOnMissingBean (names: lifecycleProcessor; SearchStrategy: current) did not find any beans (OnBeanCondition)

   MultipartAutoConfiguration matched:
      - @ConditionalOnClass found required classes 'jakarta.servlet.Servlet', 'org.springframework.web.multipart.support.StandardServletMultipartResolver', 'jakarta.servlet.MultipartConfigElement' (OnClassCondition)
      - found 'session' scope (OnWebApplicationCondition)
      - @ConditionalOnProperty (spring.servlet.multipart.enabled) matched (OnPropertyCondition)

   MultipartAutoConfiguration#multipartConfigElement matched:
      - @ConditionalOnMissingBean (types: jakarta.servlet.MultipartConfigElement; SearchStrategy: all) did not find any beans (OnBeanCondition)

   MultipartAutoConfiguration#multipartResolver matched:
      - @ConditionalOnMissingBean (types: org.springframework.web.multipart.MultipartResolver; SearchStrategy: all) did not find any beans (OnBeanCondition)

   NoOpCacheConfiguration matched:
      - Cache org.springframework.boot.autoconfigure.cache.NoOpCacheConfiguration automatic cache type (CacheCondition)

   PropertyPlaceholderAutoConfiguration#propertySourcesPlaceholderConfigurer matched:
      - @ConditionalOnMissingBean (types: org.springframework.context.support.PropertySourcesPlaceholderConfigurer; SearchStrategy: current) did not find any beans (OnBeanCondition)

   RestTemplateAutoConfiguration matched:
      - @ConditionalOnClass found required class 'org.springframework.web.client.RestTemplate' (OnClassCondition)
      - NoneNestedConditions 0 matched 1 did not; NestedCondition on RestTemplateAutoConfiguration.NotReactiveWebApplicationCondition.ReactiveWebApplication did not find reactive web application classes (RestTemplateAutoConfiguration.NotReactiveWebApplicationCondition)

   RestTemplateAutoConfiguration#restTemplateBuilder matched:
      - @ConditionalOnMissingBean (types: org.springframework.boot.web.client.RestTemplateBuilder; SearchStrategy: all) did not find any beans (OnBeanCondition)

   RestTemplateAutoConfiguration#restTemplateBuilderConfigurer matched:
      - @ConditionalOnMissingBean (types: org.springframework.boot.autoconfigure.web.client.RestTemplateBuilderConfigurer; SearchStrategy: all) did not find any beans (OnBeanCondition)

   ServletWebServerFactoryAutoConfiguration matched:
      - @ConditionalOnClass found required class 'jakarta.servlet.ServletRequest' (OnClassCondition)
      - found 'session' scope (OnWebApplicationCondition)

   ServletWebServerFactoryAutoConfiguration#tomcatServletWebServerFactoryCustomizer matched:
      - @ConditionalOnClass found required class 'org.apache.catalina.startup.Tomcat' (OnClassCondition)

   ServletWebServerFactoryConfiguration.EmbeddedTomcat matched:
      - @ConditionalOnClass found required classes 'jakarta.servlet.Servlet', 'org.apache.catalina.startup.Tomcat', 'org.apache.coyote.UpgradeProtocol' (OnClassCondition)
      - @ConditionalOnMissingBean (types: org.springframework.boot.web.servlet.server.ServletWebServerFactory; SearchStrategy: current) did not find any beans (OnBeanCondition)

   SimpleCacheConfiguration matched:
      - Cache org.springframework.boot.autoconfigure.cache.SimpleCacheConfiguration automatic cache type (CacheCondition)

   SqlInitializationAutoConfiguration matched:
      - @ConditionalOnProperty (spring.sql.init.enabled) matched (OnPropertyCondition)
      - NoneNestedConditions 0 matched 1 did not; NestedCondition on SqlInitializationAutoConfiguration.SqlInitializationModeCondition.ModeIsNever @ConditionalOnProperty (spring.sql.init.mode=never) did not find property 'mode' (SqlInitializationAutoConfiguration.SqlInitializationModeCondition)

   SslAutoConfiguration#sslBundleRegistry matched:
      - @ConditionalOnMissingBean (types: org.springframework.boot.ssl.SslBundleRegistry,org.springframework.boot.ssl.SslBundles; SearchStrategy: all) did not find any beans (OnBeanCondition)

   TaskExecutionAutoConfiguration matched:
      - @ConditionalOnClass found required class 'org.springframework.scheduling.concurrent.ThreadPoolTaskExecutor' (OnClassCondition)

   TaskExecutionAutoConfiguration#applicationTaskExecutor matched:
      - @ConditionalOnMissingBean (types: java.util.concurrent.Executor; SearchStrategy: all) did not find any beans (OnBeanCondition)

   TaskExecutionAutoConfiguration#taskExecutorBuilder matched:
      - @ConditionalOnMissingBean (types: org.springframework.boot.task.TaskExecutorBuilder; SearchStrategy: all) did not find any beans (OnBeanCondition)

   TaskSchedulingAutoConfiguration matched:
      - @ConditionalOnClass found required class 'org.springframework.scheduling.concurrent.ThreadPoolTaskScheduler' (OnClassCondition)

   TaskSchedulingAutoConfiguration#taskSchedulerBuilder matched:
      - @ConditionalOnMissingBean (types: org.springframework.boot.task.TaskSchedulerBuilder; SearchStrategy: all) did not find any beans (OnBeanCondition)

   WebMvcAutoConfiguration matched:
      - @ConditionalOnClass found required classes 'jakarta.servlet.Servlet', 'org.springframework.web.servlet.DispatcherServlet', 'org.springframework.web.servlet.config.annotation.WebMvcConfigurer' (OnClassCondition)
      - found 'session' scope (OnWebApplicationCondition)
      - @ConditionalOnMissingBean (types: org.springframework.web.servlet.config.annotation.WebMvcConfigurationSupport; SearchStrategy: all) did not find any beans (OnBeanCondition)

   WebMvcAutoConfiguration#formContentFilter matched:
      - @ConditionalOnProperty (spring.mvc.formcontent.filter.enabled) matched (OnPropertyCondition)
      - @ConditionalOnMissingBean (types: org.springframework.web.filter.FormContentFilter; SearchStrategy: all) did not find any beans (OnBeanCondition)

   WebMvcAutoConfiguration.EnableWebMvcConfiguration#flashMapManager matched:
      - @ConditionalOnMissingBean (names: flashMapManager; SearchStrategy: all) did not find any beans (OnBeanCondition)

   WebMvcAutoConfiguration.EnableWebMvcConfiguration#localeResolver matched:
      - @ConditionalOnMissingBean (names: localeResolver; SearchStrategy: all) did not find any beans (OnBeanCondition)

   WebMvcAutoConfiguration.EnableWebMvcConfiguration#themeResolver matched:
      - @ConditionalOnMissingBean (names: themeResolver; SearchStrategy: all) did not find any beans (OnBeanCondition)

   WebMvcAutoConfiguration.WebMvcAutoConfigurationAdapter#defaultViewResolver matched:
      - @ConditionalOnMissingBean (types: org.springframework.web.servlet.view.InternalResourceViewResolver; SearchStrategy: all) did not find any beans (OnBeanCondition)

   WebMvcAutoConfiguration.WebMvcAutoConfigurationAdapter#requestContextFilter matched:
      - @ConditionalOnMissingBean (types: org.springframework.web.context.request.RequestContextListener,org.springframework.web.filter.RequestContextFilter; SearchStrategy: all) did not find any beans (OnBeanCondition)

   WebMvcAutoConfiguration.WebMvcAutoConfigurationAdapter#viewResolver matched:
      - @ConditionalOnBean (types: org.springframework.web.servlet.ViewResolver; SearchStrategy: all) found beans 'defaultViewResolver', 'mvcViewResolver'; @ConditionalOnMissingBean (names: viewResolver types: org.springframework.web.servlet.view.ContentNegotiatingViewResolver; SearchStrategy: all) did not find any beans (OnBeanCondition)

   WebSocketServletAutoConfiguration matched:
      - @ConditionalOnClass found required classes 'jakarta.servlet.Servlet', 'jakarta.websocket.server.ServerContainer' (OnClassCondition)
      - found 'session' scope (OnWebApplicationCondition)

   WebSocketServletAutoConfiguration.TomcatWebSocketConfiguration matched:
      - @ConditionalOnClass found required classes 'org.apache.catalina.startup.Tomcat', 'org.apache.tomcat.websocket.server.WsSci' (OnClassCondition)

   WebSocketServletAutoConfiguration.TomcatWebSocketConfiguration#websocketServletWebServerCustomizer matched:
      - @ConditionalOnMissingBean (names: websocketServletWebServerCustomizer; SearchStrategy: all) did not find any beans (OnBeanCondition)


Negative matches:
-----------------

   ActiveMQAutoConfiguration:
      Did not match:
         - @ConditionalOnClass did not find required class 'jakarta.jms.ConnectionFactory' (OnClassCondition)

   AopAutoConfiguration.AspectJAutoProxyingConfiguration:
      Did not match:
         - @ConditionalOnClass did not find required class 'org.aspectj.weaver.Advice' (OnClassCondition)

   ArtemisAutoConfiguration:
      Did not match:
         - @ConditionalOnClass did not find required class 'jakarta.jms.ConnectionFactory' (OnClassCondition)

   BatchAutoConfiguration:
      Did not match:
         - @ConditionalOnClass did not find required class 'org.springframework.batch.core.launch.JobLauncher' (OnClassCondition)

   Cache2kCacheConfiguration:
      Did not match:
         - @ConditionalOnClass did not find required class 'org.cache2k.Cache2kBuilder' (OnClassCondition)

   CacheAutoConfiguration:
      Did not match:
         - @ConditionalOnBean (types: org.springframework.cache.interceptor.CacheAspectSupport; SearchStrategy: all) did not find any beans of type org.springframework.cache.interceptor.CacheAspectSupport (OnBeanCondition)
      Matched:
         - @ConditionalOnClass found required class 'org.springframework.cache.CacheManager' (OnClassCondition)

   CacheAutoConfiguration.CacheManagerEntityManagerFactoryDependsOnPostProcessor:
      Did not match:
         - @ConditionalOnClass did not find required class 'org.springframework.orm.jpa.LocalContainerEntityManagerFactoryBean' (OnClassCondition)
         - Ancestor org.springframework.boot.autoconfigure.cache.CacheAutoConfiguration did not match (ConditionEvaluationReport.AncestorsMatchedCondition)

   CaffeineCacheConfiguration:
      Did not match:
         - @ConditionalOnClass did not find required class 'com.github.benmanes.caffeine.cache.Caffeine' (OnClassCondition)

   CassandraAutoConfiguration:
      Did not match:
         - @ConditionalOnClass did not find required class 'com.datastax.oss.driver.api.core.CqlSession' (OnClassCondition)

   CassandraDataAutoConfiguration:
      Did not match:
         - @ConditionalOnClass did not find required class 'com.datastax.oss.driver.api.core.CqlSession' (OnClassCondition)

   CassandraReactiveDataAutoConfiguration:
      Did not match:
         - @ConditionalOnClass did not find required class 'com.datastax.oss.driver.api.core.CqlSession' (OnClassCondition)

   CassandraReactiveRepositoriesAutoConfiguration:
      Did not match:
         - @ConditionalOnClass did not find required class 'org.springframework.data.cassandra.ReactiveSession' (OnClassCondition)

   CassandraRepositoriesAutoConfiguration:
      Did not match:
         - @ConditionalOnClass did not find required class 'com.datastax.oss.driver.api.core.CqlSession' (OnClassCondition)

   ClientHttpConnectorAutoConfiguration:
      Did not match:
         - @ConditionalOnClass did not find required class 'org.springframework.web.reactive.function.client.WebClient' (OnClassCondition)

   CodecsAutoConfiguration:
      Did not match:
         - @ConditionalOnClass did not find required class 'org.springframework.web.reactive.function.client.WebClient' (OnClassCondition)

   CouchbaseAutoConfiguration:
      Did not match:
         - @ConditionalOnClass did not find required class 'com.couchbase.client.java.Cluster' (OnClassCondition)

   CouchbaseCacheConfiguration:
      Did not match:
         - @ConditionalOnClass did not find required class 'com.couchbase.client.java.Cluster' (OnClassCondition)

   CouchbaseDataAutoConfiguration:
      Did not match:
         - @ConditionalOnClass did not find required class 'com.couchbase.client.java.Bucket' (OnClassCondition)

   CouchbaseReactiveDataAutoConfiguration:
      Did not match:
         - @ConditionalOnClass did not find required class 'com.couchbase.client.java.Cluster' (OnClassCondition)

   CouchbaseReactiveRepositoriesAutoConfiguration:
      Did not match:
         - @ConditionalOnClass did not find required class 'com.couchbase.client.java.Cluster' (OnClassCondition)

   CouchbaseRepositoriesAutoConfiguration:
      Did not match:
         - @ConditionalOnClass did not find required class 'com.couchbase.client.java.Bucket' (OnClassCondition)

   DataSourceAutoConfiguration:
      Did not match:
         - @ConditionalOnClass did not find required class 'org.springframework.jdbc.datasource.embedded.EmbeddedDatabaseType' (OnClassCondition)

   DataSourceInitializationConfiguration:
      Did not match:
         - @ConditionalOnClass did not find required class 'org.springframework.jdbc.datasource.init.DatabasePopulator' (OnClassCondition)

   DataSourceTransactionManagerAutoConfiguration:
      Did not match:
         - @ConditionalOnClass did not find required class 'org.springframework.jdbc.core.JdbcTemplate' (OnClassCondition)

   DevToolsDataSourceAutoConfiguration:
      Did not match:
         - Devtools devtools is disabled for current context. (OnEnabledDevToolsCondition)

   DevToolsR2dbcAutoConfiguration:
      Did not match:
         - @ConditionalOnClass did not find required class 'io.r2dbc.spi.ConnectionFactory' (OnClassCondition)

   DispatcherServletAutoConfiguration.DispatcherServletConfiguration#multipartResolver:
      Did not match:
         - @ConditionalOnBean (types: org.springframework.web.multipart.MultipartResolver; SearchStrategy: all) did not find any beans of type org.springframework.web.multipart.MultipartResolver (OnBeanCondition)

   ElasticsearchClientAutoConfiguration:
      Did not match:
         - @ConditionalOnClass did not find required class 'co.elastic.clients.elasticsearch.ElasticsearchClient' (OnClassCondition)

   ElasticsearchDataAutoConfiguration:
      Did not match:
         - @ConditionalOnClass did not find required class 'org.springframework.data.elasticsearch.client.elc.ElasticsearchTemplate' (OnClassCondition)

   ElasticsearchRepositoriesAutoConfiguration:
      Did not match:
         - @ConditionalOnClass did not find required class 'org.springframework.data.elasticsearch.repository.ElasticsearchRepository' (OnClassCondition)

   ElasticsearchRestClientAutoConfiguration:
      Did not match:
         - @ConditionalOnClass did not find required class 'org.elasticsearch.client.RestClientBuilder' (OnClassCondition)

   EmbeddedLdapAutoConfiguration:
      Did not match:
         - @ConditionalOnClass did not find required class 'com.unboundid.ldap.listener.InMemoryDirectoryServer' (OnClassCondition)

   EmbeddedWebServerFactoryCustomizerAutoConfiguration:
      Did not match:
         - Application is deployed as a WAR file. (OnWarDeploymentCondition)
      Matched:
         - @ConditionalOnWebApplication (required) found 'session' scope (OnWebApplicationCondition)

   ErrorWebFluxAutoConfiguration:
      Did not match:
         - @ConditionalOnClass did not find required class 'org.springframework.web.reactive.config.WebFluxConfigurer' (OnClassCondition)

   FlywayAutoConfiguration:
      Did not match:
         - @ConditionalOnClass did not find required class 'org.flywaydb.core.Flyway' (OnClassCondition)

   FreeMarkerAutoConfiguration:
      Did not match:
         - @ConditionalOnClass did not find required class 'freemarker.template.Configuration' (OnClassCondition)

   GraphQlAutoConfiguration:
      Did not match:
         - @ConditionalOnClass did not find required class 'graphql.GraphQL' (OnClassCondition)

   GraphQlQueryByExampleAutoConfiguration:
      Did not match:
         - @ConditionalOnClass did not find required class 'graphql.GraphQL' (OnClassCondition)

   GraphQlQuerydslAutoConfiguration:
      Did not match:
         - @ConditionalOnClass did not find required class 'graphql.GraphQL' (OnClassCondition)

   GraphQlRSocketAutoConfiguration:
      Did not match:
         - @ConditionalOnClass did not find required class 'graphql.GraphQL' (OnClassCondition)

   GraphQlReactiveQueryByExampleAutoConfiguration:
      Did not match:
         - @ConditionalOnClass did not find required class 'graphql.GraphQL' (OnClassCondition)

   GraphQlReactiveQuerydslAutoConfiguration:
      Did not match:
         - @ConditionalOnClass did not find required class 'graphql.GraphQL' (OnClassCondition)

   GraphQlWebFluxAutoConfiguration:
      Did not match:
         - @ConditionalOnClass did not find required class 'graphql.GraphQL' (OnClassCondition)

   GraphQlWebFluxSecurityAutoConfiguration:
      Did not match:
         - @ConditionalOnClass did not find required class 'graphql.GraphQL' (OnClassCondition)

   GraphQlWebMvcAutoConfiguration:
      Did not match:
         - @ConditionalOnClass did not find required class 'graphql.GraphQL' (OnClassCondition)

   GraphQlWebMvcSecurityAutoConfiguration:
      Did not match:
         - @ConditionalOnClass did not find required class 'graphql.GraphQL' (OnClassCondition)

   GroovyTemplateAutoConfiguration:
      Did not match:
         - @ConditionalOnClass did not find required class 'groovy.text.markup.MarkupTemplateEngine' (OnClassCondition)

   GsonAutoConfiguration:
      Did not match:
         - @ConditionalOnClass did not find required class 'com.google.gson.Gson' (OnClassCondition)

   GsonHttpMessageConvertersConfiguration:
      Did not match:
         - @ConditionalOnClass did not find required class 'com.google.gson.Gson' (OnClassCondition)

   H2ConsoleAutoConfiguration:
      Did not match:
         - @ConditionalOnClass did not find required class 'org.h2.server.web.JakartaWebServlet' (OnClassCondition)

   HazelcastAutoConfiguration:
      Did not match:
         - @ConditionalOnClass did not find required class 'com.hazelcast.core.HazelcastInstance' (OnClassCondition)

   HazelcastCacheConfiguration:
      Did not match:
         - @ConditionalOnClass did not find required class 'com.hazelcast.core.HazelcastInstance' (OnClassCondition)

   HazelcastJpaDependencyAutoConfiguration:
      Did not match:
         - @ConditionalOnClass did not find required class 'com.hazelcast.core.HazelcastInstance' (OnClassCondition)

   HibernateJpaAutoConfiguration:
      Did not match:
         - @ConditionalOnClass did not find required class 'jakarta.persistence.EntityManager' (OnClassCondition)

   HttpHandlerAutoConfiguration:
      Did not match:
         - @ConditionalOnClass did not find required class 'org.springframework.web.reactive.DispatcherHandler' (OnClassCondition)

   HypermediaAutoConfiguration:
      Did not match:
         - @ConditionalOnClass did not find required class 'org.springframework.hateoas.EntityModel' (OnClassCondition)

   InfinispanCacheConfiguration:
      Did not match:
         - @ConditionalOnClass did not find required class 'org.infinispan.spring.embedded.provider.SpringEmbeddedCacheManager' (OnClassCondition)

   InfluxDbAutoConfiguration:
      Did not match:
         - @ConditionalOnClass did not find required class 'org.influxdb.InfluxDB' (OnClassCondition)

   IntegrationAutoConfiguration:
      Did not match:
         - @ConditionalOnClass did not find required class 'org.springframework.integration.config.EnableIntegration' (OnClassCondition)

   JCacheCacheConfiguration:
      Did not match:
         - @ConditionalOnClass did not find required class 'javax.cache.Caching' (OnClassCondition)

   JacksonHttpMessageConvertersConfiguration.MappingJackson2XmlHttpMessageConverterConfiguration:
      Did not match:
         - @ConditionalOnClass did not find required class 'com.fasterxml.jackson.dataformat.xml.XmlMapper' (OnClassCondition)

   JdbcRepositoriesAutoConfiguration:
      Did not match:
         - @ConditionalOnClass did not find required class 'org.springframework.data.jdbc.repository.config.AbstractJdbcConfiguration' (OnClassCondition)

   JdbcTemplateAutoConfiguration:
      Did not match:
         - @ConditionalOnClass did not find required class 'org.springframework.jdbc.core.JdbcTemplate' (OnClassCondition)

   JerseyAutoConfiguration:
      Did not match:
         - @ConditionalOnClass did not find required class 'org.glassfish.jersey.server.spring.SpringComponentProvider' (OnClassCondition)

   JmsAutoConfiguration:
      Did not match:
         - @ConditionalOnClass did not find required class 'jakarta.jms.Message' (OnClassCondition)

   JmxAutoConfiguration:
      Did not match:
         - @ConditionalOnProperty (spring.jmx.enabled=true) found different value in property 'enabled' (OnPropertyCondition)
      Matched:
         - @ConditionalOnClass found required class 'org.springframework.jmx.export.MBeanExporter' (OnClassCondition)

   JndiConnectionFactoryAutoConfiguration:
      Did not match:
         - @ConditionalOnClass did not find required class 'org.springframework.jms.core.JmsTemplate' (OnClassCondition)

   JndiDataSourceAutoConfiguration:
      Did not match:
         - @ConditionalOnClass did not find required class 'org.springframework.jdbc.datasource.embedded.EmbeddedDatabaseType' (OnClassCondition)

   JooqAutoConfiguration:
      Did not match:
         - @ConditionalOnClass did not find required class 'org.jooq.DSLContext' (OnClassCondition)

   JpaRepositoriesAutoConfiguration:
      Did not match:
         - @ConditionalOnClass did not find required class 'org.springframework.data.jpa.repository.JpaRepository' (OnClassCondition)

   JsonbAutoConfiguration:
      Did not match:
         - @ConditionalOnClass did not find required class 'jakarta.json.bind.Jsonb' (OnClassCondition)

   JsonbHttpMessageConvertersConfiguration:
      Did not match:
         - @ConditionalOnClass did not find required class 'jakarta.json.bind.Jsonb' (OnClassCondition)

   JtaAutoConfiguration:
      Did not match:
         - @ConditionalOnClass did not find required class 'jakarta.transaction.Transaction' (OnClassCondition)

   KafkaAutoConfiguration:
      Did not match:
         - @ConditionalOnClass did not find required class 'org.springframework.kafka.core.KafkaTemplate' (OnClassCondition)

   LdapAutoConfiguration:
      Did not match:
         - @ConditionalOnClass did not find required class 'org.springframework.ldap.core.ContextSource' (OnClassCondition)

   LdapRepositoriesAutoConfiguration:
      Did not match:
         - @ConditionalOnClass did not find required class 'org.springframework.data.ldap.repository.LdapRepository' (OnClassCondition)

   LiquibaseAutoConfiguration:
      Did not match:
         - @ConditionalOnClass did not find required class 'liquibase.change.DatabaseChange' (OnClassCondition)

   LocalDevToolsAutoConfiguration:
      Did not match:
         - Initialized Restarter Condition initialized without URLs (OnInitializedRestarterCondition)

   MailSenderAutoConfiguration:
      Did not match:
         - @ConditionalOnClass did not find required class 'jakarta.mail.internet.MimeMessage' (OnClassCondition)

   MailSenderValidatorAutoConfiguration:
      Did not match:
         - @ConditionalOnSingleCandidate did not find required type 'org.springframework.mail.javamail.JavaMailSenderImpl' (OnBeanCondition)

   MessageSourceAutoConfiguration:
      Did not match:
         - ResourceBundle did not find bundle with basename messages (MessageSourceAutoConfiguration.ResourceBundleCondition)

   MongoAutoConfiguration:
      Did not match:
         - @ConditionalOnClass did not find required class 'com.mongodb.client.MongoClient' (OnClassCondition)

   MongoDataAutoConfiguration:
      Did not match:
         - @ConditionalOnClass did not find required class 'com.mongodb.client.MongoClient' (OnClassCondition)

   MongoReactiveAutoConfiguration:
      Did not match:
         - @ConditionalOnClass did not find required class 'com.mongodb.reactivestreams.client.MongoClient' (OnClassCondition)

   MongoReactiveDataAutoConfiguration:
      Did not match:
         - @ConditionalOnClass did not find required class 'com.mongodb.reactivestreams.client.MongoClient' (OnClassCondition)

   MongoReactiveRepositoriesAutoConfiguration:
      Did not match:
         - @ConditionalOnClass did not find required class 'com.mongodb.reactivestreams.client.MongoClient' (OnClassCondition)

   MongoRepositoriesAutoConfiguration:
      Did not match:
         - @ConditionalOnClass did not find required class 'com.mongodb.client.MongoClient' (OnClassCondition)

   MustacheAutoConfiguration:
      Did not match:
         - @ConditionalOnClass did not find required class 'com.samskivert.mustache.Mustache' (OnClassCondition)

   Neo4jAutoConfiguration:
      Did not match:
         - @ConditionalOnClass did not find required class 'org.neo4j.driver.Driver' (OnClassCondition)

   Neo4jDataAutoConfiguration:
      Did not match:
         - @ConditionalOnClass did not find required class 'org.neo4j.driver.Driver' (OnClassCondition)

   Neo4jReactiveDataAutoConfiguration:
      Did not match:
         - @ConditionalOnClass did not find required class 'org.neo4j.driver.Driver' (OnClassCondition)

   Neo4jReactiveRepositoriesAutoConfiguration:
      Did not match:
         - @ConditionalOnClass did not find required class 'org.neo4j.driver.Driver' (OnClassCondition)

   Neo4jRepositoriesAutoConfiguration:
      Did not match:
         - @ConditionalOnClass did not find required class 'org.neo4j.driver.Driver' (OnClassCondition)

   NettyAutoConfiguration:
      Did not match:
         - @ConditionalOnClass did not find required class 'io.netty.util.NettyRuntime' (OnClassCondition)

   OAuth2AuthorizationServerAutoConfiguration:
      Did not match:
         - @ConditionalOnClass did not find required class 'org.springframework.security.oauth2.server.authorization.OAuth2Authorization' (OnClassCondition)

   OAuth2AuthorizationServerJwtAutoConfiguration:
      Did not match:
         - @ConditionalOnClass did not find required class 'org.springframework.security.oauth2.server.authorization.OAuth2Authorization' (OnClassCondition)

   OAuth2ClientAutoConfiguration:
      Did not match:
         - @ConditionalOnClass did not find required class 'org.springframework.security.config.annotation.web.configuration.EnableWebSecurity' (OnClassCondition)

   OAuth2ResourceServerAutoConfiguration:
      Did not match:
         - @ConditionalOnClass did not find required class 'org.springframework.security.oauth2.server.resource.authentication.BearerTokenAuthenticationToken' (OnClassCondition)

   PersistenceExceptionTranslationAutoConfiguration:
      Did not match:
         - @ConditionalOnClass did not find required class 'org.springframework.dao.annotation.PersistenceExceptionTranslationPostProcessor' (OnClassCondition)

   ProjectInfoAutoConfiguration#buildProperties:
      Did not match:
         - @ConditionalOnResource did not find resource '${spring.info.build.location:classpath:META-INF/build-info.properties}' (OnResourceCondition)

   ProjectInfoAutoConfiguration#gitProperties:
      Did not match:
         - GitResource did not find git info at classpath:git.properties (ProjectInfoAutoConfiguration.GitResourceAvailableCondition)

   QuartzAutoConfiguration:
      Did not match:
         - @ConditionalOnClass did not find required class 'org.quartz.Scheduler' (OnClassCondition)

   R2dbcAutoConfiguration:
      Did not match:
         - @ConditionalOnClass did not find required class 'io.r2dbc.spi.ConnectionFactory' (OnClassCondition)

   R2dbcDataAutoConfiguration:
      Did not match:
         - @ConditionalOnClass did not find required class 'org.springframework.data.r2dbc.core.R2dbcEntityTemplate' (OnClassCondition)

   R2dbcInitializationConfiguration:
      Did not match:
         - @ConditionalOnClass did not find required classes 'io.r2dbc.spi.ConnectionFactory', 'org.springframework.r2dbc.connection.init.DatabasePopulator' (OnClassCondition)

   R2dbcRepositoriesAutoConfiguration:
      Did not match:
         - @ConditionalOnClass did not find required class 'io.r2dbc.spi.ConnectionFactory' (OnClassCondition)

   R2dbcTransactionManagerAutoConfiguration:
      Did not match:
         - @ConditionalOnClass did not find required class 'org.springframework.r2dbc.connection.R2dbcTransactionManager' (OnClassCondition)

   RSocketGraphQlClientAutoConfiguration:
      Did not match:
         - @ConditionalOnClass did not find required class 'graphql.GraphQL' (OnClassCondition)

   RSocketMessagingAutoConfiguration:
      Did not match:
         - @ConditionalOnClass did not find required class 'io.rsocket.RSocket' (OnClassCondition)

   RSocketRequesterAutoConfiguration:
      Did not match:
         - @ConditionalOnClass did not find required class 'io.rsocket.RSocket' (OnClassCondition)

   RSocketSecurityAutoConfiguration:
      Did not match:
         - @ConditionalOnClass did not find required class 'org.springframework.security.rsocket.core.SecuritySocketAcceptorInterceptor' (OnClassCondition)

   RSocketServerAutoConfiguration:
      Did not match:
         - @ConditionalOnClass did not find required class 'io.rsocket.core.RSocketServer' (OnClassCondition)

   RSocketStrategiesAutoConfiguration:
      Did not match:
         - @ConditionalOnClass did not find required class 'io.netty.buffer.PooledByteBufAllocator' (OnClassCondition)

   RabbitAutoConfiguration:
      Did not match:
         - @ConditionalOnClass did not find required class 'com.rabbitmq.client.Channel' (OnClassCondition)

   ReactiveElasticsearchClientAutoConfiguration:
      Did not match:
         - @ConditionalOnClass did not find required class 'co.elastic.clients.transport.ElasticsearchTransport' (OnClassCondition)

   ReactiveElasticsearchRepositoriesAutoConfiguration:
      Did not match:
         - @ConditionalOnClass did not find required class 'org.springframework.data.elasticsearch.client.elc.ReactiveElasticsearchClient' (OnClassCondition)

   ReactiveMultipartAutoConfiguration:
      Did not match:
         - @ConditionalOnClass did not find required class 'org.springframework.web.reactive.config.WebFluxConfigurer' (OnClassCondition)

   ReactiveOAuth2ClientAutoConfiguration:
      Did not match:
         - @ConditionalOnClass did not find required class 'reactor.core.publisher.Flux' (OnClassCondition)

   ReactiveOAuth2ResourceServerAutoConfiguration:
      Did not match:
         - @ConditionalOnClass did not find required class 'org.springframework.security.config.annotation.web.reactive.EnableWebFluxSecurity' (OnClassCondition)

   ReactiveSecurityAutoConfiguration:
      Did not match:
         - @ConditionalOnClass did not find required class 'reactor.core.publisher.Flux' (OnClassCondition)

   ReactiveUserDetailsServiceAutoConfiguration:
      Did not match:
         - @ConditionalOnClass did not find required class 'org.springframework.security.authentication.ReactiveAuthenticationManager' (OnClassCondition)

   ReactiveWebServerFactoryAutoConfiguration:
      Did not match:
         - @ConditionalOnWebApplication did not find reactive web application classes (OnWebApplicationCondition)

   RedisAutoConfiguration:
      Did not match:
         - @ConditionalOnClass did not find required class 'org.springframework.data.redis.core.RedisOperations' (OnClassCondition)

   RedisCacheConfiguration:
      Did not match:
         - @ConditionalOnClass did not find required class 'org.springframework.data.redis.connection.RedisConnectionFactory' (OnClassCondition)

   RedisReactiveAutoConfiguration:
      Did not match:
         - @ConditionalOnClass did not find required class 'reactor.core.publisher.Flux' (OnClassCondition)

   RedisRepositoriesAutoConfiguration:
      Did not match:
         - @ConditionalOnClass did not find required class 'org.springframework.data.redis.repository.configuration.EnableRedisRepositories' (OnClassCondition)

   RemoteDevToolsAutoConfiguration:
      Did not match:
         - @ConditionalOnProperty (spring.devtools.remote.secret) did not find property 'secret' (OnPropertyCondition)
      Matched:
         - @ConditionalOnClass found required classes 'jakarta.servlet.Filter', 'org.springframework.http.server.ServerHttpRequest' (OnClassCondition)

   RepositoryRestMvcAutoConfiguration:
      Did not match:
         - @ConditionalOnClass did not find required class 'org.springframework.data.rest.webmvc.config.RepositoryRestMvcConfiguration' (OnClassCondition)

   Saml2RelyingPartyAutoConfiguration:
      Did not match:
         - @ConditionalOnClass did not find required class 'org.springframework.security.saml2.provider.service.registration.RelyingPartyRegistrationRepository' (OnClassCondition)

   SecurityAutoConfiguration:
      Did not match:
         - @ConditionalOnClass did not find required class 'org.springframework.security.authentication.DefaultAuthenticationEventPublisher' (OnClassCondition)

   SecurityFilterAutoConfiguration:
      Did not match:
         - @ConditionalOnClass did not find required class 'org.springframework.security.config.http.SessionCreationPolicy' (OnClassCondition)

   SendGridAutoConfiguration:
      Did not match:
         - @ConditionalOnClass did not find required class 'com.sendgrid.SendGrid' (OnClassCondition)

   ServletWebServerFactoryAutoConfiguration.ForwardedHeaderFilterConfiguration:
      Did not match:
         - @ConditionalOnProperty (server.forward-headers-strategy=framework) did not find property 'server.forward-headers-strategy' (OnPropertyCondition)

   ServletWebServerFactoryConfiguration.EmbeddedJetty:
      Did not match:
         - @ConditionalOnClass did not find required classes 'org.eclipse.jetty.server.Server', 'org.eclipse.jetty.util.Loader', 'org.eclipse.jetty.webapp.WebAppContext' (OnClassCondition)

   ServletWebServerFactoryConfiguration.EmbeddedUndertow:
      Did not match:
         - @ConditionalOnClass did not find required classes 'io.undertow.Undertow', 'org.xnio.SslClientAuthMode' (OnClassCondition)

   SessionAutoConfiguration:
      Did not match:
         - @ConditionalOnClass did not find required class 'org.springframework.session.Session' (OnClassCondition)

   SpringApplicationAdminJmxAutoConfiguration:
      Did not match:
         - @ConditionalOnProperty (spring.application.admin.enabled=true) did not find property 'enabled' (OnPropertyCondition)

   SpringDataWebAutoConfiguration:
      Did not match:
         - @ConditionalOnClass did not find required class 'org.springframework.data.web.PageableHandlerMethodArgumentResolver' (OnClassCondition)

   TaskSchedulingAutoConfiguration#scheduledBeanLazyInitializationExcludeFilter:
      Did not match:
         - @ConditionalOnBean (names: org.springframework.context.annotation.internalScheduledAnnotationProcessor; SearchStrategy: all) did not find any beans named org.springframework.context.annotation.internalScheduledAnnotationProcessor (OnBeanCondition)

   TaskSchedulingAutoConfiguration#taskScheduler:
      Did not match:
         - @ConditionalOnBean (names: org.springframework.context.annotation.internalScheduledAnnotationProcessor; SearchStrategy: all) did not find any beans named org.springframework.context.annotation.internalScheduledAnnotationProcessor (OnBeanCondition)

   ThymeleafAutoConfiguration:
      Did not match:
         - @ConditionalOnClass did not find required class 'org.thymeleaf.spring6.SpringTemplateEngine' (OnClassCondition)

   TransactionAutoConfiguration:
      Did not match:
         - @ConditionalOnClass did not find required class 'org.springframework.transaction.PlatformTransactionManager' (OnClassCondition)

   UserDetailsServiceAutoConfiguration:
      Did not match:
         - @ConditionalOnClass did not find required class 'org.springframework.security.authentication.AuthenticationManager' (OnClassCondition)

   ValidationAutoConfiguration:
      Did not match:
         - @ConditionalOnClass did not find required class 'jakarta.validation.executable.ExecutableValidator' (OnClassCondition)

   WebClientAutoConfiguration:
      Did not match:
         - @ConditionalOnClass did not find required class 'org.springframework.web.reactive.function.client.WebClient' (OnClassCondition)

   WebFluxAutoConfiguration:
      Did not match:
         - @ConditionalOnClass did not find required class 'org.springframework.web.reactive.config.WebFluxConfigurer' (OnClassCondition)

   WebMvcAutoConfiguration#hiddenHttpMethodFilter:
      Did not match:
         - @ConditionalOnProperty (spring.mvc.hiddenmethod.filter.enabled) did not find property 'enabled' (OnPropertyCondition)

   WebMvcAutoConfiguration.ProblemDetailsErrorHandlingConfiguration:
      Did not match:
         - @ConditionalOnProperty (spring.mvc.problemdetails.enabled=true) did not find property 'enabled' (OnPropertyCondition)

   WebMvcAutoConfiguration.ResourceChainCustomizerConfiguration:
      Did not match:
         - @ConditionalOnEnabledResourceChain did not find class org.webjars.WebJarAssetLocator (OnEnabledResourceChainCondition)

   WebMvcAutoConfiguration.WebMvcAutoConfigurationAdapter#beanNameViewResolver:
      Did not match:
         - @ConditionalOnBean (types: org.springframework.web.servlet.View; SearchStrategy: all) did not find any beans of type org.springframework.web.servlet.View (OnBeanCondition)

   WebServiceTemplateAutoConfiguration:
      Did not match:
         - @ConditionalOnClass did not find required class 'org.springframework.oxm.Marshaller' (OnClassCondition)

   WebServicesAutoConfiguration:
      Did not match:
         - @ConditionalOnClass did not find required class 'org.springframework.ws.transport.http.MessageDispatcherServlet' (OnClassCondition)

   WebSessionIdResolverAutoConfiguration:
      Did not match:
         - @ConditionalOnClass did not find required class 'reactor.core.publisher.Mono' (OnClassCondition)

   WebSocketMessagingAutoConfiguration:
      Did not match:
         - @ConditionalOnClass did not find required class 'org.springframework.web.socket.config.annotation.WebSocketMessageBrokerConfigurer' (OnClassCondition)

   WebSocketReactiveAutoConfiguration:
      Did not match:
         - @ConditionalOnWebApplication did not find reactive web application classes (OnWebApplicationCondition)

   WebSocketServletAutoConfiguration.JettyWebSocketConfiguration:
      Did not match:
         - @ConditionalOnClass did not find required class 'org.eclipse.jetty.websocket.jakarta.server.config.JakartaWebSocketServletContainerInitializer' (OnClassCondition)

   WebSocketServletAutoConfiguration.UndertowWebSocketConfiguration:
      Did not match:
         - @ConditionalOnClass did not find required class 'io.undertow.websockets.jsr.Bootstrap' (OnClassCondition)

   XADataSourceAutoConfiguration:
      Did not match:
         - @ConditionalOnClass did not find required class 'jakarta.transaction.TransactionManager' (OnClassCondition)


Exclusions:
-----------

    org.springframework.boot.autoconfigure.web.servlet.error.ErrorMvcAutoConfiguration


Unconditional classes:
----------------------

    org.springframework.boot.autoconfigure.context.ConfigurationPropertiesAutoConfiguration

    org.springframework.boot.autoconfigure.ssl.SslAutoConfiguration

    org.springframework.boot.autoconfigure.context.LifecycleAutoConfiguration

    org.springframework.boot.autoconfigure.context.PropertyPlaceholderAutoConfiguration

    org.springframework.boot.autoconfigure.availability.ApplicationAvailabilityAutoConfiguration

    org.springframework.boot.autoconfigure.info.ProjectInfoAutoConfiguration



2023-05-20T12:15:04.514+05:30 TRACE 5960 --- [           main] o.s.b.f.s.DefaultListableBeanFactory     : Returning cached instance of singleton bean 'resourceHandlerMapping'
2023-05-20T12:15:04.518+05:30  INFO 5960 --- [           main] com.example.demo.DemoApplicationTests    : Started DemoApplicationTests in 2.135 seconds (process running for 3.215)
2023-05-20T12:15:04.519+05:30 TRACE 5960 --- [           main] o.s.b.f.s.DefaultListableBeanFactory     : Returning cached instance of singleton bean 'applicationAvailability'
2023-05-20T12:15:04.520+05:30 DEBUG 5960 --- [           main] o.s.b.a.ApplicationAvailabilityBean      : Application availability state LivenessState changed to CORRECT
2023-05-20T12:15:04.522+05:30 DEBUG 5960 --- [           main] o.s.boot.devtools.restart.Restarter      : Creating new Restarter for thread Thread[main,5,main]
2023-05-20T12:15:04.522+05:30 TRACE 5960 --- [           main] o.s.b.f.s.DefaultListableBeanFactory     : Returning cached instance of singleton bean 'applicationAvailability'
2023-05-20T12:15:04.522+05:30 DEBUG 5960 --- [           main] o.s.b.a.ApplicationAvailabilityBean      : Application availability state ReadinessState changed to ACCEPTING_TRAFFIC
2023-05-20T12:15:04.524+05:30 TRACE 5960 --- [           main] c.DefaultCacheAwareContextLoaderDelegate : Storing ApplicationContext [583015088] in cache under key [WebMergedContextConfiguration@414f13fc testClass = com.example.demo.DemoApplicationTests, locations = [], classes = [com.example.demo.DemoApplication], contextInitializerClasses = [], activeProfiles = [], propertySourceLocations = [], propertySourceProperties = ["org.springframework.boot.test.context.SpringBootTestContextBootstrapper=true"], contextCustomizers = [org.springframework.boot.test.context.filter.ExcludeFilterContextCustomizer@31ea9581, org.springframework.boot.test.json.DuplicateJsonObjectContextCustomizerFactory$DuplicateJsonObjectContextCustomizer@221a3fa4, org.springframework.boot.test.mock.mockito.MockitoContextCustomizer@0, org.springframework.boot.test.web.client.TestRestTemplateContextCustomizer@73eb439a, org.springframework.boot.test.autoconfigure.actuate.observability.ObservabilityContextCustomizerFactory$DisableObservabilityContextCustomizer@1f, org.springframework.boot.test.autoconfigure.properties.PropertyMappingContextCustomizer@0, org.springframework.boot.test.autoconfigure.web.servlet.WebDriverContextCustomizerFactory$Customizer@3de8f619, org.springframework.boot.test.context.SpringBootTestAnnotation@6e5c6e5c], resourceBasePath = "src/main/webapp", contextLoader = org.springframework.boot.test.context.SpringBootContextLoader, parent = null]
2023-05-20T12:15:04.525+05:30 DEBUG 5960 --- [           main] org.springframework.test.context.cache   : Spring test ApplicationContext cache statistics: [DefaultContextCache@4b76aa5a size = 1, maxSize = 32, parentContextCount = 0, hitCount = 0, missCount = 1]
2023-05-20T12:15:04.526+05:30 TRACE 5960 --- [           main] o.s.t.c.w.ServletTestExecutionListener   : Setting up MockHttpServletRequest, MockHttpServletResponse, ServletWebRequest, and RequestContextHolder for test context [DefaultTestContext@120d3fd testClass = com.example.demo.DemoApplicationTests, testInstance = com.example.demo.DemoApplicationTests@38c9e0d6, testMethod = null, testException = null, mergedContextConfiguration = [WebMergedContextConfiguration@414f13fc testClass = com.example.demo.DemoApplicationTests, locations = [], classes = [com.example.demo.DemoApplication], contextInitializerClasses = [], activeProfiles = [], propertySourceLocations = [], propertySourceProperties = ["org.springframework.boot.test.context.SpringBootTestContextBootstrapper=true"], contextCustomizers = [org.springframework.boot.test.context.filter.ExcludeFilterContextCustomizer@31ea9581, org.springframework.boot.test.json.DuplicateJsonObjectContextCustomizerFactory$DuplicateJsonObjectContextCustomizer@221a3fa4, org.springframework.boot.test.mock.mockito.MockitoContextCustomizer@0, org.springframework.boot.test.web.client.TestRestTemplateContextCustomizer@73eb439a, org.springframework.boot.test.autoconfigure.actuate.observability.ObservabilityContextCustomizerFactory$DisableObservabilityContextCustomizer@1f, org.springframework.boot.test.autoconfigure.properties.PropertyMappingContextCustomizer@0, org.springframework.boot.test.autoconfigure.web.servlet.WebDriverContextCustomizerFactory$Customizer@3de8f619, org.springframework.boot.test.context.SpringBootTestAnnotation@6e5c6e5c], resourceBasePath = "src/main/webapp", contextLoader = org.springframework.boot.test.context.SpringBootContextLoader, parent = null], attributes = {"org.springframework.test.context.web.ServletTestExecutionListener.activateListener" -> true}]
2023-05-20T12:15:04.546+05:30 TRACE 5960 --- [           main] DependencyInjectionTestExecutionListener : Performing dependency injection for test context [DefaultTestContext@120d3fd testClass = com.example.demo.DemoApplicationTests, testInstance = com.example.demo.DemoApplicationTests@38c9e0d6, testMethod = null, testException = null, mergedContextConfiguration = [WebMergedContextConfiguration@414f13fc testClass = com.example.demo.DemoApplicationTests, locations = [], classes = [com.example.demo.DemoApplication], contextInitializerClasses = [], activeProfiles = [], propertySourceLocations = [], propertySourceProperties = ["org.springframework.boot.test.context.SpringBootTestContextBootstrapper=true"], contextCustomizers = [org.springframework.boot.test.context.filter.ExcludeFilterContextCustomizer@31ea9581, org.springframework.boot.test.json.DuplicateJsonObjectContextCustomizerFactory$DuplicateJsonObjectContextCustomizer@221a3fa4, org.springframework.boot.test.mock.mockito.MockitoContextCustomizer@0, org.springframework.boot.test.web.client.TestRestTemplateContextCustomizer@73eb439a, org.springframework.boot.test.autoconfigure.actuate.observability.ObservabilityContextCustomizerFactory$DisableObservabilityContextCustomizer@1f, org.springframework.boot.test.autoconfigure.properties.PropertyMappingContextCustomizer@0, org.springframework.boot.test.autoconfigure.web.servlet.WebDriverContextCustomizerFactory$Customizer@3de8f619, org.springframework.boot.test.context.SpringBootTestAnnotation@6e5c6e5c], resourceBasePath = "src/main/webapp", contextLoader = org.springframework.boot.test.context.SpringBootContextLoader, parent = null], attributes = {"org.springframework.test.context.web.ServletTestExecutionListener.activateListener" -> true, "org.springframework.test.context.web.ServletTestExecutionListener.populatedRequestContextHolder" -> true, "org.springframework.test.context.web.ServletTestExecutionListener.resetRequestContextHolder" -> true, "org.springframework.test.context.event.ApplicationEventsTestExecutionListener.recordApplicationEvents" -> false}]
2023-05-20T12:15:04.546+05:30 TRACE 5960 --- [           main] c.DefaultCacheAwareContextLoaderDelegate : Retrieved ApplicationContext [583015088] from cache with key [WebMergedContextConfiguration@414f13fc testClass = com.example.demo.DemoApplicationTests, locations = [], classes = [com.example.demo.DemoApplication], contextInitializerClasses = [], activeProfiles = [], propertySourceLocations = [], propertySourceProperties = ["org.springframework.boot.test.context.SpringBootTestContextBootstrapper=true"], contextCustomizers = [org.springframework.boot.test.context.filter.ExcludeFilterContextCustomizer@31ea9581, org.springframework.boot.test.json.DuplicateJsonObjectContextCustomizerFactory$DuplicateJsonObjectContextCustomizer@221a3fa4, org.springframework.boot.test.mock.mockito.MockitoContextCustomizer@0, org.springframework.boot.test.web.client.TestRestTemplateContextCustomizer@73eb439a, org.springframework.boot.test.autoconfigure.actuate.observability.ObservabilityContextCustomizerFactory$DisableObservabilityContextCustomizer@1f, org.springframework.boot.test.autoconfigure.properties.PropertyMappingContextCustomizer@0, org.springframework.boot.test.autoconfigure.web.servlet.WebDriverContextCustomizerFactory$Customizer@3de8f619, org.springframework.boot.test.context.SpringBootTestAnnotation@6e5c6e5c], resourceBasePath = "src/main/webapp", contextLoader = org.springframework.boot.test.context.SpringBootContextLoader, parent = null]
2023-05-20T12:15:04.556+05:30 DEBUG 5960 --- [           main] org.springframework.test.context.cache   : Spring test ApplicationContext cache statistics: [DefaultContextCache@4b76aa5a size = 1, maxSize = 32, parentContextCount = 0, hitCount = 1, missCount = 1]
2023-05-20T12:15:04.558+05:30 TRACE 5960 --- [           main] c.DefaultCacheAwareContextLoaderDelegate : Retrieved ApplicationContext [583015088] from cache with key [WebMergedContextConfiguration@414f13fc testClass = com.example.demo.DemoApplicationTests, locations = [], classes = [com.example.demo.DemoApplication], contextInitializerClasses = [], activeProfiles = [], propertySourceLocations = [], propertySourceProperties = ["org.springframework.boot.test.context.SpringBootTestContextBootstrapper=true"], contextCustomizers = [org.springframework.boot.test.context.filter.ExcludeFilterContextCustomizer@31ea9581, org.springframework.boot.test.json.DuplicateJsonObjectContextCustomizerFactory$DuplicateJsonObjectContextCustomizer@221a3fa4, org.springframework.boot.test.mock.mockito.MockitoContextCustomizer@0, org.springframework.boot.test.web.client.TestRestTemplateContextCustomizer@73eb439a, org.springframework.boot.test.autoconfigure.actuate.observability.ObservabilityContextCustomizerFactory$DisableObservabilityContextCustomizer@1f, org.springframework.boot.test.autoconfigure.properties.PropertyMappingContextCustomizer@0, org.springframework.boot.test.autoconfigure.web.servlet.WebDriverContextCustomizerFactory$Customizer@3de8f619, org.springframework.boot.test.context.SpringBootTestAnnotation@6e5c6e5c], resourceBasePath = "src/main/webapp", contextLoader = org.springframework.boot.test.context.SpringBootContextLoader, parent = null]
2023-05-20T12:15:04.558+05:30 DEBUG 5960 --- [           main] org.springframework.test.context.cache   : Spring test ApplicationContext cache statistics: [DefaultContextCache@4b76aa5a size = 1, maxSize = 32, parentContextCount = 0, hitCount = 2, missCount = 1]
2023-05-20T12:15:04.575+05:30 TRACE 5960 --- [           main] o.s.test.context.TestContextManager      : beforeTestMethod(): instance [com.example.demo.DemoApplicationTests@38c9e0d6], method [void com.example.demo.DemoApplicationTests.contextLoads()]
2023-05-20T12:15:04.577+05:30 TRACE 5960 --- [           main] tractDirtiesContextTestExecutionListener : Before test method: context [DefaultTestContext@120d3fd testClass = com.example.demo.DemoApplicationTests, testInstance = com.example.demo.DemoApplicationTests@38c9e0d6, testMethod = contextLoads(), testException = null, mergedContextConfiguration = [WebMergedContextConfiguration@414f13fc testClass = com.example.demo.DemoApplicationTests, locations = [], classes = [com.example.demo.DemoApplication], contextInitializerClasses = [], activeProfiles = [], propertySourceLocations = [], propertySourceProperties = ["org.springframework.boot.test.context.SpringBootTestContextBootstrapper=true"], contextCustomizers = [org.springframework.boot.test.context.filter.ExcludeFilterContextCustomizer@31ea9581, org.springframework.boot.test.json.DuplicateJsonObjectContextCustomizerFactory$DuplicateJsonObjectContextCustomizer@221a3fa4, org.springframework.boot.test.mock.mockito.MockitoContextCustomizer@0, org.springframework.boot.test.web.client.TestRestTemplateContextCustomizer@73eb439a, org.springframework.boot.test.autoconfigure.actuate.observability.ObservabilityContextCustomizerFactory$DisableObservabilityContextCustomizer@1f, org.springframework.boot.test.autoconfigure.properties.PropertyMappingContextCustomizer@0, org.springframework.boot.test.autoconfigure.web.servlet.WebDriverContextCustomizerFactory$Customizer@3de8f619, org.springframework.boot.test.context.SpringBootTestAnnotation@6e5c6e5c], resourceBasePath = "src/main/webapp", contextLoader = org.springframework.boot.test.context.SpringBootContextLoader, parent = null], attributes = {"org.springframework.test.context.web.ServletTestExecutionListener.activateListener" -> true, "org.springframework.test.context.web.ServletTestExecutionListener.populatedRequestContextHolder" -> true, "org.springframework.test.context.web.ServletTestExecutionListener.resetRequestContextHolder" -> true, "org.springframework.test.context.event.ApplicationEventsTestExecutionListener.recordApplicationEvents" -> false}], class annotated with @DirtiesContext [false] with mode [null], method annotated with @DirtiesContext [false] with mode [null]
2023-05-20T12:15:04.579+05:30 TRACE 5960 --- [           main] c.DefaultCacheAwareContextLoaderDelegate : Retrieved ApplicationContext [583015088] from cache with key [WebMergedContextConfiguration@414f13fc testClass = com.example.demo.DemoApplicationTests, locations = [], classes = [com.example.demo.DemoApplication], contextInitializerClasses = [], activeProfiles = [], propertySourceLocations = [], propertySourceProperties = ["org.springframework.boot.test.context.SpringBootTestContextBootstrapper=true"], contextCustomizers = [org.springframework.boot.test.context.filter.ExcludeFilterContextCustomizer@31ea9581, org.springframework.boot.test.json.DuplicateJsonObjectContextCustomizerFactory$DuplicateJsonObjectContextCustomizer@221a3fa4, org.springframework.boot.test.mock.mockito.MockitoContextCustomizer@0, org.springframework.boot.test.web.client.TestRestTemplateContextCustomizer@73eb439a, org.springframework.boot.test.autoconfigure.actuate.observability.ObservabilityContextCustomizerFactory$DisableObservabilityContextCustomizer@1f, org.springframework.boot.test.autoconfigure.properties.PropertyMappingContextCustomizer@0, org.springframework.boot.test.autoconfigure.web.servlet.WebDriverContextCustomizerFactory$Customizer@3de8f619, org.springframework.boot.test.context.SpringBootTestAnnotation@6e5c6e5c], resourceBasePath = "src/main/webapp", contextLoader = org.springframework.boot.test.context.SpringBootContextLoader, parent = null]
2023-05-20T12:15:04.579+05:30 DEBUG 5960 --- [           main] org.springframework.test.context.cache   : Spring test ApplicationContext cache statistics: [DefaultContextCache@4b76aa5a size = 1, maxSize = 32, parentContextCount = 0, hitCount = 3, missCount = 1]
2023-05-20T12:15:04.579+05:30 TRACE 5960 --- [           main] c.DefaultCacheAwareContextLoaderDelegate : Retrieved ApplicationContext [583015088] from cache with key [WebMergedContextConfiguration@414f13fc testClass = com.example.demo.DemoApplicationTests, locations = [], classes = [com.example.demo.DemoApplication], contextInitializerClasses = [], activeProfiles = [], propertySourceLocations = [], propertySourceProperties = ["org.springframework.boot.test.context.SpringBootTestContextBootstrapper=true"], contextCustomizers = [org.springframework.boot.test.context.filter.ExcludeFilterContextCustomizer@31ea9581, org.springframework.boot.test.json.DuplicateJsonObjectContextCustomizerFactory$DuplicateJsonObjectContextCustomizer@221a3fa4, org.springframework.boot.test.mock.mockito.MockitoContextCustomizer@0, org.springframework.boot.test.web.client.TestRestTemplateContextCustomizer@73eb439a, org.springframework.boot.test.autoconfigure.actuate.observability.ObservabilityContextCustomizerFactory$DisableObservabilityContextCustomizer@1f, org.springframework.boot.test.autoconfigure.properties.PropertyMappingContextCustomizer@0, org.springframework.boot.test.autoconfigure.web.servlet.WebDriverContextCustomizerFactory$Customizer@3de8f619, org.springframework.boot.test.context.SpringBootTestAnnotation@6e5c6e5c], resourceBasePath = "src/main/webapp", contextLoader = org.springframework.boot.test.context.SpringBootContextLoader, parent = null]
2023-05-20T12:15:04.579+05:30 DEBUG 5960 --- [           main] org.springframework.test.context.cache   : Spring test ApplicationContext cache statistics: [DefaultContextCache@4b76aa5a size = 1, maxSize = 32, parentContextCount = 0, hitCount = 4, missCount = 1]
2023-05-20T12:15:04.580+05:30 TRACE 5960 --- [           main] o.s.b.f.s.DefaultListableBeanFactory     : Returning cached instance of singleton bean 'org.springframework.boot.test.mock.mockito.MockitoPostProcessor$SpyPostProcessor'
2023-05-20T12:15:05.588+05:30 TRACE 5960 --- [           main] o.s.b.f.s.DefaultListableBeanFactory     : Returning cached instance of singleton bean 'org.springframework.boot.test.mock.mockito.MockitoPostProcessor'
2023-05-20T12:15:05.588+05:30 TRACE 5960 --- [           main] o.s.b.f.s.DefaultListableBeanFactory     : Returning cached instance of singleton bean 'org.springframework.context.annotation.internalConfigurationAnnotationProcessor'
2023-05-20T12:15:05.588+05:30 TRACE 5960 --- [           main] o.s.b.f.s.DefaultListableBeanFactory     : Returning cached instance of singleton bean 'org.springframework.context.annotation.internalAutowiredAnnotationProcessor'
2023-05-20T12:15:05.588+05:30 TRACE 5960 --- [           main] o.s.b.f.s.DefaultListableBeanFactory     : Returning cached instance of singleton bean 'org.springframework.context.annotation.internalCommonAnnotationProcessor'
2023-05-20T12:15:05.588+05:30 TRACE 5960 --- [           main] o.s.b.f.s.DefaultListableBeanFactory     : Returning cached instance of singleton bean 'org.springframework.context.event.internalEventListenerProcessor'
2023-05-20T12:15:05.588+05:30 TRACE 5960 --- [           main] o.s.b.f.s.DefaultListableBeanFactory     : Returning cached instance of singleton bean 'org.springframework.context.event.internalEventListenerFactory'
2023-05-20T12:15:05.588+05:30 TRACE 5960 --- [           main] o.s.b.f.s.DefaultListableBeanFactory     : Returning cached instance of singleton bean 'demoApplication'
2023-05-20T12:15:05.588+05:30 TRACE 5960 --- [           main] o.s.b.f.s.DefaultListableBeanFactory     : Returning cached instance of singleton bean 'org.springframework.boot.autoconfigure.internalCachingMetadataReaderFactory'
2023-05-20T12:15:05.588+05:30 TRACE 5960 --- [           main] o.s.b.f.s.DefaultListableBeanFactory     : Returning cached instance of singleton bean 'org.springframework.boot.autoconfigure.internalCachingMetadataReaderFactory'
2023-05-20T12:15:05.588+05:30 TRACE 5960 --- [           main] o.s.b.f.s.DefaultListableBeanFactory     : Returning cached instance of singleton bean 'controllerClass'
2023-05-20T12:15:05.588+05:30 TRACE 5960 --- [           main] o.s.b.f.s.DefaultListableBeanFactory     : Returning cached instance of singleton bean 'currencyConfigurationController'
2023-05-20T12:15:05.588+05:30 TRACE 5960 --- [           main] o.s.b.f.s.DefaultListableBeanFactory     : Returning cached instance of singleton bean 'currencyServiceConfiguration'
2023-05-20T12:15:05.588+05:30 TRACE 5960 --- [           main] o.s.b.f.s.DefaultListableBeanFactory     : Returning cached instance of singleton bean 'org.springframework.boot.autoconfigure.AutoConfigurationPackages'
2023-05-20T12:15:05.588+05:30 TRACE 5960 --- [           main] o.s.b.f.s.DefaultListableBeanFactory     : Returning cached instance of singleton bean 'org.springframework.boot.autoconfigure.context.PropertyPlaceholderAutoConfiguration'
2023-05-20T12:15:05.588+05:30 TRACE 5960 --- [           main] o.s.b.f.s.DefaultListableBeanFactory     : Returning cached instance of singleton bean 'propertySourcesPlaceholderConfigurer'
2023-05-20T12:15:05.588+05:30 TRACE 5960 --- [           main] o.s.b.f.s.DefaultListableBeanFactory     : Returning cached instance of singleton bean 'org.springframework.boot.autoconfigure.ssl.SslAutoConfiguration'
2023-05-20T12:15:05.588+05:30 TRACE 5960 --- [           main] o.s.b.f.s.DefaultListableBeanFactory     : Returning cached instance of singleton bean 'sslPropertiesSslBundleRegistrar'
2023-05-20T12:15:05.588+05:30 TRACE 5960 --- [           main] o.s.b.f.s.DefaultListableBeanFactory     : Returning cached instance of singleton bean 'sslBundleRegistry'
2023-05-20T12:15:05.588+05:30 TRACE 5960 --- [           main] o.s.b.f.s.DefaultListableBeanFactory     : Returning cached instance of singleton bean 'org.springframework.boot.context.properties.ConfigurationPropertiesBindingPostProcessor'
2023-05-20T12:15:05.588+05:30 TRACE 5960 --- [           main] o.s.b.f.s.DefaultListableBeanFactory     : Returning cached instance of singleton bean 'org.springframework.boot.context.internalConfigurationPropertiesBinder'
2023-05-20T12:15:05.588+05:30 TRACE 5960 --- [           main] o.s.b.f.s.DefaultListableBeanFactory     : Returning cached instance of singleton bean 'org.springframework.boot.context.internalConfigurationPropertiesBinder'
2023-05-20T12:15:05.588+05:30 TRACE 5960 --- [           main] o.s.b.f.s.DefaultListableBeanFactory     : Returning cached instance of singleton bean 'org.springframework.boot.context.properties.BoundConfigurationProperties'
2023-05-20T12:15:05.588+05:30 TRACE 5960 --- [           main] o.s.b.f.s.DefaultListableBeanFactory     : Returning cached instance of singleton bean 'org.springframework.boot.context.properties.EnableConfigurationPropertiesRegistrar.methodValidationExcludeFilter'
2023-05-20T12:15:05.588+05:30 TRACE 5960 --- [           main] o.s.b.f.s.DefaultListableBeanFactory     : Returning cached instance of singleton bean 'spring.ssl-org.springframework.boot.autoconfigure.ssl.SslProperties'
2023-05-20T12:15:05.588+05:30 TRACE 5960 --- [           main] o.s.b.f.s.DefaultListableBeanFactory     : Returning cached instance of singleton bean 'org.springframework.boot.autoconfigure.websocket.servlet.WebSocketServletAutoConfiguration$TomcatWebSocketConfiguration'
2023-05-20T12:15:05.588+05:30 TRACE 5960 --- [           main] o.s.b.f.s.DefaultListableBeanFactory     : Returning cached instance of singleton bean 'websocketServletWebServerCustomizer'
2023-05-20T12:15:05.588+05:30 TRACE 5960 --- [           main] o.s.b.f.s.DefaultListableBeanFactory     : Returning cached instance of singleton bean 'org.springframework.boot.autoconfigure.websocket.servlet.WebSocketServletAutoConfiguration'
2023-05-20T12:15:05.588+05:30 TRACE 5960 --- [           main] o.s.b.f.s.DefaultListableBeanFactory     : Returning cached instance of singleton bean 'org.springframework.boot.autoconfigure.web.servlet.ServletWebServerFactoryConfiguration$EmbeddedTomcat'
2023-05-20T12:15:05.588+05:30 TRACE 5960 --- [           main] o.s.b.f.s.DefaultListableBeanFactory     : Returning cached instance of singleton bean 'tomcatServletWebServerFactory'
2023-05-20T12:15:05.588+05:30 TRACE 5960 --- [           main] o.s.b.f.s.DefaultListableBeanFactory     : Returning cached instance of singleton bean 'org.springframework.boot.autoconfigure.web.servlet.ServletWebServerFactoryAutoConfiguration'
2023-05-20T12:15:05.588+05:30 TRACE 5960 --- [           main] o.s.b.f.s.DefaultListableBeanFactory     : Returning cached instance of singleton bean 'servletWebServerFactoryCustomizer'
2023-05-20T12:15:05.588+05:30 TRACE 5960 --- [           main] o.s.b.f.s.DefaultListableBeanFactory     : Returning cached instance of singleton bean 'tomcatServletWebServerFactoryCustomizer'
2023-05-20T12:15:05.588+05:30 TRACE 5960 --- [           main] o.s.b.f.s.DefaultListableBeanFactory     : Returning cached instance of singleton bean 'server-org.springframework.boot.autoconfigure.web.ServerProperties'
2023-05-20T12:15:05.588+05:30 TRACE 5960 --- [           main] o.s.b.f.s.DefaultListableBeanFactory     : Returning cached instance of singleton bean 'webServerFactoryCustomizerBeanPostProcessor'
2023-05-20T12:15:05.588+05:30 TRACE 5960 --- [           main] o.s.b.f.s.DefaultListableBeanFactory     : Returning cached instance of singleton bean 'errorPageRegistrarBeanPostProcessor'
2023-05-20T12:15:05.588+05:30 TRACE 5960 --- [           main] o.s.b.f.s.DefaultListableBeanFactory     : Returning cached instance of singleton bean 'org.springframework.boot.autoconfigure.web.servlet.DispatcherServletAutoConfiguration$DispatcherServletConfiguration'
2023-05-20T12:15:05.588+05:30 TRACE 5960 --- [           main] o.s.b.f.s.DefaultListableBeanFactory     : Returning cached instance of singleton bean 'dispatcherServlet'
2023-05-20T12:15:05.589+05:30 TRACE 5960 --- [           main] o.s.b.f.s.DefaultListableBeanFactory     : Returning cached instance of singleton bean 'spring.mvc-org.springframework.boot.autoconfigure.web.servlet.WebMvcProperties'
2023-05-20T12:15:05.589+05:30 TRACE 5960 --- [           main] o.s.b.f.s.DefaultListableBeanFactory     : Returning cached instance of singleton bean 'org.springframework.boot.autoconfigure.web.servlet.DispatcherServletAutoConfiguration$DispatcherServletRegistrationConfiguration'
2023-05-20T12:15:05.589+05:30 TRACE 5960 --- [           main] o.s.b.f.s.DefaultListableBeanFactory     : Returning cached instance of singleton bean 'dispatcherServletRegistration'
2023-05-20T12:15:05.589+05:30 TRACE 5960 --- [           main] o.s.b.f.s.DefaultListableBeanFactory     : Returning cached instance of singleton bean 'org.springframework.boot.autoconfigure.web.servlet.DispatcherServletAutoConfiguration'
2023-05-20T12:15:05.589+05:30 TRACE 5960 --- [           main] o.s.b.f.s.DefaultListableBeanFactory     : Returning cached instance of singleton bean 'org.springframework.boot.autoconfigure.task.TaskExecutionAutoConfiguration'
2023-05-20T12:15:05.589+05:30 TRACE 5960 --- [           main] o.s.b.f.s.DefaultListableBeanFactory     : Returning cached instance of singleton bean 'taskExecutorBuilder'
2023-05-20T12:15:05.589+05:30 TRACE 5960 --- [           main] o.s.b.f.s.DefaultListableBeanFactory     : Returning cached instance of singleton bean 'applicationTaskExecutor'
2023-05-20T12:15:05.589+05:30 TRACE 5960 --- [           main] o.s.b.f.s.DefaultListableBeanFactory     : Returning cached instance of singleton bean 'spring.task.execution-org.springframework.boot.autoconfigure.task.TaskExecutionProperties'
2023-05-20T12:15:05.589+05:30 TRACE 5960 --- [           main] o.s.b.f.s.DefaultListableBeanFactory     : Returning cached instance of singleton bean 'org.springframework.boot.autoconfigure.web.servlet.WebMvcAutoConfiguration$EnableWebMvcConfiguration'
2023-05-20T12:15:05.589+05:30 TRACE 5960 --- [           main] o.s.b.f.s.DefaultListableBeanFactory     : Returning cached instance of singleton bean 'requestMappingHandlerAdapter'
2023-05-20T12:15:05.589+05:30 TRACE 5960 --- [           main] o.s.b.f.s.DefaultListableBeanFactory     : Returning cached instance of singleton bean 'welcomePageHandlerMapping'
2023-05-20T12:15:05.589+05:30 TRACE 5960 --- [           main] o.s.b.f.s.DefaultListableBeanFactory     : Returning cached instance of singleton bean 'welcomePageNotAcceptableHandlerMapping'
2023-05-20T12:15:05.589+05:30 TRACE 5960 --- [           main] o.s.b.f.s.DefaultListableBeanFactory     : Returning cached instance of singleton bean 'localeResolver'
2023-05-20T12:15:05.589+05:30 TRACE 5960 --- [           main] o.s.b.f.s.DefaultListableBeanFactory     : Returning cached instance of singleton bean 'themeResolver'
2023-05-20T12:15:05.589+05:30 TRACE 5960 --- [           main] o.s.b.f.s.DefaultListableBeanFactory     : Returning cached instance of singleton bean 'flashMapManager'
2023-05-20T12:15:05.589+05:30 TRACE 5960 --- [           main] o.s.b.f.s.DefaultListableBeanFactory     : Returning cached instance of singleton bean 'mvcConversionService'
2023-05-20T12:15:05.589+05:30 TRACE 5960 --- [           main] o.s.b.f.s.DefaultListableBeanFactory     : Returning cached instance of singleton bean 'mvcValidator'
2023-05-20T12:15:05.589+05:30 TRACE 5960 --- [           main] o.s.b.f.s.DefaultListableBeanFactory     : Returning cached instance of singleton bean 'mvcContentNegotiationManager'
2023-05-20T12:15:05.589+05:30 TRACE 5960 --- [           main] o.s.b.f.s.DefaultListableBeanFactory     : Returning cached instance of singleton bean 'requestMappingHandlerMapping'
2023-05-20T12:15:05.589+05:30 TRACE 5960 --- [           main] o.s.b.f.s.DefaultListableBeanFactory     : Returning cached instance of singleton bean 'mvcPatternParser'
2023-05-20T12:15:05.589+05:30 TRACE 5960 --- [           main] o.s.b.f.s.DefaultListableBeanFactory     : Returning cached instance of singleton bean 'mvcUrlPathHelper'
2023-05-20T12:15:05.589+05:30 TRACE 5960 --- [           main] o.s.b.f.s.DefaultListableBeanFactory     : Returning cached instance of singleton bean 'mvcPathMatcher'
2023-05-20T12:15:05.589+05:30 TRACE 5960 --- [           main] o.s.b.f.s.DefaultListableBeanFactory     : Returning cached instance of singleton bean 'viewControllerHandlerMapping'
2023-05-20T12:15:05.589+05:30 TRACE 5960 --- [           main] o.s.b.f.s.DefaultListableBeanFactory     : Returning cached instance of singleton bean 'beanNameHandlerMapping'
2023-05-20T12:15:05.589+05:30 TRACE 5960 --- [           main] o.s.b.f.s.DefaultListableBeanFactory     : Returning cached instance of singleton bean 'routerFunctionMapping'
2023-05-20T12:15:05.589+05:30 TRACE 5960 --- [           main] o.s.b.f.s.DefaultListableBeanFactory     : Returning cached instance of singleton bean 'resourceHandlerMapping'
2023-05-20T12:15:05.589+05:30 TRACE 5960 --- [           main] o.s.b.f.s.DefaultListableBeanFactory     : Returning cached instance of singleton bean 'mvcResourceUrlProvider'
2023-05-20T12:15:05.589+05:30 TRACE 5960 --- [           main] o.s.b.f.s.DefaultListableBeanFactory     : Returning cached instance of singleton bean 'defaultServletHandlerMapping'
2023-05-20T12:15:05.589+05:30 TRACE 5960 --- [           main] o.s.b.f.s.DefaultListableBeanFactory     : Returning cached instance of singleton bean 'handlerFunctionAdapter'
2023-05-20T12:15:05.589+05:30 TRACE 5960 --- [           main] o.s.b.f.s.DefaultListableBeanFactory     : Returning cached instance of singleton bean 'mvcUriComponentsContributor'
2023-05-20T12:15:05.589+05:30 TRACE 5960 --- [           main] o.s.b.f.s.DefaultListableBeanFactory     : Returning cached instance of singleton bean 'httpRequestHandlerAdapter'
2023-05-20T12:15:05.589+05:30 TRACE 5960 --- [           main] o.s.b.f.s.DefaultListableBeanFactory     : Returning cached instance of singleton bean 'simpleControllerHandlerAdapter'
2023-05-20T12:15:05.589+05:30 TRACE 5960 --- [           main] o.s.b.f.s.DefaultListableBeanFactory     : Returning cached instance of singleton bean 'handlerExceptionResolver'
2023-05-20T12:15:05.589+05:30 TRACE 5960 --- [           main] o.s.b.f.s.DefaultListableBeanFactory     : Returning cached instance of singleton bean 'mvcViewResolver'
2023-05-20T12:15:05.589+05:30 TRACE 5960 --- [           main] o.s.b.f.s.DefaultListableBeanFactory     : Returning cached instance of singleton bean 'viewNameTranslator'
2023-05-20T12:15:05.589+05:30 TRACE 5960 --- [           main] o.s.b.f.s.DefaultListableBeanFactory     : Returning cached instance of singleton bean 'spring.web-org.springframework.boot.autoconfigure.web.WebProperties'
2023-05-20T12:15:05.589+05:30 TRACE 5960 --- [           main] o.s.b.f.s.DefaultListableBeanFactory     : Returning cached instance of singleton bean 'org.springframework.boot.autoconfigure.web.servlet.WebMvcAutoConfiguration$WebMvcAutoConfigurationAdapter'
2023-05-20T12:15:05.589+05:30 TRACE 5960 --- [           main] o.s.b.f.s.DefaultListableBeanFactory     : Returning cached instance of singleton bean 'defaultViewResolver'
2023-05-20T12:15:05.589+05:30 TRACE 5960 --- [           main] o.s.b.f.s.DefaultListableBeanFactory     : Returning cached instance of singleton bean 'viewResolver'
2023-05-20T12:15:05.589+05:30 TRACE 5960 --- [           main] o.s.b.f.s.DefaultListableBeanFactory     : Returning cached instance of singleton bean 'requestContextFilter'
2023-05-20T12:15:05.589+05:30 TRACE 5960 --- [           main] o.s.b.f.s.DefaultListableBeanFactory     : Returning cached instance of singleton bean 'org.springframework.boot.autoconfigure.web.servlet.WebMvcAutoConfiguration'
2023-05-20T12:15:05.589+05:30 TRACE 5960 --- [           main] o.s.b.f.s.DefaultListableBeanFactory     : Returning cached instance of singleton bean 'formContentFilter'
2023-05-20T12:15:05.589+05:30 TRACE 5960 --- [           main] o.s.b.f.s.DefaultListableBeanFactory     : Returning cached instance of singleton bean 'org.springframework.boot.autoconfigure.aop.AopAutoConfiguration$ClassProxyingConfiguration'
2023-05-20T12:15:05.589+05:30 TRACE 5960 --- [           main] o.s.b.f.s.DefaultListableBeanFactory     : Returning cached instance of singleton bean 'forceAutoProxyCreatorToUseClassProxying'
2023-05-20T12:15:05.589+05:30 TRACE 5960 --- [           main] o.s.b.f.s.DefaultListableBeanFactory     : Returning cached instance of singleton bean 'org.springframework.boot.autoconfigure.aop.AopAutoConfiguration'
2023-05-20T12:15:05.589+05:30 TRACE 5960 --- [           main] o.s.b.f.s.DefaultListableBeanFactory     : Returning cached instance of singleton bean 'org.springframework.boot.autoconfigure.availability.ApplicationAvailabilityAutoConfiguration'
2023-05-20T12:15:05.589+05:30 TRACE 5960 --- [           main] o.s.b.f.s.DefaultListableBeanFactory     : Returning cached instance of singleton bean 'applicationAvailability'
2023-05-20T12:15:05.589+05:30 TRACE 5960 --- [           main] o.s.b.f.s.DefaultListableBeanFactory     : Returning cached instance of singleton bean 'org.springframework.boot.autoconfigure.jackson.JacksonAutoConfiguration$Jackson2ObjectMapperBuilderCustomizerConfiguration'
2023-05-20T12:15:05.589+05:30 TRACE 5960 --- [           main] o.s.b.f.s.DefaultListableBeanFactory     : Returning cached instance of singleton bean 'standardJacksonObjectMapperBuilderCustomizer'
2023-05-20T12:15:05.589+05:30 TRACE 5960 --- [           main] o.s.b.f.s.DefaultListableBeanFactory     : Returning cached instance of singleton bean 'spring.jackson-org.springframework.boot.autoconfigure.jackson.JacksonProperties'
2023-05-20T12:15:05.589+05:30 TRACE 5960 --- [           main] o.s.b.f.s.DefaultListableBeanFactory     : Returning cached instance of singleton bean 'org.springframework.boot.autoconfigure.jackson.JacksonAutoConfiguration$JacksonObjectMapperBuilderConfiguration'
2023-05-20T12:15:05.589+05:30 TRACE 5960 --- [           main] o.s.b.f.s.DefaultListableBeanFactory     : Returning cached instance of singleton bean 'org.springframework.boot.autoconfigure.jackson.JacksonAutoConfiguration$ParameterNamesModuleConfiguration'
2023-05-20T12:15:05.589+05:30 TRACE 5960 --- [           main] o.s.b.f.s.DefaultListableBeanFactory     : Returning cached instance of singleton bean 'parameterNamesModule'
2023-05-20T12:15:05.589+05:30 TRACE 5960 --- [           main] o.s.b.f.s.DefaultListableBeanFactory     : Returning cached instance of singleton bean 'org.springframework.boot.autoconfigure.jackson.JacksonAutoConfiguration$JacksonObjectMapperConfiguration'
2023-05-20T12:15:05.589+05:30 TRACE 5960 --- [           main] o.s.b.f.s.DefaultListableBeanFactory     : Returning cached instance of singleton bean 'jacksonObjectMapper'
2023-05-20T12:15:05.589+05:30 TRACE 5960 --- [           main] o.s.b.f.s.DefaultListableBeanFactory     : Returning cached instance of singleton bean 'org.springframework.boot.autoconfigure.jackson.JacksonAutoConfiguration$JacksonMixinConfiguration'
2023-05-20T12:15:05.589+05:30 TRACE 5960 --- [           main] o.s.b.f.s.DefaultListableBeanFactory     : Returning cached instance of singleton bean 'jsonMixinModuleEntries'
2023-05-20T12:15:05.589+05:30 TRACE 5960 --- [           main] o.s.b.f.s.DefaultListableBeanFactory     : Returning cached instance of singleton bean 'jsonMixinModule'
2023-05-20T12:15:05.589+05:30 TRACE 5960 --- [           main] o.s.b.f.s.DefaultListableBeanFactory     : Returning cached instance of singleton bean 'org.springframework.boot.autoconfigure.jackson.JacksonAutoConfiguration'
2023-05-20T12:15:05.590+05:30 TRACE 5960 --- [           main] o.s.b.f.s.DefaultListableBeanFactory     : Returning cached instance of singleton bean 'jsonComponentModule'
2023-05-20T12:15:05.590+05:30 TRACE 5960 --- [           main] o.s.b.f.s.DefaultListableBeanFactory     : Returning cached instance of singleton bean 'org.springframework.boot.autoconfigure.context.ConfigurationPropertiesAutoConfiguration'
2023-05-20T12:15:05.590+05:30 TRACE 5960 --- [           main] o.s.b.f.s.DefaultListableBeanFactory     : Returning cached instance of singleton bean 'org.springframework.boot.autoconfigure.context.LifecycleAutoConfiguration'
2023-05-20T12:15:05.590+05:30 TRACE 5960 --- [           main] o.s.b.f.s.DefaultListableBeanFactory     : Returning cached instance of singleton bean 'lifecycleProcessor'
2023-05-20T12:15:05.590+05:30 TRACE 5960 --- [           main] o.s.b.f.s.DefaultListableBeanFactory     : Returning cached instance of singleton bean 'spring.lifecycle-org.springframework.boot.autoconfigure.context.LifecycleProperties'
2023-05-20T12:15:05.590+05:30 TRACE 5960 --- [           main] o.s.b.f.s.DefaultListableBeanFactory     : Returning cached instance of singleton bean 'org.springframework.boot.autoconfigure.http.HttpMessageConvertersAutoConfiguration$StringHttpMessageConverterConfiguration'
2023-05-20T12:15:05.590+05:30 TRACE 5960 --- [           main] o.s.b.f.s.DefaultListableBeanFactory     : Returning cached instance of singleton bean 'stringHttpMessageConverter'
2023-05-20T12:15:05.590+05:30 TRACE 5960 --- [           main] o.s.b.f.s.DefaultListableBeanFactory     : Returning cached instance of singleton bean 'org.springframework.boot.autoconfigure.http.JacksonHttpMessageConvertersConfiguration$MappingJackson2HttpMessageConverterConfiguration'
2023-05-20T12:15:05.590+05:30 TRACE 5960 --- [           main] o.s.b.f.s.DefaultListableBeanFactory     : Returning cached instance of singleton bean 'mappingJackson2HttpMessageConverter'
2023-05-20T12:15:05.590+05:30 TRACE 5960 --- [           main] o.s.b.f.s.DefaultListableBeanFactory     : Returning cached instance of singleton bean 'org.springframework.boot.autoconfigure.http.JacksonHttpMessageConvertersConfiguration'
2023-05-20T12:15:05.590+05:30 TRACE 5960 --- [           main] o.s.b.f.s.DefaultListableBeanFactory     : Returning cached instance of singleton bean 'org.springframework.boot.autoconfigure.http.HttpMessageConvertersAutoConfiguration'
2023-05-20T12:15:05.590+05:30 TRACE 5960 --- [           main] o.s.b.f.s.DefaultListableBeanFactory     : Returning cached instance of singleton bean 'messageConverters'
2023-05-20T12:15:05.590+05:30 TRACE 5960 --- [           main] o.s.b.f.s.DefaultListableBeanFactory     : Returning cached instance of singleton bean 'org.springframework.boot.autoconfigure.info.ProjectInfoAutoConfiguration'
2023-05-20T12:15:05.590+05:30 TRACE 5960 --- [           main] o.s.b.f.s.DefaultListableBeanFactory     : Returning cached instance of singleton bean 'spring.info-org.springframework.boot.autoconfigure.info.ProjectInfoProperties'
2023-05-20T12:15:05.590+05:30 TRACE 5960 --- [           main] o.s.b.f.s.DefaultListableBeanFactory     : Returning cached instance of singleton bean 'org.springframework.boot.autoconfigure.sql.init.SqlInitializationAutoConfiguration'
2023-05-20T12:15:05.590+05:30 TRACE 5960 --- [           main] o.s.b.f.s.DefaultListableBeanFactory     : Returning cached instance of singleton bean 'spring.sql.init-org.springframework.boot.autoconfigure.sql.init.SqlInitializationProperties'
2023-05-20T12:15:05.590+05:30 TRACE 5960 --- [           main] o.s.b.f.s.DefaultListableBeanFactory     : Returning cached instance of singleton bean 'org.springframework.boot.sql.init.dependency.DatabaseInitializationDependencyConfigurer$DependsOnDatabaseInitializationPostProcessor'
2023-05-20T12:15:05.590+05:30 TRACE 5960 --- [           main] o.s.b.f.s.DefaultListableBeanFactory     : Returning cached instance of singleton bean 'org.springframework.boot.autoconfigure.task.TaskSchedulingAutoConfiguration'
2023-05-20T12:15:05.590+05:30 TRACE 5960 --- [           main] o.s.b.f.s.DefaultListableBeanFactory     : Returning cached instance of singleton bean 'taskSchedulerBuilder'
2023-05-20T12:15:05.590+05:30 TRACE 5960 --- [           main] o.s.b.f.s.DefaultListableBeanFactory     : Returning cached instance of singleton bean 'spring.task.scheduling-org.springframework.boot.autoconfigure.task.TaskSchedulingProperties'
2023-05-20T12:15:05.590+05:30 TRACE 5960 --- [           main] o.s.b.f.s.DefaultListableBeanFactory     : Returning cached instance of singleton bean 'org.springframework.boot.autoconfigure.web.client.RestTemplateAutoConfiguration'
2023-05-20T12:15:05.590+05:30 TRACE 5960 --- [           main] o.s.b.f.s.DefaultListableBeanFactory     : Returning cached instance of singleton bean 'org.springframework.boot.autoconfigure.web.servlet.HttpEncodingAutoConfiguration'
2023-05-20T12:15:05.590+05:30 TRACE 5960 --- [           main] o.s.b.f.s.DefaultListableBeanFactory     : Returning cached instance of singleton bean 'characterEncodingFilter'
2023-05-20T12:15:05.590+05:30 TRACE 5960 --- [           main] o.s.b.f.s.DefaultListableBeanFactory     : Returning cached instance of singleton bean 'localeCharsetMappingsCustomizer'
2023-05-20T12:15:05.590+05:30 TRACE 5960 --- [           main] o.s.b.f.s.DefaultListableBeanFactory     : Returning cached instance of singleton bean 'org.springframework.boot.autoconfigure.web.servlet.MultipartAutoConfiguration'
2023-05-20T12:15:05.590+05:30 TRACE 5960 --- [           main] o.s.b.f.s.DefaultListableBeanFactory     : Returning cached instance of singleton bean 'multipartConfigElement'
2023-05-20T12:15:05.590+05:30 TRACE 5960 --- [           main] o.s.b.f.s.DefaultListableBeanFactory     : Returning cached instance of singleton bean 'multipartResolver'
2023-05-20T12:15:05.590+05:30 TRACE 5960 --- [           main] o.s.b.f.s.DefaultListableBeanFactory     : Returning cached instance of singleton bean 'spring.servlet.multipart-org.springframework.boot.autoconfigure.web.servlet.MultipartProperties'
2023-05-20T12:15:05.590+05:30 TRACE 5960 --- [           main] o.s.b.f.s.DefaultListableBeanFactory     : Returning cached instance of singleton bean 'org.springframework.aop.config.internalAutoProxyCreator'
2023-05-20T12:15:05.591+05:30 TRACE 5960 --- [           main] o.s.b.f.s.DefaultListableBeanFactory     : Returning cached instance of singleton bean 'org.springframework.boot.test.mock.mockito.MockitoBeans'
2023-05-20T12:15:05.591+05:30 TRACE 5960 --- [           main] o.s.test.context.TestContextManager      : beforeTestExecution(): instance [com.example.demo.DemoApplicationTests@38c9e0d6], method [void com.example.demo.DemoApplicationTests.contextLoads()]
2023-05-20T12:15:05.592+05:30 TRACE 5960 --- [           main] c.DefaultCacheAwareContextLoaderDelegate : Retrieved ApplicationContext [583015088] from cache with key [WebMergedContextConfiguration@414f13fc testClass = com.example.demo.DemoApplicationTests, locations = [], classes = [com.example.demo.DemoApplication], contextInitializerClasses = [], activeProfiles = [], propertySourceLocations = [], propertySourceProperties = ["org.springframework.boot.test.context.SpringBootTestContextBootstrapper=true"], contextCustomizers = [org.springframework.boot.test.context.filter.ExcludeFilterContextCustomizer@31ea9581, org.springframework.boot.test.json.DuplicateJsonObjectContextCustomizerFactory$DuplicateJsonObjectContextCustomizer@221a3fa4, org.springframework.boot.test.mock.mockito.MockitoContextCustomizer@0, org.springframework.boot.test.web.client.TestRestTemplateContextCustomizer@73eb439a, org.springframework.boot.test.autoconfigure.actuate.observability.ObservabilityContextCustomizerFactory$DisableObservabilityContextCustomizer@1f, org.springframework.boot.test.autoconfigure.properties.PropertyMappingContextCustomizer@0, org.springframework.boot.test.autoconfigure.web.servlet.WebDriverContextCustomizerFactory$Customizer@3de8f619, org.springframework.boot.test.context.SpringBootTestAnnotation@6e5c6e5c], resourceBasePath = "src/main/webapp", contextLoader = org.springframework.boot.test.context.SpringBootContextLoader, parent = null]
2023-05-20T12:15:05.593+05:30 DEBUG 5960 --- [           main] org.springframework.test.context.cache   : Spring test ApplicationContext cache statistics: [DefaultContextCache@4b76aa5a size = 1, maxSize = 32, parentContextCount = 0, hitCount = 5, missCount = 1]
2023-05-20T12:15:05.599+05:30 TRACE 5960 --- [           main] o.s.test.context.TestContextManager      : afterTestExecution(): instance [com.example.demo.DemoApplicationTests@38c9e0d6], method [void com.example.demo.DemoApplicationTests.contextLoads()], exception [null]
2023-05-20T12:15:05.600+05:30 TRACE 5960 --- [           main] c.DefaultCacheAwareContextLoaderDelegate : Retrieved ApplicationContext [583015088] from cache with key [WebMergedContextConfiguration@414f13fc testClass = com.example.demo.DemoApplicationTests, locations = [], classes = [com.example.demo.DemoApplication], contextInitializerClasses = [], activeProfiles = [], propertySourceLocations = [], propertySourceProperties = ["org.springframework.boot.test.context.SpringBootTestContextBootstrapper=true"], contextCustomizers = [org.springframework.boot.test.context.filter.ExcludeFilterContextCustomizer@31ea9581, org.springframework.boot.test.json.DuplicateJsonObjectContextCustomizerFactory$DuplicateJsonObjectContextCustomizer@221a3fa4, org.springframework.boot.test.mock.mockito.MockitoContextCustomizer@0, org.springframework.boot.test.web.client.TestRestTemplateContextCustomizer@73eb439a, org.springframework.boot.test.autoconfigure.actuate.observability.ObservabilityContextCustomizerFactory$DisableObservabilityContextCustomizer@1f, org.springframework.boot.test.autoconfigure.properties.PropertyMappingContextCustomizer@0, org.springframework.boot.test.autoconfigure.web.servlet.WebDriverContextCustomizerFactory$Customizer@3de8f619, org.springframework.boot.test.context.SpringBootTestAnnotation@6e5c6e5c], resourceBasePath = "src/main/webapp", contextLoader = org.springframework.boot.test.context.SpringBootContextLoader, parent = null]
2023-05-20T12:15:05.600+05:30 DEBUG 5960 --- [           main] org.springframework.test.context.cache   : Spring test ApplicationContext cache statistics: [DefaultContextCache@4b76aa5a size = 1, maxSize = 32, parentContextCount = 0, hitCount = 6, missCount = 1]
2023-05-20T12:15:05.601+05:30 TRACE 5960 --- [           main] o.s.test.context.TestContextManager      : afterTestMethod(): instance [com.example.demo.DemoApplicationTests@38c9e0d6], method [void com.example.demo.DemoApplicationTests.contextLoads()], exception [null]
2023-05-20T12:15:05.601+05:30 TRACE 5960 --- [           main] c.DefaultCacheAwareContextLoaderDelegate : Retrieved ApplicationContext [583015088] from cache with key [WebMergedContextConfiguration@414f13fc testClass = com.example.demo.DemoApplicationTests, locations = [], classes = [com.example.demo.DemoApplication], contextInitializerClasses = [], activeProfiles = [], propertySourceLocations = [], propertySourceProperties = ["org.springframework.boot.test.context.SpringBootTestContextBootstrapper=true"], contextCustomizers = [org.springframework.boot.test.context.filter.ExcludeFilterContextCustomizer@31ea9581, org.springframework.boot.test.json.DuplicateJsonObjectContextCustomizerFactory$DuplicateJsonObjectContextCustomizer@221a3fa4, org.springframework.boot.test.mock.mockito.MockitoContextCustomizer@0, org.springframework.boot.test.web.client.TestRestTemplateContextCustomizer@73eb439a, org.springframework.boot.test.autoconfigure.actuate.observability.ObservabilityContextCustomizerFactory$DisableObservabilityContextCustomizer@1f, org.springframework.boot.test.autoconfigure.properties.PropertyMappingContextCustomizer@0, org.springframework.boot.test.autoconfigure.web.servlet.WebDriverContextCustomizerFactory$Customizer@3de8f619, org.springframework.boot.test.context.SpringBootTestAnnotation@6e5c6e5c], resourceBasePath = "src/main/webapp", contextLoader = org.springframework.boot.test.context.SpringBootContextLoader, parent = null]
2023-05-20T12:15:05.601+05:30 DEBUG 5960 --- [           main] org.springframework.test.context.cache   : Spring test ApplicationContext cache statistics: [DefaultContextCache@4b76aa5a size = 1, maxSize = 32, parentContextCount = 0, hitCount = 7, missCount = 1]
2023-05-20T12:15:05.602+05:30 TRACE 5960 --- [           main] c.DefaultCacheAwareContextLoaderDelegate : Retrieved ApplicationContext [583015088] from cache with key [WebMergedContextConfiguration@414f13fc testClass = com.example.demo.DemoApplicationTests, locations = [], classes = [com.example.demo.DemoApplication], contextInitializerClasses = [], activeProfiles = [], propertySourceLocations = [], propertySourceProperties = ["org.springframework.boot.test.context.SpringBootTestContextBootstrapper=true"], contextCustomizers = [org.springframework.boot.test.context.filter.ExcludeFilterContextCustomizer@31ea9581, org.springframework.boot.test.json.DuplicateJsonObjectContextCustomizerFactory$DuplicateJsonObjectContextCustomizer@221a3fa4, org.springframework.boot.test.mock.mockito.MockitoContextCustomizer@0, org.springframework.boot.test.web.client.TestRestTemplateContextCustomizer@73eb439a, org.springframework.boot.test.autoconfigure.actuate.observability.ObservabilityContextCustomizerFactory$DisableObservabilityContextCustomizer@1f, org.springframework.boot.test.autoconfigure.properties.PropertyMappingContextCustomizer@0, org.springframework.boot.test.autoconfigure.web.servlet.WebDriverContextCustomizerFactory$Customizer@3de8f619, org.springframework.boot.test.context.SpringBootTestAnnotation@6e5c6e5c], resourceBasePath = "src/main/webapp", contextLoader = org.springframework.boot.test.context.SpringBootContextLoader, parent = null]
2023-05-20T12:15:05.602+05:30 DEBUG 5960 --- [           main] org.springframework.test.context.cache   : Spring test ApplicationContext cache statistics: [DefaultContextCache@4b76aa5a size = 1, maxSize = 32, parentContextCount = 0, hitCount = 8, missCount = 1]
2023-05-20T12:15:05.603+05:30 TRACE 5960 --- [           main] o.s.b.f.s.DefaultListableBeanFactory     : No bean named 'org.springframework.boot.test.autoconfigure.web.servlet.SpringBootMockMvcBuilderCustomizer$DeferredLinesWriter' found in org.springframework.beans.factory.support.DefaultListableBeanFactory@5b989dc7: defining beans [org.springframework.boot.test.mock.mockito.MockitoPostProcessor$SpyPostProcessor,org.springframework.boot.test.mock.mockito.MockitoPostProcessor,org.springframework.context.annotation.internalConfigurationAnnotationProcessor,org.springframework.context.annotation.internalAutowiredAnnotationProcessor,org.springframework.context.annotation.internalCommonAnnotationProcessor,org.springframework.context.event.internalEventListenerProcessor,org.springframework.context.event.internalEventListenerFactory,demoApplication,org.springframework.boot.autoconfigure.internalCachingMetadataReaderFactory,controllerClass,currencyConfigurationController,currencyServiceConfiguration,org.springframework.boot.autoconfigure.AutoConfigurationPackages,org.springframework.boot.autoconfigure.context.PropertyPlaceholderAutoConfiguration,propertySourcesPlaceholderConfigurer,org.springframework.boot.autoconfigure.ssl.SslAutoConfiguration,sslPropertiesSslBundleRegistrar,sslBundleRegistry,org.springframework.boot.context.properties.ConfigurationPropertiesBindingPostProcessor,org.springframework.boot.context.internalConfigurationPropertiesBinder,org.springframework.boot.context.properties.BoundConfigurationProperties,org.springframework.boot.context.properties.EnableConfigurationPropertiesRegistrar.methodValidationExcludeFilter,spring.ssl-org.springframework.boot.autoconfigure.ssl.SslProperties,org.springframework.boot.autoconfigure.websocket.servlet.WebSocketServletAutoConfiguration$TomcatWebSocketConfiguration,websocketServletWebServerCustomizer,org.springframework.boot.autoconfigure.websocket.servlet.WebSocketServletAutoConfiguration,org.springframework.boot.autoconfigure.web.servlet.ServletWebServerFactoryConfiguration$EmbeddedTomcat,tomcatServletWebServerFactory,org.springframework.boot.autoconfigure.web.servlet.ServletWebServerFactoryAutoConfiguration,servletWebServerFactoryCustomizer,tomcatServletWebServerFactoryCustomizer,server-org.springframework.boot.autoconfigure.web.ServerProperties,webServerFactoryCustomizerBeanPostProcessor,errorPageRegistrarBeanPostProcessor,org.springframework.boot.autoconfigure.web.servlet.DispatcherServletAutoConfiguration$DispatcherServletConfiguration,dispatcherServlet,spring.mvc-org.springframework.boot.autoconfigure.web.servlet.WebMvcProperties,org.springframework.boot.autoconfigure.web.servlet.DispatcherServletAutoConfiguration$DispatcherServletRegistrationConfiguration,dispatcherServletRegistration,org.springframework.boot.autoconfigure.web.servlet.DispatcherServletAutoConfiguration,org.springframework.boot.autoconfigure.task.TaskExecutionAutoConfiguration,taskExecutorBuilder,applicationTaskExecutor,spring.task.execution-org.springframework.boot.autoconfigure.task.TaskExecutionProperties,org.springframework.boot.autoconfigure.web.servlet.WebMvcAutoConfiguration$EnableWebMvcConfiguration,requestMappingHandlerAdapter,welcomePageHandlerMapping,welcomePageNotAcceptableHandlerMapping,localeResolver,themeResolver,flashMapManager,mvcConversionService,mvcValidator,mvcContentNegotiationManager,requestMappingHandlerMapping,mvcPatternParser,mvcUrlPathHelper,mvcPathMatcher,viewControllerHandlerMapping,beanNameHandlerMapping,routerFunctionMapping,resourceHandlerMapping,mvcResourceUrlProvider,defaultServletHandlerMapping,handlerFunctionAdapter,mvcUriComponentsContributor,httpRequestHandlerAdapter,simpleControllerHandlerAdapter,handlerExceptionResolver,mvcViewResolver,mvcHandlerMappingIntrospector,viewNameTranslator,spring.web-org.springframework.boot.autoconfigure.web.WebProperties,org.springframework.boot.autoconfigure.web.servlet.WebMvcAutoConfiguration$WebMvcAutoConfigurationAdapter,defaultViewResolver,viewResolver,requestContextFilter,org.springframework.boot.autoconfigure.web.servlet.WebMvcAutoConfiguration,formContentFilter,org.springframework.boot.autoconfigure.aop.AopAutoConfiguration$ClassProxyingConfiguration,forceAutoProxyCreatorToUseClassProxying,org.springframework.boot.autoconfigure.aop.AopAutoConfiguration,org.springframework.boot.autoconfigure.availability.ApplicationAvailabilityAutoConfiguration,applicationAvailability,org.springframework.boot.autoconfigure.jackson.JacksonAutoConfiguration$Jackson2ObjectMapperBuilderCustomizerConfiguration,standardJacksonObjectMapperBuilderCustomizer,spring.jackson-org.springframework.boot.autoconfigure.jackson.JacksonProperties,org.springframework.boot.autoconfigure.jackson.JacksonAutoConfiguration$JacksonObjectMapperBuilderConfiguration,jacksonObjectMapperBuilder,org.springframework.boot.autoconfigure.jackson.JacksonAutoConfiguration$ParameterNamesModuleConfiguration,parameterNamesModule,org.springframework.boot.autoconfigure.jackson.JacksonAutoConfiguration$JacksonObjectMapperConfiguration,jacksonObjectMapper,org.springframework.boot.autoconfigure.jackson.JacksonAutoConfiguration$JacksonMixinConfiguration,jsonMixinModuleEntries,jsonMixinModule,org.springframework.boot.autoconfigure.jackson.JacksonAutoConfiguration,jsonComponentModule,org.springframework.boot.autoconfigure.context.ConfigurationPropertiesAutoConfiguration,org.springframework.boot.autoconfigure.context.LifecycleAutoConfiguration,lifecycleProcessor,spring.lifecycle-org.springframework.boot.autoconfigure.context.LifecycleProperties,org.springframework.boot.autoconfigure.http.HttpMessageConvertersAutoConfiguration$StringHttpMessageConverterConfiguration,stringHttpMessageConverter,org.springframework.boot.autoconfigure.http.JacksonHttpMessageConvertersConfiguration$MappingJackson2HttpMessageConverterConfiguration,mappingJackson2HttpMessageConverter,org.springframework.boot.autoconfigure.http.JacksonHttpMessageConvertersConfiguration,org.springframework.boot.autoconfigure.http.HttpMessageConvertersAutoConfiguration,messageConverters,org.springframework.boot.autoconfigure.info.ProjectInfoAutoConfiguration,spring.info-org.springframework.boot.autoconfigure.info.ProjectInfoProperties,org.springframework.boot.autoconfigure.sql.init.SqlInitializationAutoConfiguration,spring.sql.init-org.springframework.boot.autoconfigure.sql.init.SqlInitializationProperties,org.springframework.boot.sql.init.dependency.DatabaseInitializationDependencyConfigurer$DependsOnDatabaseInitializationPostProcessor,org.springframework.boot.autoconfigure.task.TaskSchedulingAutoConfiguration,taskSchedulerBuilder,spring.task.scheduling-org.springframework.boot.autoconfigure.task.TaskSchedulingProperties,org.springframework.boot.autoconfigure.web.client.RestTemplateAutoConfiguration,restTemplateBuilderConfigurer,restTemplateBuilder,org.springframework.boot.autoconfigure.web.servlet.HttpEncodingAutoConfiguration,characterEncodingFilter,localeCharsetMappingsCustomizer,org.springframework.boot.autoconfigure.web.servlet.MultipartAutoConfiguration,multipartConfigElement,multipartResolver,spring.servlet.multipart-org.springframework.boot.autoconfigure.web.servlet.MultipartProperties,org.springframework.aop.config.internalAutoProxyCreator]; root of factory hierarchy
2023-05-20T12:15:05.603+05:30 TRACE 5960 --- [           main] c.DefaultCacheAwareContextLoaderDelegate : Retrieved ApplicationContext [583015088] from cache with key [WebMergedContextConfiguration@414f13fc testClass = com.example.demo.DemoApplicationTests, locations = [], classes = [com.example.demo.DemoApplication], contextInitializerClasses = [], activeProfiles = [], propertySourceLocations = [], propertySourceProperties = ["org.springframework.boot.test.context.SpringBootTestContextBootstrapper=true"], contextCustomizers = [org.springframework.boot.test.context.filter.ExcludeFilterContextCustomizer@31ea9581, org.springframework.boot.test.json.DuplicateJsonObjectContextCustomizerFactory$DuplicateJsonObjectContextCustomizer@221a3fa4, org.springframework.boot.test.mock.mockito.MockitoContextCustomizer@0, org.springframework.boot.test.web.client.TestRestTemplateContextCustomizer@73eb439a, org.springframework.boot.test.autoconfigure.actuate.observability.ObservabilityContextCustomizerFactory$DisableObservabilityContextCustomizer@1f, org.springframework.boot.test.autoconfigure.properties.PropertyMappingContextCustomizer@0, org.springframework.boot.test.autoconfigure.web.servlet.WebDriverContextCustomizerFactory$Customizer@3de8f619, org.springframework.boot.test.context.SpringBootTestAnnotation@6e5c6e5c], resourceBasePath = "src/main/webapp", contextLoader = org.springframework.boot.test.context.SpringBootContextLoader, parent = null]
2023-05-20T12:15:05.603+05:30 DEBUG 5960 --- [           main] org.springframework.test.context.cache   : Spring test ApplicationContext cache statistics: [DefaultContextCache@4b76aa5a size = 1, maxSize = 32, parentContextCount = 0, hitCount = 9, missCount = 1]
2023-05-20T12:15:05.604+05:30 TRACE 5960 --- [           main] c.DefaultCacheAwareContextLoaderDelegate : Retrieved ApplicationContext [583015088] from cache with key [WebMergedContextConfiguration@414f13fc testClass = com.example.demo.DemoApplicationTests, locations = [], classes = [com.example.demo.DemoApplication], contextInitializerClasses = [], activeProfiles = [], propertySourceLocations = [], propertySourceProperties = ["org.springframework.boot.test.context.SpringBootTestContextBootstrapper=true"], contextCustomizers = [org.springframework.boot.test.context.filter.ExcludeFilterContextCustomizer@31ea9581, org.springframework.boot.test.json.DuplicateJsonObjectContextCustomizerFactory$DuplicateJsonObjectContextCustomizer@221a3fa4, org.springframework.boot.test.mock.mockito.MockitoContextCustomizer@0, org.springframework.boot.test.web.client.TestRestTemplateContextCustomizer@73eb439a, org.springframework.boot.test.autoconfigure.actuate.observability.ObservabilityContextCustomizerFactory$DisableObservabilityContextCustomizer@1f, org.springframework.boot.test.autoconfigure.properties.PropertyMappingContextCustomizer@0, org.springframework.boot.test.autoconfigure.web.servlet.WebDriverContextCustomizerFactory$Customizer@3de8f619, org.springframework.boot.test.context.SpringBootTestAnnotation@6e5c6e5c], resourceBasePath = "src/main/webapp", contextLoader = org.springframework.boot.test.context.SpringBootContextLoader, parent = null]
2023-05-20T12:15:05.604+05:30 DEBUG 5960 --- [           main] org.springframework.test.context.cache   : Spring test ApplicationContext cache statistics: [DefaultContextCache@4b76aa5a size = 1, maxSize = 32, parentContextCount = 0, hitCount = 10, missCount = 1]
2023-05-20T12:15:05.604+05:30 TRACE 5960 --- [           main] o.s.b.f.s.DefaultListableBeanFactory     : Returning cached instance of singleton bean 'org.springframework.boot.test.mock.mockito.MockitoPostProcessor$SpyPostProcessor'
2023-05-20T12:15:05.604+05:30 TRACE 5960 --- [           main] o.s.b.f.s.DefaultListableBeanFactory     : Returning cached instance of singleton bean 'org.springframework.boot.test.mock.mockito.MockitoPostProcessor'
2023-05-20T12:15:05.604+05:30 TRACE 5960 --- [           main] o.s.b.f.s.DefaultListableBeanFactory     : Returning cached instance of singleton bean 'org.springframework.context.annotation.internalConfigurationAnnotationProcessor'
2023-05-20T12:15:05.604+05:30 TRACE 5960 --- [           main] o.s.b.f.s.DefaultListableBeanFactory     : Returning cached instance of singleton bean 'org.springframework.context.annotation.internalAutowiredAnnotationProcessor'
2023-05-20T12:15:05.604+05:30 TRACE 5960 --- [           main] o.s.b.f.s.DefaultListableBeanFactory     : Returning cached instance of singleton bean 'org.springframework.context.annotation.internalCommonAnnotationProcessor'
2023-05-20T12:15:05.604+05:30 TRACE 5960 --- [           main] o.s.b.f.s.DefaultListableBeanFactory     : Returning cached instance of singleton bean 'org.springframework.context.event.internalEventListenerProcessor'
2023-05-20T12:15:05.604+05:30 TRACE 5960 --- [           main] o.s.b.f.s.DefaultListableBeanFactory     : Returning cached instance of singleton bean 'org.springframework.context.event.internalEventListenerFactory'
2023-05-20T12:15:05.604+05:30 TRACE 5960 --- [           main] o.s.b.f.s.DefaultListableBeanFactory     : Returning cached instance of singleton bean 'demoApplication'
2023-05-20T12:15:05.604+05:30 TRACE 5960 --- [           main] o.s.b.f.s.DefaultListableBeanFactory     : Returning cached instance of singleton bean 'org.springframework.boot.autoconfigure.internalCachingMetadataReaderFactory'
2023-05-20T12:15:05.604+05:30 TRACE 5960 --- [           main] o.s.b.f.s.DefaultListableBeanFactory     : Returning cached instance of singleton bean 'org.springframework.boot.autoconfigure.internalCachingMetadataReaderFactory'
2023-05-20T12:15:05.605+05:30 TRACE 5960 --- [           main] o.s.b.f.s.DefaultListableBeanFactory     : Returning cached instance of singleton bean 'controllerClass'
2023-05-20T12:15:05.605+05:30 TRACE 5960 --- [           main] o.s.b.f.s.DefaultListableBeanFactory     : Returning cached instance of singleton bean 'currencyConfigurationController'
2023-05-20T12:15:05.605+05:30 TRACE 5960 --- [           main] o.s.b.f.s.DefaultListableBeanFactory     : Returning cached instance of singleton bean 'currencyServiceConfiguration'
2023-05-20T12:15:05.605+05:30 TRACE 5960 --- [           main] o.s.b.f.s.DefaultListableBeanFactory     : Returning cached instance of singleton bean 'org.springframework.boot.autoconfigure.AutoConfigurationPackages'
2023-05-20T12:15:05.605+05:30 TRACE 5960 --- [           main] o.s.b.f.s.DefaultListableBeanFactory     : Returning cached instance of singleton bean 'org.springframework.boot.autoconfigure.context.PropertyPlaceholderAutoConfiguration'
2023-05-20T12:15:05.605+05:30 TRACE 5960 --- [           main] o.s.b.f.s.DefaultListableBeanFactory     : Returning cached instance of singleton bean 'propertySourcesPlaceholderConfigurer'
2023-05-20T12:15:05.605+05:30 TRACE 5960 --- [           main] o.s.b.f.s.DefaultListableBeanFactory     : Returning cached instance of singleton bean 'org.springframework.boot.autoconfigure.ssl.SslAutoConfiguration'
2023-05-20T12:15:05.605+05:30 TRACE 5960 --- [           main] o.s.b.f.s.DefaultListableBeanFactory     : Returning cached instance of singleton bean 'sslPropertiesSslBundleRegistrar'
2023-05-20T12:15:05.605+05:30 TRACE 5960 --- [           main] o.s.b.f.s.DefaultListableBeanFactory     : Returning cached instance of singleton bean 'sslBundleRegistry'
2023-05-20T12:15:05.605+05:30 TRACE 5960 --- [           main] o.s.b.f.s.DefaultListableBeanFactory     : Returning cached instance of singleton bean 'org.springframework.boot.context.properties.ConfigurationPropertiesBindingPostProcessor'
2023-05-20T12:15:05.605+05:30 TRACE 5960 --- [           main] o.s.b.f.s.DefaultListableBeanFactory     : Returning cached instance of singleton bean 'org.springframework.boot.context.internalConfigurationPropertiesBinder'
2023-05-20T12:15:05.605+05:30 TRACE 5960 --- [           main] o.s.b.f.s.DefaultListableBeanFactory     : Returning cached instance of singleton bean 'org.springframework.boot.context.internalConfigurationPropertiesBinder'
2023-05-20T12:15:05.605+05:30 TRACE 5960 --- [           main] o.s.b.f.s.DefaultListableBeanFactory     : Returning cached instance of singleton bean 'org.springframework.boot.context.properties.BoundConfigurationProperties'
2023-05-20T12:15:05.605+05:30 TRACE 5960 --- [           main] o.s.b.f.s.DefaultListableBeanFactory     : Returning cached instance of singleton bean 'org.springframework.boot.context.properties.EnableConfigurationPropertiesRegistrar.methodValidationExcludeFilter'
2023-05-20T12:15:05.605+05:30 TRACE 5960 --- [           main] o.s.b.f.s.DefaultListableBeanFactory     : Returning cached instance of singleton bean 'spring.ssl-org.springframework.boot.autoconfigure.ssl.SslProperties'
2023-05-20T12:15:05.605+05:30 TRACE 5960 --- [           main] o.s.b.f.s.DefaultListableBeanFactory     : Returning cached instance of singleton bean 'org.springframework.boot.autoconfigure.websocket.servlet.WebSocketServletAutoConfiguration$TomcatWebSocketConfiguration'
2023-05-20T12:15:05.605+05:30 TRACE 5960 --- [           main] o.s.b.f.s.DefaultListableBeanFactory     : Returning cached instance of singleton bean 'websocketServletWebServerCustomizer'
2023-05-20T12:15:05.605+05:30 TRACE 5960 --- [           main] o.s.b.f.s.DefaultListableBeanFactory     : Returning cached instance of singleton bean 'org.springframework.boot.autoconfigure.websocket.servlet.WebSocketServletAutoConfiguration'
2023-05-20T12:15:05.605+05:30 TRACE 5960 --- [           main] o.s.b.f.s.DefaultListableBeanFactory     : Returning cached instance of singleton bean 'org.springframework.boot.autoconfigure.web.servlet.ServletWebServerFactoryConfiguration$EmbeddedTomcat'
2023-05-20T12:15:05.605+05:30 TRACE 5960 --- [           main] o.s.b.f.s.DefaultListableBeanFactory     : Returning cached instance of singleton bean 'tomcatServletWebServerFactory'
2023-05-20T12:15:05.605+05:30 TRACE 5960 --- [           main] o.s.b.f.s.DefaultListableBeanFactory     : Returning cached instance of singleton bean 'org.springframework.boot.autoconfigure.web.servlet.ServletWebServerFactoryAutoConfiguration'
2023-05-20T12:15:05.605+05:30 TRACE 5960 --- [           main] o.s.b.f.s.DefaultListableBeanFactory     : Returning cached instance of singleton bean 'servletWebServerFactoryCustomizer'
2023-05-20T12:15:05.605+05:30 TRACE 5960 --- [           main] o.s.b.f.s.DefaultListableBeanFactory     : Returning cached instance of singleton bean 'tomcatServletWebServerFactoryCustomizer'
2023-05-20T12:15:05.605+05:30 TRACE 5960 --- [           main] o.s.b.f.s.DefaultListableBeanFactory     : Returning cached instance of singleton bean 'server-org.springframework.boot.autoconfigure.web.ServerProperties'
2023-05-20T12:15:05.605+05:30 TRACE 5960 --- [           main] o.s.b.f.s.DefaultListableBeanFactory     : Returning cached instance of singleton bean 'webServerFactoryCustomizerBeanPostProcessor'
2023-05-20T12:15:05.605+05:30 TRACE 5960 --- [           main] o.s.b.f.s.DefaultListableBeanFactory     : Returning cached instance of singleton bean 'errorPageRegistrarBeanPostProcessor'
2023-05-20T12:15:05.605+05:30 TRACE 5960 --- [           main] o.s.b.f.s.DefaultListableBeanFactory     : Returning cached instance of singleton bean 'org.springframework.boot.autoconfigure.web.servlet.DispatcherServletAutoConfiguration$DispatcherServletConfiguration'
2023-05-20T12:15:05.605+05:30 TRACE 5960 --- [           main] o.s.b.f.s.DefaultListableBeanFactory     : Returning cached instance of singleton bean 'dispatcherServlet'
2023-05-20T12:15:05.605+05:30 TRACE 5960 --- [           main] o.s.b.f.s.DefaultListableBeanFactory     : Returning cached instance of singleton bean 'spring.mvc-org.springframework.boot.autoconfigure.web.servlet.WebMvcProperties'
2023-05-20T12:15:05.605+05:30 TRACE 5960 --- [           main] o.s.b.f.s.DefaultListableBeanFactory     : Returning cached instance of singleton bean 'org.springframework.boot.autoconfigure.web.servlet.DispatcherServletAutoConfiguration$DispatcherServletRegistrationConfiguration'
2023-05-20T12:15:05.605+05:30 TRACE 5960 --- [           main] o.s.b.f.s.DefaultListableBeanFactory     : Returning cached instance of singleton bean 'dispatcherServletRegistration'
2023-05-20T12:15:05.605+05:30 TRACE 5960 --- [           main] o.s.b.f.s.DefaultListableBeanFactory     : Returning cached instance of singleton bean 'org.springframework.boot.autoconfigure.web.servlet.DispatcherServletAutoConfiguration'
2023-05-20T12:15:05.605+05:30 TRACE 5960 --- [           main] o.s.b.f.s.DefaultListableBeanFactory     : Returning cached instance of singleton bean 'org.springframework.boot.autoconfigure.task.TaskExecutionAutoConfiguration'
2023-05-20T12:15:05.605+05:30 TRACE 5960 --- [           main] o.s.b.f.s.DefaultListableBeanFactory     : Returning cached instance of singleton bean 'taskExecutorBuilder'
2023-05-20T12:15:05.605+05:30 TRACE 5960 --- [           main] o.s.b.f.s.DefaultListableBeanFactory     : Returning cached instance of singleton bean 'applicationTaskExecutor'
2023-05-20T12:15:05.605+05:30 TRACE 5960 --- [           main] o.s.b.f.s.DefaultListableBeanFactory     : Returning cached instance of singleton bean 'spring.task.execution-org.springframework.boot.autoconfigure.task.TaskExecutionProperties'
2023-05-20T12:15:05.605+05:30 TRACE 5960 --- [           main] o.s.b.f.s.DefaultListableBeanFactory     : Returning cached instance of singleton bean 'org.springframework.boot.autoconfigure.web.servlet.WebMvcAutoConfiguration$EnableWebMvcConfiguration'
2023-05-20T12:15:05.605+05:30 TRACE 5960 --- [           main] o.s.b.f.s.DefaultListableBeanFactory     : Returning cached instance of singleton bean 'requestMappingHandlerAdapter'
2023-05-20T12:15:05.605+05:30 TRACE 5960 --- [           main] o.s.b.f.s.DefaultListableBeanFactory     : Returning cached instance of singleton bean 'welcomePageHandlerMapping'
2023-05-20T12:15:05.605+05:30 TRACE 5960 --- [           main] o.s.b.f.s.DefaultListableBeanFactory     : Returning cached instance of singleton bean 'welcomePageNotAcceptableHandlerMapping'
2023-05-20T12:15:05.605+05:30 TRACE 5960 --- [           main] o.s.b.f.s.DefaultListableBeanFactory     : Returning cached instance of singleton bean 'localeResolver'
2023-05-20T12:15:05.605+05:30 TRACE 5960 --- [           main] o.s.b.f.s.DefaultListableBeanFactory     : Returning cached instance of singleton bean 'themeResolver'
2023-05-20T12:15:05.605+05:30 TRACE 5960 --- [           main] o.s.b.f.s.DefaultListableBeanFactory     : Returning cached instance of singleton bean 'flashMapManager'
2023-05-20T12:15:05.605+05:30 TRACE 5960 --- [           main] o.s.b.f.s.DefaultListableBeanFactory     : Returning cached instance of singleton bean 'mvcConversionService'
2023-05-20T12:15:05.605+05:30 TRACE 5960 --- [           main] o.s.b.f.s.DefaultListableBeanFactory     : Returning cached instance of singleton bean 'mvcValidator'
2023-05-20T12:15:05.605+05:30 TRACE 5960 --- [           main] o.s.b.f.s.DefaultListableBeanFactory     : Returning cached instance of singleton bean 'mvcContentNegotiationManager'
2023-05-20T12:15:05.605+05:30 TRACE 5960 --- [           main] o.s.b.f.s.DefaultListableBeanFactory     : Returning cached instance of singleton bean 'requestMappingHandlerMapping'
2023-05-20T12:15:05.605+05:30 TRACE 5960 --- [           main] o.s.b.f.s.DefaultListableBeanFactory     : Returning cached instance of singleton bean 'mvcPatternParser'
2023-05-20T12:15:05.605+05:30 TRACE 5960 --- [           main] o.s.b.f.s.DefaultListableBeanFactory     : Returning cached instance of singleton bean 'mvcUrlPathHelper'
2023-05-20T12:15:05.606+05:30 TRACE 5960 --- [           main] o.s.b.f.s.DefaultListableBeanFactory     : Returning cached instance of singleton bean 'mvcPathMatcher'
2023-05-20T12:15:05.606+05:30 TRACE 5960 --- [           main] o.s.b.f.s.DefaultListableBeanFactory     : Returning cached instance of singleton bean 'viewControllerHandlerMapping'
2023-05-20T12:15:05.606+05:30 TRACE 5960 --- [           main] o.s.b.f.s.DefaultListableBeanFactory     : Returning cached instance of singleton bean 'beanNameHandlerMapping'
2023-05-20T12:15:05.606+05:30 TRACE 5960 --- [           main] o.s.b.f.s.DefaultListableBeanFactory     : Returning cached instance of singleton bean 'routerFunctionMapping'
2023-05-20T12:15:05.606+05:30 TRACE 5960 --- [           main] o.s.b.f.s.DefaultListableBeanFactory     : Returning cached instance of singleton bean 'resourceHandlerMapping'
2023-05-20T12:15:05.606+05:30 TRACE 5960 --- [           main] o.s.b.f.s.DefaultListableBeanFactory     : Returning cached instance of singleton bean 'mvcResourceUrlProvider'
2023-05-20T12:15:05.606+05:30 TRACE 5960 --- [           main] o.s.b.f.s.DefaultListableBeanFactory     : Returning cached instance of singleton bean 'defaultServletHandlerMapping'
2023-05-20T12:15:05.606+05:30 TRACE 5960 --- [           main] o.s.b.f.s.DefaultListableBeanFactory     : Returning cached instance of singleton bean 'handlerFunctionAdapter'
2023-05-20T12:15:05.606+05:30 TRACE 5960 --- [           main] o.s.b.f.s.DefaultListableBeanFactory     : Returning cached instance of singleton bean 'mvcUriComponentsContributor'
2023-05-20T12:15:05.606+05:30 TRACE 5960 --- [           main] o.s.b.f.s.DefaultListableBeanFactory     : Returning cached instance of singleton bean 'httpRequestHandlerAdapter'
2023-05-20T12:15:05.606+05:30 TRACE 5960 --- [           main] o.s.b.f.s.DefaultListableBeanFactory     : Returning cached instance of singleton bean 'simpleControllerHandlerAdapter'
2023-05-20T12:15:05.606+05:30 TRACE 5960 --- [           main] o.s.b.f.s.DefaultListableBeanFactory     : Returning cached instance of singleton bean 'handlerExceptionResolver'
2023-05-20T12:15:05.606+05:30 TRACE 5960 --- [           main] o.s.b.f.s.DefaultListableBeanFactory     : Returning cached instance of singleton bean 'mvcViewResolver'
2023-05-20T12:15:05.606+05:30 TRACE 5960 --- [           main] o.s.b.f.s.DefaultListableBeanFactory     : Returning cached instance of singleton bean 'viewNameTranslator'
2023-05-20T12:15:05.606+05:30 TRACE 5960 --- [           main] o.s.b.f.s.DefaultListableBeanFactory     : Returning cached instance of singleton bean 'spring.web-org.springframework.boot.autoconfigure.web.WebProperties'
2023-05-20T12:15:05.606+05:30 TRACE 5960 --- [           main] o.s.b.f.s.DefaultListableBeanFactory     : Returning cached instance of singleton bean 'org.springframework.boot.autoconfigure.web.servlet.WebMvcAutoConfiguration$WebMvcAutoConfigurationAdapter'
2023-05-20T12:15:05.606+05:30 TRACE 5960 --- [           main] o.s.b.f.s.DefaultListableBeanFactory     : Returning cached instance of singleton bean 'defaultViewResolver'
2023-05-20T12:15:05.606+05:30 TRACE 5960 --- [           main] o.s.b.f.s.DefaultListableBeanFactory     : Returning cached instance of singleton bean 'viewResolver'
2023-05-20T12:15:05.606+05:30 TRACE 5960 --- [           main] o.s.b.f.s.DefaultListableBeanFactory     : Returning cached instance of singleton bean 'requestContextFilter'
2023-05-20T12:15:05.606+05:30 TRACE 5960 --- [           main] o.s.b.f.s.DefaultListableBeanFactory     : Returning cached instance of singleton bean 'org.springframework.boot.autoconfigure.web.servlet.WebMvcAutoConfiguration'
2023-05-20T12:15:05.606+05:30 TRACE 5960 --- [           main] o.s.b.f.s.DefaultListableBeanFactory     : Returning cached instance of singleton bean 'formContentFilter'
2023-05-20T12:15:05.606+05:30 TRACE 5960 --- [           main] o.s.b.f.s.DefaultListableBeanFactory     : Returning cached instance of singleton bean 'org.springframework.boot.autoconfigure.aop.AopAutoConfiguration$ClassProxyingConfiguration'
2023-05-20T12:15:05.606+05:30 TRACE 5960 --- [           main] o.s.b.f.s.DefaultListableBeanFactory     : Returning cached instance of singleton bean 'forceAutoProxyCreatorToUseClassProxying'
2023-05-20T12:15:05.606+05:30 TRACE 5960 --- [           main] o.s.b.f.s.DefaultListableBeanFactory     : Returning cached instance of singleton bean 'org.springframework.boot.autoconfigure.aop.AopAutoConfiguration'
2023-05-20T12:15:05.606+05:30 TRACE 5960 --- [           main] o.s.b.f.s.DefaultListableBeanFactory     : Returning cached instance of singleton bean 'org.springframework.boot.autoconfigure.availability.ApplicationAvailabilityAutoConfiguration'
2023-05-20T12:15:05.606+05:30 TRACE 5960 --- [           main] o.s.b.f.s.DefaultListableBeanFactory     : Returning cached instance of singleton bean 'applicationAvailability'
2023-05-20T12:15:05.606+05:30 TRACE 5960 --- [           main] o.s.b.f.s.DefaultListableBeanFactory     : Returning cached instance of singleton bean 'org.springframework.boot.autoconfigure.jackson.JacksonAutoConfiguration$Jackson2ObjectMapperBuilderCustomizerConfiguration'
2023-05-20T12:15:05.606+05:30 TRACE 5960 --- [           main] o.s.b.f.s.DefaultListableBeanFactory     : Returning cached instance of singleton bean 'standardJacksonObjectMapperBuilderCustomizer'
2023-05-20T12:15:05.606+05:30 TRACE 5960 --- [           main] o.s.b.f.s.DefaultListableBeanFactory     : Returning cached instance of singleton bean 'spring.jackson-org.springframework.boot.autoconfigure.jackson.JacksonProperties'
2023-05-20T12:15:05.606+05:30 TRACE 5960 --- [           main] o.s.b.f.s.DefaultListableBeanFactory     : Returning cached instance of singleton bean 'org.springframework.boot.autoconfigure.jackson.JacksonAutoConfiguration$JacksonObjectMapperBuilderConfiguration'
2023-05-20T12:15:05.606+05:30 TRACE 5960 --- [           main] o.s.b.f.s.DefaultListableBeanFactory     : Returning cached instance of singleton bean 'org.springframework.boot.autoconfigure.jackson.JacksonAutoConfiguration$ParameterNamesModuleConfiguration'
2023-05-20T12:15:05.606+05:30 TRACE 5960 --- [           main] o.s.b.f.s.DefaultListableBeanFactory     : Returning cached instance of singleton bean 'parameterNamesModule'
2023-05-20T12:15:05.606+05:30 TRACE 5960 --- [           main] o.s.b.f.s.DefaultListableBeanFactory     : Returning cached instance of singleton bean 'org.springframework.boot.autoconfigure.jackson.JacksonAutoConfiguration$JacksonObjectMapperConfiguration'
2023-05-20T12:15:05.606+05:30 TRACE 5960 --- [           main] o.s.b.f.s.DefaultListableBeanFactory     : Returning cached instance of singleton bean 'jacksonObjectMapper'
2023-05-20T12:15:05.606+05:30 TRACE 5960 --- [           main] o.s.b.f.s.DefaultListableBeanFactory     : Returning cached instance of singleton bean 'org.springframework.boot.autoconfigure.jackson.JacksonAutoConfiguration$JacksonMixinConfiguration'
2023-05-20T12:15:05.606+05:30 TRACE 5960 --- [           main] o.s.b.f.s.DefaultListableBeanFactory     : Returning cached instance of singleton bean 'jsonMixinModuleEntries'
2023-05-20T12:15:05.606+05:30 TRACE 5960 --- [           main] o.s.b.f.s.DefaultListableBeanFactory     : Returning cached instance of singleton bean 'jsonMixinModule'
2023-05-20T12:15:05.606+05:30 TRACE 5960 --- [           main] o.s.b.f.s.DefaultListableBeanFactory     : Returning cached instance of singleton bean 'org.springframework.boot.autoconfigure.jackson.JacksonAutoConfiguration'
2023-05-20T12:15:05.606+05:30 TRACE 5960 --- [           main] o.s.b.f.s.DefaultListableBeanFactory     : Returning cached instance of singleton bean 'jsonComponentModule'
2023-05-20T12:15:05.606+05:30 TRACE 5960 --- [           main] o.s.b.f.s.DefaultListableBeanFactory     : Returning cached instance of singleton bean 'org.springframework.boot.autoconfigure.context.ConfigurationPropertiesAutoConfiguration'
2023-05-20T12:15:05.606+05:30 TRACE 5960 --- [           main] o.s.b.f.s.DefaultListableBeanFactory     : Returning cached instance of singleton bean 'org.springframework.boot.autoconfigure.context.LifecycleAutoConfiguration'
2023-05-20T12:15:05.606+05:30 TRACE 5960 --- [           main] o.s.b.f.s.DefaultListableBeanFactory     : Returning cached instance of singleton bean 'lifecycleProcessor'
2023-05-20T12:15:05.607+05:30 TRACE 5960 --- [           main] o.s.b.f.s.DefaultListableBeanFactory     : Returning cached instance of singleton bean 'spring.lifecycle-org.springframework.boot.autoconfigure.context.LifecycleProperties'
2023-05-20T12:15:05.607+05:30 TRACE 5960 --- [           main] o.s.b.f.s.DefaultListableBeanFactory     : Returning cached instance of singleton bean 'org.springframework.boot.autoconfigure.http.HttpMessageConvertersAutoConfiguration$StringHttpMessageConverterConfiguration'
2023-05-20T12:15:05.607+05:30 TRACE 5960 --- [           main] o.s.b.f.s.DefaultListableBeanFactory     : Returning cached instance of singleton bean 'stringHttpMessageConverter'
2023-05-20T12:15:05.607+05:30 TRACE 5960 --- [           main] o.s.b.f.s.DefaultListableBeanFactory     : Returning cached instance of singleton bean 'org.springframework.boot.autoconfigure.http.JacksonHttpMessageConvertersConfiguration$MappingJackson2HttpMessageConverterConfiguration'
2023-05-20T12:15:05.607+05:30 TRACE 5960 --- [           main] o.s.b.f.s.DefaultListableBeanFactory     : Returning cached instance of singleton bean 'mappingJackson2HttpMessageConverter'
2023-05-20T12:15:05.607+05:30 TRACE 5960 --- [           main] o.s.b.f.s.DefaultListableBeanFactory     : Returning cached instance of singleton bean 'org.springframework.boot.autoconfigure.http.JacksonHttpMessageConvertersConfiguration'
2023-05-20T12:15:05.607+05:30 TRACE 5960 --- [           main] o.s.b.f.s.DefaultListableBeanFactory     : Returning cached instance of singleton bean 'org.springframework.boot.autoconfigure.http.HttpMessageConvertersAutoConfiguration'
2023-05-20T12:15:05.607+05:30 TRACE 5960 --- [           main] o.s.b.f.s.DefaultListableBeanFactory     : Returning cached instance of singleton bean 'messageConverters'
2023-05-20T12:15:05.607+05:30 TRACE 5960 --- [           main] o.s.b.f.s.DefaultListableBeanFactory     : Returning cached instance of singleton bean 'org.springframework.boot.autoconfigure.info.ProjectInfoAutoConfiguration'
2023-05-20T12:15:05.607+05:30 TRACE 5960 --- [           main] o.s.b.f.s.DefaultListableBeanFactory     : Returning cached instance of singleton bean 'spring.info-org.springframework.boot.autoconfigure.info.ProjectInfoProperties'
2023-05-20T12:15:05.607+05:30 TRACE 5960 --- [           main] o.s.b.f.s.DefaultListableBeanFactory     : Returning cached instance of singleton bean 'org.springframework.boot.autoconfigure.sql.init.SqlInitializationAutoConfiguration'
2023-05-20T12:15:05.607+05:30 TRACE 5960 --- [           main] o.s.b.f.s.DefaultListableBeanFactory     : Returning cached instance of singleton bean 'spring.sql.init-org.springframework.boot.autoconfigure.sql.init.SqlInitializationProperties'
2023-05-20T12:15:05.607+05:30 TRACE 5960 --- [           main] o.s.b.f.s.DefaultListableBeanFactory     : Returning cached instance of singleton bean 'org.springframework.boot.sql.init.dependency.DatabaseInitializationDependencyConfigurer$DependsOnDatabaseInitializationPostProcessor'
2023-05-20T12:15:05.607+05:30 TRACE 5960 --- [           main] o.s.b.f.s.DefaultListableBeanFactory     : Returning cached instance of singleton bean 'org.springframework.boot.autoconfigure.task.TaskSchedulingAutoConfiguration'
2023-05-20T12:15:05.607+05:30 TRACE 5960 --- [           main] o.s.b.f.s.DefaultListableBeanFactory     : Returning cached instance of singleton bean 'taskSchedulerBuilder'
2023-05-20T12:15:05.607+05:30 TRACE 5960 --- [           main] o.s.b.f.s.DefaultListableBeanFactory     : Returning cached instance of singleton bean 'spring.task.scheduling-org.springframework.boot.autoconfigure.task.TaskSchedulingProperties'
2023-05-20T12:15:05.607+05:30 TRACE 5960 --- [           main] o.s.b.f.s.DefaultListableBeanFactory     : Returning cached instance of singleton bean 'org.springframework.boot.autoconfigure.web.client.RestTemplateAutoConfiguration'
2023-05-20T12:15:05.607+05:30 TRACE 5960 --- [           main] o.s.b.f.s.DefaultListableBeanFactory     : Returning cached instance of singleton bean 'org.springframework.boot.autoconfigure.web.servlet.HttpEncodingAutoConfiguration'
2023-05-20T12:15:05.607+05:30 TRACE 5960 --- [           main] o.s.b.f.s.DefaultListableBeanFactory     : Returning cached instance of singleton bean 'characterEncodingFilter'
2023-05-20T12:15:05.607+05:30 TRACE 5960 --- [           main] o.s.b.f.s.DefaultListableBeanFactory     : Returning cached instance of singleton bean 'localeCharsetMappingsCustomizer'
2023-05-20T12:15:05.607+05:30 TRACE 5960 --- [           main] o.s.b.f.s.DefaultListableBeanFactory     : Returning cached instance of singleton bean 'org.springframework.boot.autoconfigure.web.servlet.MultipartAutoConfiguration'
2023-05-20T12:15:05.607+05:30 TRACE 5960 --- [           main] o.s.b.f.s.DefaultListableBeanFactory     : Returning cached instance of singleton bean 'multipartConfigElement'
2023-05-20T12:15:05.607+05:30 TRACE 5960 --- [           main] o.s.b.f.s.DefaultListableBeanFactory     : Returning cached instance of singleton bean 'multipartResolver'
2023-05-20T12:15:05.607+05:30 TRACE 5960 --- [           main] o.s.b.f.s.DefaultListableBeanFactory     : Returning cached instance of singleton bean 'spring.servlet.multipart-org.springframework.boot.autoconfigure.web.servlet.MultipartProperties'
2023-05-20T12:15:05.607+05:30 TRACE 5960 --- [           main] o.s.b.f.s.DefaultListableBeanFactory     : Returning cached instance of singleton bean 'org.springframework.aop.config.internalAutoProxyCreator'
2023-05-20T12:15:05.607+05:30 TRACE 5960 --- [           main] o.s.b.f.s.DefaultListableBeanFactory     : Returning cached instance of singleton bean 'org.springframework.boot.test.mock.mockito.MockitoBeans'
2023-05-20T12:15:05.609+05:30 TRACE 5960 --- [           main] c.DefaultCacheAwareContextLoaderDelegate : Retrieved ApplicationContext [583015088] from cache with key [WebMergedContextConfiguration@414f13fc testClass = com.example.demo.DemoApplicationTests, locations = [], classes = [com.example.demo.DemoApplication], contextInitializerClasses = [], activeProfiles = [], propertySourceLocations = [], propertySourceProperties = ["org.springframework.boot.test.context.SpringBootTestContextBootstrapper=true"], contextCustomizers = [org.springframework.boot.test.context.filter.ExcludeFilterContextCustomizer@31ea9581, org.springframework.boot.test.json.DuplicateJsonObjectContextCustomizerFactory$DuplicateJsonObjectContextCustomizer@221a3fa4, org.springframework.boot.test.mock.mockito.MockitoContextCustomizer@0, org.springframework.boot.test.web.client.TestRestTemplateContextCustomizer@73eb439a, org.springframework.boot.test.autoconfigure.actuate.observability.ObservabilityContextCustomizerFactory$DisableObservabilityContextCustomizer@1f, org.springframework.boot.test.autoconfigure.properties.PropertyMappingContextCustomizer@0, org.springframework.boot.test.autoconfigure.web.servlet.WebDriverContextCustomizerFactory$Customizer@3de8f619, org.springframework.boot.test.context.SpringBootTestAnnotation@6e5c6e5c], resourceBasePath = "src/main/webapp", contextLoader = org.springframework.boot.test.context.SpringBootContextLoader, parent = null]
2023-05-20T12:15:05.609+05:30 DEBUG 5960 --- [           main] org.springframework.test.context.cache   : Spring test ApplicationContext cache statistics: [DefaultContextCache@4b76aa5a size = 1, maxSize = 32, parentContextCount = 0, hitCount = 11, missCount = 1]
2023-05-20T12:15:05.609+05:30 TRACE 5960 --- [           main] tractDirtiesContextTestExecutionListener : After test method: context [DefaultTestContext@120d3fd testClass = com.example.demo.DemoApplicationTests, testInstance = com.example.demo.DemoApplicationTests@38c9e0d6, testMethod = contextLoads(), testException = null, mergedContextConfiguration = [WebMergedContextConfiguration@414f13fc testClass = com.example.demo.DemoApplicationTests, locations = [], classes = [com.example.demo.DemoApplication], contextInitializerClasses = [], activeProfiles = [], propertySourceLocations = [], propertySourceProperties = ["org.springframework.boot.test.context.SpringBootTestContextBootstrapper=true"], contextCustomizers = [org.springframework.boot.test.context.filter.ExcludeFilterContextCustomizer@31ea9581, org.springframework.boot.test.json.DuplicateJsonObjectContextCustomizerFactory$DuplicateJsonObjectContextCustomizer@221a3fa4, org.springframework.boot.test.mock.mockito.MockitoContextCustomizer@0, org.springframework.boot.test.web.client.TestRestTemplateContextCustomizer@73eb439a, org.springframework.boot.test.autoconfigure.actuate.observability.ObservabilityContextCustomizerFactory$DisableObservabilityContextCustomizer@1f, org.springframework.boot.test.autoconfigure.properties.PropertyMappingContextCustomizer@0, org.springframework.boot.test.autoconfigure.web.servlet.WebDriverContextCustomizerFactory$Customizer@3de8f619, org.springframework.boot.test.context.SpringBootTestAnnotation@6e5c6e5c], resourceBasePath = "src/main/webapp", contextLoader = org.springframework.boot.test.context.SpringBootContextLoader, parent = null], attributes = {"org.springframework.test.context.web.ServletTestExecutionListener.activateListener" -> true, "org.springframework.test.context.web.ServletTestExecutionListener.populatedRequestContextHolder" -> true, "org.springframework.test.context.web.ServletTestExecutionListener.resetRequestContextHolder" -> true, "org.springframework.test.context.event.ApplicationEventsTestExecutionListener.recordApplicationEvents" -> false}], class annotated with @DirtiesContext [false] with mode [null], method annotated with @DirtiesContext [false] with mode [null]
2023-05-20T12:15:05.610+05:30 TRACE 5960 --- [           main] o.s.t.c.w.ServletTestExecutionListener   : Resetting RequestContextHolder for test context [DefaultTestContext@120d3fd testClass = com.example.demo.DemoApplicationTests, testInstance = com.example.demo.DemoApplicationTests@38c9e0d6, testMethod = contextLoads(), testException = null, mergedContextConfiguration = [WebMergedContextConfiguration@414f13fc testClass = com.example.demo.DemoApplicationTests, locations = [], classes = [com.example.demo.DemoApplication], contextInitializerClasses = [], activeProfiles = [], propertySourceLocations = [], propertySourceProperties = ["org.springframework.boot.test.context.SpringBootTestContextBootstrapper=true"], contextCustomizers = [org.springframework.boot.test.context.filter.ExcludeFilterContextCustomizer@31ea9581, org.springframework.boot.test.json.DuplicateJsonObjectContextCustomizerFactory$DuplicateJsonObjectContextCustomizer@221a3fa4, org.springframework.boot.test.mock.mockito.MockitoContextCustomizer@0, org.springframework.boot.test.web.client.TestRestTemplateContextCustomizer@73eb439a, org.springframework.boot.test.autoconfigure.actuate.observability.ObservabilityContextCustomizerFactory$DisableObservabilityContextCustomizer@1f, org.springframework.boot.test.autoconfigure.properties.PropertyMappingContextCustomizer@0, org.springframework.boot.test.autoconfigure.web.servlet.WebDriverContextCustomizerFactory$Customizer@3de8f619, org.springframework.boot.test.context.SpringBootTestAnnotation@6e5c6e5c], resourceBasePath = "src/main/webapp", contextLoader = org.springframework.boot.test.context.SpringBootContextLoader, parent = null], attributes = {"org.springframework.test.context.web.ServletTestExecutionListener.activateListener" -> true, "org.springframework.test.context.web.ServletTestExecutionListener.populatedRequestContextHolder" -> true, "org.springframework.test.context.web.ServletTestExecutionListener.resetRequestContextHolder" -> true, "org.springframework.test.context.event.ApplicationEventsTestExecutionListener.recordApplicationEvents" -> false}]
]]></system-out>
  </testcase>
</testsuite>